
*** Running vivado
    with args -log shell_mac_config_vector_0.vds -m64 -product Vivado -mode batch -messageDb vivado.pb -notrace -source shell_mac_config_vector_0.tcl


****** Vivado v2016.4 (64-bit)
  **** SW Build 1756540 on Mon Jan 23 19:11:19 MST 2017
  **** IP Build 1755317 on Mon Jan 23 20:30:07 MST 2017
    ** Copyright 1986-2016 Xilinx, Inc. All Rights Reserved.

source shell_mac_config_vector_0.tcl -notrace
Starting RTL Elaboration : Time (s): cpu = 00:00:07 ; elapsed = 00:00:08 . Memory (MB): peak = 1213.434 ; gain = 282.957 ; free physical = 18544 ; free virtual = 55532
INFO: [Synth 8-638] synthesizing module 'shell_mac_config_vector_0' [/home/tarafdar/thesis/MIXcoatl/shells/projects/8k5Shell/8k5Shell.srcs/sources_1/bd/srcs/ip/shell_mac_config_vector_0/sim/shell_mac_config_vector_0.v:56]
INFO: [Synth 8-638] synthesizing module 'xlconstant' [/home/tarafdar/thesis/MIXcoatl/shells/projects/8k5Shell/8k5Shell.srcs/sources_1/bd/srcs/ipshared/e147/xlconstant.v:23]
INFO: [Synth 8-256] done synthesizing module 'xlconstant' (1#1) [/home/tarafdar/thesis/MIXcoatl/shells/projects/8k5Shell/8k5Shell.srcs/sources_1/bd/srcs/ipshared/e147/xlconstant.v:23]
INFO: [Synth 8-256] done synthesizing module 'shell_mac_config_vector_0' (2#1) [/home/tarafdar/thesis/MIXcoatl/shells/projects/8k5Shell/8k5Shell.srcs/sources_1/bd/srcs/ip/shell_mac_config_vector_0/sim/shell_mac_config_vector_0.v:56]
Finished RTL Elaboration : Time (s): cpu = 00:00:08 ; elapsed = 00:00:08 . Memory (MB): peak = 1253.902 ; gain = 323.426 ; free physical = 18478 ; free virtual = 55466
Finished RTL Optimization Phase 1 : Time (s): cpu = 00:00:08 ; elapsed = 00:00:08 . Memory (MB): peak = 1253.902 ; gain = 323.426 ; free physical = 18477 ; free virtual = 55465
INFO: [Device 21-403] Loading part xcku115-flva1517-2-e
Constraint Validation Runtime : Time (s): cpu = 00:00:00.01 ; elapsed = 00:00:00.02 . Memory (MB): peak = 1809.746 ; gain = 0.000 ; free physical = 17224 ; free virtual = 54212
Finished Constraint Validation : Time (s): cpu = 00:00:21 ; elapsed = 00:00:22 . Memory (MB): peak = 1809.746 ; gain = 879.270 ; free physical = 17189 ; free virtual = 54178
Finished Loading Part and Timing Information : Time (s): cpu = 00:00:21 ; elapsed = 00:00:22 . Memory (MB): peak = 1809.746 ; gain = 879.270 ; free physical = 17189 ; free virtual = 54178
Finished applying 'set_property' XDC Constraints : Time (s): cpu = 00:00:21 ; elapsed = 00:00:22 . Memory (MB): peak = 1809.746 ; gain = 879.270 ; free physical = 17189 ; free virtual = 54178
Finished RTL Optimization Phase 2 : Time (s): cpu = 00:00:21 ; elapsed = 00:00:22 . Memory (MB): peak = 1809.746 ; gain = 879.270 ; free physical = 17188 ; free virtual = 54178
Finished Cross Boundary and Area Optimization : Time (s): cpu = 00:00:22 ; elapsed = 00:00:22 . Memory (MB): peak = 1809.746 ; gain = 879.270 ; free physical = 17183 ; free virtual = 54173
Finished Applying XDC Timing Constraints : Time (s): cpu = 00:00:30 ; elapsed = 00:00:31 . Memory (MB): peak = 2010.363 ; gain = 1079.887 ; free physical = 16461 ; free virtual = 53461
Finished Timing Optimization : Time (s): cpu = 00:00:30 ; elapsed = 00:00:31 . Memory (MB): peak = 2010.363 ; gain = 1079.887 ; free physical = 16461 ; free virtual = 53461
Finished Technology Mapping : Time (s): cpu = 00:00:30 ; elapsed = 00:00:31 . Memory (MB): peak = 2020.379 ; gain = 1089.902 ; free physical = 16452 ; free virtual = 53451
Finished IO Insertion : Time (s): cpu = 00:00:31 ; elapsed = 00:00:32 . Memory (MB): peak = 2020.379 ; gain = 1089.902 ; free physical = 16468 ; free virtual = 53467
Finished Renaming Generated Instances : Time (s): cpu = 00:00:31 ; elapsed = 00:00:32 . Memory (MB): peak = 2020.379 ; gain = 1089.902 ; free physical = 16468 ; free virtual = 53467
Finished Rebuilding User Hierarchy : Time (s): cpu = 00:00:31 ; elapsed = 00:00:32 . Memory (MB): peak = 2020.379 ; gain = 1089.902 ; free physical = 16468 ; free virtual = 53467
Finished Renaming Generated Ports : Time (s): cpu = 00:00:31 ; elapsed = 00:00:32 . Memory (MB): peak = 2020.379 ; gain = 1089.902 ; free physical = 16468 ; free virtual = 53467
Finished Handling Custom Attributes : Time (s): cpu = 00:00:31 ; elapsed = 00:00:32 . Memory (MB): peak = 2020.379 ; gain = 1089.902 ; free physical = 16462 ; free virtual = 53461
Finished Renaming Generated Nets : Time (s): cpu = 00:00:31 ; elapsed = 00:00:32 . Memory (MB): peak = 2020.379 ; gain = 1089.902 ; free physical = 16462 ; free virtual = 53461

Report Cell Usage: 
+-+-----+------+
| |Cell |Count |
+-+-----+------+
+-+-----+------+
Finished Writing Synthesis Report : Time (s): cpu = 00:00:31 ; elapsed = 00:00:32 . Memory (MB): peak = 2020.379 ; gain = 1089.902 ; free physical = 16461 ; free virtual = 53461
synth_design: Time (s): cpu = 00:00:32 ; elapsed = 00:00:33 . Memory (MB): peak = 2093.855 ; gain = 1007.852 ; free physical = 17444 ; free virtual = 54443
