
*** Running vivado
    with args -log shell_lmb_bram_0.vds -m64 -product Vivado -mode batch -messageDb vivado.pb -notrace -source shell_lmb_bram_0.tcl


****** Vivado v2016.4 (64-bit)
  **** SW Build 1756540 on Mon Jan 23 19:11:19 MST 2017
  **** IP Build 1755317 on Mon Jan 23 20:30:07 MST 2017
    ** Copyright 1986-2016 Xilinx, Inc. All Rights Reserved.

source shell_lmb_bram_0.tcl -notrace
Starting RTL Elaboration : Time (s): cpu = 00:00:08 ; elapsed = 00:00:08 . Memory (MB): peak = 1214.430 ; gain = 283.957 ; free physical = 19627 ; free virtual = 56608
INFO: [Synth 8-638] synthesizing module 'shell_lmb_bram_0' [/home/tarafdar/thesis/MIXcoatl/shells/projects/8k5Shell/8k5Shell.srcs/sources_1/bd/srcs/ip/shell_lmb_bram_0/synth/shell_lmb_bram_0.vhd:78]
INFO: [Synth 8-256] done synthesizing module 'shell_lmb_bram_0' (9#1) [/home/tarafdar/thesis/MIXcoatl/shells/projects/8k5Shell/8k5Shell.srcs/sources_1/bd/srcs/ip/shell_lmb_bram_0/synth/shell_lmb_bram_0.vhd:78]
Finished RTL Elaboration : Time (s): cpu = 00:00:45 ; elapsed = 00:00:46 . Memory (MB): peak = 1414.102 ; gain = 483.629 ; free physical = 19678 ; free virtual = 56663
Finished RTL Optimization Phase 1 : Time (s): cpu = 00:00:45 ; elapsed = 00:00:46 . Memory (MB): peak = 1414.102 ; gain = 483.629 ; free physical = 19661 ; free virtual = 56646
INFO: [Device 21-403] Loading part xcku115-flva1517-2-e
Constraint Validation Runtime : Time (s): cpu = 00:00:00.02 ; elapsed = 00:00:00.01 . Memory (MB): peak = 1850.703 ; gain = 0.000 ; free physical = 18515 ; free virtual = 55499
Finished Constraint Validation : Time (s): cpu = 00:00:59 ; elapsed = 00:00:59 . Memory (MB): peak = 1850.703 ; gain = 920.230 ; free physical = 18319 ; free virtual = 55304
Finished Loading Part and Timing Information : Time (s): cpu = 00:00:59 ; elapsed = 00:00:59 . Memory (MB): peak = 1850.703 ; gain = 920.230 ; free physical = 18319 ; free virtual = 55304
Finished applying 'set_property' XDC Constraints : Time (s): cpu = 00:00:59 ; elapsed = 00:00:59 . Memory (MB): peak = 1850.703 ; gain = 920.230 ; free physical = 18318 ; free virtual = 55303
Finished RTL Optimization Phase 2 : Time (s): cpu = 00:00:59 ; elapsed = 00:00:59 . Memory (MB): peak = 1850.703 ; gain = 920.230 ; free physical = 18314 ; free virtual = 55298
Finished Cross Boundary and Area Optimization : Time (s): cpu = 00:00:59 ; elapsed = 00:01:00 . Memory (MB): peak = 1850.703 ; gain = 920.230 ; free physical = 18305 ; free virtual = 55290
Finished Applying XDC Timing Constraints : Time (s): cpu = 00:01:08 ; elapsed = 00:01:08 . Memory (MB): peak = 2029.297 ; gain = 1098.824 ; free physical = 17427 ; free virtual = 54412
Finished Timing Optimization : Time (s): cpu = 00:01:08 ; elapsed = 00:01:08 . Memory (MB): peak = 2029.297 ; gain = 1098.824 ; free physical = 17424 ; free virtual = 54409
Finished Technology Mapping : Time (s): cpu = 00:01:08 ; elapsed = 00:01:08 . Memory (MB): peak = 2039.312 ; gain = 1108.840 ; free physical = 17413 ; free virtual = 54397
Finished IO Insertion : Time (s): cpu = 00:01:08 ; elapsed = 00:01:09 . Memory (MB): peak = 2039.312 ; gain = 1108.840 ; free physical = 17380 ; free virtual = 54364
Finished Renaming Generated Instances : Time (s): cpu = 00:01:08 ; elapsed = 00:01:09 . Memory (MB): peak = 2039.312 ; gain = 1108.840 ; free physical = 17380 ; free virtual = 54364
Finished Rebuilding User Hierarchy : Time (s): cpu = 00:01:08 ; elapsed = 00:01:09 . Memory (MB): peak = 2039.312 ; gain = 1108.840 ; free physical = 17379 ; free virtual = 54364
Finished Renaming Generated Ports : Time (s): cpu = 00:01:08 ; elapsed = 00:01:09 . Memory (MB): peak = 2039.312 ; gain = 1108.840 ; free physical = 17379 ; free virtual = 54364
Finished Handling Custom Attributes : Time (s): cpu = 00:01:08 ; elapsed = 00:01:09 . Memory (MB): peak = 2039.312 ; gain = 1108.840 ; free physical = 17377 ; free virtual = 54362
Finished Renaming Generated Nets : Time (s): cpu = 00:01:08 ; elapsed = 00:01:09 . Memory (MB): peak = 2039.312 ; gain = 1108.840 ; free physical = 17377 ; free virtual = 54362

Report Cell Usage: 
+------+---------+------+
|      |Cell     |Count |
+------+---------+------+
|1     |RAMB36E2 |     2|
+------+---------+------+
Finished Writing Synthesis Report : Time (s): cpu = 00:01:08 ; elapsed = 00:01:09 . Memory (MB): peak = 2039.312 ; gain = 1108.840 ; free physical = 17377 ; free virtual = 54362
synth_design: Time (s): cpu = 00:01:09 ; elapsed = 00:01:10 . Memory (MB): peak = 2119.531 ; gain = 1033.531 ; free physical = 17964 ; free virtual = 54948
