==============================================================
File generated by Vivado(TM) HLS - High-Level Synthesis from C, C++ and SystemC
Version: 2018.1
Copyright (C) 1986-2018 Xilinx, Inc. All Rights Reserved.

==============================================================

INFO: [SYN 201-201] Setting up clock 'default' with a period of 5ns.
INFO: [HLS 200-10] Analyzing design file '../HMPI/mpi_app_benchmarks/HMPI_md/hls/md1.cpp' ...
WARNING: [HLS 200-40] ../HMPI/mpi_app_benchmarks/HMPI_md/hls/md1.cpp:30:9: warning: 'RAND_MAX' macro redefined
#define RAND_MAX 2048
        ^
/usr/include/stdlib.h:128:9: note: previous definition is here
#define RAND_MAX        2147483647
        ^
1 warning generated.
WARNING: [HLS 200-40] In file included from ../HMPI/mpi_app_benchmarks/HMPI_md/hls/md1.cpp:1:
In file included from ../HMPI/mpi_app_benchmarks/HMPI_md/hls/md1.cpp:16:
../HMPI/mpi_app_benchmarks/HMPI_md/hls/MPI.h:289:7: warning: expression result unused [-Wunused-value]
  for(i ; i < count*dataType ; i+= 8 ){
      ^
../HMPI/mpi_app_benchmarks/HMPI_md/hls/MPI.h:750:7: warning: expression result unused [-Wunused-value]
  for(i ; i <= (count/2)+1 ; i++){
      ^
../HMPI/mpi_app_benchmarks/HMPI_md/hls/MPI.h:585:9: warning: enumeration value 'SEND_DATA_FAILURE' not handled in switch [-Wswitch]
 switch(state){
        ^
3 warnings generated.
WARNING: [HLS 200-41] Resource core 'AXI4Stream' on port '&stream_out' is deprecated. Please use the interface directive to specify the AXI interface.
WARNING: [HLS 200-41] Resource core 'AXI4Stream' on port '&stream_in' is deprecated. Please use the interface directive to specify the AXI interface.
INFO: [HLS 200-10] Validating synthesis directives ...
INFO: [HLS 200-111] Finished Checking Pragmas Time (s): cpu = 00:02:40 ; elapsed = 00:01:45 . Memory (MB): peak = 607.469 ; gain = 256.000 ; free physical = 17075 ; free virtual = 57228
INFO: [HLS 200-111] Finished Linking Time (s): cpu = 00:02:42 ; elapsed = 00:01:48 . Memory (MB): peak = 607.469 ; gain = 256.000 ; free physical = 17075 ; free virtual = 57228
INFO: [HLS 200-10] Starting code transformations ...
INFO: [HLS 200-111] Finished Standard Transforms Time (s): cpu = 00:02:45 ; elapsed = 00:01:51 . Memory (MB): peak = 609.648 ; gain = 258.180 ; free physical = 17049 ; free virtual = 57202
INFO: [HLS 200-10] Checking synthesizability ...
INFO: [XFORM 203-602] Inlining function 'packet_to_envelope' into 'MPI_Recv' (../HMPI/mpi_app_benchmarks/HMPI_md/hls/MPI.h:1439) automatically.
INFO: [XFORM 203-602] Inlining function 'envelope_to_packet' into 'MPI_Recv' (../HMPI/mpi_app_benchmarks/HMPI_md/hls/MPI.h:1524) automatically.
INFO: [XFORM 203-602] Inlining function 'generic_isnan<double>' into '__isnan' (/wrk/2018.1/nightly/2018_04_04_2188600/src/products/hls/hls_lib/hlsmath/src/c/isnandouble.cpp:6) automatically.
INFO: [XFORM 203-602] Inlining function '__isnan' into 'std::isnan<float>' (/opt/Xilinx/Vivado/2018.1/lnx64/tools/gcc/lib/gcc/x86_64-unknown-linux-gnu/4.6.3/../../../../include/c++/4.6.3/cmath:764) automatically.
INFO: [XFORM 203-602] Inlining function 'fp_struct<double>::data' into 'fp_struct<double>::to_double' (/wrk/2018.1/nightly/2018_04_04_2188600/src/products/hls/src/technology/autopilot/header_files/utils/x_hls_utils.h:475) automatically.
INFO: [XFORM 203-602] Inlining function 'fp_struct<double>::to_double' into 'fp_struct<double>::to_ieee' (/wrk/2018.1/nightly/2018_04_04_2188600/src/products/hls/src/technology/autopilot/header_files/utils/x_hls_utils.h:489) automatically.
INFO: [XFORM 203-602] Inlining function 'fp_struct<double>::to_ieee' into 'generic_copysign<double>' (/wrk/2018.1/nightly/2018_04_04_2188600/src/products/hls/hls_lib/hlsmath/include/internaltmp/hls_copysign.h:13) automatically.
INFO: [XFORM 203-602] Inlining function 'fp_struct<double>::__signbit' into 'generic_floor<double>' (/wrk/2018.1/nightly/2018_04_04_2188600/src/products/hls/hls_lib/hlsmath/include/internaltmp/hls_floor.h:18) automatically.
INFO: [XFORM 203-602] Inlining function 'generic_copysign<double>' into 'generic_floor<double>' (/wrk/2018.1/nightly/2018_04_04_2188600/src/products/hls/hls_lib/hlsmath/include/internaltmp/hls_floor.h:21) automatically.
INFO: [XFORM 203-602] Inlining function 'fp_struct<double>::data' into 'generic_floor<double>' (/wrk/2018.1/nightly/2018_04_04_2188600/src/products/hls/hls_lib/hlsmath/include/internaltmp/hls_floor.h:35) automatically.
INFO: [XFORM 203-602] Inlining function 'fp_struct<double>::to_ieee' into 'generic_floor<double>' (/wrk/2018.1/nightly/2018_04_04_2188600/src/products/hls/hls_lib/hlsmath/include/internaltmp/hls_floor.h:39) automatically.
INFO: [XFORM 203-602] Inlining function 'fp_struct<double>::__signbit' into 'generic_ceil<double>' (/wrk/2018.1/nightly/2018_04_04_2188600/src/products/hls/hls_lib/hlsmath/include/internaltmp/hls_ceil.h:20) automatically.
INFO: [XFORM 203-602] Inlining function 'generic_copysign<double>' into 'generic_ceil<double>' (/wrk/2018.1/nightly/2018_04_04_2188600/src/products/hls/hls_lib/hlsmath/include/internaltmp/hls_ceil.h:23) automatically.
INFO: [XFORM 203-602] Inlining function 'fp_struct<double>::data' into 'generic_ceil<double>' (/wrk/2018.1/nightly/2018_04_04_2188600/src/products/hls/hls_lib/hlsmath/include/internaltmp/hls_ceil.h:37) automatically.
INFO: [XFORM 203-602] Inlining function 'fp_struct<double>::to_ieee' into 'generic_ceil<double>' (/wrk/2018.1/nightly/2018_04_04_2188600/src/products/hls/hls_lib/hlsmath/include/internaltmp/hls_ceil.h:41) automatically.
INFO: [XFORM 203-602] Inlining function 'std::isnan<float>' into 'roundInt' (../HMPI/mpi_app_benchmarks/HMPI_md/hls/md1.cpp:54) automatically.
INFO: [XFORM 203-602] Inlining function 'floor' into 'roundInt' (../HMPI/mpi_app_benchmarks/HMPI_md/hls/md1.cpp:70) automatically.
INFO: [XFORM 203-602] Inlining function 'ceil' into 'roundInt' (../HMPI/mpi_app_benchmarks/HMPI_md/hls/md1.cpp:84) automatically.
INFO: [XFORM 203-602] Inlining function 'envelope_to_packet' into 'MPI_Send' (../HMPI/mpi_app_benchmarks/HMPI_md/hls/MPI.h:605) automatically.
INFO: [XFORM 203-602] Inlining function 'MPI_Init' into 'md1' (../HMPI/mpi_app_benchmarks/HMPI_md/hls/md1.cpp:294) automatically.
INFO: [XFORM 203-602] Inlining function 'MPI_Finalize' into 'md1' (../HMPI/mpi_app_benchmarks/HMPI_md/hls/md1.cpp:323) automatically.
INFO: [HLS 200-111] Finished Checking Synthesizability Time (s): cpu = 00:02:46 ; elapsed = 00:01:52 . Memory (MB): peak = 609.648 ; gain = 258.180 ; free physical = 17024 ; free virtual = 57177
INFO: [HLS 200-111] Finished Pre-synthesis Time (s): cpu = 00:02:48 ; elapsed = 00:01:54 . Memory (MB): peak = 609.648 ; gain = 258.180 ; free physical = 16982 ; free virtual = 57135
WARNING: [XFORM 203-561] 'Loop-1' (../HMPI/mpi_app_benchmarks/HMPI_md/hls/md1.cpp:309:9) in function 'md1' is an infinite loop.
INFO: [HLS 200-111] Finished Architecture Synthesis Time (s): cpu = 00:02:49 ; elapsed = 00:01:55 . Memory (MB): peak = 609.648 ; gain = 258.180 ; free physical = 16985 ; free virtual = 57138
INFO: [HLS 200-10] Starting hardware synthesis ...
INFO: [HLS 200-10] Synthesizing 'md1' ...
WARNING: [SYN 201-303] Cannot apply resource assignment of 'AXI4Stream': 'stream_out_V' does not exist or is optimized away.
WARNING: [SYN 201-303] Cannot apply resource assignment of 'AXI4Stream': 'stream_in_V' does not exist or is optimized away.
INFO: [HLS 200-10] ----------------------------------------------------------------
INFO: [HLS 200-42] -- Implementing module 'md1'
INFO: [HLS 200-10] ----------------------------------------------------------------
INFO: [SCHED 204-11] Starting scheduling ...
INFO: [SCHED 204-11] Finished scheduling.
INFO: [HLS 200-111]  Elapsed time: 33.62 seconds; current allocated memory: 265.080 MB.
INFO: [BIND 205-100] Starting micro-architecture generation ...
INFO: [BIND 205-101] Performing variable lifetime analysis.
INFO: [BIND 205-101] Exploring resource sharing.
INFO: [BIND 205-101] Binding ...
INFO: [BIND 205-100] Finished micro-architecture generation.
INFO: [HLS 200-111]  Elapsed time: 0.08 seconds; current allocated memory: 265.139 MB.
INFO: [HLS 200-10] ----------------------------------------------------------------
INFO: [HLS 200-10] -- Generating RTL for module 'md1'
INFO: [HLS 200-10] ----------------------------------------------------------------
INFO: [RTGEN 206-500] Setting interface mode on port 'md1/id_V' to 'ap_none'.
INFO: [RTGEN 206-500] Setting interface mode on function 'md1' to 'ap_ctrl_none'.
WARNING: [RTGEN 206-101] Global scalar 'id_in_V' will not be exposed as RTL port.
WARNING: [RTGEN 206-101] Global scalar 'world_rank' will not be exposed as RTL port.
WARNING: [RTGEN 206-101] Global scalar 'processorCount' will not be exposed as RTL port.
INFO: [RTGEN 206-100] Finished creating RTL model for 'md1'.
INFO: [HLS 200-111]  Elapsed time: 0.06 seconds; current allocated memory: 265.207 MB.
INFO: [HLS 200-111] Finished generating all RTL models Time (s): cpu = 00:02:49 ; elapsed = 00:01:55 . Memory (MB): peak = 609.648 ; gain = 258.180 ; free physical = 16985 ; free virtual = 57138
INFO: [SYSC 207-301] Generating SystemC RTL for md1.
INFO: [VHDL 208-304] Generating VHDL RTL for md1.
INFO: [VLOG 209-307] Generating Verilog RTL for md1.
INFO: [IMPL 213-8] Exporting RTL as a Vivado IP.
INFO: [HLS 200-112] Total elapsed time: 124.34 seconds; peak allocated memory: 265.207 MB.
