INFO: [HLS 200-0] Workspace /home/tarafdar/workDir/galapagos/hlsIP_adm-8k5/reverseEndian64/solution1 opened at Tue Jun 12 19:14:50 EDT 2018
Execute     config_clock -quiet -name default -period 5 -default=false 
INFO: [SYN 201-201] Setting up clock 'default' with a period of 5ns.
Command     config_clock returned 0; 0 sec.
Execute     open_platform DefaultPlatform 
Command     open_platform returned 0; 0 sec.
Execute     import_lib /opt/Xilinx/Vivado/2018.1/common/technology/xilinx/kintexu/kintexu 
Execute       source /opt/Xilinx/Vivado/2018.1/common/technology/xilinx/common/xilinx.lib 
Execute         source /opt/Xilinx/Vivado/2018.1/common/technology/xilinx/interface/xilinx_interface.lib 
Execute           source /opt/Xilinx/Vivado/2018.1/common/technology/xilinx/interface/plb46.lib 
Command           ap_source returned 0; 0 sec.
Execute           source /opt/Xilinx/Vivado/2018.1/common/technology/xilinx/interface/fsl.lib 
Command           ap_source returned 0; 0 sec.
Execute           source /opt/Xilinx/Vivado/2018.1/common/technology/xilinx/interface/axi4.lib 
Command           ap_source returned 0; 0 sec.
Execute           source /opt/Xilinx/Vivado/2018.1/common/technology/xilinx/interface/maxi.lib 
Command           ap_source returned 0; 0 sec.
Execute           source /opt/Xilinx/Vivado/2018.1/common/technology/xilinx/interface/saxilite.lib 
Command           ap_source returned 0; 0 sec.
Command         ap_source returned 0; 0 sec.
Execute         source /opt/Xilinx/Vivado/2018.1/common/technology/xilinx/common/dsp48.lib 
Command         ap_source returned 0; 0 sec.
Execute         source /opt/Xilinx/Vivado/2018.1/common/technology/xilinx/ip/dds_compiler.lib 
Command         ap_source returned 0; 0 sec.
Execute         source /opt/Xilinx/Vivado/2018.1/common/technology/xilinx/ip/xfft.lib 
Command         ap_source returned 0; 0 sec.
Execute         source /opt/Xilinx/Vivado/2018.1/common/technology/xilinx/ip/xfir.lib 
Command         ap_source returned 0; 0 sec.
Command       ap_source returned 0; 0.01 sec.
Execute       source /opt/Xilinx/Vivado/2018.1/common/technology/xilinx/common/xilinx_old.lib 
Command       ap_source returned 0; 0 sec.
Execute       source /opt/Xilinx/Vivado/2018.1/common/technology/xilinx/common/xilinx_vivado.lib 
Command       ap_source returned 0; 0 sec.
Execute       source /opt/Xilinx/Vivado/2018.1/common/technology/xilinx/common/xilinx.hlp 
Execute         source /opt/Xilinx/Vivado/2018.1/common/technology/xilinx/common/target_info.tcl 
Command         ap_source returned 0; 0 sec.
Execute         source /opt/Xilinx/Vivado/2018.1/common/technology/xilinx/interface/xilinx_interface.hlp 
Execute           source /opt/Xilinx/Vivado/2018.1/common/technology/xilinx/interface/maxi.hlp 
Command           ap_source returned 0; 0 sec.
Execute           source /opt/Xilinx/Vivado/2018.1/common/technology/xilinx/interface/saxilite.hlp 
Command           ap_source returned 0; 0 sec.
Command         ap_source returned 0; 0 sec.
Execute         source /opt/Xilinx/Vivado/2018.1/common/technology/xilinx/common/dsp48.hlp 
Command         ap_source returned 0; 0 sec.
Command       ap_source returned 0; 0 sec.
Execute       source /opt/Xilinx/Vivado/2018.1/common/technology/xilinx/kintexu/dsp48e2.hlp 
Command       ap_source returned 0; 0 sec.
Execute       get_default_platform 
Command       get_default_platform returned 0; 0 sec.
Execute       config_chip_info -quiet -resource  {SLICE 30300} {LUT 242400}    {FF 484800} {DSP48E 1920}   {BRAM 1200}  
Command       config_chip_info returned 0; 0 sec.
Execute       config_chip_info -quiet -speed medium 
Command       config_chip_info returned 0; 0 sec.
Execute       source /opt/Xilinx/Vivado/2018.1/common/technology/xilinx/common/xilinx.hlp 
Execute         source /opt/Xilinx/Vivado/2018.1/common/technology/xilinx/common/target_info.tcl 
Command         ap_source returned 0; 0 sec.
Execute         source /opt/Xilinx/Vivado/2018.1/common/technology/xilinx/interface/xilinx_interface.hlp 
Execute           source /opt/Xilinx/Vivado/2018.1/common/technology/xilinx/interface/maxi.hlp 
Command           ap_source returned 0; 0 sec.
Execute           source /opt/Xilinx/Vivado/2018.1/common/technology/xilinx/interface/saxilite.hlp 
Command           ap_source returned 0; 0 sec.
Command         ap_source returned 0; 0 sec.
Execute         source /opt/Xilinx/Vivado/2018.1/common/technology/xilinx/common/dsp48.hlp 
Command         ap_source returned 0; 0 sec.
Command       ap_source returned 0; 0 sec.
Command     import_lib returned 0; 0.02 sec.
Execute     source /opt/Xilinx/Vivado/2018.1/common/technology/xilinx/kintexu/kintexu.gen 
Execute       source /opt/Xilinx/Vivado/2018.1/common/technology/xilinx/common/virtex.gen 
Execute         source /opt/Xilinx/Vivado/2018.1/common/technology/xilinx/common/xilinx.gen 
Execute           source /opt/Xilinx/Vivado/2018.1/common/technology/xilinx/interface/plb46.gen 
Command           ap_source returned 0; 0 sec.
Execute           source /opt/Xilinx/Vivado/2018.1/common/technology/xilinx/interface/fsl.gen 
Command           ap_source returned 0; 0 sec.
Execute           source /opt/Xilinx/Vivado/2018.1/common/technology/xilinx/interface/axi4.gen 
Command           ap_source returned 0; 0 sec.
Execute           source /opt/Xilinx/Vivado/2018.1/common/technology/xilinx/interface/nativeAXI4.gen 
Execute             source /opt/Xilinx/Vivado/2018.1/common/technology/xilinx/interface/saxilite.gen 
Command             ap_source returned 0; 0.01 sec.
Execute             source /opt/Xilinx/Vivado/2018.1/common/technology/xilinx/interface/maxi.gen 
Command             ap_source returned 0; 0 sec.
Command           ap_source returned 0; 0.01 sec.
Execute           source /opt/Xilinx/Vivado/2018.1/common/technology/xilinx/scripts/xilinxcoregen.gen 
Command           ap_source returned 0; 0.01 sec.
Execute           source /opt/Xilinx/Vivado/2018.1/common/technology/xilinx/interface/XilEDKCoreGen.gen 
Command           ap_source returned 0; 0 sec.
Execute           source /opt/Xilinx/Vivado/2018.1/common/technology/xilinx/ip/xfft.gen 
Command           ap_source returned 0; 0.07 sec.
Execute           source /opt/Xilinx/Vivado/2018.1/common/technology/xilinx/ip/util.gen 
Command           ap_source returned 0; 0 sec.
Execute           source /opt/Xilinx/Vivado/2018.1/common/technology/xilinx/ip/dds_compiler.gen 
Command           ap_source returned 0; 0 sec.
Execute           source /opt/Xilinx/Vivado/2018.1/common/technology/xilinx/ip/xfir.gen 
Command           ap_source returned 0; 0 sec.
Command         ap_source returned 0; 0.09 sec.
Execute         source /opt/Xilinx/Vivado/2018.1/common/technology/xilinx/common/dsp48.gen 
Command         ap_source returned 0; 0 sec.
Command       ap_source returned 0; 0.09 sec.
Command     ap_source returned 0; 0.09 sec.
Execute     open_platform DefaultPlatform 
Command     open_platform returned 0; 0 sec.
Execute     import_lib /opt/Xilinx/Vivado/2018.1/common/technology/xilinx/kintexu/kintexu_fpv7 
Execute       source /opt/Xilinx/Vivado/2018.1/common/technology/xilinx/common/xilinx_fpv7.lib 
Execute         source /opt/Xilinx/Vivado/2018.1/common/technology/xilinx/common/xilinx_hp.lib 
Command         ap_source returned 0; 0 sec.
Command       ap_source returned 0; 0.01 sec.
Execute       source /opt/Xilinx/Vivado/2018.1/common/technology/xilinx/common/xilinx_fpv.hlp 
Execute         source /opt/Xilinx/Vivado/2018.1/common/technology/xilinx/common/xilinx.hlp 
Execute           source /opt/Xilinx/Vivado/2018.1/common/technology/xilinx/common/target_info.tcl 
Command           ap_source returned 0; 0 sec.
Execute           source /opt/Xilinx/Vivado/2018.1/common/technology/xilinx/interface/xilinx_interface.hlp 
Execute             source /opt/Xilinx/Vivado/2018.1/common/technology/xilinx/interface/maxi.hlp 
Command             ap_source returned 0; 0 sec.
Execute             source /opt/Xilinx/Vivado/2018.1/common/technology/xilinx/interface/saxilite.hlp 
Command             ap_source returned 0; 0 sec.
Command           ap_source returned 0; 0 sec.
Execute           source /opt/Xilinx/Vivado/2018.1/common/technology/xilinx/common/dsp48.hlp 
Command           ap_source returned 0; 0 sec.
Command         ap_source returned 0; 0 sec.
Command       ap_source returned 0; 0 sec.
Execute       source /opt/Xilinx/Vivado/2018.1/common/technology/xilinx/kintexu/kintexu_hp.hlp 
Command       ap_source returned 0; 0 sec.
Command     import_lib returned 0; 0.02 sec.
Execute     source /opt/Xilinx/Vivado/2018.1/common/technology/xilinx/kintexu/kintexu_fpv7.gen 
Execute       source /opt/Xilinx/Vivado/2018.1/common/technology/xilinx/common/xilinx_fpv6.gen 
Command       ap_source returned 0; 0 sec.
Command     ap_source returned 0; 0 sec.
Execute     set_part xcku115-flva1517-2-e 
Execute       add_library xilinx/kintexu/kintexu:xcku115:-flva1517:-2-e 
Execute         get_default_platform 
Command         get_default_platform returned 0; 0 sec.
Execute         license_isbetapart xcku115 
Command         license_isbetapart returned 1; 0 sec.
Execute         open_platform DefaultPlatform 
Command         open_platform returned 0; 0 sec.
Execute         import_lib /opt/Xilinx/Vivado/2018.1/common/technology/xilinx/kintexu/kintexu 
Execute           source /opt/Xilinx/Vivado/2018.1/common/technology/xilinx/common/xilinx.lib 
Execute             source /opt/Xilinx/Vivado/2018.1/common/technology/xilinx/interface/xilinx_interface.lib 
Execute               source /opt/Xilinx/Vivado/2018.1/common/technology/xilinx/interface/plb46.lib 
Command               ap_source returned 0; 0 sec.
Execute               source /opt/Xilinx/Vivado/2018.1/common/technology/xilinx/interface/fsl.lib 
Command               ap_source returned 0; 0 sec.
Execute               source /opt/Xilinx/Vivado/2018.1/common/technology/xilinx/interface/axi4.lib 
Command               ap_source returned 0; 0 sec.
Execute               source /opt/Xilinx/Vivado/2018.1/common/technology/xilinx/interface/maxi.lib 
Command               ap_source returned 0; 0 sec.
Execute               source /opt/Xilinx/Vivado/2018.1/common/technology/xilinx/interface/saxilite.lib 
Command               ap_source returned 0; 0 sec.
Command             ap_source returned 0; 0 sec.
Execute             source /opt/Xilinx/Vivado/2018.1/common/technology/xilinx/common/dsp48.lib 
Command             ap_source returned 0; 0 sec.
Execute             source /opt/Xilinx/Vivado/2018.1/common/technology/xilinx/ip/dds_compiler.lib 
Command             ap_source returned 0; 0 sec.
Execute             source /opt/Xilinx/Vivado/2018.1/common/technology/xilinx/ip/xfft.lib 
Command             ap_source returned 0; 0 sec.
Execute             source /opt/Xilinx/Vivado/2018.1/common/technology/xilinx/ip/xfir.lib 
Command             ap_source returned 0; 0 sec.
Command           ap_source returned 0; 0 sec.
Execute           source /opt/Xilinx/Vivado/2018.1/common/technology/xilinx/common/xilinx_old.lib 
Command           ap_source returned 0; 0 sec.
Execute           source /opt/Xilinx/Vivado/2018.1/common/technology/xilinx/common/xilinx_vivado.lib 
Command           ap_source returned 0; 0 sec.
Execute           source /opt/Xilinx/Vivado/2018.1/common/technology/xilinx/common/xilinx.hlp 
Execute             source /opt/Xilinx/Vivado/2018.1/common/technology/xilinx/common/target_info.tcl 
Command             ap_source returned 0; 0 sec.
Execute             source /opt/Xilinx/Vivado/2018.1/common/technology/xilinx/interface/xilinx_interface.hlp 
Execute               source /opt/Xilinx/Vivado/2018.1/common/technology/xilinx/interface/maxi.hlp 
Command               ap_source returned 0; 0.01 sec.
Execute               source /opt/Xilinx/Vivado/2018.1/common/technology/xilinx/interface/saxilite.hlp 
Command               ap_source returned 0; 0 sec.
Command             ap_source returned 0; 0.01 sec.
Execute             source /opt/Xilinx/Vivado/2018.1/common/technology/xilinx/common/dsp48.hlp 
Command             ap_source returned 0; 0 sec.
Command           ap_source returned 0; 0.01 sec.
Execute           source /opt/Xilinx/Vivado/2018.1/common/technology/xilinx/kintexu/dsp48e2.hlp 
Command           ap_source returned 0; 0 sec.
Execute           get_default_platform 
Command           get_default_platform returned 0; 0 sec.
Execute           config_chip_info -quiet -resource  {SLICE 30300} {LUT 242400}    {FF 484800} {DSP48E 1920}   {BRAM 1200}  
Command           config_chip_info returned 0; 0 sec.
Execute           config_chip_info -quiet -speed medium 
Command           config_chip_info returned 0; 0 sec.
Execute           source /opt/Xilinx/Vivado/2018.1/common/technology/xilinx/common/xilinx.hlp 
Execute             source /opt/Xilinx/Vivado/2018.1/common/technology/xilinx/common/target_info.tcl 
Command             ap_source returned 0; 0 sec.
Execute             source /opt/Xilinx/Vivado/2018.1/common/technology/xilinx/interface/xilinx_interface.hlp 
Execute               source /opt/Xilinx/Vivado/2018.1/common/technology/xilinx/interface/maxi.hlp 
Command               ap_source returned 0; 0 sec.
Execute               source /opt/Xilinx/Vivado/2018.1/common/technology/xilinx/interface/saxilite.hlp 
Command               ap_source returned 0; 0 sec.
Command             ap_source returned 0; 0 sec.
Execute             source /opt/Xilinx/Vivado/2018.1/common/technology/xilinx/common/dsp48.hlp 
Command             ap_source returned 0; 0 sec.
Command           ap_source returned 0; 0 sec.
Command         import_lib returned 0; 0.02 sec.
Execute         source /opt/Xilinx/Vivado/2018.1/common/technology/xilinx/kintexu/kintexu.gen 
Execute           source /opt/Xilinx/Vivado/2018.1/common/technology/xilinx/common/virtex.gen 
Execute             source /opt/Xilinx/Vivado/2018.1/common/technology/xilinx/common/xilinx.gen 
Execute               source /opt/Xilinx/Vivado/2018.1/common/technology/xilinx/interface/plb46.gen 
Command               ap_source returned 0; 0 sec.
Execute               source /opt/Xilinx/Vivado/2018.1/common/technology/xilinx/interface/fsl.gen 
Command               ap_source returned 0; 0 sec.
Execute               source /opt/Xilinx/Vivado/2018.1/common/technology/xilinx/interface/axi4.gen 
Command               ap_source returned 0; 0 sec.
Execute               source /opt/Xilinx/Vivado/2018.1/common/technology/xilinx/interface/nativeAXI4.gen 
Execute                 source /opt/Xilinx/Vivado/2018.1/common/technology/xilinx/interface/saxilite.gen 
Command                 ap_source returned 0; 0 sec.
Execute                 source /opt/Xilinx/Vivado/2018.1/common/technology/xilinx/interface/maxi.gen 
Command                 ap_source returned 0; 0.01 sec.
Command               ap_source returned 0; 0.01 sec.
Execute               source /opt/Xilinx/Vivado/2018.1/common/technology/xilinx/scripts/xilinxcoregen.gen 
Command               ap_source returned 0; 0.01 sec.
Execute               source /opt/Xilinx/Vivado/2018.1/common/technology/xilinx/interface/XilEDKCoreGen.gen 
Command               ap_source returned 0; 0 sec.
Execute               source /opt/Xilinx/Vivado/2018.1/common/technology/xilinx/ip/xfft.gen 
Command               ap_source returned 0; 0.06 sec.
Execute               source /opt/Xilinx/Vivado/2018.1/common/technology/xilinx/ip/util.gen 
Command               ap_source returned 0; 0 sec.
Execute               source /opt/Xilinx/Vivado/2018.1/common/technology/xilinx/ip/dds_compiler.gen 
Command               ap_source returned 0; 0 sec.
Execute               source /opt/Xilinx/Vivado/2018.1/common/technology/xilinx/ip/xfir.gen 
Command               ap_source returned 0; 0 sec.
Command             ap_source returned 0; 0.08 sec.
Execute             source /opt/Xilinx/Vivado/2018.1/common/technology/xilinx/common/dsp48.gen 
Command             ap_source returned 0; 0 sec.
Command           ap_source returned 0; 0.08 sec.
Command         ap_source returned 0; 0.08 sec.
Execute         get_default_platform 
Command         get_default_platform returned 0; 0 sec.
Execute         config_chip_info -quiet -resource  {SLICE 82920} {LUT 663360}    {FF 1326720} {DSP48E 5520}  {BRAM 4320} {SLR 2}  
Command         config_chip_info returned 0; 0 sec.
Execute         config_chip_info -quiet -speed medium 
Command         config_chip_info returned 0; 0 sec.
Command       add_library returned 0; 0.11 sec.
Execute       add_library xilinx/kintexu/kintexu_fpv7 
Execute         get_default_platform 
Command         get_default_platform returned 0; 0 sec.
Execute         open_platform DefaultPlatform 
Command         open_platform returned 0; 0 sec.
Execute         import_lib /opt/Xilinx/Vivado/2018.1/common/technology/xilinx/kintexu/kintexu_fpv7 
Execute           source /opt/Xilinx/Vivado/2018.1/common/technology/xilinx/common/xilinx_fpv7.lib 
Execute             source /opt/Xilinx/Vivado/2018.1/common/technology/xilinx/common/xilinx_hp.lib 
Command             ap_source returned 0; 0 sec.
Command           ap_source returned 0; 0 sec.
Execute           source /opt/Xilinx/Vivado/2018.1/common/technology/xilinx/common/xilinx_fpv.hlp 
Execute             source /opt/Xilinx/Vivado/2018.1/common/technology/xilinx/common/xilinx.hlp 
Execute               source /opt/Xilinx/Vivado/2018.1/common/technology/xilinx/common/target_info.tcl 
Command               ap_source returned 0; 0 sec.
Execute               source /opt/Xilinx/Vivado/2018.1/common/technology/xilinx/interface/xilinx_interface.hlp 
Execute                 source /opt/Xilinx/Vivado/2018.1/common/technology/xilinx/interface/maxi.hlp 
Command                 ap_source returned 0; 0 sec.
Execute                 source /opt/Xilinx/Vivado/2018.1/common/technology/xilinx/interface/saxilite.hlp 
Command                 ap_source returned 0; 0 sec.
Command               ap_source returned 0; 0 sec.
Execute               source /opt/Xilinx/Vivado/2018.1/common/technology/xilinx/common/dsp48.hlp 
Command               ap_source returned 0; 0 sec.
Command             ap_source returned 0; 0 sec.
Command           ap_source returned 0; 0 sec.
Execute           source /opt/Xilinx/Vivado/2018.1/common/technology/xilinx/kintexu/kintexu_hp.hlp 
Command           ap_source returned 0; 0 sec.
Command         import_lib returned 0; 0.01 sec.
Execute         source /opt/Xilinx/Vivado/2018.1/common/technology/xilinx/kintexu/kintexu_fpv7.gen 
Execute           source /opt/Xilinx/Vivado/2018.1/common/technology/xilinx/common/xilinx_fpv6.gen 
Command           ap_source returned 0; 0 sec.
Command         ap_source returned 0; 0 sec.
Command       add_library returned 0; 0.01 sec.
INFO: [HLS 200-10] Setting target device to 'xcku115-flva1517-2-e'
Execute       get_default_platform 
Command       get_default_platform returned 0; 0 sec.
Command     set_part returned 0; 0.15 sec.
Execute     get_default_platform 
Command     get_default_platform returned 0; 0 sec.
Execute     config_chip_info -quiet -resource  {SLICE 82920} {LUT 663360}    {FF 1326720} {DSP48E 5520}  {BRAM 4320} {SLR 2}  
Command     config_chip_info returned 0; 0 sec.
Execute     config_chip_info -quiet -speed medium 
Command     config_chip_info returned 0; 0 sec.
Command   open_solution returned 0; 0.28 sec.
Execute   set_part xcku115-flva1517-2-e 
Execute     add_library xilinx/kintexu/kintexu:xcku115:-flva1517:-2-e 
Execute       get_default_platform 
Command       get_default_platform returned 0; 0 sec.
Execute       license_isbetapart xcku115 
Command       license_isbetapart returned 1; 0 sec.
Execute       open_platform DefaultPlatform 
Command       open_platform returned 0; 0 sec.
Execute       import_lib /opt/Xilinx/Vivado/2018.1/common/technology/xilinx/kintexu/kintexu 
Execute         source /opt/Xilinx/Vivado/2018.1/common/technology/xilinx/common/xilinx.lib 
Execute           source /opt/Xilinx/Vivado/2018.1/common/technology/xilinx/interface/xilinx_interface.lib 
Execute             source /opt/Xilinx/Vivado/2018.1/common/technology/xilinx/interface/plb46.lib 
Command             ap_source returned 0; 0 sec.
Execute             source /opt/Xilinx/Vivado/2018.1/common/technology/xilinx/interface/fsl.lib 
Command             ap_source returned 0; 0 sec.
Execute             source /opt/Xilinx/Vivado/2018.1/common/technology/xilinx/interface/axi4.lib 
Command             ap_source returned 0; 0 sec.
Execute             source /opt/Xilinx/Vivado/2018.1/common/technology/xilinx/interface/maxi.lib 
Command             ap_source returned 0; 0 sec.
Execute             source /opt/Xilinx/Vivado/2018.1/common/technology/xilinx/interface/saxilite.lib 
Command             ap_source returned 0; 0 sec.
Command           ap_source returned 0; 0 sec.
Execute           source /opt/Xilinx/Vivado/2018.1/common/technology/xilinx/common/dsp48.lib 
Command           ap_source returned 0; 0 sec.
Execute           source /opt/Xilinx/Vivado/2018.1/common/technology/xilinx/ip/dds_compiler.lib 
Command           ap_source returned 0; 0 sec.
Execute           source /opt/Xilinx/Vivado/2018.1/common/technology/xilinx/ip/xfft.lib 
Command           ap_source returned 0; 0.01 sec.
Execute           source /opt/Xilinx/Vivado/2018.1/common/technology/xilinx/ip/xfir.lib 
Command           ap_source returned 0; 0 sec.
Command         ap_source returned 0; 0.01 sec.
Execute         source /opt/Xilinx/Vivado/2018.1/common/technology/xilinx/common/xilinx_old.lib 
Command         ap_source returned 0; 0 sec.
Execute         source /opt/Xilinx/Vivado/2018.1/common/technology/xilinx/common/xilinx_vivado.lib 
Command         ap_source returned 0; 0 sec.
Execute         source /opt/Xilinx/Vivado/2018.1/common/technology/xilinx/common/xilinx.hlp 
Execute           source /opt/Xilinx/Vivado/2018.1/common/technology/xilinx/common/target_info.tcl 
Command           ap_source returned 0; 0 sec.
Execute           source /opt/Xilinx/Vivado/2018.1/common/technology/xilinx/interface/xilinx_interface.hlp 
Execute             source /opt/Xilinx/Vivado/2018.1/common/technology/xilinx/interface/maxi.hlp 
Command             ap_source returned 0; 0 sec.
Execute             source /opt/Xilinx/Vivado/2018.1/common/technology/xilinx/interface/saxilite.hlp 
Command             ap_source returned 0; 0 sec.
Command           ap_source returned 0; 0 sec.
Execute           source /opt/Xilinx/Vivado/2018.1/common/technology/xilinx/common/dsp48.hlp 
Command           ap_source returned 0; 0 sec.
Command         ap_source returned 0; 0 sec.
Execute         source /opt/Xilinx/Vivado/2018.1/common/technology/xilinx/kintexu/dsp48e2.hlp 
Command         ap_source returned 0; 0 sec.
Execute         get_default_platform 
Command         get_default_platform returned 0; 0 sec.
Execute         config_chip_info -quiet -resource  {SLICE 30300} {LUT 242400}    {FF 484800} {DSP48E 1920}   {BRAM 1200}  
Command         config_chip_info returned 0; 0 sec.
Execute         config_chip_info -quiet -speed medium 
Command         config_chip_info returned 0; 0 sec.
Execute         source /opt/Xilinx/Vivado/2018.1/common/technology/xilinx/common/xilinx.hlp 
Execute           source /opt/Xilinx/Vivado/2018.1/common/technology/xilinx/common/target_info.tcl 
Command           ap_source returned 0; 0 sec.
Execute           source /opt/Xilinx/Vivado/2018.1/common/technology/xilinx/interface/xilinx_interface.hlp 
Execute             source /opt/Xilinx/Vivado/2018.1/common/technology/xilinx/interface/maxi.hlp 
Command             ap_source returned 0; 0 sec.
Execute             source /opt/Xilinx/Vivado/2018.1/common/technology/xilinx/interface/saxilite.hlp 
Command             ap_source returned 0; 0 sec.
Command           ap_source returned 0; 0 sec.
Execute           source /opt/Xilinx/Vivado/2018.1/common/technology/xilinx/common/dsp48.hlp 
Command           ap_source returned 0; 0 sec.
Command         ap_source returned 0; 0 sec.
Command       import_lib returned 0; 0.01 sec.
Execute       source /opt/Xilinx/Vivado/2018.1/common/technology/xilinx/kintexu/kintexu.gen 
Execute         source /opt/Xilinx/Vivado/2018.1/common/technology/xilinx/common/virtex.gen 
Execute           source /opt/Xilinx/Vivado/2018.1/common/technology/xilinx/common/xilinx.gen 
Execute             source /opt/Xilinx/Vivado/2018.1/common/technology/xilinx/interface/plb46.gen 
Command             ap_source returned 0; 0.01 sec.
Execute             source /opt/Xilinx/Vivado/2018.1/common/technology/xilinx/interface/fsl.gen 
Command             ap_source returned 0; 0 sec.
Execute             source /opt/Xilinx/Vivado/2018.1/common/technology/xilinx/interface/axi4.gen 
Command             ap_source returned 0; 0 sec.
Execute             source /opt/Xilinx/Vivado/2018.1/common/technology/xilinx/interface/nativeAXI4.gen 
Execute               source /opt/Xilinx/Vivado/2018.1/common/technology/xilinx/interface/saxilite.gen 
Command               ap_source returned 0; 0 sec.
Execute               source /opt/Xilinx/Vivado/2018.1/common/technology/xilinx/interface/maxi.gen 
Command               ap_source returned 0; 0.01 sec.
Command             ap_source returned 0; 0.01 sec.
Execute             source /opt/Xilinx/Vivado/2018.1/common/technology/xilinx/scripts/xilinxcoregen.gen 
Command             ap_source returned 0; 0 sec.
Execute             source /opt/Xilinx/Vivado/2018.1/common/technology/xilinx/interface/XilEDKCoreGen.gen 
Command             ap_source returned 0; 0.01 sec.
Execute             source /opt/Xilinx/Vivado/2018.1/common/technology/xilinx/ip/xfft.gen 
Command             ap_source returned 0; 0.06 sec.
Execute             source /opt/Xilinx/Vivado/2018.1/common/technology/xilinx/ip/util.gen 
Command             ap_source returned 0; 0 sec.
Execute             source /opt/Xilinx/Vivado/2018.1/common/technology/xilinx/ip/dds_compiler.gen 
Command             ap_source returned 0; 0 sec.
Execute             source /opt/Xilinx/Vivado/2018.1/common/technology/xilinx/ip/xfir.gen 
Command             ap_source returned 0; 0 sec.
Command           ap_source returned 0; 0.09 sec.
Execute           source /opt/Xilinx/Vivado/2018.1/common/technology/xilinx/common/dsp48.gen 
Command           ap_source returned 0; 0 sec.
Command         ap_source returned 0; 0.09 sec.
Command       ap_source returned 0; 0.09 sec.
Execute       get_default_platform 
Command       get_default_platform returned 0; 0 sec.
Execute       config_chip_info -quiet -resource  {SLICE 82920} {LUT 663360}    {FF 1326720} {DSP48E 5520}  {BRAM 4320} {SLR 2}  
Command       config_chip_info returned 0; 0 sec.
Execute       config_chip_info -quiet -speed medium 
Command       config_chip_info returned 0; 0 sec.
Command     add_library returned 0; 0.1 sec.
Execute     add_library xilinx/kintexu/kintexu_fpv7 
Execute       get_default_platform 
Command       get_default_platform returned 0; 0 sec.
Execute       open_platform DefaultPlatform 
Command       open_platform returned 0; 0 sec.
Execute       import_lib /opt/Xilinx/Vivado/2018.1/common/technology/xilinx/kintexu/kintexu_fpv7 
Execute         source /opt/Xilinx/Vivado/2018.1/common/technology/xilinx/common/xilinx_fpv7.lib 
Execute           source /opt/Xilinx/Vivado/2018.1/common/technology/xilinx/common/xilinx_hp.lib 
Command           ap_source returned 0; 0 sec.
Command         ap_source returned 0; 0 sec.
Execute         source /opt/Xilinx/Vivado/2018.1/common/technology/xilinx/common/xilinx_fpv.hlp 
Execute           source /opt/Xilinx/Vivado/2018.1/common/technology/xilinx/common/xilinx.hlp 
Execute             source /opt/Xilinx/Vivado/2018.1/common/technology/xilinx/common/target_info.tcl 
Command             ap_source returned 0; 0 sec.
Execute             source /opt/Xilinx/Vivado/2018.1/common/technology/xilinx/interface/xilinx_interface.hlp 
Execute               source /opt/Xilinx/Vivado/2018.1/common/technology/xilinx/interface/maxi.hlp 
Command               ap_source returned 0; 0 sec.
Execute               source /opt/Xilinx/Vivado/2018.1/common/technology/xilinx/interface/saxilite.hlp 
Command               ap_source returned 0; 0 sec.
Command             ap_source returned 0; 0 sec.
Execute             source /opt/Xilinx/Vivado/2018.1/common/technology/xilinx/common/dsp48.hlp 
Command             ap_source returned 0; 0 sec.
Command           ap_source returned 0; 0 sec.
Command         ap_source returned 0; 0 sec.
Execute         source /opt/Xilinx/Vivado/2018.1/common/technology/xilinx/kintexu/kintexu_hp.hlp 
Command         ap_source returned 0; 0.01 sec.
Command       import_lib returned 0; 0.01 sec.
Execute       source /opt/Xilinx/Vivado/2018.1/common/technology/xilinx/kintexu/kintexu_fpv7.gen 
Execute         source /opt/Xilinx/Vivado/2018.1/common/technology/xilinx/common/xilinx_fpv6.gen 
Command         ap_source returned 0; 0 sec.
Command       ap_source returned 0; 0 sec.
Command     add_library returned 0; 0.01 sec.
Execute     get_default_platform 
Command     get_default_platform returned 0; 0 sec.
Command   set_part returned 0; 0.15 sec.
Execute   create_clock -period 5 -name default 
Command   create_clock returned 0; 0 sec.
Execute   source ../hlsSources/directives/reverseEndian64.tcl 
Execute     set_directive_interface -mode axis reverseEndian64 stream_in 
INFO: [HLS 200-0] Setting directive 'INTERFACE' axis=positionBoolean0mode port=positionBooleanTextRequiredstream_in 
Command     set_directive_interface returned 0; 0 sec.
Execute     set_directive_interface -mode axis reverseEndian64 stream_out 
INFO: [HLS 200-0] Setting directive 'INTERFACE' axis=positionBoolean0mode port=positionBooleanTextRequiredstream_in 
INFO: [HLS 200-0] Setting directive 'INTERFACE' axis=positionBoolean0mode port=positionBooleanTextRequiredstream_out 
Command     set_directive_interface returned 0; 0 sec.
Execute     set_directive_interface -mode ap_ctrl_none reverseEndian64 
INFO: [HLS 200-0] Setting directive 'INTERFACE' axis=positionBoolean0mode port=positionBooleanTextRequiredstream_in 
INFO: [HLS 200-0] Setting directive 'INTERFACE' axis=positionBoolean0mode port=positionBooleanTextRequiredstream_out 
INFO: [HLS 200-0] Setting directive 'INTERFACE' ap_ctrl_none=positionBoolean0mode port=positionBooleanTextRequiredreturn 
Command     set_directive_interface returned 0; 0 sec.
Command   ap_source returned 0; 0 sec.
Execute   csynth_design 
Execute     elaborate -effort=medium -skip_syncheck=0 -keep_printf=0 -lm=0 -skip_cdt=0 -skip_transform=0 -ng=0 -g=0 -opt_fp=0 -enable_clang39=0 
INFO: [HLS 200-10] Analyzing design file '../hlsSources/srcs/reverseEndian64.cpp' ...
INFO: [HLS 200-0] Compiling one TU...
Execute       is_m_axi_addr64 
Command       is_m_axi_addr64 returned 0; 0 sec.
INFO: [HLS 200-0] Handling ../hlsSources/srcs/reverseEndian64.cpp as C++
Execute       get_default_platform 
Command       get_default_platform returned 0; 0 sec.
Execute       is_encrypted ../hlsSources/srcs/reverseEndian64.cpp 
Command       is_encrypted returned 0; 0 sec.
Execute       get_default_platform 
Command       get_default_platform returned 0; 0 sec.
INFO: [HLS 200-0] Source preprocessing
Execute       clang  -fno-limit-debug-info -gcc-toolchain "/opt/Xilinx/Vivado/2018.1/lnx64/tools/gcc" -hls  -fno-exceptions  -D__llvm__  -E "../hlsSources/srcs/reverseEndian64.cpp"     -fno-math-errno -c -emit-llvm -O0  -mllvm -disable-llvm-optzns -fno-threadsafe-statics  -fno-use-cxa-atexit  -fno-threadsafe-statics -fno-use-cxa-atexit -D__CLANG_3_1__ -DAESL_SYN -D__SYNTHESIS__ -D__HLS_SYN__ -I "/opt/Xilinx/Vivado/2018.1/common/technology/autopilot" -I "/opt/Xilinx/Vivado/2018.1/common/technology/autopilot/ap_sysc" -include etc/autopilot_ssdm_op.h -D__DSP48E2__  -o "/home/tarafdar/workDir/galapagos/hlsIP_adm-8k5/reverseEndian64/solution1/.autopilot/db/reverseEndian64.pp.0.cpp" 
INFO: [HLS 200-0] exec clang -fno-limit-debug-info -gcc-toolchain /opt/Xilinx/Vivado/2018.1/lnx64/tools/gcc -hls -fno-exceptions -D__llvm__ -E ../hlsSources/srcs/reverseEndian64.cpp -fno-math-errno -c -emit-llvm -O0 -mllvm -disable-llvm-optzns -fno-threadsafe-statics -fno-use-cxa-atexit -fno-threadsafe-statics -fno-use-cxa-atexit -D__CLANG_3_1__ -DAESL_SYN -D__SYNTHESIS__ -D__HLS_SYN__ -I /opt/Xilinx/Vivado/2018.1/common/technology/autopilot -I /opt/Xilinx/Vivado/2018.1/common/technology/autopilot/ap_sysc -include etc/autopilot_ssdm_op.h -D__DSP48E2__ -o /home/tarafdar/workDir/galapagos/hlsIP_adm-8k5/reverseEndian64/solution1/.autopilot/db/reverseEndian64.pp.0.cpp
Command       clang returned 0; 1.23 sec.
INFO: [HLS 200-0] Syntax Checking before pre-processing...
Execute       clang  -fno-limit-debug-info -gcc-toolchain "/opt/Xilinx/Vivado/2018.1/lnx64/tools/gcc" -hls    -fno-math-errno -c -emit-llvm -O0  -mllvm -disable-llvm-optzns -fno-threadsafe-statics  -fno-use-cxa-atexit  -fno-threadsafe-statics -fno-use-cxa-atexit -D__CLANG_3_1__ -DAESL_SYN -D__SYNTHESIS__ -D__HLS_SYN__ -I "/opt/Xilinx/Vivado/2018.1/common/technology/autopilot" -I "/opt/Xilinx/Vivado/2018.1/common/technology/autopilot/ap_sysc" -include etc/autopilot_ssdm_op.h -D__DSP48E2__  "/home/tarafdar/workDir/galapagos/hlsIP_adm-8k5/reverseEndian64/solution1/.autopilot/db/reverseEndian64.pp.0.cpp"  -o "/home/tarafdar/workDir/galapagos/hlsIP_adm-8k5/reverseEndian64/solution1/.autopilot/db/useless.bc"  
INFO: [HLS 200-0] exec clang -fno-limit-debug-info -gcc-toolchain /opt/Xilinx/Vivado/2018.1/lnx64/tools/gcc -hls -fno-math-errno -c -emit-llvm -O0 -mllvm -disable-llvm-optzns -fno-threadsafe-statics -fno-use-cxa-atexit -fno-threadsafe-statics -fno-use-cxa-atexit -D__CLANG_3_1__ -DAESL_SYN -D__SYNTHESIS__ -D__HLS_SYN__ -I /opt/Xilinx/Vivado/2018.1/common/technology/autopilot -I /opt/Xilinx/Vivado/2018.1/common/technology/autopilot/ap_sysc -include etc/autopilot_ssdm_op.h -D__DSP48E2__ /home/tarafdar/workDir/galapagos/hlsIP_adm-8k5/reverseEndian64/solution1/.autopilot/db/reverseEndian64.pp.0.cpp -o /home/tarafdar/workDir/galapagos/hlsIP_adm-8k5/reverseEndian64/solution1/.autopilot/db/useless.bc
WARNING: [HLS 200-40] child killed: interrupt
Command       clang returned 2; 0.87 sec.
ERROR: [HLS 200-70] Compilation errors found:
Pragma processor failed: child killed: interrupt
Command     elaborate returned 2; 2.1 sec.
Command   csynth_design returned 2; 2.1 sec.
Command ap_source returned 1; 2.53 sec.
Failed checking during preprocessing.
    while executing
"source tclScripts/generate_hls_ip_shell.tcl"
    invoked from within
"hls::main tclScripts/generate_hls_ip_shell.tcl adm-8k5 xcku115-flva1517-2-e"
    ("uplevel" body line 1)
    invoked from within
"uplevel 1 hls::main {*}$args"
    (procedure "hls_proc" line 5)
    invoked from within
"hls_proc $argv"
Execute cleanup_all 
Command cleanup_all returned 0; 0 sec.
