
*** Running vivado
    with args -log shell_axi_10g_ethernet_0_0.vds -m64 -product Vivado -mode batch -messageDb vivado.pb -notrace -source shell_axi_10g_ethernet_0_0.tcl


****** Vivado v2018.1 (64-bit)
  **** SW Build 2188600 on Wed Apr  4 18:39:19 MDT 2018
  **** IP Build 2185939 on Wed Apr  4 20:55:05 MDT 2018
    ** Copyright 1986-2018 Xilinx, Inc. All Rights Reserved.

source shell_axi_10g_ethernet_0_0.tcl -notrace
Command: synth_design -top shell_axi_10g_ethernet_0_0 -part xcku115-flva1517-2-e -mode out_of_context
Starting synth_design
Attempting to get a license for feature 'Synthesis' and/or device 'xcku115'
INFO: [Common 17-349] Got license for feature 'Synthesis' and/or device 'xcku115'
INFO: Launching helper process for spawning children vivado processes
INFO: Helper process launched with PID 24813 
---------------------------------------------------------------------------------
Starting RTL Elaboration : Time (s): cpu = 00:00:10 ; elapsed = 00:00:11 . Memory (MB): peak = 1367.473 ; gain = 86.000 ; free physical = 2340 ; free virtual = 30323
---------------------------------------------------------------------------------
INFO: [Synth 8-6157] synthesizing module 'shell_axi_10g_ethernet_0_0' [/nfs/ug/thesis/thesis0/pc/Graham/galapagos_wip/shells/projects/adm-8k5/adm-8k5.srcs/sources_1/bd/srcs/ip/shell_axi_10g_ethernet_0_0/synth/shell_axi_10g_ethernet_0_0.v:58]
INFO: [Synth 8-6157] synthesizing module 'bd_01e2' [/nfs/ug/thesis/thesis0/pc/Graham/galapagos_wip/shells/projects/adm-8k5/adm-8k5.srcs/sources_1/bd/srcs/ip/shell_axi_10g_ethernet_0_0/bd_0/synth/bd_01e2.v:10]
INFO: [Synth 8-6157] synthesizing module 'bd_01e2_dcm_locked_driver_0' [/nfs/ug/thesis/thesis0/pc/Graham/galapagos_wip/shells/projects/adm-8k5/adm-8k5.runs/shell_axi_10g_ethernet_0_0_synth_1/.Xil/Vivado-24760-ug238/realtime/bd_01e2_dcm_locked_driver_0_stub.v:6]
INFO: [Synth 8-6155] done synthesizing module 'bd_01e2_dcm_locked_driver_0' (1#1) [/nfs/ug/thesis/thesis0/pc/Graham/galapagos_wip/shells/projects/adm-8k5/adm-8k5.runs/shell_axi_10g_ethernet_0_0_synth_1/.Xil/Vivado-24760-ug238/realtime/bd_01e2_dcm_locked_driver_0_stub.v:6]
INFO: [Synth 8-6157] synthesizing module 'bd_01e2_pma_pmd_type_driver_0' [/nfs/ug/thesis/thesis0/pc/Graham/galapagos_wip/shells/projects/adm-8k5/adm-8k5.runs/shell_axi_10g_ethernet_0_0_synth_1/.Xil/Vivado-24760-ug238/realtime/bd_01e2_pma_pmd_type_driver_0_stub.v:6]
INFO: [Synth 8-6155] done synthesizing module 'bd_01e2_pma_pmd_type_driver_0' (2#1) [/nfs/ug/thesis/thesis0/pc/Graham/galapagos_wip/shells/projects/adm-8k5/adm-8k5.runs/shell_axi_10g_ethernet_0_0_synth_1/.Xil/Vivado-24760-ug238/realtime/bd_01e2_pma_pmd_type_driver_0_stub.v:6]
INFO: [Synth 8-6157] synthesizing module 'bd_01e2_xmac_0' [/nfs/ug/thesis/thesis0/pc/Graham/galapagos_wip/shells/projects/adm-8k5/adm-8k5.runs/shell_axi_10g_ethernet_0_0_synth_1/.Xil/Vivado-24760-ug238/realtime/bd_01e2_xmac_0_stub.v:6]
INFO: [Synth 8-6155] done synthesizing module 'bd_01e2_xmac_0' (3#1) [/nfs/ug/thesis/thesis0/pc/Graham/galapagos_wip/shells/projects/adm-8k5/adm-8k5.runs/shell_axi_10g_ethernet_0_0_synth_1/.Xil/Vivado-24760-ug238/realtime/bd_01e2_xmac_0_stub.v:6]
INFO: [Synth 8-6157] synthesizing module 'bd_01e2_xpcs_0' [/nfs/ug/thesis/thesis0/pc/Graham/galapagos_wip/shells/projects/adm-8k5/adm-8k5.runs/shell_axi_10g_ethernet_0_0_synth_1/.Xil/Vivado-24760-ug238/realtime/bd_01e2_xpcs_0_stub.v:6]
INFO: [Synth 8-6155] done synthesizing module 'bd_01e2_xpcs_0' (4#1) [/nfs/ug/thesis/thesis0/pc/Graham/galapagos_wip/shells/projects/adm-8k5/adm-8k5.runs/shell_axi_10g_ethernet_0_0_synth_1/.Xil/Vivado-24760-ug238/realtime/bd_01e2_xpcs_0_stub.v:6]
INFO: [Synth 8-6155] done synthesizing module 'bd_01e2' (5#1) [/nfs/ug/thesis/thesis0/pc/Graham/galapagos_wip/shells/projects/adm-8k5/adm-8k5.srcs/sources_1/bd/srcs/ip/shell_axi_10g_ethernet_0_0/bd_0/synth/bd_01e2.v:10]
INFO: [Synth 8-6155] done synthesizing module 'shell_axi_10g_ethernet_0_0' (6#1) [/nfs/ug/thesis/thesis0/pc/Graham/galapagos_wip/shells/projects/adm-8k5/adm-8k5.srcs/sources_1/bd/srcs/ip/shell_axi_10g_ethernet_0_0/synth/shell_axi_10g_ethernet_0_0.v:58]
---------------------------------------------------------------------------------
Finished RTL Elaboration : Time (s): cpu = 00:00:11 ; elapsed = 00:00:13 . Memory (MB): peak = 1413.082 ; gain = 131.609 ; free physical = 2201 ; free virtual = 30022
---------------------------------------------------------------------------------

Report Check Netlist: 
+------+------------------+-------+---------+-------+------------------+
|      |Item              |Errors |Warnings |Status |Description       |
+------+------------------+-------+---------+-------+------------------+
|1     |multi_driven_nets |      0|        0|Passed |Multi driven nets |
+------+------------------+-------+---------+-------+------------------+
---------------------------------------------------------------------------------
Start Handling Custom Attributes
---------------------------------------------------------------------------------
---------------------------------------------------------------------------------
Finished Handling Custom Attributes : Time (s): cpu = 00:00:11 ; elapsed = 00:00:13 . Memory (MB): peak = 1413.082 ; gain = 131.609 ; free physical = 2262 ; free virtual = 30082
---------------------------------------------------------------------------------
---------------------------------------------------------------------------------
Finished RTL Optimization Phase 1 : Time (s): cpu = 00:00:11 ; elapsed = 00:00:13 . Memory (MB): peak = 1413.082 ; gain = 131.609 ; free physical = 2262 ; free virtual = 30082
---------------------------------------------------------------------------------
INFO: [Device 21-403] Loading part xcku115-flva1517-2-e
INFO: [Project 1-570] Preparing netlist for logic optimization

Processing XDC Constraints
Initializing timing engine
Parsing XDC File [/nfs/ug/thesis/thesis0/pc/Graham/galapagos_wip/shells/projects/adm-8k5/adm-8k5.srcs/sources_1/bd/srcs/ip/shell_axi_10g_ethernet_0_0/bd_0/ip/ip_0/bd_01e2_xmac_0/bd_01e2_xmac_0_in_context.xdc] for cell 'inst/xmac'
Finished Parsing XDC File [/nfs/ug/thesis/thesis0/pc/Graham/galapagos_wip/shells/projects/adm-8k5/adm-8k5.srcs/sources_1/bd/srcs/ip/shell_axi_10g_ethernet_0_0/bd_0/ip/ip_0/bd_01e2_xmac_0/bd_01e2_xmac_0_in_context.xdc] for cell 'inst/xmac'
Parsing XDC File [/nfs/ug/thesis/thesis0/pc/Graham/galapagos_wip/shells/projects/adm-8k5/adm-8k5.srcs/sources_1/bd/srcs/ip/shell_axi_10g_ethernet_0_0/bd_0/ip/ip_1/bd_01e2_xpcs_0/bd_01e2_xpcs_0_in_context.xdc] for cell 'inst/xpcs'
Finished Parsing XDC File [/nfs/ug/thesis/thesis0/pc/Graham/galapagos_wip/shells/projects/adm-8k5/adm-8k5.srcs/sources_1/bd/srcs/ip/shell_axi_10g_ethernet_0_0/bd_0/ip/ip_1/bd_01e2_xpcs_0/bd_01e2_xpcs_0_in_context.xdc] for cell 'inst/xpcs'
Parsing XDC File [/nfs/ug/thesis/thesis0/pc/Graham/galapagos_wip/shells/projects/adm-8k5/adm-8k5.srcs/sources_1/bd/srcs/ip/shell_axi_10g_ethernet_0_0/bd_0/ip/ip_2/bd_01e2_dcm_locked_driver_0/bd_01e2_dcm_locked_driver_0_in_context.xdc] for cell 'inst/dcm_locked_driver'
Finished Parsing XDC File [/nfs/ug/thesis/thesis0/pc/Graham/galapagos_wip/shells/projects/adm-8k5/adm-8k5.srcs/sources_1/bd/srcs/ip/shell_axi_10g_ethernet_0_0/bd_0/ip/ip_2/bd_01e2_dcm_locked_driver_0/bd_01e2_dcm_locked_driver_0_in_context.xdc] for cell 'inst/dcm_locked_driver'
Parsing XDC File [/nfs/ug/thesis/thesis0/pc/Graham/galapagos_wip/shells/projects/adm-8k5/adm-8k5.srcs/sources_1/bd/srcs/ip/shell_axi_10g_ethernet_0_0/bd_0/ip/ip_3/bd_01e2_pma_pmd_type_driver_0/bd_01e2_pma_pmd_type_driver_0_in_context.xdc] for cell 'inst/pma_pmd_type_driver'
Finished Parsing XDC File [/nfs/ug/thesis/thesis0/pc/Graham/galapagos_wip/shells/projects/adm-8k5/adm-8k5.srcs/sources_1/bd/srcs/ip/shell_axi_10g_ethernet_0_0/bd_0/ip/ip_3/bd_01e2_pma_pmd_type_driver_0/bd_01e2_pma_pmd_type_driver_0_in_context.xdc] for cell 'inst/pma_pmd_type_driver'
Parsing XDC File [/nfs/ug/thesis/thesis0/pc/Graham/galapagos_wip/shells/projects/adm-8k5/adm-8k5.srcs/sources_1/bd/srcs/ip/shell_axi_10g_ethernet_0_0/synth/shell_axi_10g_ethernet_0_0_ooc.xdc] for cell 'inst'
Finished Parsing XDC File [/nfs/ug/thesis/thesis0/pc/Graham/galapagos_wip/shells/projects/adm-8k5/adm-8k5.srcs/sources_1/bd/srcs/ip/shell_axi_10g_ethernet_0_0/synth/shell_axi_10g_ethernet_0_0_ooc.xdc] for cell 'inst'
Parsing XDC File [/nfs/ug/thesis/thesis0/pc/Graham/galapagos_wip/shells/projects/adm-8k5/adm-8k5.runs/shell_axi_10g_ethernet_0_0_synth_1/dont_touch.xdc]
Finished Parsing XDC File [/nfs/ug/thesis/thesis0/pc/Graham/galapagos_wip/shells/projects/adm-8k5/adm-8k5.runs/shell_axi_10g_ethernet_0_0_synth_1/dont_touch.xdc]
Completed Processing XDC Constraints

INFO: [Project 1-111] Unisim Transformation Summary:
No Unisim elements were transformed.

Constraint Validation Runtime : Time (s): cpu = 00:00:00.04 ; elapsed = 00:00:00.10 . Memory (MB): peak = 2028.625 ; gain = 0.000 ; free physical = 2327 ; free virtual = 30159
---------------------------------------------------------------------------------
Finished Constraint Validation : Time (s): cpu = 00:00:33 ; elapsed = 00:01:03 . Memory (MB): peak = 2028.625 ; gain = 747.152 ; free physical = 1044 ; free virtual = 28876
---------------------------------------------------------------------------------
---------------------------------------------------------------------------------
Start Loading Part and Timing Information
---------------------------------------------------------------------------------
Loading part: xcku115-flva1517-2-e
---------------------------------------------------------------------------------
Finished Loading Part and Timing Information : Time (s): cpu = 00:00:33 ; elapsed = 00:01:03 . Memory (MB): peak = 2028.625 ; gain = 747.152 ; free physical = 1044 ; free virtual = 28876
---------------------------------------------------------------------------------
---------------------------------------------------------------------------------
Start Applying 'set_property' XDC Constraints
---------------------------------------------------------------------------------
Applied set_property IO_BUFFER_TYPE = NONE for refclk_n. (constraint file  /nfs/ug/thesis/thesis0/pc/Graham/galapagos_wip/shells/projects/adm-8k5/adm-8k5.srcs/sources_1/bd/srcs/ip/shell_axi_10g_ethernet_0_0/bd_0/ip/ip_1/bd_01e2_xpcs_0/bd_01e2_xpcs_0_in_context.xdc, line 8).
Applied set_property CLOCK_BUFFER_TYPE = NONE for refclk_n. (constraint file  /nfs/ug/thesis/thesis0/pc/Graham/galapagos_wip/shells/projects/adm-8k5/adm-8k5.srcs/sources_1/bd/srcs/ip/shell_axi_10g_ethernet_0_0/bd_0/ip/ip_1/bd_01e2_xpcs_0/bd_01e2_xpcs_0_in_context.xdc, line 9).
Applied set_property IO_BUFFER_TYPE = NONE for refclk_p. (constraint file  /nfs/ug/thesis/thesis0/pc/Graham/galapagos_wip/shells/projects/adm-8k5/adm-8k5.srcs/sources_1/bd/srcs/ip/shell_axi_10g_ethernet_0_0/bd_0/ip/ip_1/bd_01e2_xpcs_0/bd_01e2_xpcs_0_in_context.xdc, line 10).
Applied set_property CLOCK_BUFFER_TYPE = NONE for refclk_p. (constraint file  /nfs/ug/thesis/thesis0/pc/Graham/galapagos_wip/shells/projects/adm-8k5/adm-8k5.srcs/sources_1/bd/srcs/ip/shell_axi_10g_ethernet_0_0/bd_0/ip/ip_1/bd_01e2_xpcs_0/bd_01e2_xpcs_0_in_context.xdc, line 11).
Applied set_property IO_BUFFER_TYPE = NONE for rxn. (constraint file  /nfs/ug/thesis/thesis0/pc/Graham/galapagos_wip/shells/projects/adm-8k5/adm-8k5.srcs/sources_1/bd/srcs/ip/shell_axi_10g_ethernet_0_0/bd_0/ip/ip_1/bd_01e2_xpcs_0/bd_01e2_xpcs_0_in_context.xdc, line 12).
Applied set_property CLOCK_BUFFER_TYPE = NONE for rxn. (constraint file  /nfs/ug/thesis/thesis0/pc/Graham/galapagos_wip/shells/projects/adm-8k5/adm-8k5.srcs/sources_1/bd/srcs/ip/shell_axi_10g_ethernet_0_0/bd_0/ip/ip_1/bd_01e2_xpcs_0/bd_01e2_xpcs_0_in_context.xdc, line 13).
Applied set_property IO_BUFFER_TYPE = NONE for rxp. (constraint file  /nfs/ug/thesis/thesis0/pc/Graham/galapagos_wip/shells/projects/adm-8k5/adm-8k5.srcs/sources_1/bd/srcs/ip/shell_axi_10g_ethernet_0_0/bd_0/ip/ip_1/bd_01e2_xpcs_0/bd_01e2_xpcs_0_in_context.xdc, line 14).
Applied set_property CLOCK_BUFFER_TYPE = NONE for rxp. (constraint file  /nfs/ug/thesis/thesis0/pc/Graham/galapagos_wip/shells/projects/adm-8k5/adm-8k5.srcs/sources_1/bd/srcs/ip/shell_axi_10g_ethernet_0_0/bd_0/ip/ip_1/bd_01e2_xpcs_0/bd_01e2_xpcs_0_in_context.xdc, line 15).
Applied set_property IO_BUFFER_TYPE = NONE for txn. (constraint file  /nfs/ug/thesis/thesis0/pc/Graham/galapagos_wip/shells/projects/adm-8k5/adm-8k5.srcs/sources_1/bd/srcs/ip/shell_axi_10g_ethernet_0_0/bd_0/ip/ip_1/bd_01e2_xpcs_0/bd_01e2_xpcs_0_in_context.xdc, line 16).
Applied set_property CLOCK_BUFFER_TYPE = NONE for txn. (constraint file  /nfs/ug/thesis/thesis0/pc/Graham/galapagos_wip/shells/projects/adm-8k5/adm-8k5.srcs/sources_1/bd/srcs/ip/shell_axi_10g_ethernet_0_0/bd_0/ip/ip_1/bd_01e2_xpcs_0/bd_01e2_xpcs_0_in_context.xdc, line 17).
Applied set_property IO_BUFFER_TYPE = NONE for txp. (constraint file  /nfs/ug/thesis/thesis0/pc/Graham/galapagos_wip/shells/projects/adm-8k5/adm-8k5.srcs/sources_1/bd/srcs/ip/shell_axi_10g_ethernet_0_0/bd_0/ip/ip_1/bd_01e2_xpcs_0/bd_01e2_xpcs_0_in_context.xdc, line 18).
Applied set_property CLOCK_BUFFER_TYPE = NONE for txp. (constraint file  /nfs/ug/thesis/thesis0/pc/Graham/galapagos_wip/shells/projects/adm-8k5/adm-8k5.srcs/sources_1/bd/srcs/ip/shell_axi_10g_ethernet_0_0/bd_0/ip/ip_1/bd_01e2_xpcs_0/bd_01e2_xpcs_0_in_context.xdc, line 19).
Applied set_property DONT_TOUCH = true for inst. (constraint file  auto generated constraint, line ).
Applied set_property DONT_TOUCH = true for inst/xmac. (constraint file  auto generated constraint, line ).
Applied set_property DONT_TOUCH = true for inst/xpcs. (constraint file  auto generated constraint, line ).
Applied set_property DONT_TOUCH = true for inst/dcm_locked_driver. (constraint file  auto generated constraint, line ).
Applied set_property DONT_TOUCH = true for inst/pma_pmd_type_driver. (constraint file  auto generated constraint, line ).
---------------------------------------------------------------------------------
Finished applying 'set_property' XDC Constraints : Time (s): cpu = 00:00:33 ; elapsed = 00:01:03 . Memory (MB): peak = 2028.625 ; gain = 747.152 ; free physical = 1043 ; free virtual = 28874
---------------------------------------------------------------------------------
---------------------------------------------------------------------------------
Finished RTL Optimization Phase 2 : Time (s): cpu = 00:00:33 ; elapsed = 00:01:03 . Memory (MB): peak = 2028.625 ; gain = 747.152 ; free physical = 1033 ; free virtual = 28865
---------------------------------------------------------------------------------

Report RTL Partitions: 
+-+--------------+------------+----------+
| |RTL Partition |Replication |Instances |
+-+--------------+------------+----------+
+-+--------------+------------+----------+
---------------------------------------------------------------------------------
Start RTL Component Statistics 
---------------------------------------------------------------------------------
Detailed RTL Component Info : 
---------------------------------------------------------------------------------
Finished RTL Component Statistics 
---------------------------------------------------------------------------------
---------------------------------------------------------------------------------
Start RTL Hierarchical Component Statistics 
---------------------------------------------------------------------------------
Hierarchical RTL Component report 
---------------------------------------------------------------------------------
Finished RTL Hierarchical Component Statistics
---------------------------------------------------------------------------------
---------------------------------------------------------------------------------
Start Part Resource Summary
---------------------------------------------------------------------------------
Part Resources:
DSPs: 5520 (col length:120)
BRAMs: 4320 (col length: RAMB18 240 RAMB36 120)
---------------------------------------------------------------------------------
Finished Part Resource Summary
---------------------------------------------------------------------------------
---------------------------------------------------------------------------------
Start Cross Boundary and Area Optimization
---------------------------------------------------------------------------------
Warning: Parallel synthesis criteria is not met 
---------------------------------------------------------------------------------
Finished Cross Boundary and Area Optimization : Time (s): cpu = 00:00:33 ; elapsed = 00:01:04 . Memory (MB): peak = 2028.625 ; gain = 747.152 ; free physical = 967 ; free virtual = 28801
---------------------------------------------------------------------------------

Report RTL Partitions: 
+-+--------------+------------+----------+
| |RTL Partition |Replication |Instances |
+-+--------------+------------+----------+
+-+--------------+------------+----------+
---------------------------------------------------------------------------------
Start Applying XDC Timing Constraints
---------------------------------------------------------------------------------
INFO: [Synth 8-5578] Moved timing constraint from pin 'inst/xpcs/coreclk_out' to pin 'inst/xpcs/bbstub_coreclk_out/O'
INFO: [Synth 8-5578] Moved timing constraint from pin 'inst/xpcs/rxrecclk_out' to pin 'inst/xpcs/bbstub_rxrecclk_out/O'
INFO: [Synth 8-5578] Moved timing constraint from pin 'inst/xpcs/txusrclk2_out' to pin 'inst/xpcs/bbstub_txusrclk2_out/O'
INFO: [Synth 8-5578] Moved timing constraint from pin 'inst/xpcs/txusrclk_out' to pin 'inst/xpcs/bbstub_txusrclk_out/O'
INFO: [Synth 8-5578] Moved timing constraint from pin 'inst/xpcs/qpll0outclk_out' to pin 'inst/xpcs/bbstub_qpll0outclk_out/O'
INFO: [Synth 8-5578] Moved timing constraint from pin 'inst/xpcs/qpll0outrefclk_out' to pin 'inst/xpcs/bbstub_qpll0outrefclk_out/O'
INFO: [Synth 8-5819] Moved 6 constraints on hierarchical pins to their respective driving/loading pins
---------------------------------------------------------------------------------
Finished Applying XDC Timing Constraints : Time (s): cpu = 00:00:49 ; elapsed = 00:02:01 . Memory (MB): peak = 2251.906 ; gain = 970.434 ; free physical = 833 ; free virtual = 27521
---------------------------------------------------------------------------------
---------------------------------------------------------------------------------
Start Timing Optimization
---------------------------------------------------------------------------------
---------------------------------------------------------------------------------
Finished Timing Optimization : Time (s): cpu = 00:00:49 ; elapsed = 00:02:01 . Memory (MB): peak = 2251.906 ; gain = 970.434 ; free physical = 835 ; free virtual = 27522
---------------------------------------------------------------------------------

Report RTL Partitions: 
+-+--------------+------------+----------+
| |RTL Partition |Replication |Instances |
+-+--------------+------------+----------+
+-+--------------+------------+----------+
---------------------------------------------------------------------------------
Start Technology Mapping
---------------------------------------------------------------------------------
---------------------------------------------------------------------------------
Finished Technology Mapping : Time (s): cpu = 00:00:49 ; elapsed = 00:02:02 . Memory (MB): peak = 2252.906 ; gain = 971.434 ; free physical = 843 ; free virtual = 27531
---------------------------------------------------------------------------------

Report RTL Partitions: 
+-+--------------+------------+----------+
| |RTL Partition |Replication |Instances |
+-+--------------+------------+----------+
+-+--------------+------------+----------+
---------------------------------------------------------------------------------
Start IO Insertion
---------------------------------------------------------------------------------
---------------------------------------------------------------------------------
Start Flattening Before IO Insertion
---------------------------------------------------------------------------------
---------------------------------------------------------------------------------
Finished Flattening Before IO Insertion
---------------------------------------------------------------------------------
---------------------------------------------------------------------------------
Start Final Netlist Cleanup
---------------------------------------------------------------------------------
---------------------------------------------------------------------------------
Finished Final Netlist Cleanup
---------------------------------------------------------------------------------
---------------------------------------------------------------------------------
Finished IO Insertion : Time (s): cpu = 00:00:50 ; elapsed = 00:02:03 . Memory (MB): peak = 2252.906 ; gain = 971.434 ; free physical = 800 ; free virtual = 27485
---------------------------------------------------------------------------------

Report Check Netlist: 
+------+------------------+-------+---------+-------+------------------+
|      |Item              |Errors |Warnings |Status |Description       |
+------+------------------+-------+---------+-------+------------------+
|1     |multi_driven_nets |      0|        0|Passed |Multi driven nets |
+------+------------------+-------+---------+-------+------------------+
---------------------------------------------------------------------------------
Start Renaming Generated Instances
---------------------------------------------------------------------------------
---------------------------------------------------------------------------------
Finished Renaming Generated Instances : Time (s): cpu = 00:00:50 ; elapsed = 00:02:03 . Memory (MB): peak = 2252.906 ; gain = 971.434 ; free physical = 801 ; free virtual = 27486
---------------------------------------------------------------------------------

Report RTL Partitions: 
+-+--------------+------------+----------+
| |RTL Partition |Replication |Instances |
+-+--------------+------------+----------+
+-+--------------+------------+----------+
---------------------------------------------------------------------------------
Start Rebuilding User Hierarchy
---------------------------------------------------------------------------------
---------------------------------------------------------------------------------
Finished Rebuilding User Hierarchy : Time (s): cpu = 00:00:50 ; elapsed = 00:02:03 . Memory (MB): peak = 2252.906 ; gain = 971.434 ; free physical = 803 ; free virtual = 27488
---------------------------------------------------------------------------------
---------------------------------------------------------------------------------
Start Renaming Generated Ports
---------------------------------------------------------------------------------
---------------------------------------------------------------------------------
Finished Renaming Generated Ports : Time (s): cpu = 00:00:50 ; elapsed = 00:02:03 . Memory (MB): peak = 2252.906 ; gain = 971.434 ; free physical = 803 ; free virtual = 27489
---------------------------------------------------------------------------------
---------------------------------------------------------------------------------
Start Handling Custom Attributes
---------------------------------------------------------------------------------
---------------------------------------------------------------------------------
Finished Handling Custom Attributes : Time (s): cpu = 00:00:50 ; elapsed = 00:02:03 . Memory (MB): peak = 2252.906 ; gain = 971.434 ; free physical = 802 ; free virtual = 27488
---------------------------------------------------------------------------------
---------------------------------------------------------------------------------
Start Renaming Generated Nets
---------------------------------------------------------------------------------
---------------------------------------------------------------------------------
Finished Renaming Generated Nets : Time (s): cpu = 00:00:50 ; elapsed = 00:02:03 . Memory (MB): peak = 2252.906 ; gain = 971.434 ; free physical = 800 ; free virtual = 27485
---------------------------------------------------------------------------------
---------------------------------------------------------------------------------
Start Writing Synthesis Report
---------------------------------------------------------------------------------

Report BlackBoxes: 
+------+------------------------------+----------+
|      |BlackBox name                 |Instances |
+------+------------------------------+----------+
|1     |bd_01e2_dcm_locked_driver_0   |         1|
|2     |bd_01e2_pma_pmd_type_driver_0 |         1|
|3     |bd_01e2_xmac_0                |         1|
|4     |bd_01e2_xpcs_0                |         1|
+------+------------------------------+----------+

Report Cell Usage: 
+------+------------------------------+------+
|      |Cell                          |Count |
+------+------------------------------+------+
|1     |bd_01e2_dcm_locked_driver_0   |     1|
|2     |bd_01e2_pma_pmd_type_driver_0 |     1|
|3     |bd_01e2_xmac_0                |     1|
|4     |bd_01e2_xpcs_0                |     1|
+------+------------------------------+------+

Report Instance Areas: 
+------+---------+--------+------+
|      |Instance |Module  |Cells |
+------+---------+--------+------+
|1     |top      |        |   810|
|2     |  inst   |bd_01e2 |   810|
+------+---------+--------+------+
---------------------------------------------------------------------------------
Finished Writing Synthesis Report : Time (s): cpu = 00:00:50 ; elapsed = 00:02:03 . Memory (MB): peak = 2252.906 ; gain = 971.434 ; free physical = 800 ; free virtual = 27485
---------------------------------------------------------------------------------
Synthesis finished with 0 errors, 0 critical warnings and 0 warnings.
Synthesis Optimization Runtime : Time (s): cpu = 00:00:39 ; elapsed = 00:01:30 . Memory (MB): peak = 2252.906 ; gain = 355.891 ; free physical = 822 ; free virtual = 27507
Synthesis Optimization Complete : Time (s): cpu = 00:00:50 ; elapsed = 00:02:03 . Memory (MB): peak = 2252.914 ; gain = 971.434 ; free physical = 826 ; free virtual = 27512
INFO: [Project 1-571] Translating synthesized netlist
INFO: [Project 1-570] Preparing netlist for logic optimization
INFO: [Opt 31-138] Pushed 0 inverter(s) to 0 load pin(s).
INFO: [Project 1-111] Unisim Transformation Summary:
No Unisim elements were transformed.

INFO: [Common 17-83] Releasing license: Synthesis
28 Infos, 0 Warnings, 0 Critical Warnings and 0 Errors encountered.
synth_design completed successfully
synth_design: Time (s): cpu = 00:00:52 ; elapsed = 00:02:07 . Memory (MB): peak = 2303.648 ; gain = 1030.180 ; free physical = 864 ; free virtual = 27550
INFO: [Common 17-1381] The checkpoint '/nfs/ug/thesis/thesis0/pc/Graham/galapagos_wip/shells/projects/adm-8k5/adm-8k5.runs/shell_axi_10g_ethernet_0_0_synth_1/shell_axi_10g_ethernet_0_0.dcp' has been generated.
INFO: [Coretcl 2-1482] Added synthesis output to IP cache for IP /nfs/ug/thesis/thesis0/pc/Graham/galapagos_wip/shells/projects/adm-8k5/adm-8k5.srcs/sources_1/bd/srcs/ip/shell_axi_10g_ethernet_0_0/shell_axi_10g_ethernet_0_0.xci
INFO: [Coretcl 2-1174] Renamed 5 cell refs.
INFO: [Common 17-1381] The checkpoint '/nfs/ug/thesis/thesis0/pc/Graham/galapagos_wip/shells/projects/adm-8k5/adm-8k5.runs/shell_axi_10g_ethernet_0_0_synth_1/shell_axi_10g_ethernet_0_0.dcp' has been generated.
INFO: [runtcl-4] Executing : report_utilization -file shell_axi_10g_ethernet_0_0_utilization_synth.rpt -pb shell_axi_10g_ethernet_0_0_utilization_synth.pb
report_utilization: Time (s): cpu = 00:00:00.75 ; elapsed = 00:00:01 . Memory (MB): peak = 2307.648 ; gain = 0.000 ; free physical = 892 ; free virtual = 27586
INFO: [Common 17-206] Exiting Vivado at Tue May 15 12:06:56 2018...
