

================================================================
== Vivado HLS Report for 'app_to_net'
================================================================
* Date:           Fri Jun 22 15:26:02 2018

* Version:        2018.1 (Build 2188600 on Wed Apr 04 19:04:02 MDT 2018)
* Project:        application_bridge
* Solution:       solution1
* Product family: kintexu
* Target device:  xcku115-flva1517-2-e


================================================================
== Performance Estimates
================================================================
+ Timing (ns): 
    * Summary: 
    +--------+-------+----------+------------+
    |  Clock | Target| Estimated| Uncertainty|
    +--------+-------+----------+------------+
    |ap_clk  |   6.40|     17.22|        0.80|
    +--------+-------+----------+------------+

+ Latency (clock cycles): 
    * Summary: 
    +-----+-----+-----+-----+----------+
    |  Latency  |  Interval | Pipeline |
    | min | max | min | max |   Type   |
    +-----+-----+-----+-----+----------+
    |    1|    1|    1|    1| function |
    +-----+-----+-----+-----+----------+

    + Detail: 
        * Instance: 
        N/A

        * Loop: 
        N/A



================================================================
== Utilization Estimates
================================================================
* Summary: 
+---------------------+---------+-------+---------+--------+
|         Name        | BRAM_18K| DSP48E|    FF   |   LUT  |
+---------------------+---------+-------+---------+--------+
|DSP                  |        -|      -|        -|       -|
|Expression           |        -|      -|        0|     720|
|FIFO                 |        -|      -|        -|       -|
|Instance             |        -|      -|        -|       -|
|Memory               |        -|      -|        -|       -|
|Multiplexer          |        -|      -|        -|     170|
|Register             |        -|      -|      520|       -|
+---------------------+---------+-------+---------+--------+
|Total                |        0|      0|      520|     890|
+---------------------+---------+-------+---------+--------+
|Available SLR        |     2160|   2760|   663360|  331680|
+---------------------+---------+-------+---------+--------+
|Utilization SLR (%)  |        0|      0|    ~0   |   ~0   |
+---------------------+---------+-------+---------+--------+
|Available            |     4320|   5520|  1326720|  663360|
+---------------------+---------+-------+---------+--------+
|Utilization (%)      |        0|      0|    ~0   |   ~0   |
+---------------------+---------+-------+---------+--------+

+ Detail: 
    * Instance: 
    N/A

    * DSP48: 
    N/A

    * Memory: 
    N/A

    * FIFO: 
    N/A

    * Expression: 
    +----------------------------------+----------+-------+---+----+------------+------------+
    |           Variable Name          | Operation| DSP48E| FF| LUT| Bitwidth P0| Bitwidth P1|
    +----------------------------------+----------+-------+---+----+------------+------------+
    |tmp_18_1_fu_325_p2                |     +    |      0|  0|  39|          32|           1|
    |tmp_18_2_fu_347_p2                |     +    |      0|  0|  39|          32|           1|
    |tmp_18_3_fu_369_p2                |     +    |      0|  0|  39|          32|           1|
    |tmp_18_4_fu_391_p2                |     +    |      0|  0|  39|          32|           1|
    |tmp_18_5_fu_413_p2                |     +    |      0|  0|  39|          32|           1|
    |tmp_18_6_fu_435_p2                |     +    |      0|  0|  39|          32|           1|
    |tmp_18_7_fu_457_p2                |     +    |      0|  0|  39|          32|           1|
    |tmp_2_fu_303_p2                   |     +    |      0|  0|  39|          32|           1|
    |tmp_s_fu_655_p2                   |     +    |      0|  0|  39|           1|          32|
    |val_assign_trunc_fu_671_p2        |     +    |      0|  0|  23|           1|          16|
    |ap_condition_126                  |    and   |      0|  0|   2|           1|           1|
    |ap_condition_145                  |    and   |      0|  0|   2|           1|           1|
    |ap_condition_187                  |    and   |      0|  0|   2|           1|           1|
    |ap_condition_201                  |    and   |      0|  0|   2|           1|           1|
    |ap_condition_211                  |    and   |      0|  0|   2|           1|           1|
    |ap_condition_239                  |    and   |      0|  0|   2|           1|           1|
    |ap_condition_257                  |    and   |      0|  0|   2|           1|           1|
    |ap_condition_274                  |    and   |      0|  0|   2|           1|           1|
    |ap_predicate_op109_write_state2   |    and   |      0|  0|   2|           1|           1|
    |ap_predicate_op112_write_state2   |    and   |      0|  0|   2|           1|           1|
    |ap_predicate_op127_write_state2   |    and   |      0|  0|   2|           1|           1|
    |ap_predicate_op130_write_state2   |    and   |      0|  0|   2|           1|           1|
    |ap_predicate_op13_read_state1     |    and   |      0|  0|   2|           1|           1|
    |ap_predicate_op58_read_state1     |    and   |      0|  0|   2|           1|           1|
    |tmp_5_fu_515_p2                   |   icmp   |      0|  0|  20|          32|          11|
    |tmp_7_fu_591_p2                   |   icmp   |      0|  0|   9|           4|           1|
    |tmp_9_fu_597_p2                   |   icmp   |      0|  0|   9|           4|           1|
    |ap_block_pp0_stage0_01001         |    or    |      0|  0|   2|           1|           1|
    |ap_block_state1_pp0_stage0_iter0  |    or    |      0|  0|   2|           1|           1|
    |ap_block_state2_pp0_stage0_iter1  |    or    |      0|  0|   2|           1|           1|
    |byte_counter_1_flag_7_fu_499_p2   |    or    |      0|  0|   2|           1|           1|
    |tmp1_fu_475_p2                    |    or    |      0|  0|   2|           1|           1|
    |tmp2_fu_463_p2                    |    or    |      0|  0|   2|           1|           1|
    |tmp3_fu_469_p2                    |    or    |      0|  0|   2|           1|           1|
    |tmp4_fu_493_p2                    |    or    |      0|  0|   2|           1|           1|
    |tmp5_fu_481_p2                    |    or    |      0|  0|   2|           1|           1|
    |tmp6_fu_487_p2                    |    or    |      0|  0|   2|           1|           1|
    |byte_counter_1_new_1_fu_331_p3    |  select  |      0|  0|  32|           1|          32|
    |byte_counter_1_new_3_fu_375_p3    |  select  |      0|  0|  32|           1|          32|
    |byte_counter_1_new_5_fu_419_p3    |  select  |      0|  0|  32|           1|          32|
    |byte_counter_1_new_7_fu_506_p3    |  select  |      0|  0|  32|           1|          32|
    |tmp_18_2_byte_counte_fu_353_p3    |  select  |      0|  0|  32|           1|          32|
    |tmp_18_4_byte_counte_fu_397_p3    |  select  |      0|  0|  32|           1|          32|
    |tmp_18_6_byte_counte_fu_441_p3    |  select  |      0|  0|  32|           1|          32|
    |tmp_18_byte_counter_s_fu_309_p3   |  select  |      0|  0|  32|           1|          32|
    |tmp_keep_V_1_fu_703_p3            |  select  |      0|  0|   2|           1|           2|
    |ap_enable_pp0                     |    xor   |      0|  0|   2|           1|           2|
    +----------------------------------+----------+-------+---+----+------------+------------+
    |Total                             |          |      0|  0| 720|         332|         353|
    +----------------------------------+----------+-------+---+----+------------+------------+

    * Multiplexer: 
    +-----------------------------------------------------+----+-----------+-----+-----------+
    |                         Name                        | LUT| Input Size| Bits| Total Bits|
    +-----------------------------------------------------+----+-----------+-----+-----------+
    |ap_done                                              |   9|          2|    1|          2|
    |ap_phi_mux_byte_counter_1_flag_s_phi_fu_172_p16      |  21|          4|    1|          4|
    |ap_phi_mux_byte_counter_1_new_s_phi_fu_201_p16       |  21|          4|   32|        128|
    |ap_phi_reg_pp0_iter1_app_packet_in_data_V_1_reg_226  |  15|          3|   64|        192|
    |atn_state_V                                          |  21|          4|    2|          8|
    |extraPayload_data_V                                  |   9|          2|   64|        128|
    |from_app_V_blk_n                                     |   9|          2|    1|          2|
    |last_V                                               |   9|          2|    1|          2|
    |seq_num                                              |   9|          2|   32|         64|
    |to_net_V_blk_n                                       |   9|          2|    1|          2|
    |to_net_V_din                                         |  38|          7|   81|        567|
    +-----------------------------------------------------+----+-----------+-----+-----------+
    |Total                                                | 170|         34|  280|       1099|
    +-----------------------------------------------------+----+-----------+-----+-----------+

    * Register: 
    +-----------------------------------------------------+-----+----+-----+-----------+
    |                         Name                        |  FF | LUT| Bits| Const Bits|
    +-----------------------------------------------------+-----+----+-----+-----------+
    |ap_CS_fsm                                            |    1|   0|    1|          0|
    |ap_done_reg                                          |    1|   0|    1|          0|
    |ap_enable_reg_pp0_iter1                              |    1|   0|    1|          0|
    |ap_phi_reg_pp0_iter1_app_packet_in_data_V_1_reg_226  |   64|   0|   64|          0|
    |app_packet_in_data_V                                 |   64|   0|   64|          0|
    |app_packet_in_dest_V                                 |    8|   0|    8|          0|
    |app_packet_in_keep_V                                 |    8|   0|    8|          0|
    |app_packet_in_last_V                                 |    1|   0|    1|          0|
    |atn_state_V                                          |    2|   0|    2|          0|
    |atn_state_V_load_reg_841                             |    2|   0|    2|          0|
    |byte_counter_1                                       |   32|   0|   32|          0|
    |extraPayload_data_V                                  |   64|   0|   64|          0|
    |extraPayload_dest_V                                  |    8|   0|    8|          0|
    |extraPayload_keep_V                                  |    1|   0|    1|          0|
    |last_V                                               |    1|   0|    1|          0|
    |last_V_load_reg_845                                  |    1|   0|    1|          0|
    |p_Result_5_reg_907                                   |    4|   0|    4|          0|
    |p_Result_s_15_reg_913                                |   64|   0|   64|          0|
    |reg_275                                              |    8|   0|    8|          0|
    |seq_num                                              |   32|   0|   32|          0|
    |tmp_4_reg_858                                        |  129|   0|  129|          0|
    |tmp_5_reg_864                                        |    1|   0|    1|          0|
    |tmp_7_reg_899                                        |    1|   0|    1|          0|
    |tmp_8_reg_854                                        |    1|   0|    1|          0|
    |tmp_9_reg_903                                        |    1|   0|    1|          0|
    |tmp_dest_V_2_reg_882                                 |    8|   0|    8|          0|
    |tmp_id_V_load_new_reg_894                            |    8|   0|    8|          0|
    |tmp_last_V_1_reg_889                                 |    1|   0|    1|          0|
    |tmp_last_V_2_reg_868                                 |    1|   0|    1|          0|
    |tmp_last_V_reg_849                                   |    1|   0|    1|          0|
    |tmp_reg_873                                          |    1|   0|    1|          0|
    +-----------------------------------------------------+-----+----+-----+-----------+
    |Total                                                |  520|   0|  520|          0|
    +-----------------------------------------------------+-----+----+-----+-----------+



================================================================
== Interface
================================================================
* Summary: 
+--------------------+-----+-----+------------+--------------+--------------+
|      RTL Ports     | Dir | Bits|  Protocol  | Source Object|    C Type    |
+--------------------+-----+-----+------------+--------------+--------------+
|ap_clk              |  in |    1| ap_ctrl_hs |  app_to_net  | return value |
|ap_rst              |  in |    1| ap_ctrl_hs |  app_to_net  | return value |
|ap_start            |  in |    1| ap_ctrl_hs |  app_to_net  | return value |
|ap_done             | out |    1| ap_ctrl_hs |  app_to_net  | return value |
|ap_continue         |  in |    1| ap_ctrl_hs |  app_to_net  | return value |
|ap_idle             | out |    1| ap_ctrl_hs |  app_to_net  | return value |
|ap_ready            | out |    1| ap_ctrl_hs |  app_to_net  | return value |
|from_app_V_dout     |  in |  129|   ap_fifo  |  from_app_V  |    pointer   |
|from_app_V_empty_n  |  in |    1|   ap_fifo  |  from_app_V  |    pointer   |
|from_app_V_read     | out |    1|   ap_fifo  |  from_app_V  |    pointer   |
|to_net_V_din        | out |   81|   ap_fifo  |   to_net_V   |    pointer   |
|to_net_V_full_n     |  in |    1|   ap_fifo  |   to_net_V   |    pointer   |
|to_net_V_write      | out |    1|   ap_fifo  |   to_net_V   |    pointer   |
+--------------------+-----+-----+------------+--------------+--------------+

