

================================================================
== Vivado HLS Report for 'net_to_app'
================================================================
* Date:           Fri Jun 22 15:26:01 2018

* Version:        2018.1 (Build 2188600 on Wed Apr 04 19:04:02 MDT 2018)
* Project:        application_bridge
* Solution:       solution1
* Product family: kintexu
* Target device:  xcku115-flva1517-2-e


================================================================
== Performance Estimates
================================================================
+ Timing (ns): 
    * Summary: 
    +--------+-------+----------+------------+
    |  Clock | Target| Estimated| Uncertainty|
    +--------+-------+----------+------------+
    |ap_clk  |   6.40|     16.33|        0.80|
    +--------+-------+----------+------------+

+ Latency (clock cycles): 
    * Summary: 
    +-----+-----+-----+-----+----------+
    |  Latency  |  Interval | Pipeline |
    | min | max | min | max |   Type   |
    +-----+-----+-----+-----+----------+
    |    1|    1|    1|    1| function |
    +-----+-----+-----+-----+----------+

    + Detail: 
        * Instance: 
        N/A

        * Loop: 
        N/A



================================================================
== Utilization Estimates
================================================================
* Summary: 
+---------------------+---------+-------+---------+--------+
|         Name        | BRAM_18K| DSP48E|    FF   |   LUT  |
+---------------------+---------+-------+---------+--------+
|DSP                  |        -|      -|        -|       -|
|Expression           |        -|      -|        0|     686|
|FIFO                 |        -|      -|        -|       -|
|Instance             |        -|      -|        -|       -|
|Memory               |        -|      -|        -|       -|
|Multiplexer          |        -|      -|        -|     108|
|Register             |        -|      -|      227|       -|
+---------------------+---------+-------+---------+--------+
|Total                |        0|      0|      227|     794|
+---------------------+---------+-------+---------+--------+
|Available SLR        |     2160|   2760|   663360|  331680|
+---------------------+---------+-------+---------+--------+
|Utilization SLR (%)  |        0|      0|    ~0   |   ~0   |
+---------------------+---------+-------+---------+--------+
|Available            |     4320|   5520|  1326720|  663360|
+---------------------+---------+-------+---------+--------+
|Utilization (%)      |        0|      0|    ~0   |   ~0   |
+---------------------+---------+-------+---------+--------+

+ Detail: 
    * Instance: 
    N/A

    * DSP48: 
    N/A

    * Memory: 
    N/A

    * FIFO: 
    N/A

    * Expression: 
    +----------------------------------+----------+-------+---+----+------------+------------+
    |           Variable Name          | Operation| DSP48E| FF| LUT| Bitwidth P0| Bitwidth P1|
    +----------------------------------+----------+-------+---+----+------------+------------+
    |tmp_11_1_fu_280_p2                |     +    |      0|  0|  39|           1|          32|
    |tmp_11_2_fu_302_p2                |     +    |      0|  0|  39|           1|          32|
    |tmp_11_3_fu_324_p2                |     +    |      0|  0|  39|           1|          32|
    |tmp_11_4_fu_346_p2                |     +    |      0|  0|  39|           1|          32|
    |tmp_11_5_fu_368_p2                |     +    |      0|  0|  39|           1|          32|
    |tmp_11_6_fu_390_p2                |     +    |      0|  0|  39|           1|          32|
    |tmp_11_7_fu_412_p2                |     +    |      0|  0|  39|           1|          32|
    |tmp_5_fu_258_p2                   |     +    |      0|  0|  39|           1|          32|
    |ap_condition_236                  |    and   |      0|  0|   2|           1|           1|
    |ap_predicate_op105_write_state2   |    and   |      0|  0|   2|           1|           1|
    |ap_predicate_op110_write_state2   |    and   |      0|  0|   2|           1|           1|
    |ap_predicate_op17_read_state1     |    and   |      0|  0|   2|           1|           1|
    |ap_predicate_op61_read_state1     |    and   |      0|  0|   2|           1|           1|
    |ap_predicate_op9_read_state1      |    and   |      0|  0|   2|           1|           1|
    |tmp_11_fu_530_p2                  |   icmp   |      0|  0|  11|           8|           1|
    |tmp_4_fu_470_p2                   |   icmp   |      0|  0|  20|          32|           6|
    |tmp_6_fu_500_p2                   |   icmp   |      0|  0|  11|           8|           3|
    |tmp_7_fu_506_p2                   |   icmp   |      0|  0|  11|           8|           3|
    |tmp_9_fu_518_p2                   |   icmp   |      0|  0|  11|           8|           1|
    |tmp_s_fu_542_p2                   |   icmp   |      0|  0|  11|           8|           2|
    |ap_block_pp0_stage0_01001         |    or    |      0|  0|   2|           1|           1|
    |ap_block_state1_pp0_stage0_iter0  |    or    |      0|  0|   2|           1|           1|
    |ap_block_state2_pp0_stage0_iter1  |    or    |      0|  0|   2|           1|           1|
    |byte_counter_flag_s_fu_454_p2     |    or    |      0|  0|   2|           1|           1|
    |tmp1_fu_430_p2                    |    or    |      0|  0|   2|           1|           1|
    |tmp2_fu_418_p2                    |    or    |      0|  0|   2|           1|           1|
    |tmp3_fu_424_p2                    |    or    |      0|  0|   2|           1|           1|
    |tmp4_fu_448_p2                    |    or    |      0|  0|   2|           1|           1|
    |tmp5_fu_436_p2                    |    or    |      0|  0|   2|           1|           1|
    |tmp6_fu_442_p2                    |    or    |      0|  0|   2|           1|           1|
    |tmp_10_fu_524_p2                  |    or    |      0|  0|   2|           1|           1|
    |tmp_12_fu_536_p2                  |    or    |      0|  0|   2|           1|           1|
    |tmp_8_fu_512_p2                   |    or    |      0|  0|   2|           1|           1|
    |byte_counter_new_4_fu_286_p3      |  select  |      0|  0|  32|           1|          32|
    |byte_counter_new_6_fu_330_p3      |  select  |      0|  0|  32|           1|          32|
    |byte_counter_new_8_fu_374_p3      |  select  |      0|  0|  32|           1|          32|
    |byte_counter_new_s_fu_461_p3      |  select  |      0|  0|  32|           1|          32|
    |storemerge_fu_476_p3              |  select  |      0|  0|   3|           1|           3|
    |tmp_11_2_byte_counte_fu_308_p3    |  select  |      0|  0|  32|           1|          32|
    |tmp_11_4_byte_counte_fu_352_p3    |  select  |      0|  0|  32|           1|          32|
    |tmp_11_6_byte_counte_fu_396_p3    |  select  |      0|  0|  32|           1|          32|
    |tmp_11_byte_counter_s_fu_264_p3   |  select  |      0|  0|  32|           1|          32|
    |ap_enable_pp0                     |    xor   |      0|  0|   2|           1|           2|
    +----------------------------------+----------+-------+---+----+------------+------------+
    |Total                             |          |      0|  0| 686|         109|         552|
    +----------------------------------+----------+-------+---+----+------------+------------+

    * Multiplexer: 
    +-----------------------------------------------+----+-----------+-----+-----------+
    |                      Name                     | LUT| Input Size| Bits| Total Bits|
    +-----------------------------------------------+----+-----------+-----+-----------+
    |ap_done                                        |   9|          2|    1|          2|
    |ap_phi_mux_byte_counter_flag_1_phi_fu_138_p18  |  21|          4|    1|          4|
    |ap_phi_mux_byte_counter_new_3_phi_fu_170_p18   |  15|          3|   32|         96|
    |from_net_V_blk_n                               |   9|          2|    1|          2|
    |last_V_1                                       |   9|          2|    1|          2|
    |nta_state_V                                    |  21|          4|    2|          8|
    |to_app_V_blk_n                                 |   9|          2|    1|          2|
    |to_app_V_din                                   |  15|          3|  129|        387|
    +-----------------------------------------------+----+-----------+-----+-----------+
    |Total                                          | 108|         22|  168|        503|
    +-----------------------------------------------+----+-----------+-----+-----------+

    * Register: 
    +--------------------------+----+----+-----+-----------+
    |           Name           | FF | LUT| Bits| Const Bits|
    +--------------------------+----+----+-----+-----------+
    |ap_CS_fsm                 |   1|   0|    1|          0|
    |ap_done_reg               |   1|   0|    1|          0|
    |ap_enable_reg_pp0_iter1   |   1|   0|    1|          0|
    |byte_counter              |  32|   0|   32|          0|
    |dest_V                    |  16|   0|   16|          0|
    |id_V                      |   8|   0|    8|          0|
    |last_V_1                  |   1|   0|    1|          0|
    |last_V_1_load_reg_686     |   1|   0|    1|          0|
    |nta_state_V               |   2|   0|    2|          0|
    |nta_state_V_load_reg_682  |   2|   0|    2|          0|
    |packetOut_data_V_reg_698  |  64|   0|   64|          0|
    |packetOut_keep_V_reg_703  |   8|   0|    8|          0|
    |packetOut_last_V_reg_708  |   1|   0|    1|          0|
    |tmp28_reg_717             |  81|   0|   81|          0|
    |tmp_12_reg_724            |   1|   0|    1|          0|
    |tmp_1_reg_694             |   1|   0|    1|          0|
    |tmp_reg_713               |   1|   0|    1|          0|
    |user_V                    |   5|   0|   40|         35|
    +--------------------------+----+----+-----+-----------+
    |Total                     | 227|   0|  262|         35|
    +--------------------------+----+----+-----+-----------+



================================================================
== Interface
================================================================
* Summary: 
+--------------------+-----+-----+------------+--------------+--------------+
|      RTL Ports     | Dir | Bits|  Protocol  | Source Object|    C Type    |
+--------------------+-----+-----+------------+--------------+--------------+
|ap_clk              |  in |    1| ap_ctrl_hs |  net_to_app  | return value |
|ap_rst              |  in |    1| ap_ctrl_hs |  net_to_app  | return value |
|ap_start            |  in |    1| ap_ctrl_hs |  net_to_app  | return value |
|ap_done             | out |    1| ap_ctrl_hs |  net_to_app  | return value |
|ap_continue         |  in |    1| ap_ctrl_hs |  net_to_app  | return value |
|ap_idle             | out |    1| ap_ctrl_hs |  net_to_app  | return value |
|ap_ready            | out |    1| ap_ctrl_hs |  net_to_app  | return value |
|from_net_V_dout     |  in |   81|   ap_fifo  |  from_net_V  |    pointer   |
|from_net_V_empty_n  |  in |    1|   ap_fifo  |  from_net_V  |    pointer   |
|from_net_V_read     | out |    1|   ap_fifo  |  from_net_V  |    pointer   |
|to_app_V_din        | out |  129|   ap_fifo  |   to_app_V   |    pointer   |
|to_app_V_full_n     |  in |    1|   ap_fifo  |   to_app_V   |    pointer   |
|to_app_V_write      | out |    1|   ap_fifo  |   to_app_V   |    pointer   |
+--------------------+-----+-----+------------+--------------+--------------+

