#
# An unexpected error has occurred (11)
#
Stack:
/opt/Xilinx/Vivado/2018.1/tps/lnx64/jre/lib/amd64/server/libjvm.so(+0x923da9) [0x7f0e24eefda9]
/opt/Xilinx/Vivado/2018.1/tps/lnx64/jre/lib/amd64/server/libjvm.so(JVM_handle_linux_signal+0xb6) [0x7f0e24ef63f6]
/opt/Xilinx/Vivado/2018.1/tps/lnx64/jre/lib/amd64/server/libjvm.so(+0x9209d3) [0x7f0e24eec9d3]
/lib/x86_64-linux-gnu/libc.so.6(+0x354b0) [0x7f0e634334b0]
/opt/Xilinx/Vivado/2018.1/lib/lnx64.o/Ubuntu/libstdc++.so.6(_ZNSt15basic_streambufIcSt11char_traitsIcEE6xsgetnEPcl+0xc5) [0x7f0e63af9605]
/opt/Xilinx/Vivado/2018.1/lib/lnx64.o/Ubuntu/libstdc++.so.6(_ZSt7getlineIcSt11char_traitsIcESaIcEERSt13basic_istreamIT_T0_ES7_RNSt7__cxx1112basic_stringIS4_S5_T1_EES4_+0x1d6) [0x7f0e63a85a56]
/opt/Xilinx/Vivado/2018.1/lib/lnx64.o/librdi_filemgmt.so(HDDASrcFileSubject::getCrcChecksum()+0x4d8) [0x7f0e3f02b7a8]
/opt/Xilinx/Vivado/2018.1/lib/lnx64.o/librdi_filemgmt.so(HDDAUtils::isDupFiles(HDDASrcFile*, HSTStringHashMap<HSTVector<HDDASrcFile*, std::allocator<HDDASrcFile*> > >&, std::ostream&)+0x8d8) [0x7f0e3f048e48]
/opt/Xilinx/Vivado/2018.1/lib/lnx64.o/librdi_filemgmt.so(HDDAUtils::isDupFiles(HDDASrcFile*, HSTStringHashMap<HSTVector<HDDASrcFile*, std::allocator<HDDASrcFile*> > >&)+0x9c) [0x7f0e3f0499dc]
/opt/Xilinx/Vivado/2018.1/lib/lnx64.o/librdi_filemgmt.so(HADAUtils::getOrderedSourceFiles(std::__cxx11::basic_string<char, std::char_traits<char>, std::allocator<char> > const&, HDDATypes::UsedIn, HDDACompositeFile const*, bool, HSTVector<HDDASrcFile*, std::allocator<HDDASrcFile*> >&, HSTStringHashMap<HSTVector<HDDASrcFile*, std::allocator<HDDASrcFile*> > >&)+0x189) [0x7f0e3f099d99]
/opt/Xilinx/Vivado/2018.1/lib/lnx64.o/librdi_filemgmt.so(HADAUtils::getOrderedSourceFiles(std::__cxx11::basic_string<char, std::char_traits<char>, std::allocator<char> > const&, HDDATypes::UsedIn, HADAFileSet*, HADGDesignGraph*, HDGUIStatus*, HSTVector<HDDASrcFile*, std::allocator<HDDASrcFile*> >&)+0x5d0) [0x7f0e3f09b810]
/opt/Xilinx/Vivado/2018.1/lib/lnx64.o/librdi_tcltasks.so(HTCDesignHelpers::getCompileOrder(HDDATypes::UsedIn, HTCDesignHelpers::CompileOrderType, HDGUIStatus*, HSTVector<HADAFileSet*, std::allocator<HADAFileSet*> >&, HSTVector<HDDASrcFile*, std::allocator<HDDASrcFile*> >&, HSTVector<HDDASrcFile*, std::allocator<HDDASrcFile*> >&)+0x184) [0x7f0e56a0e564]
/opt/Xilinx/Vivado/2018.1/lib/lnx64.o/librdi_tcltasks.so(+0xc799a9) [0x7f0e56a949a9]
/opt/Xilinx/Vivado/2018.1/lib/lnx64.o/librdi_common.so(+0x778822) [0x7f0e646e1822]
/opt/Xilinx/Vivado/2018.1/lib/lnx64.o/libtcl8.5.so(+0x334af) [0x7f0e5eb8f4af]
/opt/Xilinx/Vivado/2018.1/lib/lnx64.o/libtcl8.5.so(+0x76875) [0x7f0e5ebd2875]
/opt/Xilinx/Vivado/2018.1/lib/lnx64.o/libtcl8.5.so(TclObjInterpProcCore+0x420) [0x7f0e5ec13df0]
/opt/Xilinx/Vivado/2018.1/lib/lnx64.o/libtcl8.5.so(+0x334af) [0x7f0e5eb8f4af]
/opt/Xilinx/Vivado/2018.1/lib/lnx64.o/libtcl8.5.so(+0x76875) [0x7f0e5ebd2875]
/opt/Xilinx/Vivado/2018.1/lib/lnx64.o/libtcl8.5.so(TclObjInterpProcCore+0x420) [0x7f0e5ec13df0]
/opt/Xilinx/Vivado/2018.1/lib/lnx64.o/libtcl8.5.so(+0x334af) [0x7f0e5eb8f4af]
/opt/Xilinx/Vivado/2018.1/lib/lnx64.o/libtcl8.5.so(Tcl_EvalObjv+0x32) [0x7f0e5eb8f5e2]
/opt/Xilinx/Vivado/2018.1/lib/lnx64.o/libtcl8.5.so(TclEvalObjEx+0x322) [0x7f0e5eb91402]
/opt/Xilinx/Vivado/2018.1/lib/lnx64.o/librdi_commontasks.so(+0x33b201) [0x7f0e59d21201]
/opt/Xilinx/Vivado/2018.1/lib/lnx64.o/librdi_common.so(+0x778822) [0x7f0e646e1822]
/opt/Xilinx/Vivado/2018.1/lib/lnx64.o/libtcl8.5.so(+0x334af) [0x7f0e5eb8f4af]
/opt/Xilinx/Vivado/2018.1/lib/lnx64.o/libtcl8.5.so(+0x76875) [0x7f0e5ebd2875]
/opt/Xilinx/Vivado/2018.1/lib/lnx64.o/libtcl8.5.so(+0x7e029) [0x7f0e5ebda029]
/opt/Xilinx/Vivado/2018.1/lib/lnx64.o/libtcl8.5.so(TclEvalObjEx+0x76) [0x7f0e5eb91156]
/opt/Xilinx/Vivado/2018.1/lib/lnx64.o/librdi_common.so(+0x776d31) [0x7f0e646dfd31]
/opt/Xilinx/Vivado/2018.1/lib/lnx64.o/libtcl8.5.so(Tcl_ServiceEvent+0x7f) [0x7f0e5ec03b0f]
/opt/Xilinx/Vivado/2018.1/lib/lnx64.o/libtcl8.5.so(Tcl_DoOneEvent+0x154) [0x7f0e5ec03e44]
/opt/Xilinx/Vivado/2018.1/lib/lnx64.o/librdi_commontasks.so(+0x1f9485) [0x7f0e59bdf485]
/opt/Xilinx/Vivado/2018.1/lib/lnx64.o/librdi_commontasks.so(+0x201413) [0x7f0e59be7413]
/opt/Xilinx/Vivado/2018.1/lib/lnx64.o/librdi_commontasks.so(+0x2024ae) [0x7f0e59be84ae]
/opt/Xilinx/Vivado/2018.1/lib/lnx64.o/librdi_common.so(+0x778822) [0x7f0e646e1822]
/opt/Xilinx/Vivado/2018.1/lib/lnx64.o/libtcl8.5.so(+0x334af) [0x7f0e5eb8f4af]
/opt/Xilinx/Vivado/2018.1/lib/lnx64.o/libtcl8.5.so(Tcl_EvalObjv+0x32) [0x7f0e5eb8f5e2]
/opt/Xilinx/Vivado/2018.1/lib/lnx64.o/libtcl8.5.so(TclEvalObjEx+0x322) [0x7f0e5eb91402]
/opt/Xilinx/Vivado/2018.1/lib/lnx64.o/librdi_commonmain.so(+0x7414) [0x7f0e63d65414]
/opt/Xilinx/Vivado/2018.1/lib/lnx64.o/libtcl8.5.so(Tcl_Main+0x1d0) [0x7f0e5ebfc210]
/opt/Xilinx/Vivado/2018.1/lib/lnx64.o/librdi_common.so(+0x7bb82b) [0x7f0e6472482b]
/lib/x86_64-linux-gnu/libpthread.so.0(+0x76ba) [0x7f0e631e86ba]
/lib/x86_64-linux-gnu/libc.so.6(clone+0x6d) [0x7f0e6350541d]
