#
# An unexpected error has occurred (11)
#
Stack:
/opt/Xilinx/Vivado/2018.1/tps/lnx64/jre/lib/amd64/server/libjvm.so(+0x923da9) [0x7f89050cdda9]
/opt/Xilinx/Vivado/2018.1/tps/lnx64/jre/lib/amd64/server/libjvm.so(JVM_handle_linux_signal+0xb6) [0x7f89050d43f6]
/opt/Xilinx/Vivado/2018.1/tps/lnx64/jre/lib/amd64/server/libjvm.so(+0x9209d3) [0x7f89050ca9d3]
/lib/x86_64-linux-gnu/libc.so.6(+0x354b0) [0x7f89436114b0]
/opt/Xilinx/Vivado/2018.1/lib/lnx64.o/Ubuntu/libstdc++.so.6(_ZNSt15basic_streambufIcSt11char_traitsIcEE6xsgetnEPcl+0xc5) [0x7f8943cd7605]
/opt/Xilinx/Vivado/2018.1/lib/lnx64.o/Ubuntu/libstdc++.so.6(_ZSt7getlineIcSt11char_traitsIcESaIcEERSt13basic_istreamIT_T0_ES7_RNSt7__cxx1112basic_stringIS4_S5_T1_EES4_+0x1d6) [0x7f8943c63a56]
/opt/Xilinx/Vivado/2018.1/lib/lnx64.o/librdi_filemgmt.so(HDDASrcFileSubject::getCrcChecksum()+0x4d8) [0x7f891f2097a8]
/opt/Xilinx/Vivado/2018.1/lib/lnx64.o/librdi_filemgmt.so(HDDAUtils::isDupFiles(HDDASrcFile*, HSTStringHashMap<HSTVector<HDDASrcFile*, std::allocator<HDDASrcFile*> > >&, std::ostream&)+0x8d8) [0x7f891f226e48]
/opt/Xilinx/Vivado/2018.1/lib/lnx64.o/librdi_filemgmt.so(HDDAUtils::isDupFiles(HDDASrcFile*, HSTStringHashMap<HSTVector<HDDASrcFile*, std::allocator<HDDASrcFile*> > >&)+0x9c) [0x7f891f2279dc]
/opt/Xilinx/Vivado/2018.1/lib/lnx64.o/librdi_filemgmt.so(HADAUtils::getOrderedSourceFiles(std::__cxx11::basic_string<char, std::char_traits<char>, std::allocator<char> > const&, HDDATypes::UsedIn, HDDACompositeFile const*, bool, HSTVector<HDDASrcFile*, std::allocator<HDDASrcFile*> >&, HSTStringHashMap<HSTVector<HDDASrcFile*, std::allocator<HDDASrcFile*> > >&)+0x189) [0x7f891f277d99]
/opt/Xilinx/Vivado/2018.1/lib/lnx64.o/librdi_filemgmt.so(HADAUtils::getOrderedSourceFiles(std::__cxx11::basic_string<char, std::char_traits<char>, std::allocator<char> > const&, HDDATypes::UsedIn, HADAFileSet*, HADGDesignGraph*, HDGUIStatus*, HSTVector<HDDASrcFile*, std::allocator<HDDASrcFile*> >&)+0x5d0) [0x7f891f279810]
/opt/Xilinx/Vivado/2018.1/lib/lnx64.o/librdi_tcltasks.so(HTCDesignHelpers::getCompileOrder(HDDATypes::UsedIn, HTCDesignHelpers::CompileOrderType, HDGUIStatus*, HSTVector<HADAFileSet*, std::allocator<HADAFileSet*> >&, HSTVector<HDDASrcFile*, std::allocator<HDDASrcFile*> >&, HSTVector<HDDASrcFile*, std::allocator<HDDASrcFile*> >&)+0x184) [0x7f8936bec564]
/opt/Xilinx/Vivado/2018.1/lib/lnx64.o/librdi_tcltasks.so(+0xc799a9) [0x7f8936c729a9]
/opt/Xilinx/Vivado/2018.1/lib/lnx64.o/librdi_common.so(+0x778822) [0x7f89448bf822]
/opt/Xilinx/Vivado/2018.1/lib/lnx64.o/libtcl8.5.so(+0x334af) [0x7f893ed6d4af]
/opt/Xilinx/Vivado/2018.1/lib/lnx64.o/libtcl8.5.so(+0x76875) [0x7f893edb0875]
/opt/Xilinx/Vivado/2018.1/lib/lnx64.o/libtcl8.5.so(TclObjInterpProcCore+0x420) [0x7f893edf1df0]
/opt/Xilinx/Vivado/2018.1/lib/lnx64.o/libtcl8.5.so(+0x334af) [0x7f893ed6d4af]
/opt/Xilinx/Vivado/2018.1/lib/lnx64.o/libtcl8.5.so(+0x76875) [0x7f893edb0875]
/opt/Xilinx/Vivado/2018.1/lib/lnx64.o/libtcl8.5.so(TclObjInterpProcCore+0x420) [0x7f893edf1df0]
/opt/Xilinx/Vivado/2018.1/lib/lnx64.o/libtcl8.5.so(+0x334af) [0x7f893ed6d4af]
/opt/Xilinx/Vivado/2018.1/lib/lnx64.o/libtcl8.5.so(Tcl_EvalObjv+0x32) [0x7f893ed6d5e2]
/opt/Xilinx/Vivado/2018.1/lib/lnx64.o/libtcl8.5.so(TclEvalObjEx+0x322) [0x7f893ed6f402]
/opt/Xilinx/Vivado/2018.1/lib/lnx64.o/librdi_commontasks.so(+0x33b201) [0x7f8939eff201]
/opt/Xilinx/Vivado/2018.1/lib/lnx64.o/librdi_common.so(+0x778822) [0x7f89448bf822]
/opt/Xilinx/Vivado/2018.1/lib/lnx64.o/libtcl8.5.so(+0x334af) [0x7f893ed6d4af]
/opt/Xilinx/Vivado/2018.1/lib/lnx64.o/libtcl8.5.so(+0x76875) [0x7f893edb0875]
/opt/Xilinx/Vivado/2018.1/lib/lnx64.o/libtcl8.5.so(+0x7e029) [0x7f893edb8029]
/opt/Xilinx/Vivado/2018.1/lib/lnx64.o/libtcl8.5.so(TclEvalObjEx+0x76) [0x7f893ed6f156]
/opt/Xilinx/Vivado/2018.1/lib/lnx64.o/librdi_common.so(+0x776d31) [0x7f89448bdd31]
/opt/Xilinx/Vivado/2018.1/lib/lnx64.o/libtcl8.5.so(Tcl_ServiceEvent+0x7f) [0x7f893ede1b0f]
/opt/Xilinx/Vivado/2018.1/lib/lnx64.o/libtcl8.5.so(Tcl_DoOneEvent+0x154) [0x7f893ede1e44]
/opt/Xilinx/Vivado/2018.1/lib/lnx64.o/librdi_commontasks.so(+0x1f9485) [0x7f8939dbd485]
/opt/Xilinx/Vivado/2018.1/lib/lnx64.o/librdi_commontasks.so(+0x201413) [0x7f8939dc5413]
/opt/Xilinx/Vivado/2018.1/lib/lnx64.o/librdi_commontasks.so(+0x2024ae) [0x7f8939dc64ae]
/opt/Xilinx/Vivado/2018.1/lib/lnx64.o/librdi_common.so(+0x778822) [0x7f89448bf822]
/opt/Xilinx/Vivado/2018.1/lib/lnx64.o/libtcl8.5.so(+0x334af) [0x7f893ed6d4af]
/opt/Xilinx/Vivado/2018.1/lib/lnx64.o/libtcl8.5.so(Tcl_EvalObjv+0x32) [0x7f893ed6d5e2]
/opt/Xilinx/Vivado/2018.1/lib/lnx64.o/libtcl8.5.so(TclEvalObjEx+0x322) [0x7f893ed6f402]
/opt/Xilinx/Vivado/2018.1/lib/lnx64.o/librdi_commonmain.so(+0x7414) [0x7f8943f43414]
/opt/Xilinx/Vivado/2018.1/lib/lnx64.o/libtcl8.5.so(Tcl_Main+0x1d0) [0x7f893edda210]
/opt/Xilinx/Vivado/2018.1/lib/lnx64.o/librdi_common.so(+0x7bb82b) [0x7f894490282b]
/lib/x86_64-linux-gnu/libpthread.so.0(+0x76ba) [0x7f89433c66ba]
/lib/x86_64-linux-gnu/libc.so.6(clone+0x6d) [0x7f89436e341d]
