#-----------------------------------------------------------
# Vivado v2018.1 (64-bit)
# SW Build 2188600 on Wed Apr  4 18:39:19 MDT 2018
# IP Build 2185939 on Wed Apr  4 20:55:05 MDT 2018
# Start of session at: Wed May  2 16:57:35 2018
# Process ID: 31953
# Current directory: /nfs/ug/thesis/thesis0/pc/Quinn/galapagos
# Command line: vivado -mode gui -source tclScripts/createShell_adm-8k5.tcl -tclargs static_routed_v2.dcp
# Log file: /nfs/ug/thesis/thesis0/pc/Quinn/galapagos/vivado.log
# Journal file: /nfs/ug/thesis/thesis0/pc/Quinn/galapagos/vivado.jou
#-----------------------------------------------------------
start_gui
source tclScripts/createShell_adm-8k5.tcl
# set origin_dir "."
# set dcpName [lindex $argv 0]
# source tclScripts/configurationParametersShell_adm-8k5.tcl
## set projName adm-8k5 
## set prDir defaultFifo
# if { [info exists ::origin_dir_loc] } {
#   set origin_dir $::origin_dir_loc
# }
# variable script_file
# set script_file "test.tcl"
# proc help {} {
#   variable script_file
#   puts "\nDescription:"
#   puts "Recreate a Vivado project from this script. The created project will be"
#   puts "functionally equivalent to the original project for which this script was"
#   puts "generated. The script contains commands for creating a project, filesets,"
#   puts "runs, adding/importing sources and setting properties on various objects.\n"
#   puts "Syntax:"
#   puts "$script_file"
#   puts "$script_file -tclargs \[--origin_dir <path>\]"
#   puts "$script_file -tclargs \[--help\]\n"
#   puts "Usage:"
#   puts "Name                   Description"
#   puts "-------------------------------------------------------------------------"
#   puts "\[--origin_dir <path>\]  Determine source file paths wrt this path. Default"
#   puts "                       origin_dir path value is \".\", otherwise, the value"
#   puts "                       that was set with the \"-paths_relative_to\" switch"
#   puts "                       when this script was generated.\n"
#   puts "\[--help\]               Print help information for this script"
#   puts "-------------------------------------------------------------------------\n"
#   exit 0
# }
# if { $::argc > 0 } {
#   for {set i 0} {$i < [llength $::argc]} {incr i} {
#     set option [string trim [lindex $::argv $i]]
#     switch -regexp -- $option {
#       "--origin_dir" { incr i; set origin_dir [lindex $::argv $i] }
#       "--help"       { help }
#       default {
#         if { [regexp {^-} $option] } {
#           puts "ERROR: Unknown option '$option' specified, please type '$script_file -tclargs --help' for usage info.\n"
#           return 1
#         }
#       }
#     }
#   }
# }
# set orig_proj_dir "[file normalize "shells/projects/$projName"]"
# create_project $projName shells/projects/$projName -part xcku115-flva1517-2-e
INFO: [IP_Flow 19-234] Refreshing IP repositories
INFO: [IP_Flow 19-1704] No user IP repositories specified
INFO: [IP_Flow 19-2313] Loaded Vivado IP repository '/cad1/Xilinx/Vivado/2018.1/data/ip'.
create_project: Time (s): cpu = 00:00:13 ; elapsed = 00:00:05 . Memory (MB): peak = 6181.969 ; gain = 184.605 ; free physical = 7239 ; free virtual = 36498
# set proj_dir [get_property directory [current_project]]
# set_msg_config  -ruleid {7}  -id {[BD 41-1306]}  -suppress  -source 2
# set_msg_config  -ruleid {8}  -id {[BD 41-1271]}  -suppress  -source 2
# set obj [get_projects $projName]
# set_property "corecontainer.enable" "1" $obj
# set_property "default_lib" "xil_defaultlib" $obj
# set_property "ip_cache_permissions" "read write" $obj
# set_property "ip_output_repo" "shells/projects/$projName/$projName.cache/ip" $obj
# set_property "part" "xcku115-flva1517-2-e" $obj
# set_property "sim.ip.auto_export_scripts" "1" $obj
# set_property "simulator_language" "Mixed" $obj
# set_property "xpm_libraries" "XPM_CDC XPM_MEMORY" $obj
# set_property "xsim.array_display_limit" "64" $obj
# set_property "xsim.trace_limit" "65536" $obj
# if {[string equal [get_filesets -quiet sources_1] ""]} {
#   create_fileset -srcset sources_1
# }
# set obj [get_filesets sources_1]
# set_property ip_repo_paths {hlsIP_adm-8k5 } [current_project]
# update_ip_catalog -rebuild
INFO: [IP_Flow 19-234] Refreshing IP repositories
INFO: [IP_Flow 19-1700] Loaded user IP repository '/nfs/ug/thesis/thesis0/pc/Quinn/galapagos/hlsIP_adm-8k5'.
# set obj [get_filesets sources_1]
# set files [list \
#  "[file normalize "shells/adm-8k5/srcs/shell.bd"]"\
#  "[file normalize "shells/adm-8k5/srcs/shellTop.v"]"\
# ]
# import_files -norecurse -fileset $obj $files
# set file "shells/projects/$projName/$projName.srcs/sources_1/bd/srcs/shell.bd"
# set file [file normalize $file]
# set file_obj [get_files -of_objects [get_filesets sources_1] [list "*$file"]]
# if { ![get_property "is_locked" $file_obj] } {
#   set_property "synth_checkpoint_mode" "Hierarchical" $file_obj
# }
# set obj [get_filesets sources_1]
# set_property "top" "shellTop" $obj
# set obj [get_filesets sources_1]
# set files [list \
#  "[file normalize "partialRegions/$prDir/pr.bd"]"\
# ]
# import_files -norecurse -fileset $obj $files
# set file "shells/projects/$projName/$projName.srcs/sources_1/bd/$prDir/pr.bd"
# set file [file normalize $file]
# set file_obj [get_files -of_objects [get_filesets sources_1] [list "*$file"]]
# if { ![get_property "is_locked" $file_obj] } {
#   set_property "synth_checkpoint_mode" "Singular" $file_obj
# }
# if {[string equal [get_filesets -quiet constrs_1] ""]} {
#   create_fileset -constrset constrs_1
# }
# set obj [get_filesets constrs_1]
# set file "[file normalize "shells/adm-8k5/constraints/ad_8k5.xdc"]"
# set file_imported [import_files -norecurse -fileset $obj $file]
# set file "shells/projects/$projName/$projName.srcs/constrs_1/imports/constraints/ad_8k5.xdc"
# set file [file normalize $file]
# set file_obj [get_files -of_objects [get_filesets constrs_1] [list "*$file"]]
# set_property "file_type" "XDC" $file_obj
# set_property "is_enabled" "1" $file_obj
# set_property "is_global_include" "0" $file_obj
# set_property "library" "xil_defaultlib" $file_obj
# set_property "path_mode" "RelativeFirst" $file_obj
# set_property "processing_order" "NORMAL" $file_obj
# set_property "scoped_to_cells" "" $file_obj
# set_property "scoped_to_ref" "" $file_obj
# set_property "used_in" "synthesis implementation" $file_obj
# set_property "used_in_implementation" "1" $file_obj
# set_property "used_in_synthesis" "1" $file_obj
# set file "[file normalize "shells/adm-8k5/constraints/bitstream.xdc"]"
# set file_imported [import_files -norecurse -fileset $obj $file]
# set file "shells/projects/$projName/$projName.srcs/constrs_1/imports/constraints/bitstream.xdc"
# set file [file normalize $file]
# set file_obj [get_files -of_objects [get_filesets constrs_1] [list "*$file"]]
# set_property "file_type" "XDC" $file_obj
# set_property "is_enabled" "1" $file_obj
# set_property "is_global_include" "0" $file_obj
# set_property "library" "xil_defaultlib" $file_obj
# set_property "path_mode" "RelativeFirst" $file_obj
# set_property "processing_order" "NORMAL" $file_obj
# set_property "scoped_to_cells" "" $file_obj
# set_property "scoped_to_ref" "" $file_obj
# set_property "used_in" "synthesis implementation" $file_obj
# set_property "used_in_implementation" "1" $file_obj
# set_property "used_in_synthesis" "1" $file_obj
# set file "[file normalize "shells/adm-8k5/constraints/pcie.xdc"]"
# set file_imported [import_files -norecurse -fileset $obj $file]
# set file "shells/projects/$projName/$projName.srcs/constrs_1/imports/constraints/pcie.xdc"
# set file [file normalize $file]
# set file_obj [get_files -of_objects [get_filesets constrs_1] [list "*$file"]]
# set_property "file_type" "XDC" $file_obj
# set_property "is_enabled" "1" $file_obj
# set_property "is_global_include" "0" $file_obj
# set_property "library" "xil_defaultlib" $file_obj
# set_property "path_mode" "RelativeFirst" $file_obj
# set_property "processing_order" "NORMAL" $file_obj
# set_property "scoped_to_cells" "" $file_obj
# set_property "scoped_to_ref" "" $file_obj
# set_property "used_in" "synthesis implementation" $file_obj
# set_property "used_in_implementation" "1" $file_obj
# set_property "used_in_synthesis" "1" $file_obj
# set file "[file normalize "shells/adm-8k5/constraints/refclk200.xdc"]"
# set file_import [import_files -norecurse -fileset $obj $file]
# set file "shells/projects/$projName/$projName.srcs/constrs_1/imports/constraints/refclk200.xdc"
# set file [file normalize $file]
# set file_obj [get_files -of_objects [get_filesets constrs_1] [list "*$file"]]
# set_property "file_type" "XDC" $file_obj
# set_property "is_enabled" "1" $file_obj
# set_property "is_global_include" "0" $file_obj
# set_property "library" "xil_defaultlib" $file_obj
# set_property "path_mode" "RelativeFirst" $file_obj
# set_property "processing_order" "NORMAL" $file_obj
# set_property "scoped_to_cells" "" $file_obj
# set_property "scoped_to_ref" "" $file_obj
# set_property "used_in" "synthesis implementation" $file_obj
# set_property "used_in_implementation" "1" $file_obj
# set_property "used_in_synthesis" "1" $file_obj
# set obj [get_filesets constrs_1]
# if {[string equal [get_filesets -quiet sim_1] ""]} {
#   create_fileset -simset sim_1
# }
# set obj [get_filesets sim_1]
# set obj [get_filesets sim_1]
# set_property "top" "shellTop" $obj
# set_property "transport_int_delay" "0" $obj
# set_property "transport_path_delay" "0" $obj
# set_property "xelab.nosort" "1" $obj
# set_property "xelab.unifast" "" $obj
# if {[string equal [get_runs -quiet synth_1] ""]} {
#   create_run -name synth_1 -part xcku115-flva1517-2-e -flow {Vivado Synthesis 2016} -strategy "Vivado Synthesis Defaults" -constrset constrs_1
# } else {
#   set_property strategy "Vivado Synthesis Defaults" [get_runs synth_1]
#   set_property flow "Vivado Synthesis 2016" [get_runs synth_1]
# }
# set obj [get_runs synth_1]
# set_property "part" "xcku115-flva1517-2-e" $obj
# if {[string equal [get_runs -quiet impl_1] ""]} {
#   create_run -name impl_1 -part xcku115-flva1517-2-e -flow {Vivado Implementation 2016} -strategy "Vivado Implementation Defaults" -constrset constrs_1 -parent_run synth_1
# } else {
#   set_property strategy "Vivado Implementation Defaults" [get_runs impl_1]
#   set_property flow "Vivado Implementation 2016" [get_runs impl_1]
# }
# set obj [get_runs impl_1]
# set_property "part" "xcku115-flva1517-2-e" $obj
# set_property "steps.write_bitstream.args.readback_file" "0" $obj
# set_property "steps.write_bitstream.args.verbose" "0" $obj
# current_run -implementation [get_runs impl_1]
# puts "INFO: Project created:$projName"
INFO: Project created:adm-8k5
# source tclScripts/synthesizeShell_adm-8k5.tcl
## source tclScripts/configurationParametersShell_adm-8k5.tcl
### set projName adm-8k5 
### set prDir defaultFifo
## generate_target all [get_files  shells/projects/$projName/$projName.srcs/sources_1/bd/$prDir/pr.bd]
INFO: [BD 41-434] Could not find an IP with XCI file by name: pr_blk_mem_gen_0_0 
ERROR: [BD 41-1712] The specified IP 'xilinx.com:ip:blk_mem_gen:8.3' does not support the current part 'xcku115-flva1517-2-e'

ERROR: [BD 41-595] Failed to add BD cell <blk_mem_gen_0>
ERROR: [BD 41-1157] Failed to parse Design <pr> from BD file </nfs/ug/thesis/thesis0/pc/Quinn/galapagos/shells/projects/adm-8k5/adm-8k5.srcs/sources_1/bd/defaultFifo/pr.bd>
ERROR: [BD 41-425] Failed to read Diagram <pr> from BD file </nfs/ug/thesis/thesis0/pc/Quinn/galapagos/shells/projects/adm-8k5/adm-8k5.srcs/sources_1/bd/defaultFifo/pr.bd>
ERROR: [Common 17-39] 'generate_target' failed due to earlier errors.

    while executing
"generate_target all [get_files  shells/projects/$projName/$projName.srcs/sources_1/bd/$prDir/pr.bd]"
    (file "tclScripts/synthesizeShell_adm-8k5.tcl" line 2)

    while executing
"source tclScripts/synthesizeShell_adm-8k5.tcl"
    (file "tclScripts/createShell_adm-8k5.tcl" line 315)
update_compile_order -fileset sources_1
exit
INFO: [Common 17-206] Exiting Vivado at Wed May  2 16:58:51 2018...
