
*** Running vivado
    with args -log shell_axi_10g_ethernet_0_0.vds -m64 -product Vivado -mode batch -messageDb vivado.pb -notrace -source shell_axi_10g_ethernet_0_0.tcl


****** Vivado v2018.1 (64-bit)
  **** SW Build 2188600 on Wed Apr  4 18:39:19 MDT 2018
  **** IP Build 2185939 on Wed Apr  4 20:55:05 MDT 2018
    ** Copyright 1986-2018 Xilinx, Inc. All Rights Reserved.

source shell_axi_10g_ethernet_0_0.tcl -notrace
Command: synth_design -top shell_axi_10g_ethernet_0_0 -part xcku115-flva1517-2-e -mode out_of_context
Starting synth_design
Attempting to get a license for feature 'Synthesis' and/or device 'xcku115'
INFO: [Common 17-349] Got license for feature 'Synthesis' and/or device 'xcku115'
INFO: Launching helper process for spawning children vivado processes
INFO: Helper process launched with PID 14155 
---------------------------------------------------------------------------------
Starting RTL Elaboration : Time (s): cpu = 00:00:07 ; elapsed = 00:00:08 . Memory (MB): peak = 1366.469 ; gain = 85.000 ; free physical = 7125 ; free virtual = 34612
---------------------------------------------------------------------------------
INFO: [Synth 8-6157] synthesizing module 'shell_axi_10g_ethernet_0_0' [/nfs/ug/thesis/thesis0/pc/Graham/galapagos_test/shells/projects/adm-8k5/adm-8k5.srcs/sources_1/bd/srcs/ip/shell_axi_10g_ethernet_0_0/synth/shell_axi_10g_ethernet_0_0.v:58]
INFO: [Synth 8-6157] synthesizing module 'bd_01e2' [/nfs/ug/thesis/thesis0/pc/Graham/galapagos_test/shells/projects/adm-8k5/adm-8k5.srcs/sources_1/bd/srcs/ip/shell_axi_10g_ethernet_0_0/bd_0/synth/bd_01e2.v:10]
INFO: [Synth 8-6157] synthesizing module 'bd_01e2_dcm_locked_driver_0' [/nfs/ug/thesis/thesis0/pc/Graham/galapagos_test/shells/projects/adm-8k5/adm-8k5.runs/shell_axi_10g_ethernet_0_0_synth_1/.Xil/Vivado-14038-ug238/realtime/bd_01e2_dcm_locked_driver_0_stub.v:6]
INFO: [Synth 8-6155] done synthesizing module 'bd_01e2_dcm_locked_driver_0' (1#1) [/nfs/ug/thesis/thesis0/pc/Graham/galapagos_test/shells/projects/adm-8k5/adm-8k5.runs/shell_axi_10g_ethernet_0_0_synth_1/.Xil/Vivado-14038-ug238/realtime/bd_01e2_dcm_locked_driver_0_stub.v:6]
INFO: [Synth 8-6157] synthesizing module 'bd_01e2_pma_pmd_type_driver_0' [/nfs/ug/thesis/thesis0/pc/Graham/galapagos_test/shells/projects/adm-8k5/adm-8k5.runs/shell_axi_10g_ethernet_0_0_synth_1/.Xil/Vivado-14038-ug238/realtime/bd_01e2_pma_pmd_type_driver_0_stub.v:6]
INFO: [Synth 8-6155] done synthesizing module 'bd_01e2_pma_pmd_type_driver_0' (2#1) [/nfs/ug/thesis/thesis0/pc/Graham/galapagos_test/shells/projects/adm-8k5/adm-8k5.runs/shell_axi_10g_ethernet_0_0_synth_1/.Xil/Vivado-14038-ug238/realtime/bd_01e2_pma_pmd_type_driver_0_stub.v:6]
INFO: [Synth 8-6157] synthesizing module 'bd_01e2_xmac_0' [/nfs/ug/thesis/thesis0/pc/Graham/galapagos_test/shells/projects/adm-8k5/adm-8k5.runs/shell_axi_10g_ethernet_0_0_synth_1/.Xil/Vivado-14038-ug238/realtime/bd_01e2_xmac_0_stub.v:6]
INFO: [Synth 8-6155] done synthesizing module 'bd_01e2_xmac_0' (3#1) [/nfs/ug/thesis/thesis0/pc/Graham/galapagos_test/shells/projects/adm-8k5/adm-8k5.runs/shell_axi_10g_ethernet_0_0_synth_1/.Xil/Vivado-14038-ug238/realtime/bd_01e2_xmac_0_stub.v:6]
INFO: [Synth 8-6157] synthesizing module 'bd_01e2_xpcs_0' [/nfs/ug/thesis/thesis0/pc/Graham/galapagos_test/shells/projects/adm-8k5/adm-8k5.runs/shell_axi_10g_ethernet_0_0_synth_1/.Xil/Vivado-14038-ug238/realtime/bd_01e2_xpcs_0_stub.v:6]
INFO: [Synth 8-6155] done synthesizing module 'bd_01e2_xpcs_0' (4#1) [/nfs/ug/thesis/thesis0/pc/Graham/galapagos_test/shells/projects/adm-8k5/adm-8k5.runs/shell_axi_10g_ethernet_0_0_synth_1/.Xil/Vivado-14038-ug238/realtime/bd_01e2_xpcs_0_stub.v:6]
INFO: [Synth 8-6155] done synthesizing module 'bd_01e2' (5#1) [/nfs/ug/thesis/thesis0/pc/Graham/galapagos_test/shells/projects/adm-8k5/adm-8k5.srcs/sources_1/bd/srcs/ip/shell_axi_10g_ethernet_0_0/bd_0/synth/bd_01e2.v:10]
INFO: [Synth 8-6155] done synthesizing module 'shell_axi_10g_ethernet_0_0' (6#1) [/nfs/ug/thesis/thesis0/pc/Graham/galapagos_test/shells/projects/adm-8k5/adm-8k5.srcs/sources_1/bd/srcs/ip/shell_axi_10g_ethernet_0_0/synth/shell_axi_10g_ethernet_0_0.v:58]
---------------------------------------------------------------------------------
Finished RTL Elaboration : Time (s): cpu = 00:00:08 ; elapsed = 00:00:08 . Memory (MB): peak = 1412.078 ; gain = 130.609 ; free physical = 7119 ; free virtual = 34606
---------------------------------------------------------------------------------

Report Check Netlist: 
+------+------------------+-------+---------+-------+------------------+
|      |Item              |Errors |Warnings |Status |Description       |
+------+------------------+-------+---------+-------+------------------+
|1     |multi_driven_nets |      0|        0|Passed |Multi driven nets |
+------+------------------+-------+---------+-------+------------------+
---------------------------------------------------------------------------------
Start Handling Custom Attributes
---------------------------------------------------------------------------------
---------------------------------------------------------------------------------
Finished Handling Custom Attributes : Time (s): cpu = 00:00:08 ; elapsed = 00:00:09 . Memory (MB): peak = 1412.078 ; gain = 130.609 ; free physical = 7102 ; free virtual = 34589
---------------------------------------------------------------------------------
---------------------------------------------------------------------------------
Finished RTL Optimization Phase 1 : Time (s): cpu = 00:00:08 ; elapsed = 00:00:09 . Memory (MB): peak = 1412.078 ; gain = 130.609 ; free physical = 7102 ; free virtual = 34589
---------------------------------------------------------------------------------
INFO: [Device 21-403] Loading part xcku115-flva1517-2-e
INFO: [Project 1-570] Preparing netlist for logic optimization

Processing XDC Constraints
Initializing timing engine
Parsing XDC File [/nfs/ug/thesis/thesis0/pc/Graham/galapagos_test/shells/projects/adm-8k5/adm-8k5.srcs/sources_1/bd/srcs/ip/shell_axi_10g_ethernet_0_0/bd_0/ip/ip_0/bd_01e2_xmac_0/bd_01e2_xmac_0_in_context.xdc] for cell 'inst/xmac'
Finished Parsing XDC File [/nfs/ug/thesis/thesis0/pc/Graham/galapagos_test/shells/projects/adm-8k5/adm-8k5.srcs/sources_1/bd/srcs/ip/shell_axi_10g_ethernet_0_0/bd_0/ip/ip_0/bd_01e2_xmac_0/bd_01e2_xmac_0_in_context.xdc] for cell 'inst/xmac'
Parsing XDC File [/nfs/ug/thesis/thesis0/pc/Graham/galapagos_test/shells/projects/adm-8k5/adm-8k5.srcs/sources_1/bd/srcs/ip/shell_axi_10g_ethernet_0_0/bd_0/ip/ip_1/bd_01e2_xpcs_0/bd_01e2_xpcs_0_in_context.xdc] for cell 'inst/xpcs'
Finished Parsing XDC File [/nfs/ug/thesis/thesis0/pc/Graham/galapagos_test/shells/projects/adm-8k5/adm-8k5.srcs/sources_1/bd/srcs/ip/shell_axi_10g_ethernet_0_0/bd_0/ip/ip_1/bd_01e2_xpcs_0/bd_01e2_xpcs_0_in_context.xdc] for cell 'inst/xpcs'
Parsing XDC File [/nfs/ug/thesis/thesis0/pc/Graham/galapagos_test/shells/projects/adm-8k5/adm-8k5.srcs/sources_1/bd/srcs/ip/shell_axi_10g_ethernet_0_0/bd_0/ip/ip_2/bd_01e2_dcm_locked_driver_0/bd_01e2_dcm_locked_driver_0_in_context.xdc] for cell 'inst/dcm_locked_driver'
Finished Parsing XDC File [/nfs/ug/thesis/thesis0/pc/Graham/galapagos_test/shells/projects/adm-8k5/adm-8k5.srcs/sources_1/bd/srcs/ip/shell_axi_10g_ethernet_0_0/bd_0/ip/ip_2/bd_01e2_dcm_locked_driver_0/bd_01e2_dcm_locked_driver_0_in_context.xdc] for cell 'inst/dcm_locked_driver'
Parsing XDC File [/nfs/ug/thesis/thesis0/pc/Graham/galapagos_test/shells/projects/adm-8k5/adm-8k5.srcs/sources_1/bd/srcs/ip/shell_axi_10g_ethernet_0_0/bd_0/ip/ip_3/bd_01e2_pma_pmd_type_driver_0/bd_01e2_pma_pmd_type_driver_0_in_context.xdc] for cell 'inst/pma_pmd_type_driver'
Finished Parsing XDC File [/nfs/ug/thesis/thesis0/pc/Graham/galapagos_test/shells/projects/adm-8k5/adm-8k5.srcs/sources_1/bd/srcs/ip/shell_axi_10g_ethernet_0_0/bd_0/ip/ip_3/bd_01e2_pma_pmd_type_driver_0/bd_01e2_pma_pmd_type_driver_0_in_context.xdc] for cell 'inst/pma_pmd_type_driver'
Parsing XDC File [/nfs/ug/thesis/thesis0/pc/Graham/galapagos_test/shells/projects/adm-8k5/adm-8k5.srcs/sources_1/bd/srcs/ip/shell_axi_10g_ethernet_0_0/synth/shell_axi_10g_ethernet_0_0_ooc.xdc] for cell 'inst'
Finished Parsing XDC File [/nfs/ug/thesis/thesis0/pc/Graham/galapagos_test/shells/projects/adm-8k5/adm-8k5.srcs/sources_1/bd/srcs/ip/shell_axi_10g_ethernet_0_0/synth/shell_axi_10g_ethernet_0_0_ooc.xdc] for cell 'inst'
Parsing XDC File [/nfs/ug/thesis/thesis0/pc/Graham/galapagos_test/shells/projects/adm-8k5/adm-8k5.runs/shell_axi_10g_ethernet_0_0_synth_1/dont_touch.xdc]
Finished Parsing XDC File [/nfs/ug/thesis/thesis0/pc/Graham/galapagos_test/shells/projects/adm-8k5/adm-8k5.runs/shell_axi_10g_ethernet_0_0_synth_1/dont_touch.xdc]
Completed Processing XDC Constraints

INFO: [Project 1-111] Unisim Transformation Summary:
No Unisim elements were transformed.

Constraint Validation Runtime : Time (s): cpu = 00:00:00.04 ; elapsed = 00:00:00.04 . Memory (MB): peak = 2027.605 ; gain = 0.000 ; free physical = 7231 ; free virtual = 34729
---------------------------------------------------------------------------------
Finished Constraint Validation : Time (s): cpu = 00:00:23 ; elapsed = 00:00:32 . Memory (MB): peak = 2027.605 ; gain = 746.137 ; free physical = 6937 ; free virtual = 34436
---------------------------------------------------------------------------------
---------------------------------------------------------------------------------
Start Loading Part and Timing Information
---------------------------------------------------------------------------------
Loading part: xcku115-flva1517-2-e
---------------------------------------------------------------------------------
Finished Loading Part and Timing Information : Time (s): cpu = 00:00:23 ; elapsed = 00:00:32 . Memory (MB): peak = 2027.605 ; gain = 746.137 ; free physical = 6936 ; free virtual = 34436
---------------------------------------------------------------------------------
---------------------------------------------------------------------------------
Start Applying 'set_property' XDC Constraints
---------------------------------------------------------------------------------
Applied set_property IO_BUFFER_TYPE = NONE for refclk_n. (constraint file  /nfs/ug/thesis/thesis0/pc/Graham/galapagos_test/shells/projects/adm-8k5/adm-8k5.srcs/sources_1/bd/srcs/ip/shell_axi_10g_ethernet_0_0/bd_0/ip/ip_1/bd_01e2_xpcs_0/bd_01e2_xpcs_0_in_context.xdc, line 8).
Applied set_property CLOCK_BUFFER_TYPE = NONE for refclk_n. (constraint file  /nfs/ug/thesis/thesis0/pc/Graham/galapagos_test/shells/projects/adm-8k5/adm-8k5.srcs/sources_1/bd/srcs/ip/shell_axi_10g_ethernet_0_0/bd_0/ip/ip_1/bd_01e2_xpcs_0/bd_01e2_xpcs_0_in_context.xdc, line 9).
Applied set_property IO_BUFFER_TYPE = NONE for refclk_p. (constraint file  /nfs/ug/thesis/thesis0/pc/Graham/galapagos_test/shells/projects/adm-8k5/adm-8k5.srcs/sources_1/bd/srcs/ip/shell_axi_10g_ethernet_0_0/bd_0/ip/ip_1/bd_01e2_xpcs_0/bd_01e2_xpcs_0_in_context.xdc, line 10).
Applied set_property CLOCK_BUFFER_TYPE = NONE for refclk_p. (constraint file  /nfs/ug/thesis/thesis0/pc/Graham/galapagos_test/shells/projects/adm-8k5/adm-8k5.srcs/sources_1/bd/srcs/ip/shell_axi_10g_ethernet_0_0/bd_0/ip/ip_1/bd_01e2_xpcs_0/bd_01e2_xpcs_0_in_context.xdc, line 11).
Applied set_property IO_BUFFER_TYPE = NONE for rxn. (constraint file  /nfs/ug/thesis/thesis0/pc/Graham/galapagos_test/shells/projects/adm-8k5/adm-8k5.srcs/sources_1/bd/srcs/ip/shell_axi_10g_ethernet_0_0/bd_0/ip/ip_1/bd_01e2_xpcs_0/bd_01e2_xpcs_0_in_context.xdc, line 12).
Applied set_property CLOCK_BUFFER_TYPE = NONE for rxn. (constraint file  /nfs/ug/thesis/thesis0/pc/Graham/galapagos_test/shells/projects/adm-8k5/adm-8k5.srcs/sources_1/bd/srcs/ip/shell_axi_10g_ethernet_0_0/bd_0/ip/ip_1/bd_01e2_xpcs_0/bd_01e2_xpcs_0_in_context.xdc, line 13).
Applied set_property IO_BUFFER_TYPE = NONE for rxp. (constraint file  /nfs/ug/thesis/thesis0/pc/Graham/galapagos_test/shells/projects/adm-8k5/adm-8k5.srcs/sources_1/bd/srcs/ip/shell_axi_10g_ethernet_0_0/bd_0/ip/ip_1/bd_01e2_xpcs_0/bd_01e2_xpcs_0_in_context.xdc, line 14).
Applied set_property CLOCK_BUFFER_TYPE = NONE for rxp. (constraint file  /nfs/ug/thesis/thesis0/pc/Graham/galapagos_test/shells/projects/adm-8k5/adm-8k5.srcs/sources_1/bd/srcs/ip/shell_axi_10g_ethernet_0_0/bd_0/ip/ip_1/bd_01e2_xpcs_0/bd_01e2_xpcs_0_in_context.xdc, line 15).
Applied set_property IO_BUFFER_TYPE = NONE for txn. (constraint file  /nfs/ug/thesis/thesis0/pc/Graham/galapagos_test/shells/projects/adm-8k5/adm-8k5.srcs/sources_1/bd/srcs/ip/shell_axi_10g_ethernet_0_0/bd_0/ip/ip_1/bd_01e2_xpcs_0/bd_01e2_xpcs_0_in_context.xdc, line 16).
Applied set_property CLOCK_BUFFER_TYPE = NONE for txn. (constraint file  /nfs/ug/thesis/thesis0/pc/Graham/galapagos_test/shells/projects/adm-8k5/adm-8k5.srcs/sources_1/bd/srcs/ip/shell_axi_10g_ethernet_0_0/bd_0/ip/ip_1/bd_01e2_xpcs_0/bd_01e2_xpcs_0_in_context.xdc, line 17).
Applied set_property IO_BUFFER_TYPE = NONE for txp. (constraint file  /nfs/ug/thesis/thesis0/pc/Graham/galapagos_test/shells/projects/adm-8k5/adm-8k5.srcs/sources_1/bd/srcs/ip/shell_axi_10g_ethernet_0_0/bd_0/ip/ip_1/bd_01e2_xpcs_0/bd_01e2_xpcs_0_in_context.xdc, line 18).
Applied set_property CLOCK_BUFFER_TYPE = NONE for txp. (constraint file  /nfs/ug/thesis/thesis0/pc/Graham/galapagos_test/shells/projects/adm-8k5/adm-8k5.srcs/sources_1/bd/srcs/ip/shell_axi_10g_ethernet_0_0/bd_0/ip/ip_1/bd_01e2_xpcs_0/bd_01e2_xpcs_0_in_context.xdc, line 19).
Applied set_property DONT_TOUCH = true for inst. (constraint file  auto generated constraint, line ).
Applied set_property DONT_TOUCH = true for inst/xmac. (constraint file  auto generated constraint, line ).
Applied set_property DONT_TOUCH = true for inst/xpcs. (constraint file  auto generated constraint, line ).
Applied set_property DONT_TOUCH = true for inst/dcm_locked_driver. (constraint file  auto generated constraint, line ).
Applied set_property DONT_TOUCH = true for inst/pma_pmd_type_driver. (constraint file  auto generated constraint, line ).
---------------------------------------------------------------------------------
Finished applying 'set_property' XDC Constraints : Time (s): cpu = 00:00:23 ; elapsed = 00:00:32 . Memory (MB): peak = 2027.605 ; gain = 746.137 ; free physical = 6935 ; free virtual = 34434
---------------------------------------------------------------------------------
---------------------------------------------------------------------------------
Finished RTL Optimization Phase 2 : Time (s): cpu = 00:00:23 ; elapsed = 00:00:32 . Memory (MB): peak = 2027.605 ; gain = 746.137 ; free physical = 6928 ; free virtual = 34428
---------------------------------------------------------------------------------

Report RTL Partitions: 
+-+--------------+------------+----------+
| |RTL Partition |Replication |Instances |
+-+--------------+------------+----------+
+-+--------------+------------+----------+
---------------------------------------------------------------------------------
Start RTL Component Statistics 
---------------------------------------------------------------------------------
Detailed RTL Component Info : 
---------------------------------------------------------------------------------
Finished RTL Component Statistics 
---------------------------------------------------------------------------------
---------------------------------------------------------------------------------
Start RTL Hierarchical Component Statistics 
---------------------------------------------------------------------------------
Hierarchical RTL Component report 
---------------------------------------------------------------------------------
Finished RTL Hierarchical Component Statistics
---------------------------------------------------------------------------------
---------------------------------------------------------------------------------
Start Part Resource Summary
---------------------------------------------------------------------------------
Part Resources:
DSPs: 5520 (col length:120)
BRAMs: 4320 (col length: RAMB18 240 RAMB36 120)
---------------------------------------------------------------------------------
Finished Part Resource Summary
---------------------------------------------------------------------------------
---------------------------------------------------------------------------------
Start Cross Boundary and Area Optimization
---------------------------------------------------------------------------------
Warning: Parallel synthesis criteria is not met 
---------------------------------------------------------------------------------
Finished Cross Boundary and Area Optimization : Time (s): cpu = 00:00:23 ; elapsed = 00:00:32 . Memory (MB): peak = 2027.605 ; gain = 746.137 ; free physical = 6956 ; free virtual = 34458
---------------------------------------------------------------------------------

Report RTL Partitions: 
+-+--------------+------------+----------+
| |RTL Partition |Replication |Instances |
+-+--------------+------------+----------+
+-+--------------+------------+----------+
---------------------------------------------------------------------------------
Start Applying XDC Timing Constraints
---------------------------------------------------------------------------------
INFO: [Synth 8-5578] Moved timing constraint from pin 'inst/xpcs/coreclk_out' to pin 'inst/xpcs/bbstub_coreclk_out/O'
INFO: [Synth 8-5578] Moved timing constraint from pin 'inst/xpcs/rxrecclk_out' to pin 'inst/xpcs/bbstub_rxrecclk_out/O'
INFO: [Synth 8-5578] Moved timing constraint from pin 'inst/xpcs/txusrclk2_out' to pin 'inst/xpcs/bbstub_txusrclk2_out/O'
INFO: [Synth 8-5578] Moved timing constraint from pin 'inst/xpcs/txusrclk_out' to pin 'inst/xpcs/bbstub_txusrclk_out/O'
INFO: [Synth 8-5578] Moved timing constraint from pin 'inst/xpcs/qpll0outclk_out' to pin 'inst/xpcs/bbstub_qpll0outclk_out/O'
INFO: [Synth 8-5578] Moved timing constraint from pin 'inst/xpcs/qpll0outrefclk_out' to pin 'inst/xpcs/bbstub_qpll0outrefclk_out/O'
INFO: [Synth 8-5819] Moved 6 constraints on hierarchical pins to their respective driving/loading pins
---------------------------------------------------------------------------------
Finished Applying XDC Timing Constraints : Time (s): cpu = 00:00:34 ; elapsed = 00:00:58 . Memory (MB): peak = 2249.887 ; gain = 968.418 ; free physical = 5527 ; free virtual = 33031
---------------------------------------------------------------------------------
---------------------------------------------------------------------------------
Start Timing Optimization
---------------------------------------------------------------------------------
---------------------------------------------------------------------------------
Finished Timing Optimization : Time (s): cpu = 00:00:34 ; elapsed = 00:00:58 . Memory (MB): peak = 2249.887 ; gain = 968.418 ; free physical = 5534 ; free virtual = 33038
---------------------------------------------------------------------------------

Report RTL Partitions: 
+-+--------------+------------+----------+
| |RTL Partition |Replication |Instances |
+-+--------------+------------+----------+
+-+--------------+------------+----------+
---------------------------------------------------------------------------------
Start Technology Mapping
---------------------------------------------------------------------------------
---------------------------------------------------------------------------------
Finished Technology Mapping : Time (s): cpu = 00:00:34 ; elapsed = 00:00:58 . Memory (MB): peak = 2250.887 ; gain = 969.418 ; free physical = 5537 ; free virtual = 33041
---------------------------------------------------------------------------------

Report RTL Partitions: 
+-+--------------+------------+----------+
| |RTL Partition |Replication |Instances |
+-+--------------+------------+----------+
+-+--------------+------------+----------+
---------------------------------------------------------------------------------
Start IO Insertion
---------------------------------------------------------------------------------
---------------------------------------------------------------------------------
Start Flattening Before IO Insertion
---------------------------------------------------------------------------------
---------------------------------------------------------------------------------
Finished Flattening Before IO Insertion
---------------------------------------------------------------------------------
---------------------------------------------------------------------------------
Start Final Netlist Cleanup
---------------------------------------------------------------------------------
---------------------------------------------------------------------------------
Finished Final Netlist Cleanup
---------------------------------------------------------------------------------
---------------------------------------------------------------------------------
Finished IO Insertion : Time (s): cpu = 00:00:34 ; elapsed = 00:00:59 . Memory (MB): peak = 2251.887 ; gain = 970.418 ; free physical = 5527 ; free virtual = 33030
---------------------------------------------------------------------------------

Report Check Netlist: 
+------+------------------+-------+---------+-------+------------------+
|      |Item              |Errors |Warnings |Status |Description       |
+------+------------------+-------+---------+-------+------------------+
|1     |multi_driven_nets |      0|        0|Passed |Multi driven nets |
+------+------------------+-------+---------+-------+------------------+
---------------------------------------------------------------------------------
Start Renaming Generated Instances
---------------------------------------------------------------------------------
---------------------------------------------------------------------------------
Finished Renaming Generated Instances : Time (s): cpu = 00:00:34 ; elapsed = 00:00:59 . Memory (MB): peak = 2251.887 ; gain = 970.418 ; free physical = 5527 ; free virtual = 33030
---------------------------------------------------------------------------------

Report RTL Partitions: 
+-+--------------+------------+----------+
| |RTL Partition |Replication |Instances |
+-+--------------+------------+----------+
+-+--------------+------------+----------+
---------------------------------------------------------------------------------
Start Rebuilding User Hierarchy
---------------------------------------------------------------------------------
---------------------------------------------------------------------------------
Finished Rebuilding User Hierarchy : Time (s): cpu = 00:00:34 ; elapsed = 00:00:59 . Memory (MB): peak = 2251.887 ; gain = 970.418 ; free physical = 5527 ; free virtual = 33030
---------------------------------------------------------------------------------
---------------------------------------------------------------------------------
Start Renaming Generated Ports
---------------------------------------------------------------------------------
---------------------------------------------------------------------------------
Finished Renaming Generated Ports : Time (s): cpu = 00:00:34 ; elapsed = 00:00:59 . Memory (MB): peak = 2251.887 ; gain = 970.418 ; free physical = 5527 ; free virtual = 33030
---------------------------------------------------------------------------------
---------------------------------------------------------------------------------
Start Handling Custom Attributes
---------------------------------------------------------------------------------
---------------------------------------------------------------------------------
Finished Handling Custom Attributes : Time (s): cpu = 00:00:34 ; elapsed = 00:00:59 . Memory (MB): peak = 2251.887 ; gain = 970.418 ; free physical = 5527 ; free virtual = 33030
---------------------------------------------------------------------------------
---------------------------------------------------------------------------------
Start Renaming Generated Nets
---------------------------------------------------------------------------------
---------------------------------------------------------------------------------
Finished Renaming Generated Nets : Time (s): cpu = 00:00:34 ; elapsed = 00:00:59 . Memory (MB): peak = 2251.887 ; gain = 970.418 ; free physical = 5527 ; free virtual = 33030
---------------------------------------------------------------------------------
---------------------------------------------------------------------------------
Start Writing Synthesis Report
---------------------------------------------------------------------------------

Report BlackBoxes: 
+------+------------------------------+----------+
|      |BlackBox name                 |Instances |
+------+------------------------------+----------+
|1     |bd_01e2_dcm_locked_driver_0   |         1|
|2     |bd_01e2_pma_pmd_type_driver_0 |         1|
|3     |bd_01e2_xmac_0                |         1|
|4     |bd_01e2_xpcs_0                |         1|
+------+------------------------------+----------+

Report Cell Usage: 
+------+------------------------------+------+
|      |Cell                          |Count |
+------+------------------------------+------+
|1     |bd_01e2_dcm_locked_driver_0   |     1|
|2     |bd_01e2_pma_pmd_type_driver_0 |     1|
|3     |bd_01e2_xmac_0                |     1|
|4     |bd_01e2_xpcs_0                |     1|
+------+------------------------------+------+

Report Instance Areas: 
+------+---------+--------+------+
|      |Instance |Module  |Cells |
+------+---------+--------+------+
|1     |top      |        |   810|
|2     |  inst   |bd_01e2 |   810|
+------+---------+--------+------+
---------------------------------------------------------------------------------
Finished Writing Synthesis Report : Time (s): cpu = 00:00:34 ; elapsed = 00:00:59 . Memory (MB): peak = 2251.887 ; gain = 970.418 ; free physical = 5527 ; free virtual = 33030
---------------------------------------------------------------------------------
Synthesis finished with 0 errors, 0 critical warnings and 0 warnings.
Synthesis Optimization Runtime : Time (s): cpu = 00:00:26 ; elapsed = 00:00:43 . Memory (MB): peak = 2251.887 ; gain = 354.891 ; free physical = 5546 ; free virtual = 33049
Synthesis Optimization Complete : Time (s): cpu = 00:00:34 ; elapsed = 00:00:59 . Memory (MB): peak = 2251.895 ; gain = 970.418 ; free physical = 5554 ; free virtual = 33058
INFO: [Project 1-571] Translating synthesized netlist
INFO: [Project 1-570] Preparing netlist for logic optimization
INFO: [Opt 31-138] Pushed 0 inverter(s) to 0 load pin(s).
INFO: [Project 1-111] Unisim Transformation Summary:
No Unisim elements were transformed.

INFO: [Common 17-83] Releasing license: Synthesis
28 Infos, 0 Warnings, 0 Critical Warnings and 0 Errors encountered.
synth_design completed successfully
synth_design: Time (s): cpu = 00:00:36 ; elapsed = 00:01:01 . Memory (MB): peak = 2301.629 ; gain = 1028.164 ; free physical = 5507 ; free virtual = 33011
INFO: [Common 17-1381] The checkpoint '/nfs/ug/thesis/thesis0/pc/Graham/galapagos_test/shells/projects/adm-8k5/adm-8k5.runs/shell_axi_10g_ethernet_0_0_synth_1/shell_axi_10g_ethernet_0_0.dcp' has been generated.
