
*** Running vivado
    with args -log bd_01e2_pma_pmd_type_driver_0.vds -m64 -product Vivado -mode batch -messageDb vivado.pb -notrace -source bd_01e2_pma_pmd_type_driver_0.tcl


****** Vivado v2016.4 (64-bit)
  **** SW Build 1756540 on Mon Jan 23 19:11:19 MST 2017
  **** IP Build 1755317 on Mon Jan 23 20:30:07 MST 2017
    ** Copyright 1986-2016 Xilinx, Inc. All Rights Reserved.

source bd_01e2_pma_pmd_type_driver_0.tcl -notrace
Starting RTL Elaboration : Time (s): cpu = 00:00:09 ; elapsed = 00:00:09 . Memory (MB): peak = 1212.426 ; gain = 281.957 ; free physical = 24265 ; free virtual = 59296
INFO: [Synth 8-638] synthesizing module 'bd_01e2_pma_pmd_type_driver_0' [/home/tarafdar/thesis/gitStuff/projects/8k5Shell/8k5Shell.srcs/sources_1/bd/srcs/ip/shell_axi_10g_ethernet_0_0/bd_0/ip/ip_3/sim/bd_01e2_pma_pmd_type_driver_0.v:56]
INFO: [Synth 8-638] synthesizing module 'xlconstant' [/home/tarafdar/thesis/gitStuff/projects/8k5Shell/8k5Shell.srcs/sources_1/bd/srcs/ipshared/e147/xlconstant.v:23]
INFO: [Synth 8-256] done synthesizing module 'xlconstant' (1#1) [/home/tarafdar/thesis/gitStuff/projects/8k5Shell/8k5Shell.srcs/sources_1/bd/srcs/ipshared/e147/xlconstant.v:23]
INFO: [Synth 8-256] done synthesizing module 'bd_01e2_pma_pmd_type_driver_0' (2#1) [/home/tarafdar/thesis/gitStuff/projects/8k5Shell/8k5Shell.srcs/sources_1/bd/srcs/ip/shell_axi_10g_ethernet_0_0/bd_0/ip/ip_3/sim/bd_01e2_pma_pmd_type_driver_0.v:56]
Finished RTL Elaboration : Time (s): cpu = 00:00:10 ; elapsed = 00:00:10 . Memory (MB): peak = 1252.895 ; gain = 322.426 ; free physical = 24092 ; free virtual = 59123
Finished RTL Optimization Phase 1 : Time (s): cpu = 00:00:10 ; elapsed = 00:00:10 . Memory (MB): peak = 1252.895 ; gain = 322.426 ; free physical = 24065 ; free virtual = 59096
INFO: [Device 21-403] Loading part xcku115-flva1517-2-e
Constraint Validation Runtime : Time (s): cpu = 00:00:00.01 ; elapsed = 00:00:00.01 . Memory (MB): peak = 1808.262 ; gain = 0.000 ; free physical = 22194 ; free virtual = 57226
Finished Constraint Validation : Time (s): cpu = 00:00:24 ; elapsed = 00:00:25 . Memory (MB): peak = 1808.262 ; gain = 877.793 ; free physical = 21926 ; free virtual = 56958
Finished Loading Part and Timing Information : Time (s): cpu = 00:00:24 ; elapsed = 00:00:25 . Memory (MB): peak = 1808.262 ; gain = 877.793 ; free physical = 21926 ; free virtual = 56958
Finished applying 'set_property' XDC Constraints : Time (s): cpu = 00:00:24 ; elapsed = 00:00:25 . Memory (MB): peak = 1808.262 ; gain = 877.793 ; free physical = 21926 ; free virtual = 56958
Finished RTL Optimization Phase 2 : Time (s): cpu = 00:00:24 ; elapsed = 00:00:25 . Memory (MB): peak = 1808.262 ; gain = 877.793 ; free physical = 21926 ; free virtual = 56958
Finished Cross Boundary and Area Optimization : Time (s): cpu = 00:00:25 ; elapsed = 00:00:25 . Memory (MB): peak = 1808.262 ; gain = 877.793 ; free physical = 21917 ; free virtual = 56949
Finished Applying XDC Timing Constraints : Time (s): cpu = 00:00:34 ; elapsed = 00:00:35 . Memory (MB): peak = 2008.879 ; gain = 1078.410 ; free physical = 22577 ; free virtual = 57611
Finished Timing Optimization : Time (s): cpu = 00:00:34 ; elapsed = 00:00:35 . Memory (MB): peak = 2008.879 ; gain = 1078.410 ; free physical = 22577 ; free virtual = 57611
Finished Technology Mapping : Time (s): cpu = 00:00:34 ; elapsed = 00:00:35 . Memory (MB): peak = 2018.895 ; gain = 1088.426 ; free physical = 22568 ; free virtual = 57602
Finished IO Insertion : Time (s): cpu = 00:00:34 ; elapsed = 00:00:35 . Memory (MB): peak = 2018.895 ; gain = 1088.426 ; free physical = 22555 ; free virtual = 57589
Finished Renaming Generated Instances : Time (s): cpu = 00:00:34 ; elapsed = 00:00:35 . Memory (MB): peak = 2018.895 ; gain = 1088.426 ; free physical = 22555 ; free virtual = 57589
Finished Rebuilding User Hierarchy : Time (s): cpu = 00:00:34 ; elapsed = 00:00:35 . Memory (MB): peak = 2018.895 ; gain = 1088.426 ; free physical = 22555 ; free virtual = 57589
Finished Renaming Generated Ports : Time (s): cpu = 00:00:34 ; elapsed = 00:00:35 . Memory (MB): peak = 2018.895 ; gain = 1088.426 ; free physical = 22555 ; free virtual = 57589
Finished Handling Custom Attributes : Time (s): cpu = 00:00:34 ; elapsed = 00:00:35 . Memory (MB): peak = 2018.895 ; gain = 1088.426 ; free physical = 22555 ; free virtual = 57589
Finished Renaming Generated Nets : Time (s): cpu = 00:00:34 ; elapsed = 00:00:35 . Memory (MB): peak = 2018.895 ; gain = 1088.426 ; free physical = 22555 ; free virtual = 57589

Report Cell Usage: 
+-+-----+------+
| |Cell |Count |
+-+-----+------+
+-+-----+------+
Finished Writing Synthesis Report : Time (s): cpu = 00:00:34 ; elapsed = 00:00:35 . Memory (MB): peak = 2018.895 ; gain = 1088.426 ; free physical = 22555 ; free virtual = 57589
synth_design: Time (s): cpu = 00:00:34 ; elapsed = 00:00:34 . Memory (MB): peak = 2092.598 ; gain = 1006.602 ; free physical = 22408 ; free virtual = 57442
