
*** Running vivado
    with args -log shell_tx_ifg_tuser_0.vds -m64 -product Vivado -mode batch -messageDb vivado.pb -notrace -source shell_tx_ifg_tuser_0.tcl


****** Vivado v2016.4 (64-bit)
  **** SW Build 1756540 on Mon Jan 23 19:11:19 MST 2017
  **** IP Build 1755317 on Mon Jan 23 20:30:07 MST 2017
    ** Copyright 1986-2016 Xilinx, Inc. All Rights Reserved.

source shell_tx_ifg_tuser_0.tcl -notrace
Starting RTL Elaboration : Time (s): cpu = 00:00:07 ; elapsed = 00:00:07 . Memory (MB): peak = 1213.430 ; gain = 282.957 ; free physical = 22594 ; free virtual = 57673
INFO: [Synth 8-638] synthesizing module 'shell_tx_ifg_tuser_0' [/home/tarafdar/thesis/gitStuff/projects/8k5Shell/8k5Shell.srcs/sources_1/bd/srcs/ip/shell_tx_ifg_tuser_0/sim/shell_tx_ifg_tuser_0.v:56]
INFO: [Synth 8-638] synthesizing module 'xlconstant' [/home/tarafdar/thesis/gitStuff/projects/8k5Shell/8k5Shell.srcs/sources_1/bd/srcs/ipshared/e147/xlconstant.v:23]
INFO: [Synth 8-256] done synthesizing module 'xlconstant' (1#1) [/home/tarafdar/thesis/gitStuff/projects/8k5Shell/8k5Shell.srcs/sources_1/bd/srcs/ipshared/e147/xlconstant.v:23]
INFO: [Synth 8-256] done synthesizing module 'shell_tx_ifg_tuser_0' (2#1) [/home/tarafdar/thesis/gitStuff/projects/8k5Shell/8k5Shell.srcs/sources_1/bd/srcs/ip/shell_tx_ifg_tuser_0/sim/shell_tx_ifg_tuser_0.v:56]
Finished RTL Elaboration : Time (s): cpu = 00:00:07 ; elapsed = 00:00:08 . Memory (MB): peak = 1254.898 ; gain = 324.426 ; free physical = 22551 ; free virtual = 57631
Finished RTL Optimization Phase 1 : Time (s): cpu = 00:00:08 ; elapsed = 00:00:08 . Memory (MB): peak = 1254.898 ; gain = 324.426 ; free physical = 22551 ; free virtual = 57631
INFO: [Device 21-403] Loading part xcku115-flva1517-2-e
Constraint Validation Runtime : Time (s): cpu = 00:00:00 ; elapsed = 00:00:00.01 . Memory (MB): peak = 1809.742 ; gain = 0.000 ; free physical = 22781 ; free virtual = 57870
Finished Constraint Validation : Time (s): cpu = 00:00:20 ; elapsed = 00:00:21 . Memory (MB): peak = 1809.742 ; gain = 879.270 ; free physical = 22744 ; free virtual = 57834
Finished Loading Part and Timing Information : Time (s): cpu = 00:00:20 ; elapsed = 00:00:21 . Memory (MB): peak = 1809.742 ; gain = 879.270 ; free physical = 22744 ; free virtual = 57834
Finished applying 'set_property' XDC Constraints : Time (s): cpu = 00:00:20 ; elapsed = 00:00:21 . Memory (MB): peak = 1809.742 ; gain = 879.270 ; free physical = 22744 ; free virtual = 57833
Finished RTL Optimization Phase 2 : Time (s): cpu = 00:00:20 ; elapsed = 00:00:21 . Memory (MB): peak = 1809.742 ; gain = 879.270 ; free physical = 22744 ; free virtual = 57833
Finished Cross Boundary and Area Optimization : Time (s): cpu = 00:00:21 ; elapsed = 00:00:21 . Memory (MB): peak = 1809.742 ; gain = 879.270 ; free physical = 23904 ; free virtual = 58993
Finished Applying XDC Timing Constraints : Time (s): cpu = 00:00:29 ; elapsed = 00:00:29 . Memory (MB): peak = 2010.359 ; gain = 1079.887 ; free physical = 23128 ; free virtual = 58217
Finished Timing Optimization : Time (s): cpu = 00:00:29 ; elapsed = 00:00:29 . Memory (MB): peak = 2010.359 ; gain = 1079.887 ; free physical = 23128 ; free virtual = 58217
Finished Technology Mapping : Time (s): cpu = 00:00:29 ; elapsed = 00:00:29 . Memory (MB): peak = 2020.375 ; gain = 1089.902 ; free physical = 23117 ; free virtual = 58206
Finished IO Insertion : Time (s): cpu = 00:00:29 ; elapsed = 00:00:30 . Memory (MB): peak = 2020.375 ; gain = 1089.902 ; free physical = 23336 ; free virtual = 58425
Finished Renaming Generated Instances : Time (s): cpu = 00:00:29 ; elapsed = 00:00:30 . Memory (MB): peak = 2020.375 ; gain = 1089.902 ; free physical = 23336 ; free virtual = 58425
Finished Rebuilding User Hierarchy : Time (s): cpu = 00:00:29 ; elapsed = 00:00:30 . Memory (MB): peak = 2020.375 ; gain = 1089.902 ; free physical = 23336 ; free virtual = 58425
Finished Renaming Generated Ports : Time (s): cpu = 00:00:29 ; elapsed = 00:00:30 . Memory (MB): peak = 2020.375 ; gain = 1089.902 ; free physical = 23336 ; free virtual = 58425
Finished Handling Custom Attributes : Time (s): cpu = 00:00:29 ; elapsed = 00:00:30 . Memory (MB): peak = 2020.375 ; gain = 1089.902 ; free physical = 23328 ; free virtual = 58417
Finished Renaming Generated Nets : Time (s): cpu = 00:00:29 ; elapsed = 00:00:30 . Memory (MB): peak = 2020.375 ; gain = 1089.902 ; free physical = 23326 ; free virtual = 58416

Report Cell Usage: 
+-+-----+------+
| |Cell |Count |
+-+-----+------+
+-+-----+------+
Finished Writing Synthesis Report : Time (s): cpu = 00:00:29 ; elapsed = 00:00:30 . Memory (MB): peak = 2020.375 ; gain = 1089.902 ; free physical = 23324 ; free virtual = 58413
synth_design: Time (s): cpu = 00:00:30 ; elapsed = 00:00:30 . Memory (MB): peak = 2094.078 ; gain = 1008.078 ; free physical = 22770 ; free virtual = 57860
