Copyright 1986-2017 Xilinx, Inc. All Rights Reserved.
------------------------------------------------------------------------------------
| Tool Version : Vivado v.2017.4 (lin64) Build 2086221 Fri Dec 15 20:54:30 MST 2017
| Date         : Thu May  3 15:50:06 2018
| Host         : agent-20 running 64-bit Ubuntu 16.04.3 LTS
| Command      : upgrade_ip
| Device       : xc7vx690tffg1157-2
------------------------------------------------------------------------------------

Upgrade Log for IP 'toe_ip'

1. Summary
----------

CAUTION (success, with warnings) in the upgrade of toe_ip (ethz.systems:hls:toe:1.6) from (Rev. 1805031156) to (Rev. 1805031540)

After upgrade, an IP may have parameter and port differences compared to the original customization. Please review the parameters within the IP customization GUI to ensure proper functionality. Also, please review the updated IP instantiation template to ensure proper connectivity, and update your design if required.

2. Interface Information
------------------------

Detected external interface differences while upgrading 'toe_ip'.


-Upgrade has removed interface 'm_axis_debug_state'


3. Connection Warnings
----------------------

Detected external port differences while upgrading 'toe_ip'. These changes may impact your design.


-Upgrade has removed port 'm_axis_debug_state_TDATA'

-Upgrade has removed port 'm_axis_debug_state_TREADY'

-Upgrade has removed port 'm_axis_debug_state_TVALID'







Copyright 1986-2017 Xilinx, Inc. All Rights Reserved.
------------------------------------------------------------------------------------
| Tool Version : Vivado v.2017.4 (lin64) Build 2086221 Fri Dec 15 20:54:30 MST 2017
| Date         : Thu May  3 12:00:02 2018
| Host         : agent-20 running 64-bit Ubuntu 16.04.3 LTS
| Command      : upgrade_ip
| Device       : xc7vx690tffg1157-2
------------------------------------------------------------------------------------

Upgrade Log for IP 'toe_ip'

1. Summary
----------

SUCCESS in the upgrade of toe_ip (ethz.systems:hls:toe:1.6) from (Rev. 1805030949) to (Rev. 1805031156)






Copyright 1986-2017 Xilinx, Inc. All Rights Reserved.
------------------------------------------------------------------------------------
| Tool Version : Vivado v.2017.4 (lin64) Build 2086221 Fri Dec 15 20:54:30 MST 2017
| Date         : Thu May  3 09:52:29 2018
| Host         : agent-20 running 64-bit Ubuntu 16.04.3 LTS
| Command      : upgrade_ip
| Device       : xc7vx690tffg1157-2
------------------------------------------------------------------------------------

Upgrade Log for IP 'toe_ip'

1. Summary
----------

SUCCESS in the upgrade of toe_ip (ethz.systems:hls:toe:1.6) from (Rev. 1805021437) to (Rev. 1805030949)






Copyright 1986-2017 Xilinx, Inc. All Rights Reserved.
------------------------------------------------------------------------------------
| Tool Version : Vivado v.2017.4 (lin64) Build 2086221 Fri Dec 15 20:54:30 MST 2017
| Date         : Wed May  2 14:37:39 2018
| Host         : agent-20 running 64-bit Ubuntu 16.04.3 LTS
| Command      : upgrade_ip
| Device       : xc7vx690tffg1157-2
------------------------------------------------------------------------------------

Upgrade Log for IP 'toe_ip'

1. Summary
----------

SUCCESS in the upgrade of toe_ip (ethz.systems:hls:toe:1.6) from (Rev. 1805021255) to (Rev. 1805021437)






Copyright 1986-2017 Xilinx, Inc. All Rights Reserved.
------------------------------------------------------------------------------------
| Tool Version : Vivado v.2017.4 (lin64) Build 2086221 Fri Dec 15 20:54:30 MST 2017
| Date         : Wed May  2 13:01:16 2018
| Host         : agent-20 running 64-bit Ubuntu 16.04.3 LTS
| Command      : upgrade_ip
| Device       : xc7vx690tffg1157-2
------------------------------------------------------------------------------------

Upgrade Log for IP 'toe_ip'

1. Summary
----------

SUCCESS in the upgrade of toe_ip (ethz.systems:hls:toe:1.6) from (Rev. 1805020741) to (Rev. 1805021255)






Copyright 1986-2017 Xilinx, Inc. All Rights Reserved.
------------------------------------------------------------------------------------
| Tool Version : Vivado v.2017.4 (lin64) Build 2086221 Fri Dec 15 20:54:30 MST 2017
| Date         : Wed May  2 07:47:53 2018
| Host         : agent-20 running 64-bit Ubuntu 16.04.3 LTS
| Command      : upgrade_ip
| Device       : xc7vx690tffg1157-2
------------------------------------------------------------------------------------

Upgrade Log for IP 'toe_ip'

1. Summary
----------

SUCCESS in the upgrade of toe_ip (ethz.systems:hls:toe:1.6) from (Rev. 1805020740) to (Rev. 1805020741)






Copyright 1986-2017 Xilinx, Inc. All Rights Reserved.
------------------------------------------------------------------------------------
| Tool Version : Vivado v.2017.4 (lin64) Build 2086221 Fri Dec 15 20:54:30 MST 2017
| Date         : Wed May  2 07:41:21 2018
| Host         : agent-20 running 64-bit Ubuntu 16.04.3 LTS
| Command      : upgrade_ip
| Device       : xc7vx690tffg1157-2
------------------------------------------------------------------------------------

Upgrade Log for IP 'toe_ip'

1. Summary
----------

SUCCESS in the upgrade of toe_ip (ethz.systems:hls:toe:1.6) from (Rev. 1805011833) to (Rev. 1805020740)






Copyright 1986-2017 Xilinx, Inc. All Rights Reserved.
------------------------------------------------------------------------------------
| Tool Version : Vivado v.2017.4 (lin64) Build 2086221 Fri Dec 15 20:54:30 MST 2017
| Date         : Tue May  1 18:35:13 2018
| Host         : agent-20 running 64-bit Ubuntu 16.04.3 LTS
| Command      : upgrade_ip
| Device       : xc7vx690tffg1157-2
------------------------------------------------------------------------------------

Upgrade Log for IP 'toe_ip'

1. Summary
----------

SUCCESS in the upgrade of toe_ip (ethz.systems:hls:toe:1.6) from (Rev. 1805011555) to (Rev. 1805011833)






Copyright 1986-2017 Xilinx, Inc. All Rights Reserved.
------------------------------------------------------------------------------------
| Tool Version : Vivado v.2017.4 (lin64) Build 2086221 Fri Dec 15 20:54:30 MST 2017
| Date         : Tue May  1 16:12:17 2018
| Host         : agent-20 running 64-bit Ubuntu 16.04.3 LTS
| Command      : upgrade_ip
| Device       : xc7vx690tffg1157-2
------------------------------------------------------------------------------------

Upgrade Log for IP 'toe_ip'

1. Summary
----------

SUCCESS in the upgrade of toe_ip (ethz.systems:hls:toe:1.6) from (Rev. 1805011236) to (Rev. 1805011555)






Copyright 1986-2017 Xilinx, Inc. All Rights Reserved.
------------------------------------------------------------------------------------
| Tool Version : Vivado v.2017.4 (lin64) Build 2086221 Fri Dec 15 20:54:30 MST 2017
| Date         : Tue May  1 12:37:40 2018
| Host         : agent-20 running 64-bit Ubuntu 16.04.3 LTS
| Command      : upgrade_ip
| Device       : xc7vx690tffg1157-2
------------------------------------------------------------------------------------

Upgrade Log for IP 'toe_ip'

1. Summary
----------

SUCCESS in the upgrade of toe_ip (ethz.systems:hls:toe:1.6) from (Rev. 1805011050) to (Rev. 1805011236)






Copyright 1986-2017 Xilinx, Inc. All Rights Reserved.
------------------------------------------------------------------------------------
| Tool Version : Vivado v.2017.4 (lin64) Build 2086221 Fri Dec 15 20:54:30 MST 2017
| Date         : Tue May  1 11:05:36 2018
| Host         : agent-20 running 64-bit Ubuntu 16.04.3 LTS
| Command      : upgrade_ip
| Device       : xc7vx690tffg1157-2
------------------------------------------------------------------------------------

Upgrade Log for IP 'toe_ip'

1. Summary
----------

SUCCESS in the upgrade of toe_ip (ethz.systems:hls:toe:1.6) from (Rev. 1804301811) to (Rev. 1805011050)






Copyright 1986-2017 Xilinx, Inc. All Rights Reserved.
------------------------------------------------------------------------------------
| Tool Version : Vivado v.2017.4 (lin64) Build 2086221 Fri Dec 15 20:54:30 MST 2017
| Date         : Mon Apr 30 18:16:38 2018
| Host         : agent-20 running 64-bit Ubuntu 16.04.3 LTS
| Command      : upgrade_ip
| Device       : xc7vx690tffg1157-2
------------------------------------------------------------------------------------

Upgrade Log for IP 'toe_ip'

1. Summary
----------

SUCCESS in the upgrade of toe_ip (ethz.systems:hls:toe:1.6) from (Rev. 1804301701) to (Rev. 1804301811)






Copyright 1986-2017 Xilinx, Inc. All Rights Reserved.
------------------------------------------------------------------------------------
| Tool Version : Vivado v.2017.4 (lin64) Build 2086221 Fri Dec 15 20:54:30 MST 2017
| Date         : Mon Apr 30 17:02:01 2018
| Host         : agent-20 running 64-bit Ubuntu 16.04.3 LTS
| Command      : upgrade_ip
| Device       : xc7vx690tffg1157-2
------------------------------------------------------------------------------------

Upgrade Log for IP 'toe_ip'

1. Summary
----------

SUCCESS in the upgrade of toe_ip (ethz.systems:hls:toe:1.6) from (Rev. 1804301549) to (Rev. 1804301701)






Copyright 1986-2017 Xilinx, Inc. All Rights Reserved.
------------------------------------------------------------------------------------
| Tool Version : Vivado v.2017.4 (lin64) Build 2086221 Fri Dec 15 20:54:30 MST 2017
| Date         : Mon Apr 30 15:54:20 2018
| Host         : agent-20 running 64-bit Ubuntu 16.04.3 LTS
| Command      : upgrade_ip
| Device       : xc7vx690tffg1157-2
------------------------------------------------------------------------------------

Upgrade Log for IP 'toe_ip'

1. Summary
----------

SUCCESS in the upgrade of toe_ip (ethz.systems:hls:toe:1.6) from (Rev. 1804301339) to (Rev. 1804301549)






Copyright 1986-2017 Xilinx, Inc. All Rights Reserved.
------------------------------------------------------------------------------------
| Tool Version : Vivado v.2017.4 (lin64) Build 2086221 Fri Dec 15 20:54:30 MST 2017
| Date         : Mon Apr 30 13:39:58 2018
| Host         : agent-20 running 64-bit Ubuntu 16.04.3 LTS
| Command      : upgrade_ip
| Device       : xc7vx690tffg1157-2
------------------------------------------------------------------------------------

Upgrade Log for IP 'toe_ip'

1. Summary
----------

SUCCESS in the upgrade of toe_ip (ethz.systems:hls:toe:1.6) from (Rev. 1804301010) to (Rev. 1804301339)






Copyright 1986-2017 Xilinx, Inc. All Rights Reserved.
------------------------------------------------------------------------------------
| Tool Version : Vivado v.2017.4 (lin64) Build 2086221 Fri Dec 15 20:54:30 MST 2017
| Date         : Mon Apr 30 10:20:55 2018
| Host         : agent-20 running 64-bit Ubuntu 16.04.3 LTS
| Command      : upgrade_ip
| Device       : xc7vx690tffg1157-2
------------------------------------------------------------------------------------

Upgrade Log for IP 'toe_ip'

1. Summary
----------

SUCCESS in the upgrade of toe_ip (ethz.systems:hls:toe:1.6) from (Rev. 1804291449) to (Rev. 1804301010)






Copyright 1986-2017 Xilinx, Inc. All Rights Reserved.
------------------------------------------------------------------------------------
| Tool Version : Vivado v.2017.4 (lin64) Build 2086221 Fri Dec 15 20:54:30 MST 2017
| Date         : Sun Apr 29 14:53:58 2018
| Host         : agent-20 running 64-bit Ubuntu 16.04.3 LTS
| Command      : upgrade_ip
| Device       : xc7vx690tffg1157-2
------------------------------------------------------------------------------------

Upgrade Log for IP 'toe_ip'

1. Summary
----------

SUCCESS in the upgrade of toe_ip (ethz.systems:hls:toe:1.6) from (Rev. 1804291345) to (Rev. 1804291449)






Copyright 1986-2017 Xilinx, Inc. All Rights Reserved.
------------------------------------------------------------------------------------
| Tool Version : Vivado v.2017.4 (lin64) Build 2086221 Fri Dec 15 20:54:30 MST 2017
| Date         : Sun Apr 29 13:46:22 2018
| Host         : agent-20 running 64-bit Ubuntu 16.04.3 LTS
| Command      : upgrade_ip
| Device       : xc7vx690tffg1157-2
------------------------------------------------------------------------------------

Upgrade Log for IP 'toe_ip'

1. Summary
----------

SUCCESS in the upgrade of toe_ip (ethz.systems:hls:toe:1.6) from (Rev. 1804290851) to (Rev. 1804291345)






Copyright 1986-2017 Xilinx, Inc. All Rights Reserved.
------------------------------------------------------------------------------------
| Tool Version : Vivado v.2017.4 (lin64) Build 2086221 Fri Dec 15 20:54:30 MST 2017
| Date         : Sun Apr 29 08:53:24 2018
| Host         : agent-20 running 64-bit Ubuntu 16.04.3 LTS
| Command      : upgrade_ip
| Device       : xc7vx690tffg1157-2
------------------------------------------------------------------------------------

Upgrade Log for IP 'toe_ip'

1. Summary
----------

SUCCESS in the upgrade of toe_ip (ethz.systems:hls:toe:1.6) from (Rev. 1804281826) to (Rev. 1804290851)






Copyright 1986-2017 Xilinx, Inc. All Rights Reserved.
------------------------------------------------------------------------------------
| Tool Version : Vivado v.2017.4 (lin64) Build 2086221 Fri Dec 15 20:54:30 MST 2017
| Date         : Sat Apr 28 23:01:57 2018
| Host         : agent-20 running 64-bit Ubuntu 16.04.3 LTS
| Command      : upgrade_ip
| Device       : xc7vx690tffg1157-2
------------------------------------------------------------------------------------

Upgrade Log for IP 'toe_ip'

1. Summary
----------

SUCCESS in the upgrade of toe_ip (ethz.systems:hls:toe:1.6) from (Rev. 1804281635) to (Rev. 1804281826)






Copyright 1986-2017 Xilinx, Inc. All Rights Reserved.
------------------------------------------------------------------------------------
| Tool Version : Vivado v.2017.4 (lin64) Build 2086221 Fri Dec 15 20:54:30 MST 2017
| Date         : Sat Apr 28 16:43:59 2018
| Host         : agent-20 running 64-bit Ubuntu 16.04.3 LTS
| Command      : upgrade_ip
| Device       : xc7vx690tffg1157-2
------------------------------------------------------------------------------------

Upgrade Log for IP 'toe_ip'

1. Summary
----------

SUCCESS in the upgrade of toe_ip (ethz.systems:hls:toe:1.6) from (Rev. 1804251547) to (Rev. 1804281635)






Copyright 1986-2017 Xilinx, Inc. All Rights Reserved.
------------------------------------------------------------------------------------
| Tool Version : Vivado v.2017.4 (lin64) Build 2086221 Fri Dec 15 20:54:30 MST 2017
| Date         : Wed Apr 25 15:51:09 2018
| Host         : agent-20 running 64-bit Ubuntu 16.04.3 LTS
| Command      : upgrade_ip
| Device       : xc7vx690tffg1157-2
------------------------------------------------------------------------------------

Upgrade Log for IP 'toe_ip'

1. Summary
----------

SUCCESS in the upgrade of toe_ip (ethz.systems:hls:toe:1.6) from (Rev. 1804251147) to (Rev. 1804251547)






Copyright 1986-2017 Xilinx, Inc. All Rights Reserved.
------------------------------------------------------------------------------------
| Tool Version : Vivado v.2017.4 (lin64) Build 2086221 Fri Dec 15 20:54:30 MST 2017
| Date         : Wed Apr 25 11:56:00 2018
| Host         : agent-20 running 64-bit Ubuntu 16.04.3 LTS
| Command      : upgrade_ip
| Device       : xc7vx690tffg1157-2
------------------------------------------------------------------------------------

Upgrade Log for IP 'toe_ip'

1. Summary
----------

SUCCESS in the upgrade of toe_ip (ethz.systems:hls:toe:1.6) from (Rev. 1804232009) to (Rev. 1804251147)






Copyright 1986-2017 Xilinx, Inc. All Rights Reserved.
------------------------------------------------------------------------------------
| Tool Version : Vivado v.2017.4 (lin64) Build 2086221 Fri Dec 15 20:54:30 MST 2017
| Date         : Mon Apr 23 20:12:04 2018
| Host         : agent-20 running 64-bit Ubuntu 16.04.3 LTS
| Command      : upgrade_ip
| Device       : xc7vx690tffg1157-2
------------------------------------------------------------------------------------

Upgrade Log for IP 'toe_ip'

1. Summary
----------

SUCCESS in the upgrade of toe_ip (ethz.systems:hls:toe:1.6) from (Rev. 1804231336) to (Rev. 1804232009)






Copyright 1986-2017 Xilinx, Inc. All Rights Reserved.
------------------------------------------------------------------------------------
| Tool Version : Vivado v.2017.4 (lin64) Build 2086221 Fri Dec 15 20:54:30 MST 2017
| Date         : Mon Apr 23 13:54:08 2018
| Host         : agent-20 running 64-bit Ubuntu 16.04.3 LTS
| Command      : upgrade_ip
| Device       : xc7vx690tffg1157-2
------------------------------------------------------------------------------------

Upgrade Log for IP 'toe_ip'

1. Summary
----------

SUCCESS in the upgrade of toe_ip (ethz.systems:hls:toe:1.6) from (Rev. 1804221925) to (Rev. 1804231336)






Copyright 1986-2017 Xilinx, Inc. All Rights Reserved.
------------------------------------------------------------------------------------
| Tool Version : Vivado v.2017.4 (lin64) Build 2086221 Fri Dec 15 20:54:30 MST 2017
| Date         : Sun Apr 22 19:33:24 2018
| Host         : agent-20 running 64-bit Ubuntu 16.04.3 LTS
| Command      : upgrade_ip
| Device       : xc7vx690tffg1157-2
------------------------------------------------------------------------------------

Upgrade Log for IP 'toe_ip'

1. Summary
----------

SUCCESS in the upgrade of toe_ip (ethz.systems:hls:toe:1.6) from (Rev. 1804221205) to (Rev. 1804221925)






Copyright 1986-2017 Xilinx, Inc. All Rights Reserved.
------------------------------------------------------------------------------------
| Tool Version : Vivado v.2017.4 (lin64) Build 2086221 Fri Dec 15 20:54:30 MST 2017
| Date         : Sun Apr 22 12:21:52 2018
| Host         : agent-20 running 64-bit Ubuntu 16.04.3 LTS
| Command      : upgrade_ip
| Device       : xc7vx690tffg1157-2
------------------------------------------------------------------------------------

Upgrade Log for IP 'toe_ip'

1. Summary
----------

SUCCESS in the upgrade of toe_ip (ethz.systems:hls:toe:1.6) from (Rev. 1804220940) to (Rev. 1804221205)






Copyright 1986-2017 Xilinx, Inc. All Rights Reserved.
------------------------------------------------------------------------------------
| Tool Version : Vivado v.2017.4 (lin64) Build 2086221 Fri Dec 15 20:54:30 MST 2017
| Date         : Sun Apr 22 10:12:55 2018
| Host         : agent-20 running 64-bit Ubuntu 16.04.3 LTS
| Command      : upgrade_ip
| Device       : xc7vx690tffg1157-2
------------------------------------------------------------------------------------

Upgrade Log for IP 'toe_ip'

1. Summary
----------

SUCCESS in the upgrade of toe_ip (ethz.systems:hls:toe:1.6) from (Rev. 1804212001) to (Rev. 1804220940)






Copyright 1986-2017 Xilinx, Inc. All Rights Reserved.
------------------------------------------------------------------------------------
| Tool Version : Vivado v.2017.4 (lin64) Build 2086221 Fri Dec 15 20:54:30 MST 2017
| Date         : Sun Apr 22 08:19:05 2018
| Host         : agent-20 running 64-bit Ubuntu 16.04.3 LTS
| Command      : upgrade_ip
| Device       : xc7vx690tffg1157-2
------------------------------------------------------------------------------------

Upgrade Log for IP 'toe_ip'

1. Summary
----------

CAUTION (success, with warnings) in the upgrade of toe_ip (ethz.systems:hls:toe:1.6) from (Rev. 1804201921) to (Rev. 1804212001)

After upgrade, an IP may have parameter and port differences compared to the original customization. Please review the parameters within the IP customization GUI to ensure proper functionality. Also, please review the updated IP instantiation template to ensure proper connectivity, and update your design if required.

2. Interface Information
------------------------

Detected external interface differences while upgrading 'toe_ip'.


-Upgrade has added interface 'm_axis_debug_state' (xilinx.com:interface:axis:1.0)


3. Connection Warnings
----------------------

Detected external port differences while upgrading 'toe_ip'. These changes may impact your design.


-Upgrade has added port 'm_axis_debug_state_TDATA'

-Upgrade has added port 'm_axis_debug_state_TREADY'

-Upgrade has added port 'm_axis_debug_state_TVALID'







Copyright 1986-2017 Xilinx, Inc. All Rights Reserved.
------------------------------------------------------------------------------------
| Tool Version : Vivado v.2017.4 (lin64) Build 2086221 Fri Dec 15 20:54:30 MST 2017
| Date         : Fri Apr 20 19:24:30 2018
| Host         : agent-20 running 64-bit Ubuntu 16.04.3 LTS
| Command      : upgrade_ip
| Device       : xc7vx690tffg1157-2
------------------------------------------------------------------------------------

Upgrade Log for IP 'toe_ip'

1. Summary
----------

CAUTION (success, with warnings) in the upgrade of toe_ip (ethz.systems:hls:toe:1.6) from (Rev. 1804201351) to (Rev. 1804201921)

After upgrade, an IP may have parameter and port differences compared to the original customization. Please review the parameters within the IP customization GUI to ensure proper functionality. Also, please review the updated IP instantiation template to ensure proper connectivity, and update your design if required.

2. Interface Information
------------------------

Detected external interface differences while upgrading 'toe_ip'.


-Upgrade has removed interface 'm_axis_debug_state'


3. Connection Warnings
----------------------

Detected external port differences while upgrading 'toe_ip'. These changes may impact your design.


-Upgrade has removed port 'm_axis_debug_state_TDATA'

-Upgrade has removed port 'm_axis_debug_state_TREADY'

-Upgrade has removed port 'm_axis_debug_state_TVALID'







Copyright 1986-2017 Xilinx, Inc. All Rights Reserved.
------------------------------------------------------------------------------------
| Tool Version : Vivado v.2017.4 (lin64) Build 2086221 Fri Dec 15 20:54:30 MST 2017
| Date         : Fri Apr 20 14:36:54 2018
| Host         : agent-20 running 64-bit Ubuntu 16.04.3 LTS
| Command      : upgrade_ip
| Device       : xc7vx690tffg1157-2
------------------------------------------------------------------------------------

Upgrade Log for IP 'toe_ip'

1. Summary
----------

CAUTION (success, with warnings) in the upgrade of toe_ip (ethz.systems:hls:toe:1.6) from (Rev. 1804091432) to (Rev. 1804201351)

After upgrade, an IP may have parameter and port differences compared to the original customization. Please review the parameters within the IP customization GUI to ensure proper functionality. Also, please review the updated IP instantiation template to ensure proper connectivity, and update your design if required.

2. Interface Information
------------------------

Detected external interface differences while upgrading 'toe_ip'.


-Upgrade has added interface 'm_axis_debug_state' (xilinx.com:interface:axis:1.0)


3. Connection Warnings
----------------------

Detected external port differences while upgrading 'toe_ip'. These changes may impact your design.


-Upgrade has added port 'm_axis_debug_state_TDATA'

-Upgrade has added port 'm_axis_debug_state_TREADY'

-Upgrade has added port 'm_axis_debug_state_TVALID'







Copyright 1986-2017 Xilinx, Inc. All Rights Reserved.
------------------------------------------------------------------------------------
| Tool Version : Vivado v.2017.4 (lin64) Build 2086221 Fri Dec 15 20:54:30 MST 2017
| Date         : Mon Apr  9 14:32:57 2018
| Host         : agent-20 running 64-bit Ubuntu 16.04.3 LTS
| Command      : upgrade_ip
| Device       : xc7vx690tffg1157-2
------------------------------------------------------------------------------------

Upgrade Log for IP 'toe_ip'

1. Summary
----------

SUCCESS in the upgrade of toe_ip (ethz.systems:hls:toe:1.6) from (Rev. 1804091319) to (Rev. 1804091432)






Copyright 1986-2017 Xilinx, Inc. All Rights Reserved.
------------------------------------------------------------------------------------
| Tool Version : Vivado v.2017.4 (lin64) Build 2086221 Fri Dec 15 20:54:30 MST 2017
| Date         : Mon Apr  9 13:21:10 2018
| Host         : agent-20 running 64-bit Ubuntu 16.04.3 LTS
| Command      : upgrade_ip
| Device       : xc7vx690tffg1157-2
------------------------------------------------------------------------------------

Upgrade Log for IP 'toe_ip'

1. Summary
----------

SUCCESS in the upgrade of toe_ip (ethz.systems:hls:toe:1.6) from (Rev. 1804061358) to (Rev. 1804091319)






Copyright 1986-2017 Xilinx, Inc. All Rights Reserved.
------------------------------------------------------------------------------------
| Tool Version : Vivado v.2017.4 (lin64) Build 2086221 Fri Dec 15 20:54:30 MST 2017
| Date         : Sat Apr  7 14:11:00 2018
| Host         : agent-20 running 64-bit Ubuntu 16.04.3 LTS
| Command      : upgrade_ip
| Device       : xc7vx690tffg1157-2
------------------------------------------------------------------------------------

Upgrade Log for IP 'udp_0'

1. Summary
----------

SUCCESS in the upgrade of udp_0 (xilinx.labs:hls:udp:1.41) from (Rev. 1712151926) to (Rev. 1804061220)






Copyright 1986-2017 Xilinx, Inc. All Rights Reserved.
------------------------------------------------------------------------------------
| Tool Version : Vivado v.2017.4 (lin64) Build 2086221 Fri Dec 15 20:54:30 MST 2017
| Date         : Sat Apr  7 14:11:00 2018
| Host         : agent-20 running 64-bit Ubuntu 16.04.3 LTS
| Command      : upgrade_ip
| Device       : xc7vx690tffg1157-2
------------------------------------------------------------------------------------

Upgrade Log for IP 'mac_ip_encode_ip'

1. Summary
----------

CAUTION (success, with warnings) in the upgrade of mac_ip_encode_ip (xilinx.labs:hls:mac_ip_encode:1.04) from (Rev. 1712161526) to (Rev. 1804061219)

After upgrade, an IP may have parameter and port differences compared to the original customization. Please review the parameters within the IP customization GUI to ensure proper functionality. Also, please review the updated IP instantiation template to ensure proper connectivity, and update your design if required.

2. Interface Information
------------------------

Detected external interface differences while upgrading 'mac_ip_encode_ip'.


-Upgrade has removed interface 'ap_clk'

-Upgrade has removed interface 'ap_rst_n'

-Upgrade has removed interface 'arpTableIn_V'

-Upgrade has removed interface 'arpTableOut_V_V'

-Upgrade has removed interface 'dataIn'

-Upgrade has removed interface 'dataOut'

-Upgrade has removed interface 'myMacAddress_V'

-Upgrade has removed interface 'regDefaultGateway_V'

-Upgrade has removed interface 'regSubNetMask_V'

-Upgrade has added interface 'aclk' (xilinx.com:signal:clock:1.0)

-Upgrade has added interface 'aresetn' (xilinx.com:signal:reset:1.0)

-Upgrade has added interface 'm_axis_arp_lookup_request' (xilinx.com:interface:axis:1.0)

-Upgrade has added interface 'm_axis_ip' (xilinx.com:interface:axis:1.0)

-Upgrade has added interface 's_axis_arp_lookup_reply' (xilinx.com:interface:axis:1.0)

-Upgrade has added interface 's_axis_ip' (xilinx.com:interface:axis:1.0)


3. Connection Warnings
----------------------

Detected external port differences while upgrading 'mac_ip_encode_ip'. These changes may impact your design.


-Upgrade has removed port 'ap_clk'

-Upgrade has removed port 'ap_rst_n'

-Upgrade has removed port 'arpTableIn_V_TDATA'

-Upgrade has removed port 'arpTableIn_V_TREADY'

-Upgrade has removed port 'arpTableIn_V_TVALID'

-Upgrade has removed port 'arpTableOut_V_V_TDATA'

-Upgrade has removed port 'arpTableOut_V_V_TREADY'

-Upgrade has removed port 'arpTableOut_V_V_TVALID'

-Upgrade has removed port 'dataIn_TDATA'

-Upgrade has removed port 'dataIn_TKEEP'

-Upgrade has removed port 'dataIn_TLAST'

-Upgrade has removed port 'dataIn_TREADY'

-Upgrade has removed port 'dataIn_TVALID'

-Upgrade has removed port 'dataOut_TDATA'

-Upgrade has removed port 'dataOut_TKEEP'

-Upgrade has removed port 'dataOut_TLAST'

-Upgrade has removed port 'dataOut_TREADY'

-Upgrade has removed port 'dataOut_TVALID'

-Upgrade has added port 'aclk'

-Upgrade has added port 'aresetn'

-Upgrade has added port 'm_axis_arp_lookup_request_TDATA'

-Upgrade has added port 'm_axis_arp_lookup_request_TREADY'

-Upgrade has added port 'm_axis_arp_lookup_request_TVALID'

-Upgrade has added port 'm_axis_ip_TDATA'

-Upgrade has added port 'm_axis_ip_TKEEP'

-Upgrade has added port 'm_axis_ip_TLAST'

-Upgrade has added port 'm_axis_ip_TREADY'

-Upgrade has added port 'm_axis_ip_TVALID'

-Upgrade has added port 's_axis_arp_lookup_reply_TDATA'

-Upgrade has added port 's_axis_arp_lookup_reply_TREADY'

-Upgrade has added port 's_axis_arp_lookup_reply_TVALID'

-Upgrade has added port 's_axis_ip_TDATA'

-Upgrade has added port 's_axis_ip_TKEEP'

-Upgrade has added port 's_axis_ip_TLAST'

-Upgrade has added port 's_axis_ip_TREADY'

-Upgrade has added port 's_axis_ip_TVALID'


4. Customization warnings
-------------------------

Parameter 'clk_period' is no longer present on the upgraded IP 'mac_ip_encode_ip', and cannot be set to '6.660000'

Parameter 'machine' is no longer present on the upgraded IP 'mac_ip_encode_ip', and cannot be set to '64'

Parameter 'combinational' is no longer present on the upgraded IP 'mac_ip_encode_ip', and cannot be set to '0'

Parameter 'latency' is no longer present on the upgraded IP 'mac_ip_encode_ip', and cannot be set to '2'

Parameter 'II' is no longer present on the upgraded IP 'mac_ip_encode_ip', and cannot be set to 'x'


5. Debug Commands
-----------------

  The following debug information can be passed to Vivado as Tcl commands,
in order to validate or debug the output of the upgrade flow.
  You may consult any warnings from within this upgrade, and alter or remove
the configuration parameter(s) which caused the warning; then execute the Tcl
commands, and use the IP Customization GUI to verify the IP configuration.

create_ip -vlnv xilinx.labs:hls:mac_ip_encode:1.04 -user_name mac_ip_encode_ip
set_property -dict "\
  CONFIG.Component_Name {mac_ip_encode_ip} " [get_ips mac_ip_encode_ip]







Copyright 1986-2017 Xilinx, Inc. All Rights Reserved.
------------------------------------------------------------------------------------
| Tool Version : Vivado v.2017.4 (lin64) Build 2086221 Fri Dec 15 20:54:30 MST 2017
| Date         : Sat Apr  7 14:11:00 2018
| Host         : agent-20 running 64-bit Ubuntu 16.04.3 LTS
| Command      : upgrade_ip
| Device       : xc7vx690tffg1157-2
------------------------------------------------------------------------------------

Upgrade Log for IP 'icmp_server_ip'

1. Summary
----------

SUCCESS in the upgrade of icmp_server_ip (xilinx.labs:hls:icmp_server:1.67) from (Rev. 1712151925) to (Rev. 1804061220)






Copyright 1986-2017 Xilinx, Inc. All Rights Reserved.
------------------------------------------------------------------------------------
| Tool Version : Vivado v.2017.4 (lin64) Build 2086221 Fri Dec 15 20:54:30 MST 2017
| Date         : Thu Apr  5 22:54:41 2018
| Host         : agent-20 running 64-bit Ubuntu 16.04.3 LTS
| Command      : upgrade_ip
| Device       : xc7vx690tffg1157-2
------------------------------------------------------------------------------------

Upgrade Log for IP 'toe_ip'

1. Summary
----------

SUCCESS in the upgrade of toe_ip (xilinx.labs:hls:toe:1.7) from (Rev. 1804051907) to (Rev. 1804052152)






Copyright 1986-2017 Xilinx, Inc. All Rights Reserved.
------------------------------------------------------------------------------------
| Tool Version : Vivado v.2017.4 (lin64) Build 2086221 Fri Dec 15 20:54:30 MST 2017
| Date         : Thu Apr  5 19:12:49 2018
| Host         : agent-20 running 64-bit Ubuntu 16.04.3 LTS
| Command      : upgrade_ip
| Device       : xc7vx690tffg1157-2
------------------------------------------------------------------------------------

Upgrade Log for IP 'toe_ip'

1. Summary
----------

SUCCESS in the upgrade of toe_ip (xilinx.labs:hls:toe:1.7) from (Rev. 1803021854) to (Rev. 1804051907)






Copyright 1986-2017 Xilinx, Inc. All Rights Reserved.
------------------------------------------------------------------------------------
| Tool Version : Vivado v.2017.4 (lin64) Build 2086221 Fri Dec 15 20:54:30 MST 2017
| Date         : Fri Mar  2 18:57:56 2018
| Host         : agent-20 running 64-bit Ubuntu 16.04.3 LTS
| Command      : upgrade_ip
| Device       : xc7vx690tffg1157-2
------------------------------------------------------------------------------------

Upgrade Log for IP 'toe_ip'

1. Summary
----------

SUCCESS in the upgrade of toe_ip (xilinx.labs:hls:toe:1.7) from (Rev. 1803021712) to (Rev. 1803021854)






Copyright 1986-2017 Xilinx, Inc. All Rights Reserved.
------------------------------------------------------------------------------------
| Tool Version : Vivado v.2017.4 (lin64) Build 2086221 Fri Dec 15 20:54:30 MST 2017
| Date         : Fri Mar  2 17:18:39 2018
| Host         : agent-20 running 64-bit Ubuntu 16.04.3 LTS
| Command      : upgrade_ip
| Device       : xc7vx690tffg1157-2
------------------------------------------------------------------------------------

Upgrade Log for IP 'toe_ip'

1. Summary
----------

SUCCESS in the upgrade of toe_ip (xilinx.labs:hls:toe:1.7) from (Rev. 1803021445) to (Rev. 1803021712)






Copyright 1986-2017 Xilinx, Inc. All Rights Reserved.
------------------------------------------------------------------------------------
| Tool Version : Vivado v.2017.4 (lin64) Build 2086221 Fri Dec 15 20:54:30 MST 2017
| Date         : Fri Mar  2 14:50:09 2018
| Host         : agent-20 running 64-bit Ubuntu 16.04.3 LTS
| Command      : upgrade_ip
| Device       : xc7vx690tffg1157-2
------------------------------------------------------------------------------------

Upgrade Log for IP 'toe_ip'

1. Summary
----------

SUCCESS in the upgrade of toe_ip (xilinx.labs:hls:toe:1.7) from (Rev. 1802271453) to (Rev. 1803021445)






Copyright 1986-2017 Xilinx, Inc. All Rights Reserved.
------------------------------------------------------------------------------------
| Tool Version : Vivado v.2017.4 (lin64) Build 2086221 Fri Dec 15 20:54:30 MST 2017
| Date         : Tue Feb 27 14:56:48 2018
| Host         : agent-20 running 64-bit Ubuntu 16.04.3 LTS
| Command      : upgrade_ip
| Device       : xc7vx690tffg1157-2
------------------------------------------------------------------------------------

Upgrade Log for IP 'toe_ip'

1. Summary
----------

SUCCESS in the upgrade of toe_ip (xilinx.labs:hls:toe:1.7) from (Rev. 1802270952) to (Rev. 1802271453)






Copyright 1986-2017 Xilinx, Inc. All Rights Reserved.
------------------------------------------------------------------------------------
| Tool Version : Vivado v.2017.4 (lin64) Build 2086221 Fri Dec 15 20:54:30 MST 2017
| Date         : Tue Feb 27 09:53:23 2018
| Host         : agent-20 running 64-bit Ubuntu 16.04.3 LTS
| Command      : upgrade_ip
| Device       : xc7vx690tffg1157-2
------------------------------------------------------------------------------------

Upgrade Log for IP 'toe_ip'

1. Summary
----------

SUCCESS in the upgrade of toe_ip from xilinx.labs:hls:toe:1.6 (Rev. 1802270930) to xilinx.labs:hls:toe:1.7 (Rev. 1802270952)






Copyright 1986-2017 Xilinx, Inc. All Rights Reserved.
------------------------------------------------------------------------------------
| Tool Version : Vivado v.2017.4 (lin64) Build 2086221 Fri Dec 15 20:54:30 MST 2017
| Date         : Tue Feb 27 09:47:51 2018
| Host         : agent-20 running 64-bit Ubuntu 16.04.3 LTS
| Command      : upgrade_ip
| Device       : xc7vx690tffg1157-2
------------------------------------------------------------------------------------

Upgrade Log for IP 'toe_ip'

1. Summary
----------

SUCCESS in the upgrade of toe_ip from xilinx.labs:hls:toe:1.5 (Rev. 1802262004) to xilinx.labs:hls:toe:1.6 (Rev. 1802270930)






Copyright 1986-2017 Xilinx, Inc. All Rights Reserved.
------------------------------------------------------------------------------------
| Tool Version : Vivado v.2017.4 (lin64) Build 2086221 Fri Dec 15 20:54:30 MST 2017
| Date         : Mon Feb 26 20:06:40 2018
| Host         : agent-20 running 64-bit Ubuntu 16.04.3 LTS
| Command      : upgrade_ip
| Device       : xc7vx690tffg1157-2
------------------------------------------------------------------------------------

Upgrade Log for IP 'toe_ip'

1. Summary
----------

SUCCESS in the upgrade of toe_ip (xilinx.labs:hls:toe:1.5) from (Rev. 1802261818) to (Rev. 1802262004)






Copyright 1986-2017 Xilinx, Inc. All Rights Reserved.
------------------------------------------------------------------------------------
| Tool Version : Vivado v.2017.4 (lin64) Build 2086221 Fri Dec 15 20:54:30 MST 2017
| Date         : Mon Feb 26 18:24:14 2018
| Host         : agent-20 running 64-bit Ubuntu 16.04.3 LTS
| Command      : upgrade_ip
| Device       : xc7vx690tffg1157-2
------------------------------------------------------------------------------------

Upgrade Log for IP 'toe_ip'

1. Summary
----------

SUCCESS in the upgrade of toe_ip (xilinx.labs:hls:toe:1.5) from (Rev. 1802261726) to (Rev. 1802261818)






Copyright 1986-2017 Xilinx, Inc. All Rights Reserved.
------------------------------------------------------------------------------------
| Tool Version : Vivado v.2017.4 (lin64) Build 2086221 Fri Dec 15 20:54:30 MST 2017
| Date         : Mon Feb 26 17:44:20 2018
| Host         : agent-20 running 64-bit Ubuntu 16.04.3 LTS
| Command      : upgrade_ip
| Device       : xc7vx690tffg1157-2
------------------------------------------------------------------------------------

Upgrade Log for IP 'toe_ip'

1. Summary
----------

SUCCESS in the upgrade of toe_ip (xilinx.labs:hls:toe:1.5) from (Rev. 1802251529) to (Rev. 1802261726)






Copyright 1986-2017 Xilinx, Inc. All Rights Reserved.
------------------------------------------------------------------------------------
| Tool Version : Vivado v.2017.4 (lin64) Build 2086221 Fri Dec 15 20:54:30 MST 2017
| Date         : Sun Feb 25 16:11:05 2018
| Host         : agent-20 running 64-bit Ubuntu 16.04.3 LTS
| Command      : upgrade_ip
| Device       : xc7vx690tffg1157-2
------------------------------------------------------------------------------------

Upgrade Log for IP 'udp_0'

1. Summary
----------

SUCCESS in the upgrade of udp_0 (xilinx.labs:hls:udp:1.41) from (Rev. 1802231032) to (Rev. 1712151926)






Copyright 1986-2017 Xilinx, Inc. All Rights Reserved.
------------------------------------------------------------------------------------
| Tool Version : Vivado v.2017.4 (lin64) Build 2086221 Fri Dec 15 20:54:30 MST 2017
| Date         : Sun Feb 25 16:11:04 2018
| Host         : agent-20 running 64-bit Ubuntu 16.04.3 LTS
| Command      : upgrade_ip
| Device       : xc7vx690tffg1157-2
------------------------------------------------------------------------------------

Upgrade Log for IP 'toe_ip'

1. Summary
----------

SUCCESS in the upgrade of toe_ip (xilinx.labs:hls:toe:1.5) from (Rev. 1802231237) to (Rev. 1802251529)






Copyright 1986-2017 Xilinx, Inc. All Rights Reserved.
------------------------------------------------------------------------------------
| Tool Version : Vivado v.2017.4 (lin64) Build 2086221 Fri Dec 15 20:54:30 MST 2017
| Date         : Sun Feb 25 16:11:03 2018
| Host         : agent-20 running 64-bit Ubuntu 16.04.3 LTS
| Command      : upgrade_ip
| Device       : xc7vx690tffg1157-2
------------------------------------------------------------------------------------

Upgrade Log for IP 'mac_ip_encode_ip'

1. Summary
----------

SUCCESS in the upgrade of mac_ip_encode_ip (xilinx.labs:hls:mac_ip_encode:1.04) from (Rev. 1802231016) to (Rev. 1712161526)






Copyright 1986-2017 Xilinx, Inc. All Rights Reserved.
------------------------------------------------------------------------------------
| Tool Version : Vivado v.2017.4 (lin64) Build 2086221 Fri Dec 15 20:54:30 MST 2017
| Date         : Sun Feb 25 16:11:03 2018
| Host         : agent-20 running 64-bit Ubuntu 16.04.3 LTS
| Command      : upgrade_ip
| Device       : xc7vx690tffg1157-2
------------------------------------------------------------------------------------

Upgrade Log for IP 'ip_handler_ip'

1. Summary
----------

SUCCESS in the upgrade of ip_handler_ip (xilinx.labs:hls:ip_handler:1.21) from (Rev. 1802231014) to (Rev. 1712151925)






Copyright 1986-2017 Xilinx, Inc. All Rights Reserved.
------------------------------------------------------------------------------------
| Tool Version : Vivado v.2017.4 (lin64) Build 2086221 Fri Dec 15 20:54:30 MST 2017
| Date         : Sun Feb 25 16:11:02 2018
| Host         : agent-20 running 64-bit Ubuntu 16.04.3 LTS
| Command      : upgrade_ip
| Device       : xc7vx690tffg1157-2
------------------------------------------------------------------------------------

Upgrade Log for IP 'icmp_server_ip'

1. Summary
----------

SUCCESS in the upgrade of icmp_server_ip (xilinx.labs:hls:icmp_server:1.67) from (Rev. 1802231012) to (Rev. 1712151925)






Copyright 1986-2017 Xilinx, Inc. All Rights Reserved.
------------------------------------------------------------------------------------
| Tool Version : Vivado v.2017.4 (lin64) Build 2086221 Fri Dec 15 20:54:30 MST 2017
| Date         : Sun Feb 25 16:11:01 2018
| Host         : agent-20 running 64-bit Ubuntu 16.04.3 LTS
| Command      : upgrade_ip
| Device       : xc7vx690tffg1157-2
------------------------------------------------------------------------------------

Upgrade Log for IP 'arp_server_ip'

1. Summary
----------

SUCCESS in the upgrade of arp_server_ip (xilinx.labs:hls:arp_server:1.14) from (Rev. 1802231005) to (Rev. 1712151925)

