
*** Running vivado
    with args -log bd_01e2_dcm_locked_driver_0.vds -m64 -product Vivado -mode batch -messageDb vivado.pb -notrace -source bd_01e2_dcm_locked_driver_0.tcl


****** Vivado v2018.1 (64-bit)
  **** SW Build 2188600 on Wed Apr  4 18:39:19 MDT 2018
  **** IP Build 2185939 on Wed Apr  4 20:55:05 MDT 2018
    ** Copyright 1986-2018 Xilinx, Inc. All Rights Reserved.

source bd_01e2_dcm_locked_driver_0.tcl -notrace
Command: synth_design -top bd_01e2_dcm_locked_driver_0 -part xcku115-flva1517-2-e -mode out_of_context
Starting synth_design
Attempting to get a license for feature 'Synthesis' and/or device 'xcku115'
INFO: [Common 17-349] Got license for feature 'Synthesis' and/or device 'xcku115'
INFO: Launching helper process for spawning children vivado processes
INFO: Helper process launched with PID 32405 
---------------------------------------------------------------------------------
Starting RTL Elaboration : Time (s): cpu = 00:00:08 ; elapsed = 00:00:08 . Memory (MB): peak = 1348.453 ; gain = 76.000 ; free physical = 4324 ; free virtual = 35520
---------------------------------------------------------------------------------
INFO: [Synth 8-6157] synthesizing module 'bd_01e2_dcm_locked_driver_0' [/nfs/ug/thesis/thesis0/pc/Graham/galapagos/shells/projects/adm-8k5/adm-8k5.srcs/sources_1/bd/srcs/ip/shell_axi_10g_ethernet_0_0/bd_0/ip/ip_2/synth/bd_01e2_dcm_locked_driver_0.v:57]
INFO: [Synth 8-6157] synthesizing module 'xlconstant_v1_1_4_xlconstant' [/nfs/ug/thesis/thesis0/pc/Graham/galapagos/shells/projects/adm-8k5/adm-8k5.srcs/sources_1/bd/srcs/ipshared/2fc9/hdl/xlconstant_v1_1_vl_rfs.v:23]
	Parameter CONST_VAL bound to: 1 - type: integer 
	Parameter CONST_WIDTH bound to: 1 - type: integer 
INFO: [Synth 8-6155] done synthesizing module 'xlconstant_v1_1_4_xlconstant' (1#1) [/nfs/ug/thesis/thesis0/pc/Graham/galapagos/shells/projects/adm-8k5/adm-8k5.srcs/sources_1/bd/srcs/ipshared/2fc9/hdl/xlconstant_v1_1_vl_rfs.v:23]
INFO: [Synth 8-6155] done synthesizing module 'bd_01e2_dcm_locked_driver_0' (2#1) [/nfs/ug/thesis/thesis0/pc/Graham/galapagos/shells/projects/adm-8k5/adm-8k5.srcs/sources_1/bd/srcs/ip/shell_axi_10g_ethernet_0_0/bd_0/ip/ip_2/synth/bd_01e2_dcm_locked_driver_0.v:57]
---------------------------------------------------------------------------------
Finished RTL Elaboration : Time (s): cpu = 00:00:08 ; elapsed = 00:00:09 . Memory (MB): peak = 1393.062 ; gain = 120.609 ; free physical = 4336 ; free virtual = 35533
---------------------------------------------------------------------------------

Report Check Netlist: 
+------+------------------+-------+---------+-------+------------------+
|      |Item              |Errors |Warnings |Status |Description       |
+------+------------------+-------+---------+-------+------------------+
|1     |multi_driven_nets |      0|        0|Passed |Multi driven nets |
+------+------------------+-------+---------+-------+------------------+
---------------------------------------------------------------------------------
Start Handling Custom Attributes
---------------------------------------------------------------------------------
---------------------------------------------------------------------------------
Finished Handling Custom Attributes : Time (s): cpu = 00:00:09 ; elapsed = 00:00:10 . Memory (MB): peak = 1393.062 ; gain = 120.609 ; free physical = 4332 ; free virtual = 35528
---------------------------------------------------------------------------------
---------------------------------------------------------------------------------
Finished RTL Optimization Phase 1 : Time (s): cpu = 00:00:09 ; elapsed = 00:00:10 . Memory (MB): peak = 1393.062 ; gain = 120.609 ; free physical = 4332 ; free virtual = 35528
---------------------------------------------------------------------------------
INFO: [Device 21-403] Loading part xcku115-flva1517-2-e
INFO: [Project 1-570] Preparing netlist for logic optimization

Processing XDC Constraints
Initializing timing engine
Completed Processing XDC Constraints

INFO: [Project 1-111] Unisim Transformation Summary:
No Unisim elements were transformed.

Constraint Validation Runtime : Time (s): cpu = 00:00:00 ; elapsed = 00:00:00.03 . Memory (MB): peak = 1987.387 ; gain = 0.000 ; free physical = 2660 ; free virtual = 33868
---------------------------------------------------------------------------------
Finished Constraint Validation : Time (s): cpu = 00:00:25 ; elapsed = 00:00:35 . Memory (MB): peak = 1987.387 ; gain = 714.934 ; free physical = 2304 ; free virtual = 33513
---------------------------------------------------------------------------------
---------------------------------------------------------------------------------
Start Loading Part and Timing Information
---------------------------------------------------------------------------------
Loading part: xcku115-flva1517-2-e
---------------------------------------------------------------------------------
Finished Loading Part and Timing Information : Time (s): cpu = 00:00:25 ; elapsed = 00:00:35 . Memory (MB): peak = 1987.387 ; gain = 714.934 ; free physical = 2304 ; free virtual = 33513
---------------------------------------------------------------------------------
---------------------------------------------------------------------------------
Start Applying 'set_property' XDC Constraints
---------------------------------------------------------------------------------
---------------------------------------------------------------------------------
Finished applying 'set_property' XDC Constraints : Time (s): cpu = 00:00:25 ; elapsed = 00:00:35 . Memory (MB): peak = 1987.387 ; gain = 714.934 ; free physical = 2306 ; free virtual = 33514
---------------------------------------------------------------------------------
---------------------------------------------------------------------------------
Finished RTL Optimization Phase 2 : Time (s): cpu = 00:00:25 ; elapsed = 00:00:35 . Memory (MB): peak = 1987.387 ; gain = 714.934 ; free physical = 2302 ; free virtual = 33511
---------------------------------------------------------------------------------

Report RTL Partitions: 
+-+--------------+------------+----------+
| |RTL Partition |Replication |Instances |
+-+--------------+------------+----------+
+-+--------------+------------+----------+
---------------------------------------------------------------------------------
Start RTL Component Statistics 
---------------------------------------------------------------------------------
Detailed RTL Component Info : 
---------------------------------------------------------------------------------
Finished RTL Component Statistics 
---------------------------------------------------------------------------------
---------------------------------------------------------------------------------
Start RTL Hierarchical Component Statistics 
---------------------------------------------------------------------------------
Hierarchical RTL Component report 
---------------------------------------------------------------------------------
Finished RTL Hierarchical Component Statistics
---------------------------------------------------------------------------------
---------------------------------------------------------------------------------
Start Part Resource Summary
---------------------------------------------------------------------------------
Part Resources:
DSPs: 5520 (col length:120)
BRAMs: 4320 (col length: RAMB18 240 RAMB36 120)
---------------------------------------------------------------------------------
Finished Part Resource Summary
---------------------------------------------------------------------------------
---------------------------------------------------------------------------------
Start Cross Boundary and Area Optimization
---------------------------------------------------------------------------------
Warning: Parallel synthesis criteria is not met 
WARNING: [Synth 8-3330] design bd_01e2_dcm_locked_driver_0 has an empty top module
INFO: [Synth 8-3917] design bd_01e2_dcm_locked_driver_0 has port dout[0] driven by constant 1
---------------------------------------------------------------------------------
Finished Cross Boundary and Area Optimization : Time (s): cpu = 00:00:25 ; elapsed = 00:00:35 . Memory (MB): peak = 1987.387 ; gain = 714.934 ; free physical = 2299 ; free virtual = 33509
---------------------------------------------------------------------------------

Report RTL Partitions: 
+-+--------------+------------+----------+
| |RTL Partition |Replication |Instances |
+-+--------------+------------+----------+
+-+--------------+------------+----------+
---------------------------------------------------------------------------------
Start Applying XDC Timing Constraints
---------------------------------------------------------------------------------
---------------------------------------------------------------------------------
Finished Applying XDC Timing Constraints : Time (s): cpu = 00:00:37 ; elapsed = 00:01:05 . Memory (MB): peak = 2217.863 ; gain = 945.410 ; free physical = 922 ; free virtual = 32196
---------------------------------------------------------------------------------
---------------------------------------------------------------------------------
Start Timing Optimization
---------------------------------------------------------------------------------
---------------------------------------------------------------------------------
Finished Timing Optimization : Time (s): cpu = 00:00:37 ; elapsed = 00:01:05 . Memory (MB): peak = 2217.863 ; gain = 945.410 ; free physical = 921 ; free virtual = 32196
---------------------------------------------------------------------------------

Report RTL Partitions: 
+-+--------------+------------+----------+
| |RTL Partition |Replication |Instances |
+-+--------------+------------+----------+
+-+--------------+------------+----------+
---------------------------------------------------------------------------------
Start Technology Mapping
---------------------------------------------------------------------------------
---------------------------------------------------------------------------------
Finished Technology Mapping : Time (s): cpu = 00:00:37 ; elapsed = 00:01:05 . Memory (MB): peak = 2217.863 ; gain = 945.410 ; free physical = 920 ; free virtual = 32195
---------------------------------------------------------------------------------

Report RTL Partitions: 
+-+--------------+------------+----------+
| |RTL Partition |Replication |Instances |
+-+--------------+------------+----------+
+-+--------------+------------+----------+
---------------------------------------------------------------------------------
Start IO Insertion
---------------------------------------------------------------------------------
---------------------------------------------------------------------------------
Start Flattening Before IO Insertion
---------------------------------------------------------------------------------
---------------------------------------------------------------------------------
Finished Flattening Before IO Insertion
---------------------------------------------------------------------------------
---------------------------------------------------------------------------------
Start Final Netlist Cleanup
---------------------------------------------------------------------------------
---------------------------------------------------------------------------------
Finished Final Netlist Cleanup
---------------------------------------------------------------------------------
---------------------------------------------------------------------------------
Finished IO Insertion : Time (s): cpu = 00:00:38 ; elapsed = 00:01:05 . Memory (MB): peak = 2217.863 ; gain = 945.410 ; free physical = 879 ; free virtual = 32154
---------------------------------------------------------------------------------

Report Check Netlist: 
+------+------------------+-------+---------+-------+------------------+
|      |Item              |Errors |Warnings |Status |Description       |
+------+------------------+-------+---------+-------+------------------+
|1     |multi_driven_nets |      0|        0|Passed |Multi driven nets |
+------+------------------+-------+---------+-------+------------------+
---------------------------------------------------------------------------------
Start Renaming Generated Instances
---------------------------------------------------------------------------------
---------------------------------------------------------------------------------
Finished Renaming Generated Instances : Time (s): cpu = 00:00:38 ; elapsed = 00:01:05 . Memory (MB): peak = 2217.863 ; gain = 945.410 ; free physical = 879 ; free virtual = 32154
---------------------------------------------------------------------------------

Report RTL Partitions: 
+-+--------------+------------+----------+
| |RTL Partition |Replication |Instances |
+-+--------------+------------+----------+
+-+--------------+------------+----------+
---------------------------------------------------------------------------------
Start Rebuilding User Hierarchy
---------------------------------------------------------------------------------
---------------------------------------------------------------------------------
Finished Rebuilding User Hierarchy : Time (s): cpu = 00:00:38 ; elapsed = 00:01:05 . Memory (MB): peak = 2217.863 ; gain = 945.410 ; free physical = 879 ; free virtual = 32154
---------------------------------------------------------------------------------
---------------------------------------------------------------------------------
Start Renaming Generated Ports
---------------------------------------------------------------------------------
---------------------------------------------------------------------------------
Finished Renaming Generated Ports : Time (s): cpu = 00:00:38 ; elapsed = 00:01:05 . Memory (MB): peak = 2217.863 ; gain = 945.410 ; free physical = 879 ; free virtual = 32154
---------------------------------------------------------------------------------
---------------------------------------------------------------------------------
Start Handling Custom Attributes
---------------------------------------------------------------------------------
---------------------------------------------------------------------------------
Finished Handling Custom Attributes : Time (s): cpu = 00:00:38 ; elapsed = 00:01:05 . Memory (MB): peak = 2217.863 ; gain = 945.410 ; free physical = 879 ; free virtual = 32154
---------------------------------------------------------------------------------
---------------------------------------------------------------------------------
Start Renaming Generated Nets
---------------------------------------------------------------------------------
---------------------------------------------------------------------------------
Finished Renaming Generated Nets : Time (s): cpu = 00:00:38 ; elapsed = 00:01:05 . Memory (MB): peak = 2217.863 ; gain = 945.410 ; free physical = 879 ; free virtual = 32154
---------------------------------------------------------------------------------
---------------------------------------------------------------------------------
Start Writing Synthesis Report
---------------------------------------------------------------------------------

Report BlackBoxes: 
+-+--------------+----------+
| |BlackBox name |Instances |
+-+--------------+----------+
+-+--------------+----------+

Report Cell Usage: 
+-+-----+------+
| |Cell |Count |
+-+-----+------+
+-+-----+------+

Report Instance Areas: 
+------+---------+-------+------+
|      |Instance |Module |Cells |
+------+---------+-------+------+
|1     |top      |       |     0|
+------+---------+-------+------+
---------------------------------------------------------------------------------
Finished Writing Synthesis Report : Time (s): cpu = 00:00:38 ; elapsed = 00:01:05 . Memory (MB): peak = 2217.863 ; gain = 945.410 ; free physical = 879 ; free virtual = 32154
---------------------------------------------------------------------------------
Synthesis finished with 0 errors, 0 critical warnings and 1 warnings.
Synthesis Optimization Runtime : Time (s): cpu = 00:00:29 ; elapsed = 00:00:49 . Memory (MB): peak = 2217.863 ; gain = 351.086 ; free physical = 906 ; free virtual = 32180
Synthesis Optimization Complete : Time (s): cpu = 00:00:38 ; elapsed = 00:01:05 . Memory (MB): peak = 2217.871 ; gain = 945.410 ; free physical = 914 ; free virtual = 32189
INFO: [Project 1-571] Translating synthesized netlist
INFO: [Project 1-570] Preparing netlist for logic optimization
INFO: [Opt 31-138] Pushed 0 inverter(s) to 0 load pin(s).
INFO: [Project 1-111] Unisim Transformation Summary:
No Unisim elements were transformed.

INFO: [Common 17-83] Releasing license: Synthesis
14 Infos, 1 Warnings, 0 Critical Warnings and 0 Errors encountered.
synth_design completed successfully
synth_design: Time (s): cpu = 00:00:40 ; elapsed = 00:01:08 . Memory (MB): peak = 2272.613 ; gain = 1031.734 ; free physical = 843 ; free virtual = 32118
INFO: [Common 17-1381] The checkpoint '/nfs/ug/thesis/thesis0/pc/Graham/galapagos/shells/projects/adm-8k5/adm-8k5.runs/bd_01e2_dcm_locked_driver_0_synth_1/bd_01e2_dcm_locked_driver_0.dcp' has been generated.
INFO: [Coretcl 2-1482] Added synthesis output to IP cache for IP /nfs/ug/thesis/thesis0/pc/Graham/galapagos/shells/projects/adm-8k5/adm-8k5.srcs/sources_1/bd/srcs/ip/shell_axi_10g_ethernet_0_0/bd_0/ip/ip_2/bd_01e2_dcm_locked_driver_0.xci
INFO: [Common 17-1381] The checkpoint '/nfs/ug/thesis/thesis0/pc/Graham/galapagos/shells/projects/adm-8k5/adm-8k5.runs/bd_01e2_dcm_locked_driver_0_synth_1/bd_01e2_dcm_locked_driver_0.dcp' has been generated.
INFO: [runtcl-4] Executing : report_utilization -file bd_01e2_dcm_locked_driver_0_utilization_synth.rpt -pb bd_01e2_dcm_locked_driver_0_utilization_synth.pb
report_utilization: Time (s): cpu = 00:00:00.55 ; elapsed = 00:00:00.59 . Memory (MB): peak = 2272.613 ; gain = 0.000 ; free physical = 943 ; free virtual = 32218
INFO: [Common 17-206] Exiting Vivado at Thu May  3 11:54:58 2018...
