

================================================================
== Vivado HLS Report for 'MPI_Recv_1_2210'
================================================================
* Date:           Fri Jun 22 11:48:43 2018

* Version:        2018.1 (Build 2188600 on Wed Apr 04 19:04:02 MDT 2018)
* Project:        dariusController
* Solution:       solution1
* Product family: kintexu
* Target device:  xcku115-flva1517-2-e


================================================================
== Performance Estimates
================================================================
+ Timing (ns): 
    * Summary: 
    +--------+-------+----------+------------+
    |  Clock | Target| Estimated| Uncertainty|
    +--------+-------+----------+------------+
    |ap_clk  |   5.00|      3.96|        0.62|
    +--------+-------+----------+------------+

+ Latency (clock cycles): 
    * Summary: 
    +-----+-----+-----+-----+---------+
    |  Latency  |  Interval | Pipeline|
    | min | max | min | max |   Type  |
    +-----+-----+-----+-----+---------+
    |    ?|    ?|    ?|    ?|   none  |
    +-----+-----+-----+-----+---------+

    + Detail: 
        * Instance: 
        N/A

        * Loop: 
        +----------+-----+-----+----------+-----------+-----------+------+----------+
        |          |  Latency  | Iteration|  Initiation Interval  | Trip |          |
        | Loop Name| min | max |  Latency |  achieved |   target  | Count| Pipelined|
        +----------+-----+-----+----------+-----------+-----------+------+----------+
        |- Loop 1  |    ?|    ?|   3 ~ 4  |          -|          -|     ?|    no    |
        |- Loop 2  |    ?|    ?|         2|          -|          -|     ?|    no    |
        |- Loop 3  |    ?|    ?|         1|          -|          -|     ?|    no    |
        |- Loop 4  |    ?|    ?|   3 ~ 7  |          -|          -|     ?|    no    |
        |- Loop 5  |    ?|    ?|   3 ~ 7  |          -|          -|     ?|    no    |
        |- Loop 6  |    ?|    ?|   3 ~ 7  |          -|          -|     ?|    no    |
        |- Loop 7  |    ?|    ?|   3 ~ 7  |          -|          -|     ?|    no    |
        |- Loop 8  |    ?|    ?|         2|          1|          1|     ?|    yes   |
        +----------+-----+-----+----------+-----------+-----------+------+----------+



================================================================
== Utilization Estimates
================================================================
* Summary: 
+---------------------+---------+-------+---------+--------+
|         Name        | BRAM_18K| DSP48E|    FF   |   LUT  |
+---------------------+---------+-------+---------+--------+
|DSP                  |        -|      -|        -|       -|
|Expression           |        -|      -|        0|    2118|
|FIFO                 |        -|      -|        -|       -|
|Instance             |        -|      -|        -|       -|
|Memory               |        -|      -|        -|       -|
|Multiplexer          |        -|      -|        -|    1677|
|Register             |        -|      -|     1700|       -|
+---------------------+---------+-------+---------+--------+
|Total                |        0|      0|     1700|    3795|
+---------------------+---------+-------+---------+--------+
|Available SLR        |     2160|   2760|   663360|  331680|
+---------------------+---------+-------+---------+--------+
|Utilization SLR (%)  |        0|      0|    ~0   |       1|
+---------------------+---------+-------+---------+--------+
|Available            |     4320|   5520|  1326720|  663360|
+---------------------+---------+-------+---------+--------+
|Utilization (%)      |        0|      0|    ~0   |   ~0   |
+---------------------+---------+-------+---------+--------+

+ Detail: 
    * Instance: 
    N/A

    * DSP48: 
    N/A

    * Memory: 
    N/A

    * FIFO: 
    N/A

    * Expression: 
    +----------------------------------+----------+-------+---+----+------------+------------+
    |           Variable Name          | Operation| DSP48E| FF| LUT| Bitwidth P0| Bitwidth P1|
    +----------------------------------+----------+-------+---+----+------------+------------+
    |grp_fu_1624_p2                    |     +    |      0|  0|  39|          32|           3|
    |i_10_fu_2828_p2                   |     +    |      0|  0|  38|          31|           1|
    |i_11_fu_2788_p2                   |     +    |      0|  0|  38|          31|           1|
    |i_12_fu_3030_p2                   |     +    |      0|  0|  38|          31|           1|
    |i_4_fu_2990_p2                    |     +    |      0|  0|  38|          31|           1|
    |i_5_fu_2564_p2                    |     +    |      0|  0|  38|          31|           1|
    |i_9_fu_2543_p2                    |     +    |      0|  0|  39|          32|           2|
    |i_fu_2106_p2                      |     +    |      0|  0|  39|           2|          32|
    |j_2_fu_2619_p2                    |     +    |      0|  0|  39|          32|           1|
    |tmp_105_fu_2078_p2                |     +    |      0|  0|  39|          32|           1|
    |tmp_110_fu_2056_p2                |     +    |      0|  0|  39|          32|           1|
    |tmp_112_fu_2028_p2                |     +    |      0|  0|  39|          32|           1|
    |tmp_117_fu_2006_p2                |     +    |      0|  0|  39|          32|           1|
    |tmp_121_fu_3050_p2                |     +    |      0|  0|  39|          32|           1|
    |tmp_127_fu_3010_p2                |     +    |      0|  0|  39|          32|           1|
    |tmp_131_fu_2848_p2                |     +    |      0|  0|  39|          32|           1|
    |tmp_138_fu_2808_p2                |     +    |      0|  0|  39|          32|           1|
    |tmp_85_fu_2603_p2                 |     +    |      0|  0|  39|          32|           2|
    |ap_block_pp0_stage0_01001         |    and   |      0|  0|   2|           1|           1|
    |ap_block_state12                  |    and   |      0|  0|   2|           1|           1|
    |ap_block_state2_pp0_stage0_iter0  |    and   |      0|  0|   2|           1|           1|
    |ap_block_state5                   |    and   |      0|  0|   2|           1|           1|
    |ap_condition_371                  |    and   |      0|  0|   2|           1|           1|
    |ap_condition_402                  |    and   |      0|  0|   2|           1|           1|
    |ap_condition_440                  |    and   |      0|  0|   2|           1|           1|
    |ap_predicate_op394_read_state12   |    and   |      0|  0|   2|           1|           1|
    |ap_predicate_op87_read_state2     |    and   |      0|  0|   2|           1|           1|
    |or_cond1_fu_2737_p2               |    and   |      0|  0|   2|           1|           1|
    |sel_tmp15_fu_2259_p2              |    and   |      0|  0|   2|           1|           1|
    |sel_tmp5_fu_2455_p2               |    and   |      0|  0|   2|           1|           1|
    |tmp26_fu_2731_p2                  |    and   |      0|  0|   2|           1|           1|
    |tmp27_fu_2449_p2                  |    and   |      0|  0|   2|           1|           1|
    |tmp28_fu_2253_p2                  |    and   |      0|  0|   2|           1|           1|
    |grp_fu_1718_p2                    |   icmp   |      0|  0|  11|           8|           1|
    |grp_fu_1776_p2                    |   icmp   |      0|  0|  11|           8|           1|
    |grp_fu_1788_p2                    |   icmp   |      0|  0|  11|           8|           1|
    |icmp_fu_1930_p2                   |   icmp   |      0|  0|  20|          30|           1|
    |not_sel_tmp1_fu_2437_p2           |   icmp   |      0|  0|   8|           2|           1|
    |not_sel_tmp2_fu_2443_p2           |   icmp   |      0|  0|   8|           2|           1|
    |not_sel_tmp3_fu_2235_p2           |   icmp   |      0|  0|   9|           2|           3|
    |not_sel_tmp4_fu_2241_p2           |   icmp   |      0|  0|   8|           2|           1|
    |not_sel_tmp5_fu_2247_p2           |   icmp   |      0|  0|   8|           2|           1|
    |not_sel_tmp_fu_2431_p2            |   icmp   |      0|  0|   9|           2|           3|
    |sel_tmp11_fu_2177_p2              |   icmp   |      0|  0|   8|           2|           1|
    |sel_tmp12_fu_2191_p2              |   icmp   |      0|  0|   9|           2|           3|
    |sel_tmp1_fu_2384_p2               |   icmp   |      0|  0|   9|           2|           3|
    |sel_tmp2_fu_2348_p2               |   icmp   |      0|  0|   8|           2|           1|
    |sel_tmp8_fu_2157_p2               |   icmp   |      0|  0|   8|           2|           1|
    |sel_tmp_fu_2369_p2                |   icmp   |      0|  0|   8|           2|           1|
    |tmp_100_fu_1984_p2                |   icmp   |      0|  0|   9|           4|           1|
    |tmp_102_fu_2773_p2                |   icmp   |      0|  0|   9|           4|           1|
    |tmp_107_fu_1706_p2                |   icmp   |      0|  0|  11|           8|           1|
    |tmp_114_fu_3025_p2                |   icmp   |      0|  0|  20|          32|          32|
    |tmp_119_fu_3081_p2                |   icmp   |      0|  0|  11|           8|           8|
    |tmp_122_fu_2985_p2                |   icmp   |      0|  0|  20|          32|          32|
    |tmp_123_fu_2823_p2                |   icmp   |      0|  0|  20|          32|          32|
    |tmp_124_fu_3086_p2                |   icmp   |      0|  0|  13|          16|          16|
    |tmp_125_fu_3061_p2                |   icmp   |      0|  0|  11|           8|           8|
    |tmp_129_fu_2961_p2                |   icmp   |      0|  0|  11|           8|           8|
    |tmp_132_fu_2783_p2                |   icmp   |      0|  0|  20|          32|          32|
    |tmp_133_fu_3066_p2                |   icmp   |      0|  0|  13|          16|          16|
    |tmp_134_fu_2966_p2                |   icmp   |      0|  0|  13|          16|          16|
    |tmp_136_fu_2859_p2                |   icmp   |      0|  0|  11|           8|           8|
    |tmp_139_fu_3091_p2                |   icmp   |      0|  0|  13|          16|          16|
    |tmp_141_fu_2864_p2                |   icmp   |      0|  0|  13|          16|          16|
    |tmp_142_fu_3096_p2                |   icmp   |      0|  0|  11|           8|           8|
    |tmp_143_fu_3071_p2                |   icmp   |      0|  0|  13|          16|          16|
    |tmp_144_fu_2971_p2                |   icmp   |      0|  0|  13|          16|          16|
    |tmp_145_fu_2894_p2                |   icmp   |      0|  0|   9|           4|           4|
    |tmp_146_fu_3076_p2                |   icmp   |      0|  0|  11|           8|           8|
    |tmp_147_fu_2976_p2                |   icmp   |      0|  0|  11|           8|           8|
    |tmp_148_fu_2869_p2                |   icmp   |      0|  0|  13|          16|          16|
    |tmp_149_fu_2889_p2                |   icmp   |      0|  0|   9|           4|           4|
    |tmp_150_fu_2884_p2                |   icmp   |      0|  0|   9|           4|           4|
    |tmp_151_fu_2874_p2                |   icmp   |      0|  0|  11|           8|           8|
    |tmp_152_fu_2879_p2                |   icmp   |      0|  0|   9|           4|           4|
    |tmp_70_fu_2559_p2                 |   icmp   |      0|  0|  20|          32|          32|
    |tmp_75_fu_2575_p2                 |   icmp   |      0|  0|  13|          16|          16|
    |tmp_78_fu_2580_p2                 |   icmp   |      0|  0|  11|           8|           1|
    |tmp_80_fu_2714_p2                 |   icmp   |      0|  0|  11|           8|           1|
    |tmp_83_fu_1956_p2                 |   icmp   |      0|  0|   9|           4|           1|
    |tmp_86_fu_2720_p2                 |   icmp   |      0|  0|  13|          16|          16|
    |tmp_87_fu_2090_p2                 |   icmp   |      0|  0|  11|           8|           2|
    |tmp_88_fu_1962_p2                 |   icmp   |      0|  0|   9|           4|           1|
    |tmp_89_fu_2614_p2                 |   icmp   |      0|  0|  20|          32|          32|
    |tmp_91_fu_2725_p2                 |   icmp   |      0|  0|  11|           8|           1|
    |tmp_92_fu_2752_p2                 |   icmp   |      0|  0|   9|           4|           1|
    |tmp_93_fu_2096_p2                 |   icmp   |      0|  0|  11|           8|           4|
    |tmp_94_fu_1978_p2                 |   icmp   |      0|  0|   9|           4|           1|
    |tmp_98_fu_2767_p2                 |   icmp   |      0|  0|   9|           4|           1|
    |tmp_99_fu_1712_p2                 |   icmp   |      0|  0|  11|           8|           1|
    |ap_block_state1                   |    or    |      0|  0|   2|           1|           1|
    |write_flag11_1_fu_2265_p2         |    or    |      0|  0|   2|           1|           1|
    |write_flag11_2_fu_2461_p2         |    or    |      0|  0|   2|           1|           1|
    |write_flag4_1_fu_2163_p2          |    or    |      0|  0|   2|           1|           1|
    |write_flag4_2_fu_2354_p2          |    or    |      0|  0|   2|           1|           1|
    |write_flag8_1_fu_2197_p2          |    or    |      0|  0|   2|           1|           1|
    |write_flag8_2_fu_2390_p2          |    or    |      0|  0|   2|           1|           1|
    |write_flag_1_fu_2271_p2           |    or    |      0|  0|   2|           1|           1|
    |write_flag_2_fu_2468_p2           |    or    |      0|  0|   2|           1|           1|
    |buf16_1_fu_2183_p3                |  select  |      0|  0|  32|           1|          32|
    |buf16_2_fu_2375_p3                |  select  |      0|  0|  32|           1|          32|
    |buf2_1_fu_2227_p3                 |  select  |      0|  0|  32|           1|          32|
    |buf2_2_fu_2422_p3                 |  select  |      0|  0|  32|           1|          32|
    |buf3_1_fu_2293_p3                 |  select  |      0|  0|  32|           1|          32|
    |buf3_2_fu_2491_p3                 |  select  |      0|  0|  32|           1|          32|
    |buf_1_fu_2203_p3                  |  select  |      0|  0|  32|           1|          32|
    |buf_2_fu_2397_p3                  |  select  |      0|  0|  32|           1|          32|
    |mrv_sel1_fu_2910_p3               |  select  |      0|  0|  32|           1|          32|
    |mrv_sel2_fu_2917_p3               |  select  |      0|  0|  32|           1|          32|
    |mrv_sel3_fu_2924_p3               |  select  |      0|  0|  32|           1|          32|
    |mrv_sel_fu_2903_p3                |  select  |      0|  0|  32|           1|          32|
    |sel_tmp10_fu_2169_p3              |  select  |      0|  0|  32|           1|          32|
    |sel_tmp13_fu_2211_p3              |  select  |      0|  0|  32|           1|          32|
    |sel_tmp14_fu_2219_p3              |  select  |      0|  0|  32|           1|          32|
    |sel_tmp16_fu_2277_p3              |  select  |      0|  0|  32|           1|          32|
    |sel_tmp17_fu_2285_p3              |  select  |      0|  0|  32|           1|          32|
    |sel_tmp3_fu_2406_p3               |  select  |      0|  0|  32|           1|          32|
    |sel_tmp4_fu_2414_p3               |  select  |      0|  0|  32|           1|          32|
    |sel_tmp6_fu_2475_p3               |  select  |      0|  0|  32|           1|          32|
    |sel_tmp7_fu_2483_p3               |  select  |      0|  0|  32|           1|          32|
    |sel_tmp9_fu_2361_p3               |  select  |      0|  0|  32|           1|          32|
    |ap_enable_pp0                     |    xor   |      0|  0|   2|           1|           2|
    +----------------------------------+----------+-------+---+----+------------+------------+
    |Total                             |          |      0|  0|2118|        1182|        1257|
    +----------------------------------+----------+-------+---+----+------------+------------+

    * Multiplexer: 
    +-------------------------------------------+-----+-----------+-----+-----------+
    |                    Name                   | LUT | Input Size| Bits| Total Bits|
    +-------------------------------------------+-----+-----------+-----+-----------+
    |ap_NS_fsm                                  |  157|         35|    1|         35|
    |ap_enable_reg_pp0_iter1                    |    9|          2|    1|          2|
    |ap_phi_mux_i7_4_phi_fu_1135_p16            |    9|          2|   32|         64|
    |ap_phi_mux_i7_5_phi_fu_1162_p6             |    9|          2|   32|         64|
    |ap_phi_mux_i7_phi_fu_1124_p4               |    9|          2|   32|         64|
    |ap_phi_mux_p_s_phi_fu_1556_p24             |    9|          2|    1|          2|
    |ap_phi_mux_write_flag11_6_phi_fu_1432_p24  |    9|          2|    1|          2|
    |ap_phi_mux_write_flag4_6_phi_fu_1227_p24   |    9|          2|    1|          2|
    |ap_phi_mux_write_flag8_6_phi_fu_1309_p24   |    9|          2|    1|          2|
    |ap_phi_mux_write_flag_6_phi_fu_1473_p24    |    9|          2|    1|          2|
    |ap_phi_reg_pp0_iter1_i7_4_reg_1132         |   15|          3|   32|         96|
    |ap_phi_reg_pp0_iter1_i7_5_reg_1159         |    9|          2|   32|         64|
    |ap_return_0                                |    9|          2|    1|          2|
    |ap_return_1                                |    9|          2|   32|         64|
    |ap_return_2                                |    9|          2|   32|         64|
    |ap_return_3                                |    9|          2|   32|         64|
    |ap_return_4                                |    9|          2|   32|         64|
    |buf2_fu_224                                |   15|          3|   32|         96|
    |buf3_fu_212                                |   15|          3|   32|         96|
    |buf4_fu_236                                |   15|          3|   32|         96|
    |buf_fu_228                                 |   15|          3|   32|         96|
    |envlp_DEST_V_o                             |   15|          3|   16|         48|
    |envlp_MSG_SIZE_V_1_o                       |   15|          3|   16|         48|
    |envlp_SRC_V_1_o                            |   15|          3|    8|         24|
    |float_clr2snd_array_1_address0             |   21|          4|    9|         36|
    |float_clr2snd_array_1_d0                   |   15|          3|   16|         48|
    |float_clr2snd_array_3_address0             |   21|          4|    9|         36|
    |float_clr2snd_array_3_d0                   |   15|          3|   16|         48|
    |float_clr2snd_array_4_address0             |   21|          4|    9|         36|
    |float_clr2snd_array_5_address0             |   21|          4|    9|         36|
    |float_clr2snd_array_5_d0                   |   15|          3|    8|         24|
    |float_clr2snd_array_6_address0             |   21|          4|    9|         36|
    |float_clr2snd_array_6_d0                   |   15|          3|    4|         12|
    |float_clr2snd_array_s_address0             |   21|          4|    9|         36|
    |float_clr2snd_array_s_d0                   |   15|          3|    8|         24|
    |float_clr_num_o                            |   15|          3|   32|         96|
    |float_req_num_o                            |   21|          4|   32|        128|
    |float_request_array_1_address0             |   38|          7|    9|         63|
    |float_request_array_1_d0                   |   21|          4|   16|         64|
    |float_request_array_3_address0             |   38|          7|    9|         63|
    |float_request_array_3_d0                   |   21|          4|   16|         64|
    |float_request_array_4_address0             |   38|          7|    9|         63|
    |float_request_array_4_d0                   |   15|          3|    8|         24|
    |float_request_array_5_address0             |   38|          7|    9|         63|
    |float_request_array_5_d0                   |   21|          4|    8|         32|
    |float_request_array_6_address0             |   15|          3|    9|         27|
    |float_request_array_7_address0             |   33|          6|    9|         54|
    |float_request_array_7_d0                   |   21|          4|    4|         16|
    |float_request_array_s_address0             |   33|          6|    9|         54|
    |float_request_array_s_d0                   |   21|          4|    8|         32|
    |i1_reg_1605                                |    9|          2|   31|         62|
    |i2_reg_1594                                |    9|          2|   31|         62|
    |i4_reg_1212                                |    9|          2|   31|         62|
    |i5_reg_1201                                |    9|          2|   31|         62|
    |i7_reg_1120                                |    9|          2|   32|         64|
    |int_clr2snd_array_DA_address0              |   21|          4|    9|         36|
    |int_clr2snd_array_DA_d0                    |   15|          3|    4|         12|
    |int_clr2snd_array_DE_address0              |   21|          4|    9|         36|
    |int_clr2snd_array_DE_d0                    |   15|          3|   16|         48|
    |int_clr2snd_array_MS_address0              |   21|          4|    9|         36|
    |int_clr2snd_array_MS_d0                    |   15|          3|   16|         48|
    |int_clr2snd_array_PK_address0              |   21|          4|    9|         36|
    |int_clr2snd_array_SR_address0              |   21|          4|    9|         36|
    |int_clr2snd_array_SR_d0                    |   15|          3|    8|         24|
    |int_clr2snd_array_TA_address0              |   21|          4|    9|         36|
    |int_clr2snd_array_TA_d0                    |   15|          3|    8|         24|
    |int_clr_num_o                              |   15|          3|   32|         96|
    |int_req_num_o                              |   15|          3|   32|         96|
    |int_request_array_DA_address0              |   21|          4|    9|         36|
    |int_request_array_DA_d0                    |   15|          3|    4|         12|
    |int_request_array_DE_address0              |   21|          4|    9|         36|
    |int_request_array_DE_d0                    |   15|          3|   16|         48|
    |int_request_array_MS_address0              |   21|          4|    9|         36|
    |int_request_array_MS_d0                    |   15|          3|   16|         48|
    |int_request_array_PK_address0              |   21|          4|    9|         36|
    |int_request_array_SR_address0              |   21|          4|    9|         36|
    |int_request_array_SR_d0                    |   15|          3|    8|         24|
    |int_request_array_TA_address0              |   21|          4|    9|         36|
    |int_request_array_TA_d0                    |   15|          3|    8|         24|
    |j1_reg_1182                                |    9|          2|   32|         64|
    |j_reg_1171                                 |    9|          2|   31|         62|
    |state_1_o                                  |   27|          5|    2|         10|
    |stream_in_V_blk_n                          |    9|          2|    1|          2|
    |stream_out_V_blk_n                         |    9|          2|    1|          2|
    |stream_out_V_din                           |   15|          3|  129|        387|
    |write_flag11_6_reg_1428                    |    9|          2|    1|          2|
    |write_flag1_fu_220                         |   21|          4|    1|          4|
    |write_flag4_6_reg_1223                     |    9|          2|    1|          2|
    |write_flag4_fu_240                         |   21|          4|    1|          4|
    |write_flag8_6_reg_1305                     |    9|          2|    1|          2|
    |write_flag8_fu_232                         |   21|          4|    1|          4|
    |write_flag_6_reg_1469                      |    9|          2|    1|          2|
    |write_flag_fu_216                          |   21|          4|    1|          4|
    +-------------------------------------------+-----+-----------+-----+-----------+
    |Total                                      | 1677|        335| 1393|       4175|
    +-------------------------------------------+-----+-----------+-----+-----------+

    * Register: 
    +------------------------------------+-----+----+-----+-----------+
    |                Name                |  FF | LUT| Bits| Const Bits|
    +------------------------------------+-----+----+-----+-----------+
    |ap_CS_fsm                           |   34|   0|   34|          0|
    |ap_enable_reg_pp0_iter0             |    1|   0|    1|          0|
    |ap_enable_reg_pp0_iter1             |    1|   0|    1|          0|
    |ap_phi_reg_pp0_iter1_i7_4_reg_1132  |   32|   0|   32|          0|
    |ap_phi_reg_pp0_iter1_i7_5_reg_1159  |   32|   0|   32|          0|
    |ap_return_0_preg                    |    1|   0|   32|         31|
    |ap_return_1_preg                    |   32|   0|   32|          0|
    |ap_return_2_preg                    |   32|   0|   32|          0|
    |ap_return_3_preg                    |   32|   0|   32|          0|
    |ap_return_4_preg                    |   32|   0|   32|          0|
    |buf16_6_reg_1264                    |   32|   0|   32|          0|
    |buf2_6_reg_1387                     |   32|   0|   32|          0|
    |buf2_fu_224                         |   32|   0|   32|          0|
    |buf2_load_reg_3288                  |   32|   0|   32|          0|
    |buf3_6_reg_1510                     |   32|   0|   32|          0|
    |buf3_fu_212                         |   32|   0|   32|          0|
    |buf3_load_reg_3273                  |   32|   0|   32|          0|
    |buf4_fu_236                         |   32|   0|   32|          0|
    |buf4_load_reg_3303                  |   32|   0|   32|          0|
    |buf_6_reg_1346                      |   32|   0|   32|          0|
    |buf_fu_228                          |   32|   0|   32|          0|
    |buf_load_reg_3293                   |   32|   0|   32|          0|
    |float_clr2snd_array_36_reg_3620     |    1|   0|    1|          0|
    |float_clr_num_load_1_reg_3531       |   32|   0|   32|          0|
    |float_req_num_load_reg_3193         |   32|   0|   32|          0|
    |i1_reg_1605                         |   31|   0|   31|          0|
    |i2_reg_1594                         |   31|   0|   31|          0|
    |i4_reg_1212                         |   31|   0|   31|          0|
    |i5_reg_1201                         |   31|   0|   31|          0|
    |i7_reg_1120                         |   32|   0|   32|          0|
    |i_10_reg_3583                       |   31|   0|   31|          0|
    |i_11_reg_3560                       |   31|   0|   31|          0|
    |i_12_reg_3731                       |   31|   0|   31|          0|
    |i_4_reg_3708                        |   31|   0|   31|          0|
    |i_5_reg_3330                        |   31|   0|   31|          0|
    |icmp_reg_3209                       |    1|   0|    1|          0|
    |int_clr2snd_array_PK_6_reg_3768     |    1|   0|    1|          0|
    |int_clr_num_load_1_reg_3542         |   32|   0|   32|          0|
    |int_req_num_load_1_reg_3549         |   32|   0|   32|          0|
    |int_request_array_PK_6_reg_3813     |    1|   0|    1|          0|
    |j1_reg_1182                         |   32|   0|   32|          0|
    |j_2_reg_3402                        |   32|   0|   32|          0|
    |j_cast_reg_3321                     |   31|   0|   32|          1|
    |j_reg_1171                          |   31|   0|   31|          0|
    |last_V_reg_1192                     |    1|   0|    1|          0|
    |or_cond1_reg_3511                   |    1|   0|    1|          0|
    |p_Result_72_1_reg_3268              |   32|   0|   32|          0|
    |p_s_reg_1551                        |    1|   0|    1|          0|
    |recv_pkt_dest_V_reg_3358            |    8|   0|    8|          0|
    |state_1_load_reg_3121               |    2|   0|    2|          0|
    |temp_diff_src_or_typ_18_reg_3459    |    8|   0|    8|          0|
    |temp_diff_src_or_typ_20_reg_3471    |   16|   0|   16|          0|
    |temp_diff_src_or_typ_21_reg_3483    |    8|   0|    8|          0|
    |temp_diff_src_or_typ_22_reg_3495    |    4|   0|    4|          0|
    |temp_diff_src_or_typ_reg_3447       |    8|   0|   16|          8|
    |tmp155_reg_3347                     |  129|   0|  129|          0|
    |tmp_100_reg_3229                    |    1|   0|    1|          0|
    |tmp_102_reg_3523                    |    1|   0|    1|          0|
    |tmp_108_reg_3538                    |    1|   0|    1|          0|
    |tmp_114_reg_3727                    |    1|   0|    1|          0|
    |tmp_115_reg_3527                    |    1|   0|    1|          0|
    |tmp_118_reg_3736                    |   31|   0|   64|         33|
    |tmp_119_reg_3795                    |    1|   0|    1|          0|
    |tmp_122_reg_3704                    |    1|   0|    1|          0|
    |tmp_123_reg_3579                    |    1|   0|    1|          0|
    |tmp_124_reg_3804                    |    1|   0|    1|          0|
    |tmp_125_reg_3750                    |    1|   0|    1|          0|
    |tmp_128_reg_3588                    |   31|   0|   64|         33|
    |tmp_129_reg_3659                    |    1|   0|    1|          0|
    |tmp_132_reg_3556                    |    1|   0|    1|          0|
    |tmp_133_reg_3759                    |    1|   0|    1|          0|
    |tmp_134_reg_3668                    |    1|   0|    1|          0|
    |tmp_135_reg_3565                    |   31|   0|   64|         33|
    |tmp_136_reg_3602                    |    1|   0|    1|          0|
    |tmp_139_reg_3822                    |    1|   0|    1|          0|
    |tmp_140_reg_3677                    |    1|   0|    1|          0|
    |tmp_141_reg_3611                    |    1|   0|    1|          0|
    |tmp_142_reg_3831                    |    1|   0|    1|          0|
    |tmp_143_reg_3777                    |    1|   0|    1|          0|
    |tmp_144_reg_3686                    |    1|   0|    1|          0|
    |tmp_146_reg_3786                    |    1|   0|    1|          0|
    |tmp_147_reg_3695                    |    1|   0|    1|          0|
    |tmp_148_reg_3629                    |    1|   0|    1|          0|
    |tmp_151_reg_3638                    |    1|   0|    1|          0|
    |tmp_159_reg_3263                    |   32|   0|   32|          0|
    |tmp_161_reg_3253                    |   32|   0|   32|          0|
    |tmp_5_reg_3213                      |    1|   0|    1|          0|
    |tmp_70_reg_3326                     |    1|   0|    1|          0|
    |tmp_71_reg_3335                     |   31|   0|   64|         33|
    |tmp_72_reg_3368                     |    1|   0|    1|          0|
    |tmp_75_reg_3377                     |    1|   0|    1|          0|
    |tmp_80_reg_3507                     |    1|   0|    1|          0|
    |tmp_83_reg_3217                     |    1|   0|    1|          0|
    |tmp_85_reg_3394                     |   32|   0|   32|          0|
    |tmp_87_reg_3245                     |    1|   0|    1|          0|
    |tmp_88_reg_3221                     |    1|   0|    1|          0|
    |tmp_92_reg_3515                     |    1|   0|    1|          0|
    |tmp_93_reg_3249                     |    1|   0|    1|          0|
    |tmp_94_reg_3225                     |    1|   0|    1|          0|
    |tmp_98_reg_3519                     |    1|   0|    1|          0|
    |tmp_s_reg_3713                      |   31|   0|   64|         33|
    |write_flag11_6_reg_1428             |    1|   0|    1|          0|
    |write_flag1_fu_220                  |    1|   0|    1|          0|
    |write_flag1_load_reg_3283           |    1|   0|    1|          0|
    |write_flag4_6_reg_1223              |    1|   0|    1|          0|
    |write_flag4_fu_240                  |    1|   0|    1|          0|
    |write_flag4_load_reg_3308           |    1|   0|    1|          0|
    |write_flag8_6_reg_1305              |    1|   0|    1|          0|
    |write_flag8_fu_232                  |    1|   0|    1|          0|
    |write_flag8_load_reg_3298           |    1|   0|    1|          0|
    |write_flag_6_reg_1469               |    1|   0|    1|          0|
    |write_flag_fu_216                   |    1|   0|    1|          0|
    |write_flag_load_reg_3278            |    1|   0|    1|          0|
    +------------------------------------+-----+----+-----+-----------+
    |Total                               | 1700|   0| 1905|        205|
    +------------------------------------+-----+----+-----+-----------+



================================================================
== Interface
================================================================
* Summary: 
+--------------------------------+-----+-----+------------+-----------------------+--------------+
|            RTL Ports           | Dir | Bits|  Protocol  |     Source Object     |    C Type    |
+--------------------------------+-----+-----+------------+-----------------------+--------------+
|ap_clk                          |  in |    1| ap_ctrl_hs |    MPI_Recv.1.2210    | return value |
|ap_rst                          |  in |    1| ap_ctrl_hs |    MPI_Recv.1.2210    | return value |
|ap_start                        |  in |    1| ap_ctrl_hs |    MPI_Recv.1.2210    | return value |
|ap_done                         | out |    1| ap_ctrl_hs |    MPI_Recv.1.2210    | return value |
|ap_idle                         | out |    1| ap_ctrl_hs |    MPI_Recv.1.2210    | return value |
|ap_ready                        | out |    1| ap_ctrl_hs |    MPI_Recv.1.2210    | return value |
|ap_return_0                     | out |   32| ap_ctrl_hs |    MPI_Recv.1.2210    | return value |
|ap_return_1                     | out |   32| ap_ctrl_hs |    MPI_Recv.1.2210    | return value |
|ap_return_2                     | out |   32| ap_ctrl_hs |    MPI_Recv.1.2210    | return value |
|ap_return_3                     | out |   32| ap_ctrl_hs |    MPI_Recv.1.2210    | return value |
|ap_return_4                     | out |   32| ap_ctrl_hs |    MPI_Recv.1.2210    | return value |
|p_read                          |  in |   32|   ap_none  |         p_read        |    scalar    |
|p_read1                         |  in |   32|   ap_none  |        p_read1        |    scalar    |
|p_read2                         |  in |   32|   ap_none  |        p_read2        |    scalar    |
|p_read3                         |  in |   32|   ap_none  |        p_read3        |    scalar    |
|state_1_i                       |  in |    2|   ap_ovld  |        state_1        |    pointer   |
|state_1_o                       | out |    2|   ap_ovld  |        state_1        |    pointer   |
|state_1_o_ap_vld                | out |    1|   ap_ovld  |        state_1        |    pointer   |
|envlp_SRC_V_1_i                 |  in |    8|   ap_ovld  |     envlp_SRC_V_1     |    pointer   |
|envlp_SRC_V_1_o                 | out |    8|   ap_ovld  |     envlp_SRC_V_1     |    pointer   |
|envlp_SRC_V_1_o_ap_vld          | out |    1|   ap_ovld  |     envlp_SRC_V_1     |    pointer   |
|float_req_num_i                 |  in |   32|   ap_ovld  |     float_req_num     |    pointer   |
|float_req_num_o                 | out |   32|   ap_ovld  |     float_req_num     |    pointer   |
|float_req_num_o_ap_vld          | out |    1|   ap_ovld  |     float_req_num     |    pointer   |
|id_in_V                         |  in |   16|   ap_none  |        id_in_V        |    pointer   |
|float_request_array_4_address0  | out |    9|  ap_memory | float_request_array_4 |     array    |
|float_request_array_4_ce0       | out |    1|  ap_memory | float_request_array_4 |     array    |
|float_request_array_4_we0       | out |    1|  ap_memory | float_request_array_4 |     array    |
|float_request_array_4_d0        | out |    8|  ap_memory | float_request_array_4 |     array    |
|float_request_array_4_q0        |  in |    8|  ap_memory | float_request_array_4 |     array    |
|float_request_array_1_address0  | out |    9|  ap_memory | float_request_array_1 |     array    |
|float_request_array_1_ce0       | out |    1|  ap_memory | float_request_array_1 |     array    |
|float_request_array_1_we0       | out |    1|  ap_memory | float_request_array_1 |     array    |
|float_request_array_1_d0        | out |   16|  ap_memory | float_request_array_1 |     array    |
|float_request_array_1_q0        |  in |   16|  ap_memory | float_request_array_1 |     array    |
|float_request_array_5_address0  | out |    9|  ap_memory | float_request_array_5 |     array    |
|float_request_array_5_ce0       | out |    1|  ap_memory | float_request_array_5 |     array    |
|float_request_array_5_we0       | out |    1|  ap_memory | float_request_array_5 |     array    |
|float_request_array_5_d0        | out |    8|  ap_memory | float_request_array_5 |     array    |
|float_request_array_5_q0        |  in |    8|  ap_memory | float_request_array_5 |     array    |
|envlp_DEST_V_i                  |  in |   16|   ap_ovld  |      envlp_DEST_V     |    pointer   |
|envlp_DEST_V_o                  | out |   16|   ap_ovld  |      envlp_DEST_V     |    pointer   |
|envlp_DEST_V_o_ap_vld           | out |    1|   ap_ovld  |      envlp_DEST_V     |    pointer   |
|float_request_array_3_address0  | out |    9|  ap_memory | float_request_array_3 |     array    |
|float_request_array_3_ce0       | out |    1|  ap_memory | float_request_array_3 |     array    |
|float_request_array_3_we0       | out |    1|  ap_memory | float_request_array_3 |     array    |
|float_request_array_3_d0        | out |   16|  ap_memory | float_request_array_3 |     array    |
|float_request_array_3_q0        |  in |   16|  ap_memory | float_request_array_3 |     array    |
|envlp_MSG_SIZE_V_1_i            |  in |   16|   ap_ovld  |   envlp_MSG_SIZE_V_1  |    pointer   |
|envlp_MSG_SIZE_V_1_o            | out |   16|   ap_ovld  |   envlp_MSG_SIZE_V_1  |    pointer   |
|envlp_MSG_SIZE_V_1_o_ap_vld     | out |    1|   ap_ovld  |   envlp_MSG_SIZE_V_1  |    pointer   |
|float_request_array_s_address0  | out |    9|  ap_memory | float_request_array_s |     array    |
|float_request_array_s_ce0       | out |    1|  ap_memory | float_request_array_s |     array    |
|float_request_array_s_we0       | out |    1|  ap_memory | float_request_array_s |     array    |
|float_request_array_s_d0        | out |    8|  ap_memory | float_request_array_s |     array    |
|float_request_array_s_q0        |  in |    8|  ap_memory | float_request_array_s |     array    |
|float_request_array_7_address0  | out |    9|  ap_memory | float_request_array_7 |     array    |
|float_request_array_7_ce0       | out |    1|  ap_memory | float_request_array_7 |     array    |
|float_request_array_7_we0       | out |    1|  ap_memory | float_request_array_7 |     array    |
|float_request_array_7_d0        | out |    4|  ap_memory | float_request_array_7 |     array    |
|float_request_array_7_q0        |  in |    4|  ap_memory | float_request_array_7 |     array    |
|float_request_array_6_address0  | out |    9|  ap_memory | float_request_array_6 |     array    |
|float_request_array_6_ce0       | out |    1|  ap_memory | float_request_array_6 |     array    |
|float_request_array_6_we0       | out |    1|  ap_memory | float_request_array_6 |     array    |
|float_request_array_6_d0        | out |    4|  ap_memory | float_request_array_6 |     array    |
|float_request_array_6_q0        |  in |    4|  ap_memory | float_request_array_6 |     array    |
|stream_in_V_dout                |  in |  129|   ap_fifo  |      stream_in_V      |    pointer   |
|stream_in_V_empty_n             |  in |    1|   ap_fifo  |      stream_in_V      |    pointer   |
|stream_in_V_read                | out |    1|   ap_fifo  |      stream_in_V      |    pointer   |
|int_req_num_i                   |  in |   32|   ap_ovld  |      int_req_num      |    pointer   |
|int_req_num_o                   | out |   32|   ap_ovld  |      int_req_num      |    pointer   |
|int_req_num_o_ap_vld            | out |    1|   ap_ovld  |      int_req_num      |    pointer   |
|int_request_array_SR_address0   | out |    9|  ap_memory |  int_request_array_SR |     array    |
|int_request_array_SR_ce0        | out |    1|  ap_memory |  int_request_array_SR |     array    |
|int_request_array_SR_we0        | out |    1|  ap_memory |  int_request_array_SR |     array    |
|int_request_array_SR_d0         | out |    8|  ap_memory |  int_request_array_SR |     array    |
|int_request_array_SR_q0         |  in |    8|  ap_memory |  int_request_array_SR |     array    |
|int_request_array_DE_address0   | out |    9|  ap_memory |  int_request_array_DE |     array    |
|int_request_array_DE_ce0        | out |    1|  ap_memory |  int_request_array_DE |     array    |
|int_request_array_DE_we0        | out |    1|  ap_memory |  int_request_array_DE |     array    |
|int_request_array_DE_d0         | out |   16|  ap_memory |  int_request_array_DE |     array    |
|int_request_array_DE_q0         |  in |   16|  ap_memory |  int_request_array_DE |     array    |
|int_request_array_PK_address0   | out |    9|  ap_memory |  int_request_array_PK |     array    |
|int_request_array_PK_ce0        | out |    1|  ap_memory |  int_request_array_PK |     array    |
|int_request_array_PK_we0        | out |    1|  ap_memory |  int_request_array_PK |     array    |
|int_request_array_PK_d0         | out |    1|  ap_memory |  int_request_array_PK |     array    |
|int_request_array_PK_q0         |  in |    1|  ap_memory |  int_request_array_PK |     array    |
|int_request_array_MS_address0   | out |    9|  ap_memory |  int_request_array_MS |     array    |
|int_request_array_MS_ce0        | out |    1|  ap_memory |  int_request_array_MS |     array    |
|int_request_array_MS_we0        | out |    1|  ap_memory |  int_request_array_MS |     array    |
|int_request_array_MS_d0         | out |   16|  ap_memory |  int_request_array_MS |     array    |
|int_request_array_MS_q0         |  in |   16|  ap_memory |  int_request_array_MS |     array    |
|int_request_array_TA_address0   | out |    9|  ap_memory |  int_request_array_TA |     array    |
|int_request_array_TA_ce0        | out |    1|  ap_memory |  int_request_array_TA |     array    |
|int_request_array_TA_we0        | out |    1|  ap_memory |  int_request_array_TA |     array    |
|int_request_array_TA_d0         | out |    8|  ap_memory |  int_request_array_TA |     array    |
|int_request_array_TA_q0         |  in |    8|  ap_memory |  int_request_array_TA |     array    |
|int_request_array_DA_address0   | out |    9|  ap_memory |  int_request_array_DA |     array    |
|int_request_array_DA_ce0        | out |    1|  ap_memory |  int_request_array_DA |     array    |
|int_request_array_DA_we0        | out |    1|  ap_memory |  int_request_array_DA |     array    |
|int_request_array_DA_d0         | out |    4|  ap_memory |  int_request_array_DA |     array    |
|int_request_array_DA_q0         |  in |    4|  ap_memory |  int_request_array_DA |     array    |
|int_clr_num_i                   |  in |   32|   ap_ovld  |      int_clr_num      |    pointer   |
|int_clr_num_o                   | out |   32|   ap_ovld  |      int_clr_num      |    pointer   |
|int_clr_num_o_ap_vld            | out |    1|   ap_ovld  |      int_clr_num      |    pointer   |
|int_clr2snd_array_SR_address0   | out |    9|  ap_memory |  int_clr2snd_array_SR |     array    |
|int_clr2snd_array_SR_ce0        | out |    1|  ap_memory |  int_clr2snd_array_SR |     array    |
|int_clr2snd_array_SR_we0        | out |    1|  ap_memory |  int_clr2snd_array_SR |     array    |
|int_clr2snd_array_SR_d0         | out |    8|  ap_memory |  int_clr2snd_array_SR |     array    |
|int_clr2snd_array_SR_q0         |  in |    8|  ap_memory |  int_clr2snd_array_SR |     array    |
|int_clr2snd_array_DE_address0   | out |    9|  ap_memory |  int_clr2snd_array_DE |     array    |
|int_clr2snd_array_DE_ce0        | out |    1|  ap_memory |  int_clr2snd_array_DE |     array    |
|int_clr2snd_array_DE_we0        | out |    1|  ap_memory |  int_clr2snd_array_DE |     array    |
|int_clr2snd_array_DE_d0         | out |   16|  ap_memory |  int_clr2snd_array_DE |     array    |
|int_clr2snd_array_DE_q0         |  in |   16|  ap_memory |  int_clr2snd_array_DE |     array    |
|int_clr2snd_array_PK_address0   | out |    9|  ap_memory |  int_clr2snd_array_PK |     array    |
|int_clr2snd_array_PK_ce0        | out |    1|  ap_memory |  int_clr2snd_array_PK |     array    |
|int_clr2snd_array_PK_we0        | out |    1|  ap_memory |  int_clr2snd_array_PK |     array    |
|int_clr2snd_array_PK_d0         | out |    1|  ap_memory |  int_clr2snd_array_PK |     array    |
|int_clr2snd_array_PK_q0         |  in |    1|  ap_memory |  int_clr2snd_array_PK |     array    |
|int_clr2snd_array_MS_address0   | out |    9|  ap_memory |  int_clr2snd_array_MS |     array    |
|int_clr2snd_array_MS_ce0        | out |    1|  ap_memory |  int_clr2snd_array_MS |     array    |
|int_clr2snd_array_MS_we0        | out |    1|  ap_memory |  int_clr2snd_array_MS |     array    |
|int_clr2snd_array_MS_d0         | out |   16|  ap_memory |  int_clr2snd_array_MS |     array    |
|int_clr2snd_array_MS_q0         |  in |   16|  ap_memory |  int_clr2snd_array_MS |     array    |
|int_clr2snd_array_TA_address0   | out |    9|  ap_memory |  int_clr2snd_array_TA |     array    |
|int_clr2snd_array_TA_ce0        | out |    1|  ap_memory |  int_clr2snd_array_TA |     array    |
|int_clr2snd_array_TA_we0        | out |    1|  ap_memory |  int_clr2snd_array_TA |     array    |
|int_clr2snd_array_TA_d0         | out |    8|  ap_memory |  int_clr2snd_array_TA |     array    |
|int_clr2snd_array_TA_q0         |  in |    8|  ap_memory |  int_clr2snd_array_TA |     array    |
|int_clr2snd_array_DA_address0   | out |    9|  ap_memory |  int_clr2snd_array_DA |     array    |
|int_clr2snd_array_DA_ce0        | out |    1|  ap_memory |  int_clr2snd_array_DA |     array    |
|int_clr2snd_array_DA_we0        | out |    1|  ap_memory |  int_clr2snd_array_DA |     array    |
|int_clr2snd_array_DA_d0         | out |    4|  ap_memory |  int_clr2snd_array_DA |     array    |
|int_clr2snd_array_DA_q0         |  in |    4|  ap_memory |  int_clr2snd_array_DA |     array    |
|float_clr_num_i                 |  in |   32|   ap_ovld  |     float_clr_num     |    pointer   |
|float_clr_num_o                 | out |   32|   ap_ovld  |     float_clr_num     |    pointer   |
|float_clr_num_o_ap_vld          | out |    1|   ap_ovld  |     float_clr_num     |    pointer   |
|float_clr2snd_array_5_address0  | out |    9|  ap_memory | float_clr2snd_array_5 |     array    |
|float_clr2snd_array_5_ce0       | out |    1|  ap_memory | float_clr2snd_array_5 |     array    |
|float_clr2snd_array_5_we0       | out |    1|  ap_memory | float_clr2snd_array_5 |     array    |
|float_clr2snd_array_5_d0        | out |    8|  ap_memory | float_clr2snd_array_5 |     array    |
|float_clr2snd_array_5_q0        |  in |    8|  ap_memory | float_clr2snd_array_5 |     array    |
|float_clr2snd_array_1_address0  | out |    9|  ap_memory | float_clr2snd_array_1 |     array    |
|float_clr2snd_array_1_ce0       | out |    1|  ap_memory | float_clr2snd_array_1 |     array    |
|float_clr2snd_array_1_we0       | out |    1|  ap_memory | float_clr2snd_array_1 |     array    |
|float_clr2snd_array_1_d0        | out |   16|  ap_memory | float_clr2snd_array_1 |     array    |
|float_clr2snd_array_1_q0        |  in |   16|  ap_memory | float_clr2snd_array_1 |     array    |
|float_clr2snd_array_4_address0  | out |    9|  ap_memory | float_clr2snd_array_4 |     array    |
|float_clr2snd_array_4_ce0       | out |    1|  ap_memory | float_clr2snd_array_4 |     array    |
|float_clr2snd_array_4_we0       | out |    1|  ap_memory | float_clr2snd_array_4 |     array    |
|float_clr2snd_array_4_d0        | out |    1|  ap_memory | float_clr2snd_array_4 |     array    |
|float_clr2snd_array_4_q0        |  in |    1|  ap_memory | float_clr2snd_array_4 |     array    |
|float_clr2snd_array_3_address0  | out |    9|  ap_memory | float_clr2snd_array_3 |     array    |
|float_clr2snd_array_3_ce0       | out |    1|  ap_memory | float_clr2snd_array_3 |     array    |
|float_clr2snd_array_3_we0       | out |    1|  ap_memory | float_clr2snd_array_3 |     array    |
|float_clr2snd_array_3_d0        | out |   16|  ap_memory | float_clr2snd_array_3 |     array    |
|float_clr2snd_array_3_q0        |  in |   16|  ap_memory | float_clr2snd_array_3 |     array    |
|float_clr2snd_array_s_address0  | out |    9|  ap_memory | float_clr2snd_array_s |     array    |
|float_clr2snd_array_s_ce0       | out |    1|  ap_memory | float_clr2snd_array_s |     array    |
|float_clr2snd_array_s_we0       | out |    1|  ap_memory | float_clr2snd_array_s |     array    |
|float_clr2snd_array_s_d0        | out |    8|  ap_memory | float_clr2snd_array_s |     array    |
|float_clr2snd_array_s_q0        |  in |    8|  ap_memory | float_clr2snd_array_s |     array    |
|float_clr2snd_array_6_address0  | out |    9|  ap_memory | float_clr2snd_array_6 |     array    |
|float_clr2snd_array_6_ce0       | out |    1|  ap_memory | float_clr2snd_array_6 |     array    |
|float_clr2snd_array_6_we0       | out |    1|  ap_memory | float_clr2snd_array_6 |     array    |
|float_clr2snd_array_6_d0        | out |    4|  ap_memory | float_clr2snd_array_6 |     array    |
|float_clr2snd_array_6_q0        |  in |    4|  ap_memory | float_clr2snd_array_6 |     array    |
|stream_out_V_din                | out |  129|   ap_fifo  |      stream_out_V     |    pointer   |
|stream_out_V_full_n             |  in |    1|   ap_fifo  |      stream_out_V     |    pointer   |
|stream_out_V_write              | out |    1|   ap_fifo  |      stream_out_V     |    pointer   |
+--------------------------------+-----+-----+------------+-----------------------+--------------+

