
*** Running vivado
    with args -log bd_01e2_xmac_0.vds -m64 -product Vivado -mode batch -messageDb vivado.pb -notrace -source bd_01e2_xmac_0.tcl


****** Vivado v2016.4 (64-bit)
  **** SW Build 1756540 on Mon Jan 23 19:11:19 MST 2017
  **** IP Build 1755317 on Mon Jan 23 20:30:07 MST 2017
    ** Copyright 1986-2016 Xilinx, Inc. All Rights Reserved.

source bd_01e2_xmac_0.tcl -notrace
Starting RTL Elaboration : Time (s): cpu = 00:00:08 ; elapsed = 00:00:08 . Memory (MB): peak = 1220.434 ; gain = 289.957 ; free physical = 24545 ; free virtual = 59575
INFO: [Synth 8-638] synthesizing module 'bd_01e2_xmac_0' [/home/tarafdar/thesis/gitStuff/projects/8k5Shell/8k5Shell.srcs/sources_1/bd/srcs/ip/shell_axi_10g_ethernet_0_0/bd_0/ip/ip_0/synth/bd_01e2_xmac_0.v:59]
INFO: [Synth 8-638] synthesizing module 'bd_01e2_xmac_0_block' [/home/tarafdar/thesis/gitStuff/projects/8k5Shell/8k5Shell.srcs/sources_1/bd/srcs/ip/shell_axi_10g_ethernet_0_0/bd_0/ip/ip_0/synth/bd_01e2_xmac_0_block.v:64]
INFO: [Synth 8-256] done synthesizing module 'bd_01e2_xmac_0_block' (30#1) [/home/tarafdar/thesis/gitStuff/projects/8k5Shell/8k5Shell.srcs/sources_1/bd/srcs/ip/shell_axi_10g_ethernet_0_0/bd_0/ip/ip_0/synth/bd_01e2_xmac_0_block.v:64]
INFO: [Synth 8-256] done synthesizing module 'bd_01e2_xmac_0' (31#1) [/home/tarafdar/thesis/gitStuff/projects/8k5Shell/8k5Shell.srcs/sources_1/bd/srcs/ip/shell_axi_10g_ethernet_0_0/bd_0/ip/ip_0/synth/bd_01e2_xmac_0.v:59]
Finished RTL Elaboration : Time (s): cpu = 00:00:10 ; elapsed = 00:00:11 . Memory (MB): peak = 1314.902 ; gain = 384.426 ; free physical = 24037 ; free virtual = 59069
Finished RTL Optimization Phase 1 : Time (s): cpu = 00:00:11 ; elapsed = 00:00:12 . Memory (MB): peak = 1314.902 ; gain = 384.426 ; free physical = 23827 ; free virtual = 58859
INFO: [Device 21-403] Loading part xcku115-flva1517-2-e
Constraint Validation Runtime : Time (s): cpu = 00:00:00.08 ; elapsed = 00:00:00.08 . Memory (MB): peak = 1963.270 ; gain = 0.000 ; free physical = 21947 ; free virtual = 56980
Finished Constraint Validation : Time (s): cpu = 00:00:29 ; elapsed = 00:00:29 . Memory (MB): peak = 1963.270 ; gain = 1032.793 ; free physical = 21761 ; free virtual = 56794
Finished Loading Part and Timing Information : Time (s): cpu = 00:00:29 ; elapsed = 00:00:29 . Memory (MB): peak = 1963.270 ; gain = 1032.793 ; free physical = 21761 ; free virtual = 56793
Finished applying 'set_property' XDC Constraints : Time (s): cpu = 00:00:29 ; elapsed = 00:00:29 . Memory (MB): peak = 1963.270 ; gain = 1032.793 ; free physical = 21754 ; free virtual = 56787
Finished RTL Optimization Phase 2 : Time (s): cpu = 00:00:33 ; elapsed = 00:00:33 . Memory (MB): peak = 1963.270 ; gain = 1032.793 ; free physical = 22792 ; free virtual = 57827
Finished Cross Boundary and Area Optimization : Time (s): cpu = 00:00:46 ; elapsed = 00:00:47 . Memory (MB): peak = 1963.270 ; gain = 1032.793 ; free physical = 24397 ; free virtual = 59431
Finished Applying XDC Timing Constraints : Time (s): cpu = 00:00:54 ; elapsed = 00:00:55 . Memory (MB): peak = 2099.785 ; gain = 1169.309 ; free physical = 23312 ; free virtual = 58346
Finished Timing Optimization : Time (s): cpu = 00:00:59 ; elapsed = 00:01:00 . Memory (MB): peak = 2198.020 ; gain = 1267.543 ; free physical = 22530 ; free virtual = 57564
Finished Technology Mapping : Time (s): cpu = 00:01:00 ; elapsed = 00:01:02 . Memory (MB): peak = 2206.027 ; gain = 1275.551 ; free physical = 22484 ; free virtual = 57520
Finished IO Insertion : Time (s): cpu = 00:01:01 ; elapsed = 00:01:02 . Memory (MB): peak = 2206.027 ; gain = 1275.551 ; free physical = 22484 ; free virtual = 57519
Finished Renaming Generated Instances : Time (s): cpu = 00:01:01 ; elapsed = 00:01:02 . Memory (MB): peak = 2206.027 ; gain = 1275.551 ; free physical = 22484 ; free virtual = 57519
Finished Rebuilding User Hierarchy : Time (s): cpu = 00:01:01 ; elapsed = 00:01:02 . Memory (MB): peak = 2206.027 ; gain = 1275.551 ; free physical = 22479 ; free virtual = 57515
Finished Renaming Generated Ports : Time (s): cpu = 00:01:01 ; elapsed = 00:01:02 . Memory (MB): peak = 2206.027 ; gain = 1275.551 ; free physical = 22478 ; free virtual = 57514
Finished Handling Custom Attributes : Time (s): cpu = 00:01:01 ; elapsed = 00:01:03 . Memory (MB): peak = 2206.027 ; gain = 1275.551 ; free physical = 22464 ; free virtual = 57500
Finished Renaming Generated Nets : Time (s): cpu = 00:01:01 ; elapsed = 00:01:03 . Memory (MB): peak = 2206.027 ; gain = 1275.551 ; free physical = 22465 ; free virtual = 57501

Report Cell Usage: 
+------+---------+------+
|      |Cell     |Count |
+------+---------+------+
|1     |CARRY8   |    16|
|2     |LUT1     |    78|
|3     |LUT2     |   228|
|4     |LUT3     |   253|
|5     |LUT4     |   337|
|6     |LUT5     |   439|
|7     |LUT6     |  1273|
|8     |MUXF7    |    53|
|9     |RAM32M16 |     6|
|10    |SRL16E   |    16|
|11    |FDPE     |    10|
|12    |FDRE     |  1551|
|13    |FDSE     |   189|
+------+---------+------+
Finished Writing Synthesis Report : Time (s): cpu = 00:01:01 ; elapsed = 00:01:03 . Memory (MB): peak = 2206.027 ; gain = 1275.551 ; free physical = 22465 ; free virtual = 57501
synth_design: Time (s): cpu = 00:01:03 ; elapsed = 00:01:04 . Memory (MB): peak = 2262.676 ; gain = 1118.238 ; free physical = 23416 ; free virtual = 58453
