INFO: [HLS 200-0] Workspace /nfs/ug/thesis/thesis0/pc/Graham/galapagos/hlsIP_adm-8k5/axiStreamGate/solution1 opened at Thu May 03 11:48:42 EDT 2018
Command   open_solution returned 0; 0.03 sec.
Execute   set_part xcku115-flva1517-2-e 
Execute     add_library xilinx/kintexu/kintexu:xcku115:-flva1517:-2-e 
Execute       get_default_platform 
Command       get_default_platform returned 0; 0 sec.
Execute       license_isbetapart xcku115 
Command       license_isbetapart returned 1; 0 sec.
Execute       open_platform DefaultPlatform 
Command       open_platform returned 0; 0 sec.
Execute       import_lib /cad1/Xilinx/Vivado/2018.1/common/technology/xilinx/kintexu/kintexu 
Execute         source /cad1/Xilinx/Vivado/2018.1/common/technology/xilinx/common/xilinx.lib 
Execute           source /cad1/Xilinx/Vivado/2018.1/common/technology/xilinx/interface/xilinx_interface.lib 
Execute             source /cad1/Xilinx/Vivado/2018.1/common/technology/xilinx/interface/plb46.lib 
Command             ap_source returned 0; 0 sec.
Execute             source /cad1/Xilinx/Vivado/2018.1/common/technology/xilinx/interface/fsl.lib 
Command             ap_source returned 0; 0 sec.
Execute             source /cad1/Xilinx/Vivado/2018.1/common/technology/xilinx/interface/axi4.lib 
Command             ap_source returned 0; 0 sec.
Execute             source /cad1/Xilinx/Vivado/2018.1/common/technology/xilinx/interface/maxi.lib 
Command             ap_source returned 0; 0 sec.
Execute             source /cad1/Xilinx/Vivado/2018.1/common/technology/xilinx/interface/saxilite.lib 
Command             ap_source returned 0; 0 sec.
Command           ap_source returned 0; 0 sec.
Execute           source /cad1/Xilinx/Vivado/2018.1/common/technology/xilinx/common/dsp48.lib 
Command           ap_source returned 0; 0 sec.
Execute           source /cad1/Xilinx/Vivado/2018.1/common/technology/xilinx/ip/xfir.lib 
Command           ap_source returned 0; 0.01 sec.
Execute           source /cad1/Xilinx/Vivado/2018.1/common/technology/xilinx/ip/dds_compiler.lib 
Command           ap_source returned 0; 0 sec.
Execute           source /cad1/Xilinx/Vivado/2018.1/common/technology/xilinx/ip/xfft.lib 
Command           ap_source returned 0; 0 sec.
Command         ap_source returned 0; 0.01 sec.
Execute         source /cad1/Xilinx/Vivado/2018.1/common/technology/xilinx/common/xilinx_old.lib 
Command         ap_source returned 0; 0 sec.
Execute         source /cad1/Xilinx/Vivado/2018.1/common/technology/xilinx/common/xilinx_vivado.lib 
Command         ap_source returned 0; 0 sec.
Execute         source /cad1/Xilinx/Vivado/2018.1/common/technology/xilinx/common/xilinx.hlp 
Execute           source /cad1/Xilinx/Vivado/2018.1/common/technology/xilinx/common/target_info.tcl 
Command           ap_source returned 0; 0 sec.
Execute           source /cad1/Xilinx/Vivado/2018.1/common/technology/xilinx/interface/xilinx_interface.hlp 
Execute             source /cad1/Xilinx/Vivado/2018.1/common/technology/xilinx/interface/maxi.hlp 
Command             ap_source returned 0; 0 sec.
Execute             source /cad1/Xilinx/Vivado/2018.1/common/technology/xilinx/interface/saxilite.hlp 
Command             ap_source returned 0; 0 sec.
Command           ap_source returned 0; 0 sec.
Execute           source /cad1/Xilinx/Vivado/2018.1/common/technology/xilinx/common/dsp48.hlp 
Command           ap_source returned 0; 0 sec.
Command         ap_source returned 0; 0 sec.
Execute         source /cad1/Xilinx/Vivado/2018.1/common/technology/xilinx/kintexu/dsp48e2.hlp 
Command         ap_source returned 0; 0 sec.
Execute         get_default_platform 
Command         get_default_platform returned 0; 0 sec.
Execute         config_chip_info -quiet -resource  {SLICE 30300} {LUT 242400}    {FF 484800} {DSP48E 1920}   {BRAM 1200}  
Command         config_chip_info returned 0; 0 sec.
Execute         config_chip_info -quiet -speed medium 
Command         config_chip_info returned 0; 0 sec.
Execute         source /cad1/Xilinx/Vivado/2018.1/common/technology/xilinx/common/xilinx.hlp 
Execute           source /cad1/Xilinx/Vivado/2018.1/common/technology/xilinx/common/target_info.tcl 
Command           ap_source returned 0; 0 sec.
Execute           source /cad1/Xilinx/Vivado/2018.1/common/technology/xilinx/interface/xilinx_interface.hlp 
Execute             source /cad1/Xilinx/Vivado/2018.1/common/technology/xilinx/interface/maxi.hlp 
Command             ap_source returned 0; 0 sec.
Execute             source /cad1/Xilinx/Vivado/2018.1/common/technology/xilinx/interface/saxilite.hlp 
Command             ap_source returned 0; 0 sec.
Command           ap_source returned 0; 0 sec.
Execute           source /cad1/Xilinx/Vivado/2018.1/common/technology/xilinx/common/dsp48.hlp 
Command           ap_source returned 0; 0 sec.
Command         ap_source returned 0; 0 sec.
Command       import_lib returned 0; 0.02 sec.
Execute       source /cad1/Xilinx/Vivado/2018.1/common/technology/xilinx/kintexu/kintexu.gen 
Execute         source /cad1/Xilinx/Vivado/2018.1/common/technology/xilinx/common/virtex.gen 
Execute           source /cad1/Xilinx/Vivado/2018.1/common/technology/xilinx/common/xilinx.gen 
Execute             source /cad1/Xilinx/Vivado/2018.1/common/technology/xilinx/interface/plb46.gen 
Command             ap_source returned 0; 0 sec.
Execute             source /cad1/Xilinx/Vivado/2018.1/common/technology/xilinx/interface/fsl.gen 
Command             ap_source returned 0; 0 sec.
Execute             source /cad1/Xilinx/Vivado/2018.1/common/technology/xilinx/interface/axi4.gen 
Command             ap_source returned 0; 0 sec.
Execute             source /cad1/Xilinx/Vivado/2018.1/common/technology/xilinx/interface/nativeAXI4.gen 
Execute               source /cad1/Xilinx/Vivado/2018.1/common/technology/xilinx/interface/saxilite.gen 
Command               ap_source returned 0; 0 sec.
Execute               source /cad1/Xilinx/Vivado/2018.1/common/technology/xilinx/interface/maxi.gen 
Command               ap_source returned 0; 0.01 sec.
Command             ap_source returned 0; 0.01 sec.
Execute             source /cad1/Xilinx/Vivado/2018.1/common/technology/xilinx/scripts/xilinxcoregen.gen 
Command             ap_source returned 0; 0 sec.
Execute             source /cad1/Xilinx/Vivado/2018.1/common/technology/xilinx/interface/XilEDKCoreGen.gen 
Command             ap_source returned 0; 0.01 sec.
Execute             source /cad1/Xilinx/Vivado/2018.1/common/technology/xilinx/ip/util.gen 
Command             ap_source returned 0; 0 sec.
Execute             source /cad1/Xilinx/Vivado/2018.1/common/technology/xilinx/ip/xfir.gen 
Command             ap_source returned 0; 0 sec.
Execute             source /cad1/Xilinx/Vivado/2018.1/common/technology/xilinx/ip/dds_compiler.gen 
Command             ap_source returned 0; 0.01 sec.
Execute             source /cad1/Xilinx/Vivado/2018.1/common/technology/xilinx/ip/xfft.gen 
Command             ap_source returned 0; 0.05 sec.
Command           ap_source returned 0; 0.08 sec.
Execute           source /cad1/Xilinx/Vivado/2018.1/common/technology/xilinx/common/dsp48.gen 
Command           ap_source returned 0; 0 sec.
Command         ap_source returned 0; 0.09 sec.
Command       ap_source returned 0; 0.09 sec.
Execute       get_default_platform 
Command       get_default_platform returned 0; 0 sec.
Execute       config_chip_info -quiet -resource  {SLICE 82920} {LUT 663360}    {FF 1326720} {DSP48E 5520}  {BRAM 4320} {SLR 2}  
Command       config_chip_info returned 0; 0 sec.
Execute       config_chip_info -quiet -speed medium 
Command       config_chip_info returned 0; 0 sec.
Command     add_library returned 0; 0.12 sec.
Execute     add_library xilinx/kintexu/kintexu_fpv7 
Execute       get_default_platform 
Command       get_default_platform returned 0; 0 sec.
Execute       open_platform DefaultPlatform 
Command       open_platform returned 0; 0 sec.
Execute       import_lib /cad1/Xilinx/Vivado/2018.1/common/technology/xilinx/kintexu/kintexu_fpv7 
Execute         source /cad1/Xilinx/Vivado/2018.1/common/technology/xilinx/common/xilinx_fpv7.lib 
Execute           source /cad1/Xilinx/Vivado/2018.1/common/technology/xilinx/common/xilinx_hp.lib 
Command           ap_source returned 0; 0 sec.
Command         ap_source returned 0; 0 sec.
Execute         source /cad1/Xilinx/Vivado/2018.1/common/technology/xilinx/common/xilinx_fpv.hlp 
Execute           source /cad1/Xilinx/Vivado/2018.1/common/technology/xilinx/common/xilinx.hlp 
Execute             source /cad1/Xilinx/Vivado/2018.1/common/technology/xilinx/common/target_info.tcl 
Command             ap_source returned 0; 0 sec.
Execute             source /cad1/Xilinx/Vivado/2018.1/common/technology/xilinx/interface/xilinx_interface.hlp 
Execute               source /cad1/Xilinx/Vivado/2018.1/common/technology/xilinx/interface/maxi.hlp 
Command               ap_source returned 0; 0 sec.
Execute               source /cad1/Xilinx/Vivado/2018.1/common/technology/xilinx/interface/saxilite.hlp 
Command               ap_source returned 0; 0 sec.
Command             ap_source returned 0; 0 sec.
Execute             source /cad1/Xilinx/Vivado/2018.1/common/technology/xilinx/common/dsp48.hlp 
Command             ap_source returned 0; 0 sec.
Command           ap_source returned 0; 0 sec.
Command         ap_source returned 0; 0 sec.
Execute         source /cad1/Xilinx/Vivado/2018.1/common/technology/xilinx/kintexu/kintexu_hp.hlp 
Command         ap_source returned 0; 0 sec.
Command       import_lib returned 0; 0.02 sec.
Execute       source /cad1/Xilinx/Vivado/2018.1/common/technology/xilinx/kintexu/kintexu_fpv7.gen 
Execute         source /cad1/Xilinx/Vivado/2018.1/common/technology/xilinx/common/xilinx_fpv6.gen 
Command         ap_source returned 0; 0 sec.
Command       ap_source returned 0; 0 sec.
Command     add_library returned 0; 0.02 sec.
Execute     get_default_platform 
Command     get_default_platform returned 0; 0 sec.
Command   set_part returned 0; 0.16 sec.
Execute   create_clock -period 5 -name default 
Execute     config_clock -quiet -name default -period 5 -default=false 
INFO: [SYN 201-201] Setting up clock 'default' with a period of 5ns.
Command     config_clock returned 0; 0.01 sec.
Command   create_clock returned 0; 0.01 sec.
Execute   source ../hlsSources/directives/axiStreamGate.tcl 
Execute     set_directive_interface -mode axis axiStreamGate packetOut 
INFO: [HLS 200-0] Setting directive 'INTERFACE' axis=positionBoolean0mode port=positionBooleanTextRequiredpacketOut 
Command     set_directive_interface returned 0; 0 sec.
Execute     set_directive_interface -mode axis axiStreamGate packetIn 
INFO: [HLS 200-0] Setting directive 'INTERFACE' axis=positionBoolean0mode port=positionBooleanTextRequiredpacketOut 
INFO: [HLS 200-0] Setting directive 'INTERFACE' axis=positionBoolean0mode port=positionBooleanTextRequiredpacketIn 
Command     set_directive_interface returned 0; 0 sec.
Execute     set_directive_interface -mode s_axilite axiStreamGate programming 
INFO: [HLS 200-0] Setting directive 'INTERFACE' axis=positionBoolean0mode port=positionBooleanTextRequiredpacketOut 
INFO: [HLS 200-0] Setting directive 'INTERFACE' axis=positionBoolean0mode port=positionBooleanTextRequiredpacketIn 
INFO: [HLS 200-0] Setting directive 'INTERFACE' s_axilite=positionBoolean0mode port=positionBooleanTextRequiredprogramming 
Command     set_directive_interface returned 0; 0 sec.
Execute     set_directive_interface -mode ap_ctrl_none axiStreamGate 
INFO: [HLS 200-0] Setting directive 'INTERFACE' axis=positionBoolean0mode port=positionBooleanTextRequiredpacketOut 
INFO: [HLS 200-0] Setting directive 'INTERFACE' axis=positionBoolean0mode port=positionBooleanTextRequiredpacketIn 
INFO: [HLS 200-0] Setting directive 'INTERFACE' s_axilite=positionBoolean0mode port=positionBooleanTextRequiredprogramming 
INFO: [HLS 200-0] Setting directive 'INTERFACE' ap_ctrl_none=positionBoolean0mode port=positionBooleanTextRequiredreturn 
Command     set_directive_interface returned 0; 0 sec.
Execute     set_directive_interface -mode s_axilite axiStreamGate programSafe 
INFO: [HLS 200-0] Setting directive 'INTERFACE' axis=positionBoolean0mode port=positionBooleanTextRequiredpacketOut 
INFO: [HLS 200-0] Setting directive 'INTERFACE' axis=positionBoolean0mode port=positionBooleanTextRequiredpacketIn 
INFO: [HLS 200-0] Setting directive 'INTERFACE' s_axilite=positionBoolean0mode port=positionBooleanTextRequiredprogramming 
INFO: [HLS 200-0] Setting directive 'INTERFACE' ap_ctrl_none=positionBoolean0mode port=positionBooleanTextRequiredreturn 
INFO: [HLS 200-0] Setting directive 'INTERFACE' s_axilite=positionBoolean0mode port=positionBooleanTextRequiredprogramSafe 
Command     set_directive_interface returned 0; 0.01 sec.
Command   ap_source returned 0; 0.01 sec.
Execute   csynth_design 
Execute     elaborate -effort=medium -skip_syncheck=0 -keep_printf=0 -lm=0 -skip_cdt=0 -skip_transform=0 -ng=0 -g=0 -opt_fp=0 -enable_clang39=0 
INFO: [HLS 200-10] Analyzing design file '../hlsSources/srcs/axiStreamGate.cpp' ...
INFO: [HLS 200-0] Compiling one TU...
Execute       is_m_axi_addr64 
Command       is_m_axi_addr64 returned 0; 0 sec.
INFO: [HLS 200-0] Handling ../hlsSources/srcs/axiStreamGate.cpp as C++
Execute       get_default_platform 
Command       get_default_platform returned 0; 0 sec.
Execute       is_encrypted ../hlsSources/srcs/axiStreamGate.cpp 
Command       is_encrypted returned 0; 0 sec.
Execute       get_default_platform 
Command       get_default_platform returned 0; 0 sec.
INFO: [HLS 200-0] Source preprocessing
Execute       clang  -fno-limit-debug-info -gcc-toolchain "/cad1/Xilinx/Vivado/2018.1/lnx64/tools/gcc" -hls  -fno-exceptions  -D__llvm__  -E "../hlsSources/srcs/axiStreamGate.cpp"     -fno-math-errno -c -emit-llvm -O0  -mllvm -disable-llvm-optzns -fno-threadsafe-statics  -fno-use-cxa-atexit  -fno-threadsafe-statics -fno-use-cxa-atexit -D__CLANG_3_1__ -DAESL_SYN -D__SYNTHESIS__ -D__HLS_SYN__ -I "/cad1/Xilinx/Vivado/2018.1/common/technology/autopilot" -I "/cad1/Xilinx/Vivado/2018.1/common/technology/autopilot/ap_sysc" -include etc/autopilot_ssdm_op.h -D__DSP48E2__  -o "/nfs/ug/thesis/thesis0/pc/Graham/galapagos/hlsIP_adm-8k5/axiStreamGate/solution1/.autopilot/db/axiStreamGate.pp.0.cpp" 
INFO: [HLS 200-0] exec clang -fno-limit-debug-info -gcc-toolchain /cad1/Xilinx/Vivado/2018.1/lnx64/tools/gcc -hls -fno-exceptions -D__llvm__ -E ../hlsSources/srcs/axiStreamGate.cpp -fno-math-errno -c -emit-llvm -O0 -mllvm -disable-llvm-optzns -fno-threadsafe-statics -fno-use-cxa-atexit -fno-threadsafe-statics -fno-use-cxa-atexit -D__CLANG_3_1__ -DAESL_SYN -D__SYNTHESIS__ -D__HLS_SYN__ -I /cad1/Xilinx/Vivado/2018.1/common/technology/autopilot -I /cad1/Xilinx/Vivado/2018.1/common/technology/autopilot/ap_sysc -include etc/autopilot_ssdm_op.h -D__DSP48E2__ -o /nfs/ug/thesis/thesis0/pc/Graham/galapagos/hlsIP_adm-8k5/axiStreamGate/solution1/.autopilot/db/axiStreamGate.pp.0.cpp
Command       clang returned 0; 1.03 sec.
INFO: [HLS 200-0] Syntax Checking before pre-processing...
Execute       clang  -fno-limit-debug-info -gcc-toolchain "/cad1/Xilinx/Vivado/2018.1/lnx64/tools/gcc" -hls    -fno-math-errno -c -emit-llvm -O0  -mllvm -disable-llvm-optzns -fno-threadsafe-statics  -fno-use-cxa-atexit  -fno-threadsafe-statics -fno-use-cxa-atexit -D__CLANG_3_1__ -DAESL_SYN -D__SYNTHESIS__ -D__HLS_SYN__ -I "/cad1/Xilinx/Vivado/2018.1/common/technology/autopilot" -I "/cad1/Xilinx/Vivado/2018.1/common/technology/autopilot/ap_sysc" -include etc/autopilot_ssdm_op.h -D__DSP48E2__  "/nfs/ug/thesis/thesis0/pc/Graham/galapagos/hlsIP_adm-8k5/axiStreamGate/solution1/.autopilot/db/axiStreamGate.pp.0.cpp"  -o "/nfs/ug/thesis/thesis0/pc/Graham/galapagos/hlsIP_adm-8k5/axiStreamGate/solution1/.autopilot/db/useless.bc"  
INFO: [HLS 200-0] exec clang -fno-limit-debug-info -gcc-toolchain /cad1/Xilinx/Vivado/2018.1/lnx64/tools/gcc -hls -fno-math-errno -c -emit-llvm -O0 -mllvm -disable-llvm-optzns -fno-threadsafe-statics -fno-use-cxa-atexit -fno-threadsafe-statics -fno-use-cxa-atexit -D__CLANG_3_1__ -DAESL_SYN -D__SYNTHESIS__ -D__HLS_SYN__ -I /cad1/Xilinx/Vivado/2018.1/common/technology/autopilot -I /cad1/Xilinx/Vivado/2018.1/common/technology/autopilot/ap_sysc -include etc/autopilot_ssdm_op.h -D__DSP48E2__ /nfs/ug/thesis/thesis0/pc/Graham/galapagos/hlsIP_adm-8k5/axiStreamGate/solution1/.autopilot/db/axiStreamGate.pp.0.cpp -o /nfs/ug/thesis/thesis0/pc/Graham/galapagos/hlsIP_adm-8k5/axiStreamGate/solution1/.autopilot/db/useless.bc
WARNING: [HLS 200-40] In file included from ../hlsSources/srcs/axiStreamGate.cpp:1:
../hlsSources/srcs/axiStreamGate.cpp:29:20: warning: equality comparison with extraneous parentheses [-Wparentheses-equality]
  if((*programming == 0)){
      ~~~~~~~~~~~~~^~~~
../hlsSources/srcs/axiStreamGate.cpp:29:20: note: remove extraneous parentheses around the comparison to silence this warning
  if((*programming == 0)){
     ~             ^   ~
../hlsSources/srcs/axiStreamGate.cpp:29:20: note: use '=' to turn this equality comparison into an assignment
  if((*programming == 0)){
                   ^~
                   =
1 warning generated.
Command       clang returned 0; 1.3 sec.
INFO: [HLS 200-0] GCC PP time: 2 seconds per iteration
INFO: [HLS 200-0] Setting directive 'INTERFACE' axis=positionBoolean0mode port=positionBooleanTextRequiredpacketOut 
INFO: [HLS 200-0] Setting directive 'INTERFACE' axis=positionBoolean0mode port=positionBooleanTextRequiredpacketIn 
INFO: [HLS 200-0] Setting directive 'INTERFACE' s_axilite=positionBoolean0mode port=positionBooleanTextRequiredprogramming 
INFO: [HLS 200-0] Setting directive 'INTERFACE' ap_ctrl_none=positionBoolean0mode port=positionBooleanTextRequiredreturn 
INFO: [HLS 200-0] Setting directive 'INTERFACE' s_axilite=positionBoolean0mode port=positionBooleanTextRequiredprogramSafe 
Execute       list_core -type functional_unit 
Command       list_core returned 0; 0 sec.
INFO: [HLS 200-0] CDT Preprocessing...
INFO: [HLS 200-0] Marker-Pragma convertor: /nfs/ug/thesis/thesis0/pc/Graham/galapagos/hlsIP_adm-8k5/axiStreamGate/solution1/.autopilot/db/axiStreamGate.pp.0.cpp /nfs/ug/thesis/thesis0/pc/Graham/galapagos/hlsIP_adm-8k5/axiStreamGate/solution1/.autopilot/db/axiStreamGate.pp.0.cpp.ap-line.cpp /nfs/ug/thesis/thesis0/pc/Graham/galapagos/hlsIP_adm-8k5/axiStreamGate/solution1/.autopilot/db/axiStreamGate.pp.0.cpp.ap-line.cpp.CXX 1
INFO: [HLS 200-0] Converting Markers to Pragmas...
Execute       cdt  "/nfs/ug/thesis/thesis0/pc/Graham/galapagos/hlsIP_adm-8k5/axiStreamGate/solution1/.autopilot/db/axiStreamGate.pp.0.cpp.ap-line.cpp"  -m "axiStreamGate" -o "/nfs/ug/thesis/thesis0/pc/Graham/galapagos/hlsIP_adm-8k5/axiStreamGate/solution1/.autopilot/db/axiStreamGate.pp.0.cpp.ap-cdt.cpp" --pp --directive /nfs/ug/thesis/thesis0/pc/Graham/galapagos/hlsIP_adm-8k5/axiStreamGate/solution1/solution1.directive --source /nfs/ug/thesis/thesis0/pc/Graham/galapagos/hlsIP_adm-8k5/../hlsSources/srcs/axiStreamGate.cpp --error /nfs/ug/thesis/thesis0/pc/Graham/galapagos/hlsIP_adm-8k5/axiStreamGate/solution1/.autopilot/db --funcunit "AddSub AddSub_DSP AddSubnS DAddSub_fulldsp DAddSub_nodsp DDiv DExp_fulldsp DExp_meddsp DExp_nodsp DLog_fulldsp DLog_meddsp DLog_nodsp DMul_fulldsp DMul_maxdsp DMul_meddsp DMul_nodsp DRSqrt DRecip DSP_Macro DSqrt DivnS FAddSub_fulldsp FAddSub_nodsp FDiv FExp_fulldsp FExp_meddsp FExp_nodsp FLog_fulldsp FLog_meddsp FLog_nodsp FMul_fulldsp FMul_maxdsp FMul_meddsp FMul_nodsp FRSqrt_fulldsp FRSqrt_nodsp FRecip_fulldsp FRecip_nodsp FSqrt HAddSub_fulldsp HAddSub_meddsp HAddSub_nodsp HDiv HMul_fulldsp HMul_maxdsp HMul_nodsp HSqrt Mul Mul2S Mul3S Mul4S Mul5S Mul6S Mul_LUT MulnS MuxnS" --ve --vetcl /nfs/ug/thesis/thesis0/pc/Graham/galapagos/hlsIP_adm-8k5/axiStreamGate/solution1/.autopilot/db --ca --es --gf --pd --p2d /nfs/ug/thesis/thesis0/pc/Graham/galapagos/hlsIP_adm-8k5/axiStreamGate/solution1/.autopilot/db --sd --scff /nfs/ug/thesis/thesis0/pc/Graham/galapagos/hlsIP_adm-8k5/axiStreamGate/solution1/.autopilot/db/.systemc_flag --ad 
INFO: [HLS 200-0] Error:Syntax error in source:for (__decltype(__n + 0) __niter = __n;
Error:Missing ; in source:t
Error:Syntax error in source:)
 *__first = __value;
Error:Syntax error in source:for (__decltype(__n + 0) __niter = __n;
Error:Missing ; in source:t
Error:Syntax error in source:)
 *__first = __tmp;
Command       cdt returned 0; 4.73 sec.
INFO: [HLS 200-0] Marker-Pragma convertor: /nfs/ug/thesis/thesis0/pc/Graham/galapagos/hlsIP_adm-8k5/axiStreamGate/solution1/.autopilot/db/axiStreamGate.pp.0.cpp.ap-cdt.cpp /nfs/ug/thesis/thesis0/pc/Graham/galapagos/hlsIP_adm-8k5/axiStreamGate/solution1/.autopilot/db/axiStreamGate.pragma.0.cpp /nfs/ug/thesis/thesis0/pc/Graham/galapagos/hlsIP_adm-8k5/axiStreamGate/solution1/.autopilot/db/axiStreamGate.pragma.0.cpp.ap-line.CXX 0
INFO: [HLS 200-0] Converting Pragmas to Markers...
Execute       source /nfs/ug/thesis/thesis0/pc/Graham/galapagos/hlsIP_adm-8k5/axiStreamGate/solution1/.autopilot/db/pragma.status.tcl 
Command       ap_source returned 0; 0 sec.
INFO: [HLS 200-0] Pragma Handling...
INFO: [HLS 200-0] Source preprocessing
Execute       clang  -fno-limit-debug-info -gcc-toolchain "/cad1/Xilinx/Vivado/2018.1/lnx64/tools/gcc" -hls  -fno-exceptions  -D__llvm__  -E "/nfs/ug/thesis/thesis0/pc/Graham/galapagos/hlsIP_adm-8k5/axiStreamGate/solution1/.autopilot/db/axiStreamGate.pragma.1.cpp"     -fno-math-errno -c -emit-llvm -O0  -mllvm -disable-llvm-optzns -fno-threadsafe-statics  -fno-use-cxa-atexit  -fno-threadsafe-statics -fno-use-cxa-atexit -D__CLANG_3_1__ -DAESL_SYN -D__SYNTHESIS__ -D__HLS_SYN__ -I "/cad1/Xilinx/Vivado/2018.1/common/technology/autopilot" -I "/cad1/Xilinx/Vivado/2018.1/common/technology/autopilot/ap_sysc" -include etc/autopilot_ssdm_op.h -D__DSP48E2__  -o "/nfs/ug/thesis/thesis0/pc/Graham/galapagos/hlsIP_adm-8k5/axiStreamGate/solution1/.autopilot/db/axiStreamGate.pragma.2.cpp" 
INFO: [HLS 200-0] exec clang -fno-limit-debug-info -gcc-toolchain /cad1/Xilinx/Vivado/2018.1/lnx64/tools/gcc -hls -fno-exceptions -D__llvm__ -E /nfs/ug/thesis/thesis0/pc/Graham/galapagos/hlsIP_adm-8k5/axiStreamGate/solution1/.autopilot/db/axiStreamGate.pragma.1.cpp -fno-math-errno -c -emit-llvm -O0 -mllvm -disable-llvm-optzns -fno-threadsafe-statics -fno-use-cxa-atexit -fno-threadsafe-statics -fno-use-cxa-atexit -D__CLANG_3_1__ -DAESL_SYN -D__SYNTHESIS__ -D__HLS_SYN__ -I /cad1/Xilinx/Vivado/2018.1/common/technology/autopilot -I /cad1/Xilinx/Vivado/2018.1/common/technology/autopilot/ap_sysc -include etc/autopilot_ssdm_op.h -D__DSP48E2__ -o /nfs/ug/thesis/thesis0/pc/Graham/galapagos/hlsIP_adm-8k5/axiStreamGate/solution1/.autopilot/db/axiStreamGate.pragma.2.cpp
Command       clang returned 0; 0.98 sec.
Execute       get_default_platform 
Command       get_default_platform returned 0; 0 sec.
INFO: [HLS 200-0] Processing labels
Execute       clang  -fno-limit-debug-info -gcc-toolchain /cad1/Xilinx/Vivado/2018.1/lnx64/tools/gcc -hls -hls-analyze-label -hls-analyze-pragma -fno-exceptions  -D__llvm__  -w  "/nfs/ug/thesis/thesis0/pc/Graham/galapagos/hlsIP_adm-8k5/axiStreamGate/solution1/.autopilot/db/axiStreamGate.pragma.2.cpp"    -fno-math-errno -c -emit-llvm -O0  -mllvm -disable-llvm-optzns -fno-threadsafe-statics  -fno-use-cxa-atexit -DAESL_SYN -D__SYNTHESIS__ -D__HLS_SYN__ -I "/cad1/Xilinx/Vivado/2018.1/common/technology/autopilot" -I "/cad1/Xilinx/Vivado/2018.1/common/technology/autopilot/ap_sysc" -include etc/autopilot_ssdm_op.h -D__DSP48E2__ -g -o "/nfs/ug/thesis/thesis0/pc/Graham/galapagos/hlsIP_adm-8k5/axiStreamGate/solution1/.autopilot/db/axiStreamGate.g.bc" 
INFO: [HLS 200-0] exec clang -fno-limit-debug-info -gcc-toolchain /cad1/Xilinx/Vivado/2018.1/lnx64/tools/gcc -hls -hls-analyze-label -hls-analyze-pragma -fno-exceptions -D__llvm__ -w /nfs/ug/thesis/thesis0/pc/Graham/galapagos/hlsIP_adm-8k5/axiStreamGate/solution1/.autopilot/db/axiStreamGate.pragma.2.cpp -fno-math-errno -c -emit-llvm -O0 -mllvm -disable-llvm-optzns -fno-threadsafe-statics -fno-use-cxa-atexit -DAESL_SYN -D__SYNTHESIS__ -D__HLS_SYN__ -I /cad1/Xilinx/Vivado/2018.1/common/technology/autopilot -I /cad1/Xilinx/Vivado/2018.1/common/technology/autopilot/ap_sysc -include etc/autopilot_ssdm_op.h -D__DSP48E2__ -g -o /nfs/ug/thesis/thesis0/pc/Graham/galapagos/hlsIP_adm-8k5/axiStreamGate/solution1/.autopilot/db/axiStreamGate.g.bc
Command       clang returned 0; 1.34 sec.
Execute       source /nfs/ug/thesis/thesis0/pc/Graham/galapagos/hlsIP_adm-8k5/axiStreamGate/solution1/.autopilot/db/ve_warning.tcl 
Command       ap_source returned 0; 0 sec.
INFO: [HLS 200-10] Validating synthesis directives ...
Execute       source /nfs/ug/thesis/thesis0/pc/Graham/galapagos/hlsIP_adm-8k5/axiStreamGate/solution1/.autopilot/db/pragma.status.tcl 
Command       ap_source returned 0; 0 sec.
INFO: [HLS 200-111] Finished Checking Pragmas Time (s): cpu = 00:00:54 ; elapsed = 00:00:38 . Memory (MB): peak = 476.852 ; gain = 132.512 ; free physical = 8231 ; free virtual = 39123
INFO: [HLS 200-0] Linking Release ...
Execute       llvm-ld /nfs/ug/thesis/thesis0/pc/Graham/galapagos/hlsIP_adm-8k5/axiStreamGate/solution1/.autopilot/db/axiStreamGate.bc -hls-opt -except-internalize axiStreamGate -L/cad1/Xilinx/Vivado/2018.1/lnx64/lib -lm_basic -lhlsmc++ -lhlsm -o /nfs/ug/thesis/thesis0/pc/Graham/galapagos/hlsIP_adm-8k5/axiStreamGate/solution1/.autopilot/db/a.o 
Command       llvm-ld returned 0; 0.52 sec.
Execute       disassemble /nfs/ug/thesis/thesis0/pc/Graham/galapagos/hlsIP_adm-8k5/axiStreamGate/solution1/.autopilot/db/a.o /nfs/ug/thesis/thesis0/pc/Graham/galapagos/hlsIP_adm-8k5/axiStreamGate/solution1/.autopilot/db/a.o 
Execute         is_encrypted /nfs/ug/thesis/thesis0/pc/Graham/galapagos/hlsIP_adm-8k5/axiStreamGate/solution1/.autopilot/db/a.o.bc 
Command         is_encrypted returned 0; 0 sec.
Command       disassemble returned 0; 0.5 sec.
INFO: [HLS 200-0] Disassemble time: 0 seconds per iteration
INFO: [HLS 200-0] Linking Debug ...
Execute       llvm-ld /nfs/ug/thesis/thesis0/pc/Graham/galapagos/hlsIP_adm-8k5/axiStreamGate/solution1/.autopilot/db/axiStreamGate.g.bc -hls-opt -except-internalize axiStreamGate -L/cad1/Xilinx/Vivado/2018.1/lnx64/lib -lm_basic -lhlsmc++ -lhlsm -o /nfs/ug/thesis/thesis0/pc/Graham/galapagos/hlsIP_adm-8k5/axiStreamGate/solution1/.autopilot/db/a.g 
Command       llvm-ld returned 0; 0.5 sec.
INFO: [HLS 200-0] Disassemble time: 0 seconds per iteration
INFO: [HLS 200-111] Finished Linking Time (s): cpu = 00:00:55 ; elapsed = 00:00:39 . Memory (MB): peak = 476.852 ; gain = 132.512 ; free physical = 8217 ; free virtual = 39124
Execute       ::config_rtl 
Command       config_rtl returned 0; 0 sec.
Execute       opt_and_import_c a -opt_level=2 -skip_syncheck=0 -ng=0 -keep_printf=0 -enable_clang39=0 
Execute         cleanup_all_models 
Command         cleanup_all_models returned 0; 0 sec.
INFO: [HLS 200-10] Starting code transformations ...
Execute         transform -promote-dbg-pointer /nfs/ug/thesis/thesis0/pc/Graham/galapagos/hlsIP_adm-8k5/axiStreamGate/solution1/.autopilot/db/a.pp.bc -o /nfs/ug/thesis/thesis0/pc/Graham/galapagos/hlsIP_adm-8k5/axiStreamGate/solution1/.autopilot/db/a.pp.0.bc -f 
Command         transform returned 0; 0.02 sec.
Execute         llvm-ld /nfs/ug/thesis/thesis0/pc/Graham/galapagos/hlsIP_adm-8k5/axiStreamGate/solution1/.autopilot/db/a.pp.0.bc -disable-opt -L/cad1/Xilinx/Vivado/2018.1/lnx64/lib -lfloatconversion -o /nfs/ug/thesis/thesis0/pc/Graham/galapagos/hlsIP_adm-8k5/axiStreamGate/solution1/.autopilot/db/a.g.0 
Command         llvm-ld returned 0; 0.51 sec.
INFO: [HLS 200-0] Running Standard Transforms...
Execute         transform -hls -share-std-xform -demangle-name -inline-byval-memcpy -always-inline -promote-dbg-pointer -interface-preproc -scalarrepl -mem2reg -keep-read-access -instcombine -dce -promote-dbg-pointer -bitop-raise -loop-simplify -indvarspre -indvars -loop-simplify -xunroll -constprop -instcombine -simplifycfg -indvars -simplifycfg -dce -globaldce -basicaa -simplifycfg -mem2reg -globalopt -global-constprop -deadargelim -instcombine -simplifycfg -prune-eh -simplifycfg -scalarrepl -instcombine -reassociate -licm -simplifycfg -loop-simplify -indvars -instcombine -simplifycfg -mem2reg -loop-simplify -indvars -instcombine -gvn -gvn -instcombine -adce -break-crit-edges -simplifycfg -loop-delete -global-array-opt -dce -dse -adce -find-syn-modules -top axiStreamGate -deadargelim -mem2reg -instcombine -dce -presyn-prepare -auto-rom-infer -interface-preproc -syn-check -check-rec-only -find-region -simplifycfg -func-extr -function-inline -globaldce -mem2reg -instcombine -dce -gvn -globaldce -adce -adse -constprop -instcombine -bit-constprop -instcombine -dce -simplifycfg -bitop-raise -simplifycfg -dce -loop-delete -reassociate -globalopt -global-privatize -mem2reg -dce -global-constprop -pointer-simplify -constprop -dce -func-inst -deadargelim -auto-shift-reg-idiom -promote-dbg-pointer -norm-name /nfs/ug/thesis/thesis0/pc/Graham/galapagos/hlsIP_adm-8k5/axiStreamGate/solution1/.autopilot/db/a.g.0.bc -o /nfs/ug/thesis/thesis0/pc/Graham/galapagos/hlsIP_adm-8k5/axiStreamGate/solution1/.autopilot/db/a.g.1.bc -f -phase std-opt 
Command         transform returned 0; 0.05 sec.
Execute         disassemble /nfs/ug/thesis/thesis0/pc/Graham/galapagos/hlsIP_adm-8k5/axiStreamGate/solution1/.autopilot/db/a.g.1 /nfs/ug/thesis/thesis0/pc/Graham/galapagos/hlsIP_adm-8k5/axiStreamGate/solution1/.autopilot/db/a.g.1 
Execute           is_encrypted /nfs/ug/thesis/thesis0/pc/Graham/galapagos/hlsIP_adm-8k5/axiStreamGate/solution1/.autopilot/db/a.g.1.bc 
Command           is_encrypted returned 0; 0 sec.
Command         disassemble returned 0; 0.49 sec.
INFO: [HLS 200-111] Finished Standard Transforms Time (s): cpu = 00:00:56 ; elapsed = 00:00:40 . Memory (MB): peak = 476.852 ; gain = 132.512 ; free physical = 8214 ; free virtual = 39123
INFO: [HLS 200-10] Checking synthesizability ...
INFO: [HLS 200-0] Checking Synthesizability 1/2..
Execute         transform -hls -syn-check -check-rec-only -disaggr -scalarrepl -norm-name -dce -mem2reg -instcombine -function-uniquify -directive-preproc -mem2reg -dse -dce -auto-rom-infer -dce -array-normalize -instcombine -dce -warn-fifo-pointer -array-seg-normalize -instcombine -dce -array-flatten -instcombine -dce -array-burst -dce -deadargelim -promote-global-argument -simplifycfg -mem2reg -globaldce -resolve-double-ptr -dce -deadargelim -dce -instcombine -function-inline -globaldce -dce -doublePtrSimplify -doublePtrElim -dce -doublePtrSimplify -promote-dbg-pointer -dce -scalarrepl -dse -adse -instcombine -ptrLegalization -simplifycfg -dce -instcombine -pointer-simplify -ptrArgReplace -dce -instcombine -disaggr -scalarrepl -norm-name -dce -mem2reg -instcombine -ptrLegalization -simplifycfg -deadargelim -instcombine -dce -inst-simplify -function-uniquify -directive-preproc -mem2reg -dse -dce -globaldce /nfs/ug/thesis/thesis0/pc/Graham/galapagos/hlsIP_adm-8k5/axiStreamGate/solution1/.autopilot/db/a.g.1.bc -o /nfs/ug/thesis/thesis0/pc/Graham/galapagos/hlsIP_adm-8k5/axiStreamGate/solution1/.autopilot/db/a.g.2.prechk.bc -f 
Command         transform returned 0; 0.04 sec.
INFO: [HLS 200-0] Checking Synthesizability 2/2..
Execute         transform -syn-check /nfs/ug/thesis/thesis0/pc/Graham/galapagos/hlsIP_adm-8k5/axiStreamGate/solution1/.autopilot/db/a.g.2.prechk.bc -o /nfs/ug/thesis/thesis0/pc/Graham/galapagos/hlsIP_adm-8k5/axiStreamGate/solution1/.autopilot/db/a.g.2.bc -f -phase syn-check 
Command         transform returned 0; 0.02 sec.
INFO: [HLS 200-111] Finished Checking Synthesizability Time (s): cpu = 00:00:56 ; elapsed = 00:00:40 . Memory (MB): peak = 476.852 ; gain = 132.512 ; free physical = 8215 ; free virtual = 39124
INFO: [HLS 200-0] Compiler optimizing ...
INFO: [HLS 200-0] Share syncheck's 1.bc for syn flow: copy /nfs/ug/thesis/thesis0/pc/Graham/galapagos/hlsIP_adm-8k5/axiStreamGate/solution1/.autopilot/db/a.g.1.bc to /nfs/ug/thesis/thesis0/pc/Graham/galapagos/hlsIP_adm-8k5/axiStreamGate/solution1/.autopilot/db/a.o.1.bc
INFO: [HLS 200-0] Presyn 1...
Execute         transform -hls -tmp /nfs/ug/thesis/thesis0/pc/Graham/galapagos/hlsIP_adm-8k5/axiStreamGate/solution1/.autopilot/db -interface-port-rename -type-info -function-uniquify -directive-preproc -mem2reg -dse -dce -disaggr -scalarrepl -norm-name -deadargelim -mem2reg -instcombine -dce -simplifycfg -auto-rom-infer -dce -function-uniquify -resource-proc -simplifycfg -mem2reg -globaldce -resolve-double-ptr -dce -deadargelim -dce -instcombine -clib-intrinsic-prepare -dce -func-buffer -dce -array-normalize -func-legal -instcombine -gvn -constprop -dce -ptrArgReplace -mem2reg -instcombine -dce -array-seg-normalize -deadargelim -instcombine -dce -pointer-simplify -dce -port-alignment -dce -interface-preproc -data-pack -instcombine -dce -basicaa -aggr-aa -aggrmodref-aa -aggr-aa -gvn -gvn -basicaa -aggr-aa -aggrmodref-aa -aggr-aa -dse -adse -adce -loop-simplify -indvars -instcombine -gvn -loop-simplify -mem2reg -dce -find-region -instcombine -auto-loop-pipeline -inst-simplify -interface-preproc -cfgopt -instcombine -indvars -auto-loop-unroll -loop-simplify -loop-bound -xunroll -constprop -instcombine -simplifycfg -indvars -simplifycfg -dce -globaldce -clean-region -attach-range -gvn -inst-simplify -constprop -simplifycfg -dce -pointer-simplify -dce -globalopt -constprop -dce -array-promote -constprop -instcombine -dce -ptrArgReplace -mem2reg -instcombine -simplifycfg -dce -auto-par -instcombine -dce -array-transform-check -array-reshape -instcombine -simplifycfg -dce -ptrArgReplace -deadargelim -mem2reg -instcombine -simplifycfg -dce -indvars -loop-simplify -loop-bound -xunroll -constprop -instcombine -simplifycfg -indvars -simplifycfg -dce -globaldce -duplicate-dataflow-processes -globaldce -instcombine -array-partition -instcombine -simplifycfg -dce -ptrArgReplace -global-constprop -deadargelim -mem2reg -func-legal -instcombine -dce -global-constprop -deadargelim -mem2reg -instcombine -simplifycfg -dce -merge-param -deadargelim -globalopt -constprop -dce -array-promote -constprop -instcombine -dce -ptrArgReplace -mem2reg -instcombine -simplifycfg -dce -mem-intrinsic-preproc -dce -global-privatize -mem2reg -globaldce -promote-global-argument -ptrArgReplace -mem2reg -instcombine -dce -globalopt -mergereturn -simplify-global-access -mem2reg -dce -pointer-simplify -dce -functionattrs -basicaa -aggr-aa -aggrmodref-aa -aggr-aa -gvn -gvn -basicaa -aggr-aa -aggrmodref-aa -aggr-aa -dse -adse -adce -inst-simplify -dce -norm-name -function-inline -globaldce -func-inst -constprop -instcombine -simplifycfg -dce -func-legal -dce -loop-bound -arraycheck -bitwidthmin -on-by-dataflow -loop-delete -instcombine -simplifycfg -globaldce -dce -gvn -deadargelim -dce -loop-simplify -clean-region -simplifycfg -propagate-stable-arguments -loop-stream -instcombine -simplifycfg -dce -globaldce -duplicate-dataflow-processes -stream-intrinsic-preproc -dce -check-ap-stream -loop-simplify -eliminate-keepreads -extract-dataflow-in-loop -loop-simplify -dce -gvn -deadargelim -dse -check-dataflow-syntax -legalize-stream-variable -legalize-global -extract-subproc -dce -dead-channel-elimination -canonicalize-gep -globaldce -dce -gvn -deadargelim -annotate-dataflow-channels -scalar-propagation -deadargelim -globaldce -mem2reg -check-dataflow-channels -function-stream -dce -globaldce -prop-fifo-spec -internal-stream-gen -canonicalize-gep -globaldce -dce -gvn -deadargelim -mergereturn -indvars -loop-simplify -instcombine -array-stream -array-seg-normalize -array-partition -func-legal -instcombine -simplifycfg -dce -bundle-memfifo-ops -deadargelim -function-uniquify -directive-preproc -mem2reg -dse -dce -group-axi-access -licm -simplifycfg -dce -loop-delete -norm-name /nfs/ug/thesis/thesis0/pc/Graham/galapagos/hlsIP_adm-8k5/axiStreamGate/solution1/.autopilot/db/a.o.1.bc -o /nfs/ug/thesis/thesis0/pc/Graham/galapagos/hlsIP_adm-8k5/axiStreamGate/solution1/.autopilot/db/a.o.1.tmp.bc -f 
Command         transform returned 0; 0.08 sec.
Execute         disassemble /nfs/ug/thesis/thesis0/pc/Graham/galapagos/hlsIP_adm-8k5/axiStreamGate/solution1/.autopilot/db/a.o.1.tmp /nfs/ug/thesis/thesis0/pc/Graham/galapagos/hlsIP_adm-8k5/axiStreamGate/solution1/.autopilot/db/a.o.1.tmp 
Execute           is_encrypted /nfs/ug/thesis/thesis0/pc/Graham/galapagos/hlsIP_adm-8k5/axiStreamGate/solution1/.autopilot/db/a.o.1.tmp.bc 
Command           is_encrypted returned 0; 0 sec.
Command         disassemble returned 0; 0.49 sec.
INFO: [HLS 200-0] Presyn 2...
Execute         transform -hls -keep-callgraph -scalarrepl -mem2reg -port-alignment -attach-range -dce -pipe-mux-gen -indvars -loop-bound -inst-simplify -instcombine -dce -merge-array-access -mem2reg -dce -clean-region -mergereturn -if-conv -instcombine -dce -constprop -basicaa -aggr-aa -aggrmodref-aa -aggr-aa -gvn -gvn -basicaa -aggr-aa -aggrmodref-aa -aggr-aa -dse -adse -adce -scalarrepl -mem2reg -global-constprop -deadargelim -deadargelim -instcombine -dce -simplifycfg -ptrArgReplace -mem2reg -function-inline -globaldce -mem2reg -instcombine -dce -expr-balance -instcombine -dce -bitwidthmin -interface-preproc -directive-preproc -inst-rectify -instcombine -dce -functionattrs -constprop -instcombine -bit-constprop -simplify-global-access -globalopt -globaldce -inst-simplify -instcombine -elimdeaddata -dce -loop-delete -simplifycfg -loop-simplify -auto-burst -norm-name /nfs/ug/thesis/thesis0/pc/Graham/galapagos/hlsIP_adm-8k5/axiStreamGate/solution1/.autopilot/db/a.o.1.tmp.bc -o /nfs/ug/thesis/thesis0/pc/Graham/galapagos/hlsIP_adm-8k5/axiStreamGate/solution1/.autopilot/db/a.o.2.bc -f -phase presyn 
Command         transform returned 0; 0.04 sec.
Execute         disassemble /nfs/ug/thesis/thesis0/pc/Graham/galapagos/hlsIP_adm-8k5/axiStreamGate/solution1/.autopilot/db/a.o.2 /nfs/ug/thesis/thesis0/pc/Graham/galapagos/hlsIP_adm-8k5/axiStreamGate/solution1/.autopilot/db/a.o.2 
Execute           is_encrypted /nfs/ug/thesis/thesis0/pc/Graham/galapagos/hlsIP_adm-8k5/axiStreamGate/solution1/.autopilot/db/a.o.2.bc 
Command           is_encrypted returned 0; 0 sec.
Command         disassemble returned 0; 0.5 sec.
INFO: [HLS 200-111] Finished Pre-synthesis Time (s): cpu = 00:00:57 ; elapsed = 00:00:41 . Memory (MB): peak = 476.852 ; gain = 132.512 ; free physical = 8192 ; free virtual = 39105
INFO: [HLS 200-0] Building ssdm...
Execute         transform -hls -function-uniquify -auto-function-inline -globaldce -ptrArgReplace -mem2reg -instcombine -dce -reset-lda -loop-simplify -indvars -licm -loop-dep -loop-bound -licm -loop-simplify -flattenloopnest -array-flatten -gvn -instcombine -dce -array-map -dce -func-legal -gvn -adce -instcombine -cfgopt -simplifycfg -loop-simplify -array-burst -promote-global-argument -dce -axi4-lower -array-seg-normalize -basicaa -aggrmodref-aa -globalsmodref-aa -aggr-aa -gvn -gvn -basicaa -aggrmodref-aa -globalsmodref-aa -aggr-aa -dse -adse -adce -licm -inst-simplify -dce -globaldce -instcombine -array-stream -eliminate-keepreads -instcombine -dce -deadargelim -doublePtrSimplify -doublePtrElim -dce -doublePtrSimplify -promote-dbg-pointer -dce -scalarrepl -mem2reg -disaggr -norm-name -mem2reg -instcombine -dse -adse -adce -ptrLegalization -dce -auto-rom-infer -array-flatten -dce -instcombine -check-doubleptr -loop-rot -constprop -cfgopt -simplifycfg -loop-simplify -indvars -pointer-simplify -dce -loop-bound -loop-simplify -loop-preproc -constprop -global-constprop -gvn -mem2reg -instcombine -dce -loop-bound -loop-merge -dce -bitwidthmin -deadargelim -dce -canonicalize-dataflow -dce -scalar-propagation -deadargelim -globaldce -mem2reg -interface-preproc -directive-preproc -interface-gen -bram-byte-enable -deadargelim -inst-simplify -dce -gvn -mem2reg -instcombine -dce -adse -loop-bound -instcombine -cfgopt -simplifycfg -loop-simplify -clean-region -io-protocol -find-region -mem2reg -bitop-raise -inst-simplify -inst-rectify -instcombine -adce -deadargelim -loop-simplify -phi-opt -bitop-raise -cfgopt -simplifycfg -strip-dead-prototypes -interface-lower -bitop-lower -intrinsic-lower -auto-function-inline -basicaa -aggrmodref-aa -globalsmodref-aa -aggr-aa -inst-simplify -simplifycfg -loop-simplify -mergereturn -inst-simplify -inst-rectify -dce -bitop-lower -loop-rewind -pointer-simplify -dce -cfgopt -read-loop-dep -dce -bitwidth -loop-dep -check-stream -norm-name -legalize -validate-dataflow -cdfg-build /nfs/ug/thesis/thesis0/pc/Graham/galapagos/hlsIP_adm-8k5/axiStreamGate/solution1/.autopilot/db/a.o.2.bc -o /nfs/ug/thesis/thesis0/pc/Graham/galapagos/hlsIP_adm-8k5/axiStreamGate/solution1/.autopilot/db/a.o.3.bc -f -phase build-ssdm 
WARNING: [XFORM 203-561] 'Loop-1' (../hlsSources/srcs/axiStreamGate.cpp:29:3) in function 'axiStreamGate' is an infinite loop.
Command         transform returned 0; 0.06 sec.
Execute         disassemble /nfs/ug/thesis/thesis0/pc/Graham/galapagos/hlsIP_adm-8k5/axiStreamGate/solution1/.autopilot/db/a.o.3 /nfs/ug/thesis/thesis0/pc/Graham/galapagos/hlsIP_adm-8k5/axiStreamGate/solution1/.autopilot/db/a.o.3 
Execute           is_encrypted /nfs/ug/thesis/thesis0/pc/Graham/galapagos/hlsIP_adm-8k5/axiStreamGate/solution1/.autopilot/db/a.o.3.bc 
Command           is_encrypted returned 0; 0 sec.
Command         disassemble returned 0; 0.48 sec.
INFO: [HLS 200-111] Finished Architecture Synthesis Time (s): cpu = 00:00:58 ; elapsed = 00:00:42 . Memory (MB): peak = 476.852 ; gain = 132.512 ; free physical = 8180 ; free virtual = 39103
INFO: [HLS 200-0] Finish building internal data model.
Command       opt_and_import_c returned 0; 2.84 sec.
Command     elaborate returned 0; 14.51 sec.
Execute     autosyn 
INFO: [HLS 200-10] Starting hardware synthesis ...
INFO: [HLS 200-0] Synthesizing C/C++ design ...
INFO: [HLS 200-10] Synthesizing 'axiStreamGate' ...
Execute       ap_set_top_model axiStreamGate 
Command       ap_set_top_model returned 0; 0 sec.
Execute       get_model_list axiStreamGate -filter all-wo-channel -topdown 
Command       get_model_list returned 0; 0 sec.
Execute       preproc_iomode -model axiStreamGate 
Command       preproc_iomode returned 0; 0 sec.
Execute       get_model_list axiStreamGate -filter all-wo-channel 
Command       get_model_list returned 0; 0 sec.
INFO: [HLS 200-0] Model list for configure: axiStreamGate
INFO: [HLS 200-0] Configuring Module : axiStreamGate ...
Execute       set_default_model axiStreamGate 
Command       set_default_model returned 0; 0 sec.
Execute       apply_spec_resource_limit axiStreamGate 
Command       apply_spec_resource_limit returned 0; 0 sec.
INFO: [HLS 200-0] Model list for preprocess: axiStreamGate
INFO: [HLS 200-0] Preprocessing Module: axiStreamGate ...
Execute       set_default_model axiStreamGate 
Command       set_default_model returned 0; 0.01 sec.
Execute       cdfg_preprocess -model axiStreamGate 
Command       cdfg_preprocess returned 0; 0 sec.
Execute       rtl_gen_preprocess axiStreamGate 
Command       rtl_gen_preprocess returned 0; 0 sec.
INFO: [HLS 200-0] Model list for synthesis: axiStreamGate
INFO: [HLS 200-10] ----------------------------------------------------------------
INFO: [HLS 200-42] -- Implementing module 'axiStreamGate'
INFO: [HLS 200-10] ----------------------------------------------------------------
Execute       set_default_model axiStreamGate 
Command       set_default_model returned 0; 0 sec.
Execute       schedule -model axiStreamGate 
INFO: [SCHED 204-11] Starting scheduling ...
INFO: [SCHED 204-11] Finished scheduling.
Command       schedule returned 0; 0.02 sec.
INFO: [HLS 200-111]  Elapsed time: 26.47 seconds; current allocated memory: 112.521 MB.
Execute       report -o /nfs/ug/thesis/thesis0/pc/Graham/galapagos/hlsIP_adm-8k5/axiStreamGate/solution1/.autopilot/db/axiStreamGate.verbose.sched.rpt -verbose -f 
Command       report returned 0; 0 sec.
Execute       db_write -o /nfs/ug/thesis/thesis0/pc/Graham/galapagos/hlsIP_adm-8k5/axiStreamGate/solution1/.autopilot/db/axiStreamGate.sched.adb -f 
Command       db_write returned 0; 0.01 sec.
INFO: [HLS 200-0] Finish scheduling axiStreamGate.
Execute       set_default_model axiStreamGate 
Command       set_default_model returned 0; 0 sec.
Execute       bind -model axiStreamGate 
INFO: [BIND 205-110] clear=
INFO: [BIND 205-110] debug=
INFO: [BIND 205-110] drf=
INFO: [BIND 205-110] effort=
INFO: [BIND 205-110] fast_refine=
INFO: [BIND 205-110] fu_weight=[ 0.0 -- 1.0 ]
INFO: [BIND 205-110] global_opt=
INFO: [BIND 205-110] gsearch=
INFO: [BIND 205-110] help=
INFO: [BIND 205-110] help-hidden=
INFO: [BIND 205-110] min_mem_port=
INFO: [BIND 205-110] min_op=
INFO: [BIND 205-110] minreg=
INFO: [BIND 205-110] ml=
INFO: [BIND 205-110] model=axiStreamGate
INFO: [BIND 205-110] no_false_path=
INFO: [BIND 205-110] no_min_op=
INFO: [BIND 205-110] normalize=
INFO: [BIND 205-110] quiet=
INFO: [BIND 205-110] refine=
INFO: [BIND 205-110] reg_weight=[ 0.0 -- 1.0 ]
INFO: [BIND 205-110] search=
INFO: [BIND 205-110] tight_delay=
INFO: [BIND 205-110] verbose=
INFO: [BIND 205-110] wFF=
INFO: [BIND 205-110] wFU=
INFO: [BIND 205-110] wMUX=
INFO: [BIND 205-110] wNET=
INFO: [BIND 205-100] Starting micro-architecture generation ...
INFO: [BIND 205-101] Performing variable lifetime analysis.
INFO: [BIND 205-101] Exploring resource sharing.
INFO: [BIND 205-101] Binding ...
INFO: [BIND 205-100] Finished micro-architecture generation.
Command       bind returned 0; 0.01 sec.
INFO: [HLS 200-111]  Elapsed time: 0.03 seconds; current allocated memory: 112.656 MB.
Execute       report -o /nfs/ug/thesis/thesis0/pc/Graham/galapagos/hlsIP_adm-8k5/axiStreamGate/solution1/.autopilot/db/axiStreamGate.verbose.bind.rpt -verbose -f 
Command       report returned 0; 0.01 sec.
Execute       db_write -o /nfs/ug/thesis/thesis0/pc/Graham/galapagos/hlsIP_adm-8k5/axiStreamGate/solution1/.autopilot/db/axiStreamGate.bind.adb -f 
Command       db_write returned 0; 0.01 sec.
INFO: [HLS 200-0] Finish binding axiStreamGate.
Execute       get_model_list axiStreamGate -filter all-wo-channel 
Command       get_model_list returned 0; 0 sec.
INFO: [HLS 200-0] Preprocessing for RTLGen ...
Execute       rtl_gen_preprocess axiStreamGate 
Command       rtl_gen_preprocess returned 0; 0 sec.
INFO: [HLS 200-0] Model list for RTL generation: axiStreamGate
INFO: [HLS 200-10] ----------------------------------------------------------------
INFO: [HLS 200-10] -- Generating RTL for module 'axiStreamGate'
INFO: [HLS 200-10] ----------------------------------------------------------------
Execute       create_rtl_model axiStreamGate -vendor xilinx -mg_file /nfs/ug/thesis/thesis0/pc/Graham/galapagos/hlsIP_adm-8k5/axiStreamGate/solution1/.autopilot/db/axiStreamGate.compgen.tcl 
INFO: [RTGEN 206-500] Setting interface mode on port 'axiStreamGate/packetIn_V_data_V' to 'axis'.
INFO: [RTGEN 206-500] Setting interface mode on port 'axiStreamGate/packetIn_V_last_V' to 'axis'.
INFO: [RTGEN 206-500] Setting interface mode on port 'axiStreamGate/packetIn_V_keep_V' to 'axis'.
INFO: [RTGEN 206-500] Setting interface mode on port 'axiStreamGate/programming' to 's_axilite & ap_none'.
INFO: [RTGEN 206-500] Setting interface mode on port 'axiStreamGate/packetOut_V_data_V' to 'axis' (register, both mode).
INFO: [RTGEN 206-500] Setting interface mode on port 'axiStreamGate/packetOut_V_last_V' to 'axis' (register, both mode).
INFO: [RTGEN 206-500] Setting interface mode on port 'axiStreamGate/packetOut_V_keep_V' to 'axis' (register, both mode).
INFO: [RTGEN 206-500] Setting interface mode on port 'axiStreamGate/programSafe' to 's_axilite & ap_vld'.
INFO: [RTGEN 206-500] Setting interface mode on function 'axiStreamGate' to 'ap_ctrl_none'.
INFO: [RTGEN 206-100] Bundling port 'programming' and 'programSafe' to AXI-Lite port AXILiteS.
INFO: [RTGEN 206-100] Finished creating RTL model for 'axiStreamGate'.
Command       create_rtl_model returned 0; 0.02 sec.
INFO: [HLS 200-111]  Elapsed time: 0.05 seconds; current allocated memory: 113.133 MB.
Execute       source /nfs/ug/thesis/thesis0/pc/Graham/galapagos/hlsIP_adm-8k5/axiStreamGate/solution1/.autopilot/db/axiStreamGate.rtl_wrap.cfg.tcl 
Command       ap_source returned 0; 0 sec.
Execute       gen_rtl axiStreamGate -istop -style xilinx -tracefl mytrace -tracefmt vcd -traceopt all -f -lang sc -o /nfs/ug/thesis/thesis0/pc/Graham/galapagos/hlsIP_adm-8k5/axiStreamGate/solution1/syn/systemc/axiStreamGate -synmodules axiStreamGate 
Command       gen_rtl returned 0; 0 sec.
Execute       gen_rtl axiStreamGate -istop -style xilinx -f -lang vhdl -o /nfs/ug/thesis/thesis0/pc/Graham/galapagos/hlsIP_adm-8k5/axiStreamGate/solution1/syn/vhdl/axiStreamGate 
Command       gen_rtl returned 0; 0.02 sec.
Execute       gen_rtl axiStreamGate -istop -style xilinx -f -lang vlog -o /nfs/ug/thesis/thesis0/pc/Graham/galapagos/hlsIP_adm-8k5/axiStreamGate/solution1/syn/verilog/axiStreamGate 
Command       gen_rtl returned 0; 0.01 sec.
Execute       export_constraint_db -o /nfs/ug/thesis/thesis0/pc/Graham/galapagos/hlsIP_adm-8k5/axiStreamGate/solution1/.autopilot/db/axiStreamGate.constraint.tcl -f -tool general 
Command       export_constraint_db returned 0; 0 sec.
Execute       report -model axiStreamGate -o /nfs/ug/thesis/thesis0/pc/Graham/galapagos/hlsIP_adm-8k5/axiStreamGate/solution1/.autopilot/db/axiStreamGate.design.xml -verbose -f -dv 
Command       report returned 0; 0.02 sec.
Execute       report -model axiStreamGate -o /nfs/ug/thesis/thesis0/pc/Graham/galapagos/hlsIP_adm-8k5/axiStreamGate/solution1/.autopilot/db/axiStreamGate.sdaccel.xml -verbose -f -sdaccel 
Command       report returned 0; 0.02 sec.
Execute       gen_tb_info axiStreamGate -o /nfs/ug/thesis/thesis0/pc/Graham/galapagos/hlsIP_adm-8k5/axiStreamGate/solution1/.autopilot/db/axiStreamGate -p /nfs/ug/thesis/thesis0/pc/Graham/galapagos/hlsIP_adm-8k5/axiStreamGate/solution1/.autopilot/db 
Command       gen_tb_info returned 0; 0 sec.
Execute       report -model axiStreamGate -o /nfs/ug/thesis/thesis0/pc/Graham/galapagos/hlsIP_adm-8k5/axiStreamGate/solution1/syn/report/axiStreamGate_csynth.rpt -f 
Command       report returned 0; 0.02 sec.
Execute       report -model axiStreamGate -o /nfs/ug/thesis/thesis0/pc/Graham/galapagos/hlsIP_adm-8k5/axiStreamGate/solution1/syn/report/axiStreamGate_csynth.xml -f -x 
Command       report returned 0; 0 sec.
Execute       report -model axiStreamGate -o /nfs/ug/thesis/thesis0/pc/Graham/galapagos/hlsIP_adm-8k5/axiStreamGate/solution1/.autopilot/db/axiStreamGate.verbose.rpt -verbose -f 
Command       report returned 0; 0.01 sec.
Execute       db_write -model axiStreamGate -o /nfs/ug/thesis/thesis0/pc/Graham/galapagos/hlsIP_adm-8k5/axiStreamGate/solution1/.autopilot/db/axiStreamGate.adb -f 
Command       db_write returned 0; 0.02 sec.
Execute       sc_get_clocks axiStreamGate 
Command       sc_get_clocks returned 0; 0 sec.
Execute       sc_get_portdomain axiStreamGate 
Command       sc_get_portdomain returned 0; 0 sec.
INFO: [HLS 200-0] Model list for RTL component generation: axiStreamGate
INFO: [HLS 200-0] Handling components in module [axiStreamGate] ... 
Execute       source /nfs/ug/thesis/thesis0/pc/Graham/galapagos/hlsIP_adm-8k5/axiStreamGate/solution1/.autopilot/db/axiStreamGate.compgen.tcl 
INFO: [HLS 200-0] Found component axiStreamGate_AXILiteS_s_axi.
INFO: [HLS 200-0] Append model axiStreamGate_AXILiteS_s_axi
Command       ap_source returned 0; 0 sec.
INFO: [HLS 200-0] Append model axiStreamGate
INFO: [HLS 200-0] Generating RTL model list ...
INFO: [HLS 200-0] All models in this session: axiStreamGate_AXILiteS_s_axi axiStreamGate
INFO: [HLS 200-0] To file: write model axiStreamGate_AXILiteS_s_axi
INFO: [HLS 200-0] To file: write model axiStreamGate
INFO: [HLS 200-0] Finished generating RTL model list.


INFO: [HLS 200-0] RTL Generation done.
INFO: [HLS 200-0] CAS Generation done.
INFO: [HLS 200-0] CBC Generation done.
Execute       export_ssdm /nfs/ug/thesis/thesis0/pc/Graham/galapagos/hlsIP_adm-8k5/axiStreamGate/solution1/.autopilot/db/a.export.ll 
Command       export_ssdm returned 0; 0 sec.
Execute       source /nfs/ug/thesis/thesis0/pc/Graham/galapagos/hlsIP_adm-8k5/axiStreamGate/solution1/.autopilot/db/global.setting.tcl 
Command       ap_source returned 0; 0 sec.
Execute       source /cad1/Xilinx/Vivado/2018.1/common/technology/generic/autopilot/common.gen 
Execute         source /cad1/Xilinx/Vivado/2018.1/common/technology/generic/autopilot/APCoreGen.gen 
Command         ap_source returned 0; 0 sec.
Command       ap_source returned 0; 0 sec.
Execute       source /cad1/Xilinx/Vivado/2018.1/common/technology/generic/autopilot/op.gen 
Command       ap_source returned 0; 0.01 sec.
Execute       source /cad1/Xilinx/Vivado/2018.1/common/technology/generic/autopilot/op_simcore.gen 
Command       ap_source returned 0; 0 sec.
Execute       source /cad1/Xilinx/Vivado/2018.1/common/technology/generic/autopilot/interface.gen 
Command       ap_source returned 0; 0 sec.
Execute       source /nfs/ug/thesis/thesis0/pc/Graham/galapagos/hlsIP_adm-8k5/axiStreamGate/solution1/.autopilot/db/global.setting.tcl 
Command       ap_source returned 0; 0 sec.
Execute       source /cad1/Xilinx/Vivado/2018.1/common/technology/xilinx/kintexu/kintexu.gen 
Execute         source /cad1/Xilinx/Vivado/2018.1/common/technology/xilinx/common/virtex.gen 
Execute           source /cad1/Xilinx/Vivado/2018.1/common/technology/xilinx/common/xilinx.gen 
Execute             source /cad1/Xilinx/Vivado/2018.1/common/technology/xilinx/interface/plb46.gen 
Command             ap_source returned 0; 0 sec.
Execute             source /cad1/Xilinx/Vivado/2018.1/common/technology/xilinx/interface/fsl.gen 
Command             ap_source returned 0; 0 sec.
Execute             source /cad1/Xilinx/Vivado/2018.1/common/technology/xilinx/interface/axi4.gen 
Command             ap_source returned 0; 0 sec.
Execute             source /cad1/Xilinx/Vivado/2018.1/common/technology/xilinx/interface/nativeAXI4.gen 
Execute               source /cad1/Xilinx/Vivado/2018.1/common/technology/xilinx/interface/saxilite.gen 
Command               ap_source returned 0; 0 sec.
Execute               source /cad1/Xilinx/Vivado/2018.1/common/technology/xilinx/interface/maxi.gen 
Command               ap_source returned 0; 0 sec.
Command             ap_source returned 0; 0.01 sec.
Execute             source /cad1/Xilinx/Vivado/2018.1/common/technology/xilinx/scripts/xilinxcoregen.gen 
Command             ap_source returned 0; 0.01 sec.
Execute             source /cad1/Xilinx/Vivado/2018.1/common/technology/xilinx/interface/XilEDKCoreGen.gen 
Command             ap_source returned 0; 0 sec.
Execute             source /cad1/Xilinx/Vivado/2018.1/common/technology/xilinx/ip/util.gen 
Command             ap_source returned 0; 0 sec.
Execute             source /cad1/Xilinx/Vivado/2018.1/common/technology/xilinx/ip/xfir.gen 
Command             ap_source returned 0; 0 sec.
Execute             source /cad1/Xilinx/Vivado/2018.1/common/technology/xilinx/ip/dds_compiler.gen 
Command             ap_source returned 0; 0 sec.
Execute             source /cad1/Xilinx/Vivado/2018.1/common/technology/xilinx/ip/xfft.gen 
Command             ap_source returned 0; 0.05 sec.
Command           ap_source returned 0; 0.08 sec.
Execute           source /cad1/Xilinx/Vivado/2018.1/common/technology/xilinx/common/dsp48.gen 
Command           ap_source returned 0; 0 sec.
Command         ap_source returned 0; 0.08 sec.
Command       ap_source returned 0; 0.08 sec.
Execute       source /cad1/Xilinx/Vivado/2018.1/common/technology/xilinx/kintexu/kintexu_fpv7.gen 
Execute         source /cad1/Xilinx/Vivado/2018.1/common/technology/xilinx/common/xilinx_fpv6.gen 
Command         ap_source returned 0; 0 sec.
Command       ap_source returned 0; 0.01 sec.
Execute       source /nfs/ug/thesis/thesis0/pc/Graham/galapagos/hlsIP_adm-8k5/axiStreamGate/solution1/.autopilot/db/global.setting.tcl 
Command       ap_source returned 0; 0 sec.
Execute       source /nfs/ug/thesis/thesis0/pc/Graham/galapagos/hlsIP_adm-8k5/axiStreamGate/solution1/.autopilot/db/global.setting.tcl 
Command       ap_source returned 0; 0 sec.
Execute       source /nfs/ug/thesis/thesis0/pc/Graham/galapagos/hlsIP_adm-8k5/axiStreamGate/solution1/.autopilot/db/axiStreamGate.compgen.tcl 
Execute         source ./AXILiteS.slave.tcl 
Command         ap_source returned 0; 0 sec.
Command       ap_source returned 0; 0.03 sec.
Execute       source /nfs/ug/thesis/thesis0/pc/Graham/galapagos/hlsIP_adm-8k5/axiStreamGate/solution1/.autopilot/db/global.setting.tcl 
Command       ap_source returned 0; 0 sec.
Execute       source /cad1/Xilinx/Vivado/2018.1/common/technology/generic/autopilot/common.gen 
Execute         source /cad1/Xilinx/Vivado/2018.1/common/technology/generic/autopilot/APCoreGen.gen 
Command         ap_source returned 0; 0 sec.
Command       ap_source returned 0; 0 sec.
Execute       source /cad1/Xilinx/Vivado/2018.1/common/technology/generic/autopilot/op.gen 
Command       ap_source returned 0; 0 sec.
Execute       source /cad1/Xilinx/Vivado/2018.1/common/technology/generic/autopilot/op_simcore.gen 
Command       ap_source returned 0; 0 sec.
Execute       source /cad1/Xilinx/Vivado/2018.1/common/technology/generic/autopilot/interface.gen 
Command       ap_source returned 0; 0 sec.
Execute       source /nfs/ug/thesis/thesis0/pc/Graham/galapagos/hlsIP_adm-8k5/axiStreamGate/solution1/.autopilot/db/global.setting.tcl 
Command       ap_source returned 0; 0 sec.
Execute       source /cad1/Xilinx/Vivado/2018.1/common/technology/xilinx/kintexu/kintexu.gen 
Execute         source /cad1/Xilinx/Vivado/2018.1/common/technology/xilinx/common/virtex.gen 
Execute           source /cad1/Xilinx/Vivado/2018.1/common/technology/xilinx/common/xilinx.gen 
Execute             source /cad1/Xilinx/Vivado/2018.1/common/technology/xilinx/interface/plb46.gen 
Command             ap_source returned 0; 0 sec.
Execute             source /cad1/Xilinx/Vivado/2018.1/common/technology/xilinx/interface/fsl.gen 
Command             ap_source returned 0; 0 sec.
Execute             source /cad1/Xilinx/Vivado/2018.1/common/technology/xilinx/interface/axi4.gen 
Command             ap_source returned 0; 0.01 sec.
Execute             source /cad1/Xilinx/Vivado/2018.1/common/technology/xilinx/interface/nativeAXI4.gen 
Execute               source /cad1/Xilinx/Vivado/2018.1/common/technology/xilinx/interface/saxilite.gen 
Command               ap_source returned 0; 0 sec.
Execute               source /cad1/Xilinx/Vivado/2018.1/common/technology/xilinx/interface/maxi.gen 
Command               ap_source returned 0; 0.01 sec.
Command             ap_source returned 0; 0.01 sec.
Execute             source /cad1/Xilinx/Vivado/2018.1/common/technology/xilinx/scripts/xilinxcoregen.gen 
Command             ap_source returned 0; 0 sec.
Execute             source /cad1/Xilinx/Vivado/2018.1/common/technology/xilinx/interface/XilEDKCoreGen.gen 
Command             ap_source returned 0; 0.01 sec.
Execute             source /cad1/Xilinx/Vivado/2018.1/common/technology/xilinx/ip/util.gen 
Command             ap_source returned 0; 0 sec.
Execute             source /cad1/Xilinx/Vivado/2018.1/common/technology/xilinx/ip/xfir.gen 
Command             ap_source returned 0; 0 sec.
Execute             source /cad1/Xilinx/Vivado/2018.1/common/technology/xilinx/ip/dds_compiler.gen 
Command             ap_source returned 0; 0 sec.
Execute             source /cad1/Xilinx/Vivado/2018.1/common/technology/xilinx/ip/xfft.gen 
Command             ap_source returned 0; 0.06 sec.
Command           ap_source returned 0; 0.09 sec.
Execute           source /cad1/Xilinx/Vivado/2018.1/common/technology/xilinx/common/dsp48.gen 
Command           ap_source returned 0; 0 sec.
Command         ap_source returned 0; 0.09 sec.
Command       ap_source returned 0; 0.09 sec.
Execute       source /cad1/Xilinx/Vivado/2018.1/common/technology/xilinx/kintexu/kintexu_fpv7.gen 
Execute         source /cad1/Xilinx/Vivado/2018.1/common/technology/xilinx/common/xilinx_fpv6.gen 
Command         ap_source returned 0; 0 sec.
Command       ap_source returned 0; 0 sec.
Execute       source /nfs/ug/thesis/thesis0/pc/Graham/galapagos/hlsIP_adm-8k5/axiStreamGate/solution1/.autopilot/db/axiStreamGate.rtl_wrap.cfg.tcl 
Command       ap_source returned 0; 0.01 sec.
Execute       source /nfs/ug/thesis/thesis0/pc/Graham/galapagos/hlsIP_adm-8k5/axiStreamGate/solution1/.autopilot/db/axiStreamGate.rtl_wrap.cfg.tcl 
Command       ap_source returned 0; 0 sec.
Execute       source /nfs/ug/thesis/thesis0/pc/Graham/galapagos/hlsIP_adm-8k5/axiStreamGate/solution1/.autopilot/db/axiStreamGate.rtl_wrap.cfg.tcl 
Command       ap_source returned 0; 0 sec.
Execute       source /nfs/ug/thesis/thesis0/pc/Graham/galapagos/hlsIP_adm-8k5/axiStreamGate/solution1/.autopilot/db/axiStreamGate.tbgen.tcl 
Command       ap_source returned 0; 0 sec.
Execute       source /nfs/ug/thesis/thesis0/pc/Graham/galapagos/hlsIP_adm-8k5/axiStreamGate/solution1/.autopilot/db/axiStreamGate.tbgen.tcl 
Command       ap_source returned 0; 0 sec.
Execute       source /nfs/ug/thesis/thesis0/pc/Graham/galapagos/hlsIP_adm-8k5/axiStreamGate/solution1/.autopilot/db/global.setting.tcl 
Command       ap_source returned 0; 0 sec.
Execute       source /nfs/ug/thesis/thesis0/pc/Graham/galapagos/hlsIP_adm-8k5/axiStreamGate/solution1/.autopilot/db/axiStreamGate.compgen.tcl 
Command       ap_source returned 0; 0 sec.
Execute       source /nfs/ug/thesis/thesis0/pc/Graham/galapagos/hlsIP_adm-8k5/axiStreamGate/solution1/.autopilot/db/global.setting.tcl 
Command       ap_source returned 0; 0 sec.
Execute       source /nfs/ug/thesis/thesis0/pc/Graham/galapagos/hlsIP_adm-8k5/axiStreamGate/solution1/.autopilot/db/axiStreamGate.compgen.tcl 
Command       ap_source returned 0; 0.01 sec.
Execute       source /nfs/ug/thesis/thesis0/pc/Graham/galapagos/hlsIP_adm-8k5/axiStreamGate/solution1/.autopilot/db/global.setting.tcl 
Command       ap_source returned 0; 0 sec.
Execute       source /nfs/ug/thesis/thesis0/pc/Graham/galapagos/hlsIP_adm-8k5/axiStreamGate/solution1/.autopilot/db/axiStreamGate.compgen.tcl 
Command       ap_source returned 0; 0 sec.
Execute       source /nfs/ug/thesis/thesis0/pc/Graham/galapagos/hlsIP_adm-8k5/axiStreamGate/solution1/.autopilot/db/global.setting.tcl 
Command       ap_source returned 0; 0.01 sec.
Execute       source /nfs/ug/thesis/thesis0/pc/Graham/galapagos/hlsIP_adm-8k5/axiStreamGate/solution1/.autopilot/db/axiStreamGate.constraint.tcl 
Command       ap_source returned 0; 0 sec.
Execute       source /nfs/ug/thesis/thesis0/pc/Graham/galapagos/hlsIP_adm-8k5/axiStreamGate/solution1/.autopilot/db/axiStreamGate.tbgen.tcl 
Command       ap_source returned 0; 0 sec.
Execute       source /nfs/ug/thesis/thesis0/pc/Graham/galapagos/hlsIP_adm-8k5/axiStreamGate/solution1/.autopilot/db/global.setting.tcl 
Command       ap_source returned 0; 0 sec.
Execute       source /nfs/ug/thesis/thesis0/pc/Graham/galapagos/hlsIP_adm-8k5/axiStreamGate/solution1/.autopilot/db/global.setting.tcl 
Command       ap_source returned 0; 0 sec.
Execute       source /nfs/ug/thesis/thesis0/pc/Graham/galapagos/hlsIP_adm-8k5/axiStreamGate/solution1/.autopilot/db/global.setting.tcl 
Command       ap_source returned 0; 0 sec.
Execute       source /nfs/ug/thesis/thesis0/pc/Graham/galapagos/hlsIP_adm-8k5/axiStreamGate/solution1/.autopilot/db/axiStreamGate.tbgen.tcl 
Command       ap_source returned 0; 0 sec.
Execute       source /nfs/ug/thesis/thesis0/pc/Graham/galapagos/hlsIP_adm-8k5/axiStreamGate/solution1/.autopilot/db/axiStreamGate.tbgen.tcl 
Command       ap_source returned 0; 0 sec.
Execute       source /nfs/ug/thesis/thesis0/pc/Graham/galapagos/hlsIP_adm-8k5/axiStreamGate/solution1/.autopilot/db/axiStreamGate.tbgen.tcl 
Command       ap_source returned 0; 0 sec.
Execute       source /nfs/ug/thesis/thesis0/pc/Graham/galapagos/hlsIP_adm-8k5/axiStreamGate/solution1/.autopilot/db/axiStreamGate.tbgen.tcl 
Command       ap_source returned 0; 0 sec.
Execute       source /nfs/ug/thesis/thesis0/pc/Graham/galapagos/hlsIP_adm-8k5/axiStreamGate/solution1/.autopilot/db/global.setting.tcl 
Command       ap_source returned 0; 0 sec.
Execute       source /nfs/ug/thesis/thesis0/pc/Graham/galapagos/hlsIP_adm-8k5/axiStreamGate/solution1/.autopilot/db/axiStreamGate.constraint.tcl 
Command       ap_source returned 0; 0 sec.
Execute       sc_get_clocks axiStreamGate 
Command       sc_get_clocks returned 0; 0 sec.
Execute       source /nfs/ug/thesis/thesis0/pc/Graham/galapagos/hlsIP_adm-8k5/axiStreamGate/solution1/.autopilot/db/global.setting.tcl 
Command       ap_source returned 0; 0 sec.
INFO: [HLS 200-111] Finished generating all RTL models Time (s): cpu = 00:00:58 ; elapsed = 00:00:43 . Memory (MB): peak = 476.852 ; gain = 132.512 ; free physical = 8178 ; free virtual = 39103
INFO: [SYSC 207-301] Generating SystemC RTL for axiStreamGate.
INFO: [VHDL 208-304] Generating VHDL RTL for axiStreamGate.
INFO: [VLOG 209-307] Generating Verilog RTL for axiStreamGate.
Command     autosyn returned 0; 0.83 sec.
Command   csynth_design returned 0; 15.34 sec.
Execute   export_design -rtl verilog -format ip_catalog 
Execute     source /nfs/ug/thesis/thesis0/pc/Graham/galapagos/hlsIP_adm-8k5/axiStreamGate/solution1/.autopilot/db/global.setting.tcl 
Command     ap_source returned 0; 0 sec.
Execute     source /cad1/Xilinx/Vivado/2018.1/common/technology/generic/autopilot/common.gen 
Execute       source /cad1/Xilinx/Vivado/2018.1/common/technology/generic/autopilot/APCoreGen.gen 
Command       ap_source returned 0; 0 sec.
Command     ap_source returned 0; 0 sec.
Execute     source /cad1/Xilinx/Vivado/2018.1/common/technology/generic/autopilot/op.gen 
Command     ap_source returned 0; 0 sec.
Execute     source /cad1/Xilinx/Vivado/2018.1/common/technology/generic/autopilot/op_simcore.gen 
Command     ap_source returned 0; 0 sec.
Execute     source /cad1/Xilinx/Vivado/2018.1/common/technology/generic/autopilot/interface.gen 
Command     ap_source returned 0; 0 sec.
Execute     source /nfs/ug/thesis/thesis0/pc/Graham/galapagos/hlsIP_adm-8k5/axiStreamGate/solution1/.autopilot/db/global.setting.tcl 
Command     ap_source returned 0; 0 sec.
Execute     source /cad1/Xilinx/Vivado/2018.1/common/technology/xilinx/kintexu/kintexu.gen 
Execute       source /cad1/Xilinx/Vivado/2018.1/common/technology/xilinx/common/virtex.gen 
Execute         source /cad1/Xilinx/Vivado/2018.1/common/technology/xilinx/common/xilinx.gen 
Execute           source /cad1/Xilinx/Vivado/2018.1/common/technology/xilinx/interface/plb46.gen 
Command           ap_source returned 0; 0 sec.
Execute           source /cad1/Xilinx/Vivado/2018.1/common/technology/xilinx/interface/fsl.gen 
Command           ap_source returned 0; 0 sec.
Execute           source /cad1/Xilinx/Vivado/2018.1/common/technology/xilinx/interface/axi4.gen 
Command           ap_source returned 0; 0 sec.
Execute           source /cad1/Xilinx/Vivado/2018.1/common/technology/xilinx/interface/nativeAXI4.gen 
Execute             source /cad1/Xilinx/Vivado/2018.1/common/technology/xilinx/interface/saxilite.gen 
Command             ap_source returned 0; 0 sec.
Execute             source /cad1/Xilinx/Vivado/2018.1/common/technology/xilinx/interface/maxi.gen 
Command             ap_source returned 0; 0 sec.
Command           ap_source returned 0; 0 sec.
Execute           source /cad1/Xilinx/Vivado/2018.1/common/technology/xilinx/scripts/xilinxcoregen.gen 
Command           ap_source returned 0; 0.01 sec.
Execute           source /cad1/Xilinx/Vivado/2018.1/common/technology/xilinx/interface/XilEDKCoreGen.gen 
Command           ap_source returned 0; 0.01 sec.
Execute           source /cad1/Xilinx/Vivado/2018.1/common/technology/xilinx/ip/util.gen 
Command           ap_source returned 0; 0 sec.
Execute           source /cad1/Xilinx/Vivado/2018.1/common/technology/xilinx/ip/xfir.gen 
Command           ap_source returned 0; 0 sec.
Execute           source /cad1/Xilinx/Vivado/2018.1/common/technology/xilinx/ip/dds_compiler.gen 
Command           ap_source returned 0; 0 sec.
Execute           source /cad1/Xilinx/Vivado/2018.1/common/technology/xilinx/ip/xfft.gen 
Command           ap_source returned 0; 0.06 sec.
Command         ap_source returned 0; 0.09 sec.
Execute         source /cad1/Xilinx/Vivado/2018.1/common/technology/xilinx/common/dsp48.gen 
Command         ap_source returned 0; 0 sec.
Command       ap_source returned 0; 0.09 sec.
Command     ap_source returned 0; 0.09 sec.
Execute     source /cad1/Xilinx/Vivado/2018.1/common/technology/xilinx/kintexu/kintexu_fpv7.gen 
Execute       source /cad1/Xilinx/Vivado/2018.1/common/technology/xilinx/common/xilinx_fpv6.gen 
Command       ap_source returned 0; 0 sec.
Command     ap_source returned 0; 0 sec.
Execute     source /nfs/ug/thesis/thesis0/pc/Graham/galapagos/hlsIP_adm-8k5/axiStreamGate/solution1/.autopilot/db/global.setting.tcl 
Command     ap_source returned 0; 0 sec.
INFO: [IMPL 213-8] Exporting RTL as a Vivado IP.
Execute     source /nfs/ug/thesis/thesis0/pc/Graham/galapagos/hlsIP_adm-8k5/axiStreamGate/solution1/.autopilot/db/global.setting.tcl 
Command     ap_source returned 0; 0 sec.
Execute     source /nfs/ug/thesis/thesis0/pc/Graham/galapagos/hlsIP_adm-8k5/axiStreamGate/solution1/.autopilot/db/global.setting.tcl 
Command     ap_source returned 0; 0 sec.
Execute     source /cad1/Xilinx/Vivado/2018.1/common/technology/generic/autopilot/common.gen 
Execute       source /cad1/Xilinx/Vivado/2018.1/common/technology/generic/autopilot/APCoreGen.gen 
Command       ap_source returned 0; 0 sec.
Command     ap_source returned 0; 0 sec.
Execute     source /cad1/Xilinx/Vivado/2018.1/common/technology/generic/autopilot/op.gen 
Command     ap_source returned 0; 0 sec.
Execute     source /cad1/Xilinx/Vivado/2018.1/common/technology/generic/autopilot/op_simcore.gen 
Command     ap_source returned 0; 0.01 sec.
Execute     source /cad1/Xilinx/Vivado/2018.1/common/technology/generic/autopilot/interface.gen 
Command     ap_source returned 0; 0 sec.
Execute     source /nfs/ug/thesis/thesis0/pc/Graham/galapagos/hlsIP_adm-8k5/axiStreamGate/solution1/.autopilot/db/global.setting.tcl 
Command     ap_source returned 0; 0 sec.
Execute     source /cad1/Xilinx/Vivado/2018.1/common/technology/xilinx/kintexu/kintexu.gen 
Execute       source /cad1/Xilinx/Vivado/2018.1/common/technology/xilinx/common/virtex.gen 
Execute         source /cad1/Xilinx/Vivado/2018.1/common/technology/xilinx/common/xilinx.gen 
Execute           source /cad1/Xilinx/Vivado/2018.1/common/technology/xilinx/interface/plb46.gen 
Command           ap_source returned 0; 0 sec.
Execute           source /cad1/Xilinx/Vivado/2018.1/common/technology/xilinx/interface/fsl.gen 
Command           ap_source returned 0; 0 sec.
Execute           source /cad1/Xilinx/Vivado/2018.1/common/technology/xilinx/interface/axi4.gen 
Command           ap_source returned 0; 0 sec.
Execute           source /cad1/Xilinx/Vivado/2018.1/common/technology/xilinx/interface/nativeAXI4.gen 
Execute             source /cad1/Xilinx/Vivado/2018.1/common/technology/xilinx/interface/saxilite.gen 
Command             ap_source returned 0; 0 sec.
Execute             source /cad1/Xilinx/Vivado/2018.1/common/technology/xilinx/interface/maxi.gen 
Command             ap_source returned 0; 0.01 sec.
Command           ap_source returned 0; 0.01 sec.
Execute           source /cad1/Xilinx/Vivado/2018.1/common/technology/xilinx/scripts/xilinxcoregen.gen 
Command           ap_source returned 0; 0.01 sec.
Execute           source /cad1/Xilinx/Vivado/2018.1/common/technology/xilinx/interface/XilEDKCoreGen.gen 
Command           ap_source returned 0; 0 sec.
Execute           source /cad1/Xilinx/Vivado/2018.1/common/technology/xilinx/ip/util.gen 
Command           ap_source returned 0; 0 sec.
Execute           source /cad1/Xilinx/Vivado/2018.1/common/technology/xilinx/ip/xfir.gen 
Command           ap_source returned 0; 0 sec.
Execute           source /cad1/Xilinx/Vivado/2018.1/common/technology/xilinx/ip/dds_compiler.gen 
Command           ap_source returned 0; 0.01 sec.
Execute           source /cad1/Xilinx/Vivado/2018.1/common/technology/xilinx/ip/xfft.gen 
Command           ap_source returned 0; 0.05 sec.
Command         ap_source returned 0; 0.08 sec.
Execute         source /cad1/Xilinx/Vivado/2018.1/common/technology/xilinx/common/dsp48.gen 
Command         ap_source returned 0; 0 sec.
Command       ap_source returned 0; 0.08 sec.
Command     ap_source returned 0; 0.08 sec.
Execute     source /cad1/Xilinx/Vivado/2018.1/common/technology/xilinx/kintexu/kintexu_fpv7.gen 
Execute       source /cad1/Xilinx/Vivado/2018.1/common/technology/xilinx/common/xilinx_fpv6.gen 
Command       ap_source returned 0; 0 sec.
Command     ap_source returned 0; 0 sec.
Execute     source /nfs/ug/thesis/thesis0/pc/Graham/galapagos/hlsIP_adm-8k5/axiStreamGate/solution1/.autopilot/db/global.setting.tcl 
Command     ap_source returned 0; 0 sec.
Execute     source /nfs/ug/thesis/thesis0/pc/Graham/galapagos/hlsIP_adm-8k5/axiStreamGate/solution1/.autopilot/db/axiStreamGate.compgen.tcl 
Command     ap_source returned 0; 0 sec.
Execute     source /nfs/ug/thesis/thesis0/pc/Graham/galapagos/hlsIP_adm-8k5/axiStreamGate/solution1/.autopilot/db/global.setting.tcl 
Command     ap_source returned 0; 0 sec.
Execute     source /nfs/ug/thesis/thesis0/pc/Graham/galapagos/hlsIP_adm-8k5/axiStreamGate/solution1/.autopilot/db/axiStreamGate.compgen.tcl 
Command     ap_source returned 0; 0.01 sec.
Execute     source /nfs/ug/thesis/thesis0/pc/Graham/galapagos/hlsIP_adm-8k5/axiStreamGate/solution1/.autopilot/db/global.setting.tcl 
Command     ap_source returned 0; 0 sec.
Execute     source /nfs/ug/thesis/thesis0/pc/Graham/galapagos/hlsIP_adm-8k5/axiStreamGate/solution1/.autopilot/db/axiStreamGate.compgen.tcl 
Command     ap_source returned 0; 0 sec.
Execute     source /nfs/ug/thesis/thesis0/pc/Graham/galapagos/hlsIP_adm-8k5/axiStreamGate/solution1/.autopilot/db/global.setting.tcl 
Command     ap_source returned 0; 0 sec.
Execute     source /nfs/ug/thesis/thesis0/pc/Graham/galapagos/hlsIP_adm-8k5/axiStreamGate/solution1/.autopilot/db/axiStreamGate.constraint.tcl 
Command     ap_source returned 0; 0 sec.
Execute     source /nfs/ug/thesis/thesis0/pc/Graham/galapagos/hlsIP_adm-8k5/axiStreamGate/solution1/.autopilot/db/axiStreamGate.tbgen.tcl 
Command     ap_source returned 0; 0 sec.
Execute     source /nfs/ug/thesis/thesis0/pc/Graham/galapagos/hlsIP_adm-8k5/axiStreamGate/solution1/.autopilot/db/global.setting.tcl 
Command     ap_source returned 0; 0 sec.
Execute     source /nfs/ug/thesis/thesis0/pc/Graham/galapagos/hlsIP_adm-8k5/axiStreamGate/solution1/.autopilot/db/axiStreamGate.tbgen.tcl 
Command     ap_source returned 0; 0 sec.
Execute     source /nfs/ug/thesis/thesis0/pc/Graham/galapagos/hlsIP_adm-8k5/axiStreamGate/solution1/.autopilot/db/axiStreamGate.tbgen.tcl 
Command     ap_source returned 0; 0 sec.
Execute     source /nfs/ug/thesis/thesis0/pc/Graham/galapagos/hlsIP_adm-8k5/axiStreamGate/solution1/.autopilot/db/axiStreamGate.tbgen.tcl 
Command     ap_source returned 0; 0 sec.
Execute     source /nfs/ug/thesis/thesis0/pc/Graham/galapagos/hlsIP_adm-8k5/axiStreamGate/solution1/.autopilot/db/axiStreamGate.tbgen.tcl 
Command     ap_source returned 0; 0 sec.
Execute     source /nfs/ug/thesis/thesis0/pc/Graham/galapagos/hlsIP_adm-8k5/axiStreamGate/solution1/.autopilot/db/global.setting.tcl 
Command     ap_source returned 0; 0 sec.
Execute     source /nfs/ug/thesis/thesis0/pc/Graham/galapagos/hlsIP_adm-8k5/axiStreamGate/solution1/.autopilot/db/global.setting.tcl 
Command     ap_source returned 0; 0 sec.
Execute     source /nfs/ug/thesis/thesis0/pc/Graham/galapagos/hlsIP_adm-8k5/axiStreamGate/solution1/.autopilot/db/axiStreamGate.rtl_wrap.cfg.tcl 
Command     ap_source returned 0; 0 sec.
Execute     source /nfs/ug/thesis/thesis0/pc/Graham/galapagos/hlsIP_adm-8k5/axiStreamGate/solution1/.autopilot/db/axiStreamGate.rtl_wrap.cfg.tcl 
Command     ap_source returned 0; 0 sec.
Execute     source /nfs/ug/thesis/thesis0/pc/Graham/galapagos/hlsIP_adm-8k5/axiStreamGate/solution1/.autopilot/db/axiStreamGate.rtl_wrap.cfg.tcl 
Command     ap_source returned 0; 0 sec.
Execute     source /nfs/ug/thesis/thesis0/pc/Graham/galapagos/hlsIP_adm-8k5/axiStreamGate/solution1/.autopilot/db/axiStreamGate.tbgen.tcl 
Command     ap_source returned 0; 0 sec.
Execute     source /nfs/ug/thesis/thesis0/pc/Graham/galapagos/hlsIP_adm-8k5/axiStreamGate/solution1/.autopilot/db/axiStreamGate.tbgen.tcl 
Command     ap_source returned 0; 0 sec.
Execute     source /nfs/ug/thesis/thesis0/pc/Graham/galapagos/hlsIP_adm-8k5/axiStreamGate/solution1/.autopilot/db/axiStreamGate.tbgen.tcl 
Command     ap_source returned 0; 0 sec.
Execute     source /nfs/ug/thesis/thesis0/pc/Graham/galapagos/hlsIP_adm-8k5/axiStreamGate/solution1/.autopilot/db/axiStreamGate.rtl_wrap.cfg.tcl 
Command     ap_source returned 0; 0 sec.
Execute     source /nfs/ug/thesis/thesis0/pc/Graham/galapagos/hlsIP_adm-8k5/axiStreamGate/solution1/.autopilot/db/axiStreamGate.rtl_wrap.cfg.tcl 
Command     ap_source returned 0; 0 sec.
Execute     source /nfs/ug/thesis/thesis0/pc/Graham/galapagos/hlsIP_adm-8k5/axiStreamGate/solution1/.autopilot/db/axiStreamGate.rtl_wrap.cfg.tcl 
Command     ap_source returned 0; 0 sec.
Execute     source /nfs/ug/thesis/thesis0/pc/Graham/galapagos/hlsIP_adm-8k5/axiStreamGate/solution1/.autopilot/db/axiStreamGate.tbgen.tcl 
Command     ap_source returned 0; 0 sec.
Execute     source /nfs/ug/thesis/thesis0/pc/Graham/galapagos/hlsIP_adm-8k5/axiStreamGate/solution1/.autopilot/db/axiStreamGate.tbgen.tcl 
Command     ap_source returned 0; 0 sec.
Execute     source /nfs/ug/thesis/thesis0/pc/Graham/galapagos/hlsIP_adm-8k5/axiStreamGate/solution1/.autopilot/db/global.setting.tcl 
Command     ap_source returned 0; 0 sec.
Execute     source /nfs/ug/thesis/thesis0/pc/Graham/galapagos/hlsIP_adm-8k5/axiStreamGate/solution1/.autopilot/db/axiStreamGate.tbgen.tcl 
Command     ap_source returned 0; 0 sec.
Execute     source /nfs/ug/thesis/thesis0/pc/Graham/galapagos/hlsIP_adm-8k5/axiStreamGate/solution1/.autopilot/db/global.setting.tcl 
Command     ap_source returned 0; 0 sec.
Execute     source /nfs/ug/thesis/thesis0/pc/Graham/galapagos/hlsIP_adm-8k5/axiStreamGate/solution1/.autopilot/db/axiStreamGate.constraint.tcl 
Command     ap_source returned 0; 0 sec.
Execute     source /nfs/ug/thesis/thesis0/pc/Graham/galapagos/hlsIP_adm-8k5/axiStreamGate/solution1/.autopilot/db/global.setting.tcl 
Command     ap_source returned 0; 0 sec.
Execute     source /nfs/ug/thesis/thesis0/pc/Graham/galapagos/hlsIP_adm-8k5/axiStreamGate/solution1/.autopilot/db/global.setting.tcl 
Command     ap_source returned 0; 0 sec.
Execute     source /nfs/ug/thesis/thesis0/pc/Graham/galapagos/hlsIP_adm-8k5/axiStreamGate/solution1/.autopilot/db/axiStreamGate.constraint.tcl 
Command     ap_source returned 0; 0 sec.
Execute     source /nfs/ug/thesis/thesis0/pc/Graham/galapagos/hlsIP_adm-8k5/axiStreamGate/solution1/.autopilot/db/axiStreamGate.tbgen.tcl 
Command     ap_source returned 0; 0.01 sec.
Execute     source /nfs/ug/thesis/thesis0/pc/Graham/galapagos/hlsIP_adm-8k5/axiStreamGate/solution1/.autopilot/db/global.setting.tcl 
Command     ap_source returned 0; 0 sec.
Execute     source /nfs/ug/thesis/thesis0/pc/Graham/galapagos/hlsIP_adm-8k5/axiStreamGate/solution1/.autopilot/db/axiStreamGate.constraint.tcl 
Command     ap_source returned 0; 0 sec.
Execute     source /nfs/ug/thesis/thesis0/pc/Graham/galapagos/hlsIP_adm-8k5/axiStreamGate/solution1/.autopilot/db/axiStreamGate.tbgen.tcl 
Command     ap_source returned 0; 0 sec.
Execute     source /nfs/ug/thesis/thesis0/pc/Graham/galapagos/hlsIP_adm-8k5/axiStreamGate/solution1/.autopilot/db/global.setting.tcl 
Command     ap_source returned 0; 0 sec.
Execute     source /cad1/Xilinx/Vivado/2018.1/common/technology/generic/autopilot/common.gen 
Execute       source /cad1/Xilinx/Vivado/2018.1/common/technology/generic/autopilot/APCoreGen.gen 
Command       ap_source returned 0; 0 sec.
Command     ap_source returned 0; 0 sec.
Execute     source /cad1/Xilinx/Vivado/2018.1/common/technology/generic/autopilot/op.gen 
Command     ap_source returned 0; 0 sec.
Execute     source /cad1/Xilinx/Vivado/2018.1/common/technology/generic/autopilot/op_simcore.gen 
Command     ap_source returned 0; 0 sec.
Execute     source /cad1/Xilinx/Vivado/2018.1/common/technology/generic/autopilot/interface.gen 
Command     ap_source returned 0; 0 sec.
Execute     source /nfs/ug/thesis/thesis0/pc/Graham/galapagos/hlsIP_adm-8k5/axiStreamGate/solution1/.autopilot/db/global.setting.tcl 
Command     ap_source returned 0; 0 sec.
Execute     source /cad1/Xilinx/Vivado/2018.1/common/technology/xilinx/kintexu/kintexu.gen 
Execute       source /cad1/Xilinx/Vivado/2018.1/common/technology/xilinx/common/virtex.gen 
Execute         source /cad1/Xilinx/Vivado/2018.1/common/technology/xilinx/common/xilinx.gen 
Execute           source /cad1/Xilinx/Vivado/2018.1/common/technology/xilinx/interface/plb46.gen 
Command           ap_source returned 0; 0 sec.
Execute           source /cad1/Xilinx/Vivado/2018.1/common/technology/xilinx/interface/fsl.gen 
Command           ap_source returned 0; 0 sec.
Execute           source /cad1/Xilinx/Vivado/2018.1/common/technology/xilinx/interface/axi4.gen 
Command           ap_source returned 0; 0 sec.
Execute           source /cad1/Xilinx/Vivado/2018.1/common/technology/xilinx/interface/nativeAXI4.gen 
Execute             source /cad1/Xilinx/Vivado/2018.1/common/technology/xilinx/interface/saxilite.gen 
Command             ap_source returned 0; 0 sec.
Execute             source /cad1/Xilinx/Vivado/2018.1/common/technology/xilinx/interface/maxi.gen 
Command             ap_source returned 0; 0.01 sec.
Command           ap_source returned 0; 0.01 sec.
Execute           source /cad1/Xilinx/Vivado/2018.1/common/technology/xilinx/scripts/xilinxcoregen.gen 
Command           ap_source returned 0; 0.01 sec.
Execute           source /cad1/Xilinx/Vivado/2018.1/common/technology/xilinx/interface/XilEDKCoreGen.gen 
Command           ap_source returned 0; 0 sec.
Execute           source /cad1/Xilinx/Vivado/2018.1/common/technology/xilinx/ip/util.gen 
Command           ap_source returned 0; 0 sec.
Execute           source /cad1/Xilinx/Vivado/2018.1/common/technology/xilinx/ip/xfir.gen 
Command           ap_source returned 0; 0 sec.
Execute           source /cad1/Xilinx/Vivado/2018.1/common/technology/xilinx/ip/dds_compiler.gen 
Command           ap_source returned 0; 0 sec.
Execute           source /cad1/Xilinx/Vivado/2018.1/common/technology/xilinx/ip/xfft.gen 
Command           ap_source returned 0; 0.06 sec.
Command         ap_source returned 0; 0.09 sec.
Execute         source /cad1/Xilinx/Vivado/2018.1/common/technology/xilinx/common/dsp48.gen 
Command         ap_source returned 0; 0 sec.
Command       ap_source returned 0; 0.09 sec.
Command     ap_source returned 0; 0.09 sec.
Execute     source /cad1/Xilinx/Vivado/2018.1/common/technology/xilinx/kintexu/kintexu_fpv7.gen 
Execute       source /cad1/Xilinx/Vivado/2018.1/common/technology/xilinx/common/xilinx_fpv6.gen 
Command       ap_source returned 0; 0.01 sec.
Command     ap_source returned 0; 0.01 sec.
Command   export_design returned 0; 10.62 sec.
Execute   close_project 
Command   close_project returned 0; 0 sec.
Execute   open_project reverseEndian64 
INFO: [HLS 200-10] Creating and opening project '/nfs/ug/thesis/thesis0/pc/Graham/galapagos/hlsIP_adm-8k5/reverseEndian64'.
Command   open_project returned 0; 0 sec.
Execute   set_top reverseEndian64 
Command   set_top returned 0; 0 sec.
Execute   add_files ../hlsSources/srcs/reverseEndian64.cpp 
INFO: [HLS 200-10] Adding design file '../hlsSources/srcs/reverseEndian64.cpp' to the project
Execute     is_xip ../hlsSources/srcs/reverseEndian64.cpp 
Command     is_xip returned 0; 0 sec.
Command   add_files returned 0; 0.01 sec.
Execute   open_solution solution1 
Execute     cleanup_all 
Command     cleanup_all returned 0; 0.01 sec.
Execute     cleanup_all 
Command     cleanup_all returned 0; 0 sec.
