==============================================================
File generated by Vivado(TM) HLS - High-Level Synthesis from C, C++ and SystemC
Version: 2018.1
Copyright (C) 1986-2018 Xilinx, Inc. All Rights Reserved.

==============================================================

INFO: [SYN 201-201] Setting up clock 'default' with a period of 5ns.
INFO: [HLS 200-10] Analyzing design file '../hlsSources/srcs/reverseEndian64.cpp' ...
INFO: [HLS 200-10] Validating synthesis directives ...
INFO: [HLS 200-111] Finished Checking Pragmas Time (s): cpu = 00:01:26 ; elapsed = 00:01:04 . Memory (MB): peak = 476.852 ; gain = 132.512 ; free physical = 12080 ; free virtual = 39347
INFO: [HLS 200-111] Finished Linking Time (s): cpu = 00:01:28 ; elapsed = 00:01:06 . Memory (MB): peak = 476.852 ; gain = 132.512 ; free physical = 12078 ; free virtual = 39346
INFO: [HLS 200-10] Starting code transformations ...
INFO: [HLS 200-111] Finished Standard Transforms Time (s): cpu = 00:01:29 ; elapsed = 00:01:07 . Memory (MB): peak = 476.852 ; gain = 132.512 ; free physical = 12077 ; free virtual = 39345
INFO: [HLS 200-10] Checking synthesizability ...
INFO: [XFORM 203-602] Inlining function 'reverseEndian64_inline' into 'reverseEndian64' (../hlsSources/srcs/reverseEndian64.cpp:50) automatically.
INFO: [HLS 200-111] Finished Checking Synthesizability Time (s): cpu = 00:01:29 ; elapsed = 00:01:07 . Memory (MB): peak = 476.852 ; gain = 132.512 ; free physical = 12075 ; free virtual = 39346
INFO: [XFORM 203-602] Inlining function 'reverseEndian64_inline' into 'reverseEndian64' (../hlsSources/srcs/reverseEndian64.cpp:50) automatically.
INFO: [HLS 200-111] Finished Pre-synthesis Time (s): cpu = 00:01:30 ; elapsed = 00:01:08 . Memory (MB): peak = 540.453 ; gain = 196.113 ; free physical = 12056 ; free virtual = 39326
WARNING: [XFORM 203-561] 'Loop-1' (../hlsSources/srcs/reverseEndian64.cpp:55:2) in function 'reverseEndian64' is an infinite loop.
INFO: [HLS 200-111] Finished Architecture Synthesis Time (s): cpu = 00:01:31 ; elapsed = 00:01:09 . Memory (MB): peak = 540.453 ; gain = 196.113 ; free physical = 12055 ; free virtual = 39326
INFO: [HLS 200-10] Starting hardware synthesis ...
INFO: [HLS 200-10] Synthesizing 'reverseEndian64' ...
INFO: [HLS 200-10] ----------------------------------------------------------------
INFO: [HLS 200-42] -- Implementing module 'reverseEndian64'
INFO: [HLS 200-10] ----------------------------------------------------------------
INFO: [SCHED 204-11] Starting scheduling ...
INFO: [SCHED 204-11] Finished scheduling.
INFO: [HLS 200-111]  Elapsed time: 26.2 seconds; current allocated memory: 134.022 MB.
INFO: [BIND 205-100] Starting micro-architecture generation ...
INFO: [BIND 205-101] Performing variable lifetime analysis.
INFO: [BIND 205-101] Exploring resource sharing.
INFO: [BIND 205-101] Binding ...
INFO: [BIND 205-100] Finished micro-architecture generation.
INFO: [HLS 200-111]  Elapsed time: 0.02 seconds; current allocated memory: 134.161 MB.
INFO: [HLS 200-10] ----------------------------------------------------------------
INFO: [HLS 200-10] -- Generating RTL for module 'reverseEndian64'
INFO: [HLS 200-10] ----------------------------------------------------------------
INFO: [RTGEN 206-500] Setting interface mode on port 'reverseEndian64/stream_in_V_data_V' to 'axis' (register, both mode).
INFO: [RTGEN 206-500] Setting interface mode on port 'reverseEndian64/stream_in_V_last_V' to 'axis' (register, both mode).
INFO: [RTGEN 206-500] Setting interface mode on port 'reverseEndian64/stream_in_V_tkeep_V' to 'axis' (register, both mode).
INFO: [RTGEN 206-500] Setting interface mode on port 'reverseEndian64/stream_out_V_data_V' to 'axis' (register, both mode).
INFO: [RTGEN 206-500] Setting interface mode on port 'reverseEndian64/stream_out_V_last_V' to 'axis' (register, both mode).
INFO: [RTGEN 206-500] Setting interface mode on port 'reverseEndian64/stream_out_V_tkeep_V' to 'axis' (register, both mode).
INFO: [RTGEN 206-500] Setting interface mode on function 'reverseEndian64' to 'ap_ctrl_none'.
INFO: [RTGEN 206-100] Finished creating RTL model for 'reverseEndian64'.
INFO: [HLS 200-111]  Elapsed time: 0.05 seconds; current allocated memory: 134.789 MB.
INFO: [HLS 200-111] Finished generating all RTL models Time (s): cpu = 00:01:31 ; elapsed = 00:01:09 . Memory (MB): peak = 540.453 ; gain = 196.113 ; free physical = 12055 ; free virtual = 39325
INFO: [SYSC 207-301] Generating SystemC RTL for reverseEndian64.
INFO: [VHDL 208-304] Generating VHDL RTL for reverseEndian64.
INFO: [VLOG 209-307] Generating Verilog RTL for reverseEndian64.
INFO: [IMPL 213-8] Exporting RTL as a Vivado IP.
INFO: [HLS 200-10] Opening project '/nfs/ug/thesis/thesis0/pc/Graham/galapagos_test/hlsIP_adm-8k5/fireWall64'.
INFO: [HLS 200-10] Adding design file '../hlsSources/srcs/fireWall64.cpp' to the project
INFO: [HLS 200-10] Opening solution '/nfs/ug/thesis/thesis0/pc/Graham/galapagos_test/hlsIP_adm-8k5/fireWall64/solution1'.
