
****** Vivado v2016.3 (64-bit)
  **** SW Build 1682563 on Mon Oct 10 19:07:26 MDT 2016
  **** IP Build 1681267 on Mon Oct 10 21:28:31 MDT 2016
    ** Copyright 1986-2016 Xilinx, Inc. All Rights Reserved.

source run_ippack.tcl -notrace
INFO: [IP_Flow 19-234] Refreshing IP repositories
INFO: [IP_Flow 19-1704] No user IP repositories specified
INFO: [IP_Flow 19-2313] Loaded Vivado IP repository '/opt/Xilinx/Vivado/2016.3/data/ip'.
WARNING: [IP_Flow 19-4832] The IP name 'min_sum_dec_ap_fadd_2_full_dsp_32' you have specified is long. The Windows operating system has path length limitations. It is recommended you use shorter names to reduce the likelihood of issues.
INFO: [IP_Flow 19-1686] Generating 'Synthesis' target for IP 'min_sum_dec_ap_fadd_2_full_dsp_32'...
INFO: [IP_Flow 19-1686] Generating 'Simulation' target for IP 'min_sum_dec_ap_fadd_2_full_dsp_32'...
WARNING: [IP_Flow 19-4832] The IP name 'min_sum_dec_ap_fdiv_6_no_dsp_32' you have specified is long. The Windows operating system has path length limitations. It is recommended you use shorter names to reduce the likelihood of issues.
INFO: [IP_Flow 19-1686] Generating 'Synthesis' target for IP 'min_sum_dec_ap_fdiv_6_no_dsp_32'...
INFO: [IP_Flow 19-1686] Generating 'Simulation' target for IP 'min_sum_dec_ap_fdiv_6_no_dsp_32'...
WARNING: [IP_Flow 19-4832] The IP name 'min_sum_dec_ap_fmul_0_max_dsp_32' you have specified is long. The Windows operating system has path length limitations. It is recommended you use shorter names to reduce the likelihood of issues.
INFO: [IP_Flow 19-1686] Generating 'Synthesis' target for IP 'min_sum_dec_ap_fmul_0_max_dsp_32'...
INFO: [IP_Flow 19-1686] Generating 'Simulation' target for IP 'min_sum_dec_ap_fmul_0_max_dsp_32'...
WARNING: [IP_Flow 19-4832] The IP name 'min_sum_dec_ap_fcmp_0_no_dsp_32' you have specified is long. The Windows operating system has path length limitations. It is recommended you use shorter names to reduce the likelihood of issues.
INFO: [IP_Flow 19-1686] Generating 'Synthesis' target for IP 'min_sum_dec_ap_fcmp_0_no_dsp_32'...
INFO: [IP_Flow 19-1686] Generating 'Simulation' target for IP 'min_sum_dec_ap_fcmp_0_no_dsp_32'...
INFO: [IP_Flow 19-234] Refreshing IP repositories
INFO: [IP_Flow 19-1704] No user IP repositories specified
INFO: [IP_Flow 19-2313] Loaded Vivado IP repository '/opt/Xilinx/Vivado/2016.3/data/ip'.
INFO: [Common 17-206] Exiting Vivado at Fri Jun  2 19:33:47 2017...
