
*** Running vivado
    with args -log bd_01e2_xmac_0.vds -m64 -product Vivado -mode batch -messageDb vivado.pb -notrace -source bd_01e2_xmac_0.tcl


****** Vivado v2016.4 (64-bit)
  **** SW Build 1756540 on Mon Jan 23 19:11:19 MST 2017
  **** IP Build 1755317 on Mon Jan 23 20:30:07 MST 2017
    ** Copyright 1986-2016 Xilinx, Inc. All Rights Reserved.

source bd_01e2_xmac_0.tcl -notrace
Starting RTL Elaboration : Time (s): cpu = 00:00:08 ; elapsed = 00:00:09 . Memory (MB): peak = 1220.430 ; gain = 289.957 ; free physical = 19491 ; free virtual = 56419
INFO: [Synth 8-638] synthesizing module 'bd_01e2_xmac_0' [/home/tarafdar/thesis/MIXcoatl/shells/projects/8k5Shell/8k5Shell.srcs/sources_1/bd/srcs/ip/shell_axi_10g_ethernet_0_0/bd_0/ip/ip_0/synth/bd_01e2_xmac_0.v:59]
INFO: [Synth 8-638] synthesizing module 'bd_01e2_xmac_0_block' [/home/tarafdar/thesis/MIXcoatl/shells/projects/8k5Shell/8k5Shell.srcs/sources_1/bd/srcs/ip/shell_axi_10g_ethernet_0_0/bd_0/ip/ip_0/synth/bd_01e2_xmac_0_block.v:64]
INFO: [Synth 8-256] done synthesizing module 'bd_01e2_xmac_0_block' (30#1) [/home/tarafdar/thesis/MIXcoatl/shells/projects/8k5Shell/8k5Shell.srcs/sources_1/bd/srcs/ip/shell_axi_10g_ethernet_0_0/bd_0/ip/ip_0/synth/bd_01e2_xmac_0_block.v:64]
INFO: [Synth 8-256] done synthesizing module 'bd_01e2_xmac_0' (31#1) [/home/tarafdar/thesis/MIXcoatl/shells/projects/8k5Shell/8k5Shell.srcs/sources_1/bd/srcs/ip/shell_axi_10g_ethernet_0_0/bd_0/ip/ip_0/synth/bd_01e2_xmac_0.v:59]
Finished RTL Elaboration : Time (s): cpu = 00:00:11 ; elapsed = 00:00:11 . Memory (MB): peak = 1314.898 ; gain = 384.426 ; free physical = 18847 ; free virtual = 55777
Finished RTL Optimization Phase 1 : Time (s): cpu = 00:00:12 ; elapsed = 00:00:12 . Memory (MB): peak = 1314.898 ; gain = 384.426 ; free physical = 18636 ; free virtual = 55565
INFO: [Device 21-403] Loading part xcku115-flva1517-2-e
Constraint Validation Runtime : Time (s): cpu = 00:00:00.06 ; elapsed = 00:00:00.04 . Memory (MB): peak = 1962.734 ; gain = 0.000 ; free physical = 18309 ; free virtual = 55240
Finished Constraint Validation : Time (s): cpu = 00:00:28 ; elapsed = 00:00:29 . Memory (MB): peak = 1962.734 ; gain = 1032.262 ; free physical = 18062 ; free virtual = 54993
Finished Loading Part and Timing Information : Time (s): cpu = 00:00:28 ; elapsed = 00:00:29 . Memory (MB): peak = 1962.734 ; gain = 1032.262 ; free physical = 18062 ; free virtual = 54993
Finished applying 'set_property' XDC Constraints : Time (s): cpu = 00:00:28 ; elapsed = 00:00:29 . Memory (MB): peak = 1962.734 ; gain = 1032.262 ; free physical = 18061 ; free virtual = 54992
Finished RTL Optimization Phase 2 : Time (s): cpu = 00:00:32 ; elapsed = 00:00:32 . Memory (MB): peak = 1962.734 ; gain = 1032.262 ; free physical = 17776 ; free virtual = 54707
Finished Cross Boundary and Area Optimization : Time (s): cpu = 00:00:45 ; elapsed = 00:00:46 . Memory (MB): peak = 1962.734 ; gain = 1032.262 ; free physical = 19473 ; free virtual = 56404
Finished Applying XDC Timing Constraints : Time (s): cpu = 00:00:53 ; elapsed = 00:00:54 . Memory (MB): peak = 2100.250 ; gain = 1169.777 ; free physical = 18273 ; free virtual = 55204
Finished Timing Optimization : Time (s): cpu = 00:00:57 ; elapsed = 00:00:58 . Memory (MB): peak = 2198.477 ; gain = 1268.004 ; free physical = 17620 ; free virtual = 54552
Finished Technology Mapping : Time (s): cpu = 00:00:59 ; elapsed = 00:01:00 . Memory (MB): peak = 2206.484 ; gain = 1276.012 ; free physical = 17593 ; free virtual = 54525
Finished IO Insertion : Time (s): cpu = 00:00:59 ; elapsed = 00:01:01 . Memory (MB): peak = 2206.484 ; gain = 1276.012 ; free physical = 17544 ; free virtual = 54476
Finished Renaming Generated Instances : Time (s): cpu = 00:00:59 ; elapsed = 00:01:01 . Memory (MB): peak = 2206.484 ; gain = 1276.012 ; free physical = 17542 ; free virtual = 54474
Finished Rebuilding User Hierarchy : Time (s): cpu = 00:01:00 ; elapsed = 00:01:01 . Memory (MB): peak = 2206.484 ; gain = 1276.012 ; free physical = 17522 ; free virtual = 54454
Finished Renaming Generated Ports : Time (s): cpu = 00:01:00 ; elapsed = 00:01:01 . Memory (MB): peak = 2206.484 ; gain = 1276.012 ; free physical = 17522 ; free virtual = 54454
Finished Handling Custom Attributes : Time (s): cpu = 00:01:00 ; elapsed = 00:01:01 . Memory (MB): peak = 2206.484 ; gain = 1276.012 ; free physical = 17522 ; free virtual = 54454
Finished Renaming Generated Nets : Time (s): cpu = 00:01:00 ; elapsed = 00:01:01 . Memory (MB): peak = 2206.484 ; gain = 1276.012 ; free physical = 17522 ; free virtual = 54454

Report Cell Usage: 
+------+---------+------+
|      |Cell     |Count |
+------+---------+------+
|1     |CARRY8   |    16|
|2     |LUT1     |    78|
|3     |LUT2     |   228|
|4     |LUT3     |   253|
|5     |LUT4     |   337|
|6     |LUT5     |   439|
|7     |LUT6     |  1273|
|8     |MUXF7    |    53|
|9     |RAM32M16 |     6|
|10    |SRL16E   |    16|
|11    |FDPE     |    10|
|12    |FDRE     |  1551|
|13    |FDSE     |   189|
+------+---------+------+
Finished Writing Synthesis Report : Time (s): cpu = 00:01:00 ; elapsed = 00:01:01 . Memory (MB): peak = 2206.484 ; gain = 1276.012 ; free physical = 17522 ; free virtual = 54454
synth_design: Time (s): cpu = 00:01:02 ; elapsed = 00:01:03 . Memory (MB): peak = 2261.133 ; gain = 1116.699 ; free physical = 18607 ; free virtual = 55540
