
*** Running vivado
    with args -log shell_microblaze_0_0.vds -m64 -product Vivado -mode batch -messageDb vivado.pb -notrace -source shell_microblaze_0_0.tcl


****** Vivado v2016.4 (64-bit)
  **** SW Build 1756540 on Mon Jan 23 19:11:19 MST 2017
  **** IP Build 1755317 on Mon Jan 23 20:30:07 MST 2017
    ** Copyright 1986-2016 Xilinx, Inc. All Rights Reserved.

source shell_microblaze_0_0.tcl -notrace
Starting RTL Elaboration : Time (s): cpu = 00:00:08 ; elapsed = 00:00:08 . Memory (MB): peak = 1217.434 ; gain = 286.957 ; free physical = 18896 ; free virtual = 55840
INFO: [Synth 8-638] synthesizing module 'shell_microblaze_0_0' [/home/tarafdar/thesis/MIXcoatl/shells/projects/8k5Shell/8k5Shell.srcs/sources_1/bd/srcs/ip/shell_microblaze_0_0/synth/shell_microblaze_0_0.vhd:116]
INFO: [Synth 8-256] done synthesizing module 'shell_microblaze_0_0' (52#1) [/home/tarafdar/thesis/MIXcoatl/shells/projects/8k5Shell/8k5Shell.srcs/sources_1/bd/srcs/ip/shell_microblaze_0_0/synth/shell_microblaze_0_0.vhd:116]
Finished RTL Elaboration : Time (s): cpu = 00:00:13 ; elapsed = 00:00:14 . Memory (MB): peak = 1400.902 ; gain = 470.426 ; free physical = 18371 ; free virtual = 55317
Finished RTL Optimization Phase 1 : Time (s): cpu = 00:00:14 ; elapsed = 00:00:14 . Memory (MB): peak = 1400.902 ; gain = 470.426 ; free physical = 18288 ; free virtual = 55234
INFO: [Device 21-403] Loading part xcku115-flva1517-2-e
Constraint Validation Runtime : Time (s): cpu = 00:00:00.35 ; elapsed = 00:00:00.29 . Memory (MB): peak = 1989.012 ; gain = 1.000 ; free physical = 19671 ; free virtual = 56617
Finished Constraint Validation : Time (s): cpu = 00:00:30 ; elapsed = 00:00:31 . Memory (MB): peak = 1989.012 ; gain = 1058.535 ; free physical = 19385 ; free virtual = 56331
Finished Loading Part and Timing Information : Time (s): cpu = 00:00:30 ; elapsed = 00:00:31 . Memory (MB): peak = 1989.012 ; gain = 1058.535 ; free physical = 19384 ; free virtual = 56330
Finished applying 'set_property' XDC Constraints : Time (s): cpu = 00:00:30 ; elapsed = 00:00:31 . Memory (MB): peak = 1989.012 ; gain = 1058.535 ; free physical = 19382 ; free virtual = 56328
Finished RTL Optimization Phase 2 : Time (s): cpu = 00:00:34 ; elapsed = 00:00:34 . Memory (MB): peak = 1989.012 ; gain = 1058.535 ; free physical = 19133 ; free virtual = 56079
Finished Cross Boundary and Area Optimization : Time (s): cpu = 00:00:41 ; elapsed = 00:00:41 . Memory (MB): peak = 1989.012 ; gain = 1058.535 ; free physical = 18530 ; free virtual = 55477
Finished Applying XDC Timing Constraints : Time (s): cpu = 00:00:48 ; elapsed = 00:00:49 . Memory (MB): peak = 2077.527 ; gain = 1147.051 ; free physical = 17545 ; free virtual = 54492
Finished Timing Optimization : Time (s): cpu = 00:01:01 ; elapsed = 00:01:02 . Memory (MB): peak = 2201.590 ; gain = 1271.113 ; free physical = 18012 ; free virtual = 54961
Finished Technology Mapping : Time (s): cpu = 00:01:02 ; elapsed = 00:01:03 . Memory (MB): peak = 2201.590 ; gain = 1271.113 ; free physical = 17967 ; free virtual = 54919
Finished IO Insertion : Time (s): cpu = 00:01:03 ; elapsed = 00:01:04 . Memory (MB): peak = 2201.590 ; gain = 1271.113 ; free physical = 17908 ; free virtual = 54862
Finished Renaming Generated Instances : Time (s): cpu = 00:01:03 ; elapsed = 00:01:04 . Memory (MB): peak = 2201.590 ; gain = 1271.113 ; free physical = 17908 ; free virtual = 54862
Finished Rebuilding User Hierarchy : Time (s): cpu = 00:01:03 ; elapsed = 00:01:04 . Memory (MB): peak = 2201.590 ; gain = 1271.113 ; free physical = 17889 ; free virtual = 54845
Finished Renaming Generated Ports : Time (s): cpu = 00:01:03 ; elapsed = 00:01:04 . Memory (MB): peak = 2201.590 ; gain = 1271.113 ; free physical = 17876 ; free virtual = 54832
Finished Handling Custom Attributes : Time (s): cpu = 00:01:03 ; elapsed = 00:01:04 . Memory (MB): peak = 2201.590 ; gain = 1271.113 ; free physical = 17859 ; free virtual = 54816
Finished Renaming Generated Nets : Time (s): cpu = 00:01:03 ; elapsed = 00:01:04 . Memory (MB): peak = 2201.590 ; gain = 1271.113 ; free physical = 17859 ; free virtual = 54814

Report Cell Usage: 
+------+---------+------+
|      |Cell     |Count |
+------+---------+------+
|1     |AND2B1L  |     1|
|2     |LUT1     |    19|
|3     |LUT2     |    75|
|4     |LUT3     |   274|
|5     |LUT4     |    92|
|6     |LUT5     |   148|
|7     |LUT6     |   369|
|8     |LUT6_2   |    80|
|9     |MULT_AND |     1|
|10    |MUXCY_L  |   136|
|11    |MUXF7    |   116|
|12    |RAM32M   |    16|
|13    |SRL16E   |    82|
|14    |SRL16E_2 |     1|
|15    |SRL16E_3 |     1|
|16    |SRL16E_4 |     1|
|17    |SRL16E_5 |     2|
|18    |SRL16E_6 |     2|
|19    |SRLC16E  |     8|
|20    |XORCY    |    94|
|21    |FDCE     |   143|
|22    |FDE      |    32|
|23    |FDR      |    87|
|24    |FDRE     |  1209|
|25    |FDS      |     1|
|26    |FDSE     |    36|
+------+---------+------+
Finished Writing Synthesis Report : Time (s): cpu = 00:01:03 ; elapsed = 00:01:04 . Memory (MB): peak = 2201.590 ; gain = 1271.113 ; free physical = 17860 ; free virtual = 54815
synth_design: Time (s): cpu = 00:01:07 ; elapsed = 00:01:07 . Memory (MB): peak = 2451.324 ; gain = 1366.320 ; free physical = 18742 ; free virtual = 55699
