
*** Running vivado
    with args -log shell_ifg_delay_0.vds -m64 -product Vivado -mode batch -messageDb vivado.pb -notrace -source shell_ifg_delay_0.tcl


****** Vivado v2016.4 (64-bit)
  **** SW Build 1756540 on Mon Jan 23 19:11:19 MST 2017
  **** IP Build 1755317 on Mon Jan 23 20:30:07 MST 2017
    ** Copyright 1986-2016 Xilinx, Inc. All Rights Reserved.

source shell_ifg_delay_0.tcl -notrace
Starting RTL Elaboration : Time (s): cpu = 00:00:08 ; elapsed = 00:00:08 . Memory (MB): peak = 1213.430 ; gain = 282.957 ; free physical = 18784 ; free virtual = 55784
INFO: [Synth 8-638] synthesizing module 'shell_ifg_delay_0' [/home/tarafdar/thesis/MIXcoatl/shells/projects/8k5Shell/8k5Shell.srcs/sources_1/bd/srcs/ip/shell_ifg_delay_0/sim/shell_ifg_delay_0.v:56]
INFO: [Synth 8-638] synthesizing module 'xlconstant' [/home/tarafdar/thesis/MIXcoatl/shells/projects/8k5Shell/8k5Shell.srcs/sources_1/bd/srcs/ipshared/e147/xlconstant.v:23]
INFO: [Synth 8-256] done synthesizing module 'xlconstant' (1#1) [/home/tarafdar/thesis/MIXcoatl/shells/projects/8k5Shell/8k5Shell.srcs/sources_1/bd/srcs/ipshared/e147/xlconstant.v:23]
INFO: [Synth 8-256] done synthesizing module 'shell_ifg_delay_0' (2#1) [/home/tarafdar/thesis/MIXcoatl/shells/projects/8k5Shell/8k5Shell.srcs/sources_1/bd/srcs/ip/shell_ifg_delay_0/sim/shell_ifg_delay_0.v:56]
Finished RTL Elaboration : Time (s): cpu = 00:00:08 ; elapsed = 00:00:08 . Memory (MB): peak = 1253.898 ; gain = 323.426 ; free physical = 18716 ; free virtual = 55716
Finished RTL Optimization Phase 1 : Time (s): cpu = 00:00:08 ; elapsed = 00:00:09 . Memory (MB): peak = 1253.898 ; gain = 323.426 ; free physical = 18717 ; free virtual = 55717
INFO: [Device 21-403] Loading part xcku115-flva1517-2-e
Constraint Validation Runtime : Time (s): cpu = 00:00:00.01 ; elapsed = 00:00:00.01 . Memory (MB): peak = 1809.641 ; gain = 0.000 ; free physical = 17755 ; free virtual = 54755
Finished Constraint Validation : Time (s): cpu = 00:00:21 ; elapsed = 00:00:22 . Memory (MB): peak = 1809.641 ; gain = 879.168 ; free physical = 17386 ; free virtual = 54386
Finished Loading Part and Timing Information : Time (s): cpu = 00:00:21 ; elapsed = 00:00:22 . Memory (MB): peak = 1809.641 ; gain = 879.168 ; free physical = 17386 ; free virtual = 54386
Finished applying 'set_property' XDC Constraints : Time (s): cpu = 00:00:21 ; elapsed = 00:00:22 . Memory (MB): peak = 1809.641 ; gain = 879.168 ; free physical = 17385 ; free virtual = 54385
Finished RTL Optimization Phase 2 : Time (s): cpu = 00:00:21 ; elapsed = 00:00:22 . Memory (MB): peak = 1809.641 ; gain = 879.168 ; free physical = 17385 ; free virtual = 54385
Finished Cross Boundary and Area Optimization : Time (s): cpu = 00:00:22 ; elapsed = 00:00:22 . Memory (MB): peak = 1809.641 ; gain = 879.168 ; free physical = 17348 ; free virtual = 54348
Finished Applying XDC Timing Constraints : Time (s): cpu = 00:00:32 ; elapsed = 00:00:33 . Memory (MB): peak = 2010.258 ; gain = 1079.785 ; free physical = 16295 ; free virtual = 53296
Finished Timing Optimization : Time (s): cpu = 00:00:32 ; elapsed = 00:00:33 . Memory (MB): peak = 2010.258 ; gain = 1079.785 ; free physical = 16295 ; free virtual = 53296
Finished Technology Mapping : Time (s): cpu = 00:00:32 ; elapsed = 00:00:33 . Memory (MB): peak = 2020.273 ; gain = 1089.801 ; free physical = 16287 ; free virtual = 53287
Finished IO Insertion : Time (s): cpu = 00:00:32 ; elapsed = 00:00:33 . Memory (MB): peak = 2020.273 ; gain = 1089.801 ; free physical = 16281 ; free virtual = 53282
Finished Renaming Generated Instances : Time (s): cpu = 00:00:32 ; elapsed = 00:00:33 . Memory (MB): peak = 2020.273 ; gain = 1089.801 ; free physical = 16281 ; free virtual = 53282
Finished Rebuilding User Hierarchy : Time (s): cpu = 00:00:32 ; elapsed = 00:00:33 . Memory (MB): peak = 2020.273 ; gain = 1089.801 ; free physical = 16281 ; free virtual = 53282
Finished Renaming Generated Ports : Time (s): cpu = 00:00:32 ; elapsed = 00:00:33 . Memory (MB): peak = 2020.273 ; gain = 1089.801 ; free physical = 16281 ; free virtual = 53282
Finished Handling Custom Attributes : Time (s): cpu = 00:00:32 ; elapsed = 00:00:33 . Memory (MB): peak = 2020.273 ; gain = 1089.801 ; free physical = 16273 ; free virtual = 53274
Finished Renaming Generated Nets : Time (s): cpu = 00:00:32 ; elapsed = 00:00:33 . Memory (MB): peak = 2020.273 ; gain = 1089.801 ; free physical = 16275 ; free virtual = 53275

Report Cell Usage: 
+-+-----+------+
| |Cell |Count |
+-+-----+------+
+-+-----+------+
Finished Writing Synthesis Report : Time (s): cpu = 00:00:32 ; elapsed = 00:00:33 . Memory (MB): peak = 2020.273 ; gain = 1089.801 ; free physical = 16275 ; free virtual = 53275
synth_design: Time (s): cpu = 00:00:35 ; elapsed = 00:00:35 . Memory (MB): peak = 2093.977 ; gain = 1007.977 ; free physical = 16963 ; free virtual = 53963
