
*** Running vivado
    with args -log shell_tx_ifg_tuser_0.vds -m64 -product Vivado -mode batch -messageDb vivado.pb -notrace -source shell_tx_ifg_tuser_0.tcl


****** Vivado v2018.1 (64-bit)
  **** SW Build 2188600 on Wed Apr  4 18:39:19 MDT 2018
  **** IP Build 2185939 on Wed Apr  4 20:55:05 MDT 2018
    ** Copyright 1986-2018 Xilinx, Inc. All Rights Reserved.

source shell_tx_ifg_tuser_0.tcl -notrace
Command: synth_design -top shell_tx_ifg_tuser_0 -part xcku115-flva1517-2-e -mode out_of_context
Starting synth_design
Attempting to get a license for feature 'Synthesis' and/or device 'xcku115'
INFO: [Common 17-349] Got license for feature 'Synthesis' and/or device 'xcku115'
INFO: Launching helper process for spawning children vivado processes
INFO: Helper process launched with PID 3845 
---------------------------------------------------------------------------------
Starting RTL Elaboration : Time (s): cpu = 00:00:07 ; elapsed = 00:00:08 . Memory (MB): peak = 1348.453 ; gain = 76.000 ; free physical = 2142 ; free virtual = 33467
---------------------------------------------------------------------------------
INFO: [Synth 8-6157] synthesizing module 'shell_tx_ifg_tuser_0' [/nfs/ug/thesis/thesis0/pc/Graham/galapagos/shells/projects/adm-8k5/adm-8k5.srcs/sources_1/bd/srcs/ip/shell_tx_ifg_tuser_0/synth/shell_tx_ifg_tuser_0.v:57]
INFO: [Synth 8-6157] synthesizing module 'xlconstant_v1_1_4_xlconstant' [/nfs/ug/thesis/thesis0/pc/Graham/galapagos/shells/projects/adm-8k5/adm-8k5.srcs/sources_1/bd/srcs/ipshared/2fc9/hdl/xlconstant_v1_1_vl_rfs.v:23]
	Parameter CONST_VAL bound to: 0 - type: integer 
	Parameter CONST_WIDTH bound to: 16 - type: integer 
INFO: [Synth 8-6155] done synthesizing module 'xlconstant_v1_1_4_xlconstant' (1#1) [/nfs/ug/thesis/thesis0/pc/Graham/galapagos/shells/projects/adm-8k5/adm-8k5.srcs/sources_1/bd/srcs/ipshared/2fc9/hdl/xlconstant_v1_1_vl_rfs.v:23]
INFO: [Synth 8-6155] done synthesizing module 'shell_tx_ifg_tuser_0' (2#1) [/nfs/ug/thesis/thesis0/pc/Graham/galapagos/shells/projects/adm-8k5/adm-8k5.srcs/sources_1/bd/srcs/ip/shell_tx_ifg_tuser_0/synth/shell_tx_ifg_tuser_0.v:57]
---------------------------------------------------------------------------------
Finished RTL Elaboration : Time (s): cpu = 00:00:08 ; elapsed = 00:00:09 . Memory (MB): peak = 1393.062 ; gain = 120.609 ; free physical = 1988 ; free virtual = 33326
---------------------------------------------------------------------------------

Report Check Netlist: 
+------+------------------+-------+---------+-------+------------------+
|      |Item              |Errors |Warnings |Status |Description       |
+------+------------------+-------+---------+-------+------------------+
|1     |multi_driven_nets |      0|        0|Passed |Multi driven nets |
+------+------------------+-------+---------+-------+------------------+
---------------------------------------------------------------------------------
Start Handling Custom Attributes
---------------------------------------------------------------------------------
---------------------------------------------------------------------------------
Finished Handling Custom Attributes : Time (s): cpu = 00:00:08 ; elapsed = 00:00:09 . Memory (MB): peak = 1393.062 ; gain = 120.609 ; free physical = 1976 ; free virtual = 33315
---------------------------------------------------------------------------------
---------------------------------------------------------------------------------
Finished RTL Optimization Phase 1 : Time (s): cpu = 00:00:08 ; elapsed = 00:00:09 . Memory (MB): peak = 1393.062 ; gain = 120.609 ; free physical = 1976 ; free virtual = 33315
---------------------------------------------------------------------------------
INFO: [Device 21-403] Loading part xcku115-flva1517-2-e
INFO: [Project 1-570] Preparing netlist for logic optimization

Processing XDC Constraints
Initializing timing engine
Completed Processing XDC Constraints

INFO: [Project 1-111] Unisim Transformation Summary:
No Unisim elements were transformed.

Constraint Validation Runtime : Time (s): cpu = 00:00:00.01 ; elapsed = 00:00:00.22 . Memory (MB): peak = 1988.387 ; gain = 0.000 ; free physical = 3730 ; free virtual = 35138
---------------------------------------------------------------------------------
Finished Constraint Validation : Time (s): cpu = 00:00:24 ; elapsed = 00:00:34 . Memory (MB): peak = 1988.387 ; gain = 715.934 ; free physical = 3393 ; free virtual = 34725
---------------------------------------------------------------------------------
---------------------------------------------------------------------------------
Start Loading Part and Timing Information
---------------------------------------------------------------------------------
Loading part: xcku115-flva1517-2-e
---------------------------------------------------------------------------------
Finished Loading Part and Timing Information : Time (s): cpu = 00:00:24 ; elapsed = 00:00:34 . Memory (MB): peak = 1988.387 ; gain = 715.934 ; free physical = 3392 ; free virtual = 34725
---------------------------------------------------------------------------------
---------------------------------------------------------------------------------
Start Applying 'set_property' XDC Constraints
---------------------------------------------------------------------------------
---------------------------------------------------------------------------------
Finished applying 'set_property' XDC Constraints : Time (s): cpu = 00:00:24 ; elapsed = 00:00:34 . Memory (MB): peak = 1988.387 ; gain = 715.934 ; free physical = 3395 ; free virtual = 34727
---------------------------------------------------------------------------------
---------------------------------------------------------------------------------
Finished RTL Optimization Phase 2 : Time (s): cpu = 00:00:24 ; elapsed = 00:00:34 . Memory (MB): peak = 1988.387 ; gain = 715.934 ; free physical = 3391 ; free virtual = 34724
---------------------------------------------------------------------------------

Report RTL Partitions: 
+-+--------------+------------+----------+
| |RTL Partition |Replication |Instances |
+-+--------------+------------+----------+
+-+--------------+------------+----------+
---------------------------------------------------------------------------------
Start RTL Component Statistics 
---------------------------------------------------------------------------------
Detailed RTL Component Info : 
---------------------------------------------------------------------------------
Finished RTL Component Statistics 
---------------------------------------------------------------------------------
---------------------------------------------------------------------------------
Start RTL Hierarchical Component Statistics 
---------------------------------------------------------------------------------
Hierarchical RTL Component report 
---------------------------------------------------------------------------------
Finished RTL Hierarchical Component Statistics
---------------------------------------------------------------------------------
---------------------------------------------------------------------------------
Start Part Resource Summary
---------------------------------------------------------------------------------
Part Resources:
DSPs: 5520 (col length:120)
BRAMs: 4320 (col length: RAMB18 240 RAMB36 120)
---------------------------------------------------------------------------------
Finished Part Resource Summary
---------------------------------------------------------------------------------
---------------------------------------------------------------------------------
Start Cross Boundary and Area Optimization
---------------------------------------------------------------------------------
Warning: Parallel synthesis criteria is not met 
WARNING: [Synth 8-3330] design shell_tx_ifg_tuser_0 has an empty top module
INFO: [Synth 8-3917] design shell_tx_ifg_tuser_0 has port dout[15] driven by constant 0
INFO: [Synth 8-3917] design shell_tx_ifg_tuser_0 has port dout[14] driven by constant 0
INFO: [Synth 8-3917] design shell_tx_ifg_tuser_0 has port dout[13] driven by constant 0
INFO: [Synth 8-3917] design shell_tx_ifg_tuser_0 has port dout[12] driven by constant 0
INFO: [Synth 8-3917] design shell_tx_ifg_tuser_0 has port dout[11] driven by constant 0
INFO: [Synth 8-3917] design shell_tx_ifg_tuser_0 has port dout[10] driven by constant 0
INFO: [Synth 8-3917] design shell_tx_ifg_tuser_0 has port dout[9] driven by constant 0
INFO: [Synth 8-3917] design shell_tx_ifg_tuser_0 has port dout[8] driven by constant 0
INFO: [Synth 8-3917] design shell_tx_ifg_tuser_0 has port dout[7] driven by constant 0
INFO: [Synth 8-3917] design shell_tx_ifg_tuser_0 has port dout[6] driven by constant 0
INFO: [Synth 8-3917] design shell_tx_ifg_tuser_0 has port dout[5] driven by constant 0
INFO: [Synth 8-3917] design shell_tx_ifg_tuser_0 has port dout[4] driven by constant 0
INFO: [Synth 8-3917] design shell_tx_ifg_tuser_0 has port dout[3] driven by constant 0
INFO: [Synth 8-3917] design shell_tx_ifg_tuser_0 has port dout[2] driven by constant 0
INFO: [Synth 8-3917] design shell_tx_ifg_tuser_0 has port dout[1] driven by constant 0
INFO: [Synth 8-3917] design shell_tx_ifg_tuser_0 has port dout[0] driven by constant 0
---------------------------------------------------------------------------------
Finished Cross Boundary and Area Optimization : Time (s): cpu = 00:00:24 ; elapsed = 00:00:35 . Memory (MB): peak = 1988.387 ; gain = 715.934 ; free physical = 3333 ; free virtual = 34667
---------------------------------------------------------------------------------

Report RTL Partitions: 
+-+--------------+------------+----------+
| |RTL Partition |Replication |Instances |
+-+--------------+------------+----------+
+-+--------------+------------+----------+
---------------------------------------------------------------------------------
Start Applying XDC Timing Constraints
---------------------------------------------------------------------------------
---------------------------------------------------------------------------------
Finished Applying XDC Timing Constraints : Time (s): cpu = 00:00:40 ; elapsed = 00:01:14 . Memory (MB): peak = 2218.863 ; gain = 946.410 ; free physical = 150 ; free virtual = 30238
---------------------------------------------------------------------------------
---------------------------------------------------------------------------------
Start Timing Optimization
---------------------------------------------------------------------------------
---------------------------------------------------------------------------------
Finished Timing Optimization : Time (s): cpu = 00:00:40 ; elapsed = 00:01:14 . Memory (MB): peak = 2218.863 ; gain = 946.410 ; free physical = 150 ; free virtual = 30237
---------------------------------------------------------------------------------

Report RTL Partitions: 
+-+--------------+------------+----------+
| |RTL Partition |Replication |Instances |
+-+--------------+------------+----------+
+-+--------------+------------+----------+
---------------------------------------------------------------------------------
Start Technology Mapping
---------------------------------------------------------------------------------
---------------------------------------------------------------------------------
Finished Technology Mapping : Time (s): cpu = 00:00:40 ; elapsed = 00:01:14 . Memory (MB): peak = 2218.863 ; gain = 946.410 ; free physical = 148 ; free virtual = 30236
---------------------------------------------------------------------------------

Report RTL Partitions: 
+-+--------------+------------+----------+
| |RTL Partition |Replication |Instances |
+-+--------------+------------+----------+
+-+--------------+------------+----------+
---------------------------------------------------------------------------------
Start IO Insertion
---------------------------------------------------------------------------------
---------------------------------------------------------------------------------
Start Flattening Before IO Insertion
---------------------------------------------------------------------------------
---------------------------------------------------------------------------------
Finished Flattening Before IO Insertion
---------------------------------------------------------------------------------
---------------------------------------------------------------------------------
Start Final Netlist Cleanup
---------------------------------------------------------------------------------
---------------------------------------------------------------------------------
Finished Final Netlist Cleanup
---------------------------------------------------------------------------------
---------------------------------------------------------------------------------
Finished IO Insertion : Time (s): cpu = 00:00:41 ; elapsed = 00:01:15 . Memory (MB): peak = 2218.863 ; gain = 946.410 ; free physical = 225 ; free virtual = 30232
---------------------------------------------------------------------------------

Report Check Netlist: 
+------+------------------+-------+---------+-------+------------------+
|      |Item              |Errors |Warnings |Status |Description       |
+------+------------------+-------+---------+-------+------------------+
|1     |multi_driven_nets |      0|        0|Passed |Multi driven nets |
+------+------------------+-------+---------+-------+------------------+
---------------------------------------------------------------------------------
Start Renaming Generated Instances
---------------------------------------------------------------------------------
---------------------------------------------------------------------------------
Finished Renaming Generated Instances : Time (s): cpu = 00:00:41 ; elapsed = 00:01:15 . Memory (MB): peak = 2218.863 ; gain = 946.410 ; free physical = 225 ; free virtual = 30232
---------------------------------------------------------------------------------

Report RTL Partitions: 
+-+--------------+------------+----------+
| |RTL Partition |Replication |Instances |
+-+--------------+------------+----------+
+-+--------------+------------+----------+
---------------------------------------------------------------------------------
Start Rebuilding User Hierarchy
---------------------------------------------------------------------------------
---------------------------------------------------------------------------------
Finished Rebuilding User Hierarchy : Time (s): cpu = 00:00:41 ; elapsed = 00:01:15 . Memory (MB): peak = 2218.863 ; gain = 946.410 ; free physical = 225 ; free virtual = 30232
---------------------------------------------------------------------------------
---------------------------------------------------------------------------------
Start Renaming Generated Ports
---------------------------------------------------------------------------------
---------------------------------------------------------------------------------
Finished Renaming Generated Ports : Time (s): cpu = 00:00:41 ; elapsed = 00:01:15 . Memory (MB): peak = 2218.863 ; gain = 946.410 ; free physical = 225 ; free virtual = 30232
---------------------------------------------------------------------------------
---------------------------------------------------------------------------------
Start Handling Custom Attributes
---------------------------------------------------------------------------------
---------------------------------------------------------------------------------
Finished Handling Custom Attributes : Time (s): cpu = 00:00:41 ; elapsed = 00:01:15 . Memory (MB): peak = 2218.863 ; gain = 946.410 ; free physical = 225 ; free virtual = 30232
---------------------------------------------------------------------------------
---------------------------------------------------------------------------------
Start Renaming Generated Nets
---------------------------------------------------------------------------------
---------------------------------------------------------------------------------
Finished Renaming Generated Nets : Time (s): cpu = 00:00:41 ; elapsed = 00:01:15 . Memory (MB): peak = 2218.863 ; gain = 946.410 ; free physical = 225 ; free virtual = 30232
---------------------------------------------------------------------------------
---------------------------------------------------------------------------------
Start Writing Synthesis Report
---------------------------------------------------------------------------------

Report BlackBoxes: 
+-+--------------+----------+
| |BlackBox name |Instances |
+-+--------------+----------+
+-+--------------+----------+

Report Cell Usage: 
+-+-----+------+
| |Cell |Count |
+-+-----+------+
+-+-----+------+

Report Instance Areas: 
+------+---------+-------+------+
|      |Instance |Module |Cells |
+------+---------+-------+------+
|1     |top      |       |     0|
+------+---------+-------+------+
---------------------------------------------------------------------------------
Finished Writing Synthesis Report : Time (s): cpu = 00:00:41 ; elapsed = 00:01:15 . Memory (MB): peak = 2218.863 ; gain = 946.410 ; free physical = 225 ; free virtual = 30232
---------------------------------------------------------------------------------
Synthesis finished with 0 errors, 0 critical warnings and 1 warnings.
Synthesis Optimization Runtime : Time (s): cpu = 00:00:33 ; elapsed = 00:00:59 . Memory (MB): peak = 2218.863 ; gain = 351.086 ; free physical = 243 ; free virtual = 30250
Synthesis Optimization Complete : Time (s): cpu = 00:00:41 ; elapsed = 00:01:15 . Memory (MB): peak = 2218.871 ; gain = 946.410 ; free physical = 252 ; free virtual = 30258
INFO: [Project 1-571] Translating synthesized netlist
INFO: [Project 1-570] Preparing netlist for logic optimization
INFO: [Opt 31-138] Pushed 0 inverter(s) to 0 load pin(s).
INFO: [Project 1-111] Unisim Transformation Summary:
No Unisim elements were transformed.

INFO: [Common 17-83] Releasing license: Synthesis
29 Infos, 1 Warnings, 0 Critical Warnings and 0 Errors encountered.
synth_design completed successfully
synth_design: Time (s): cpu = 00:00:42 ; elapsed = 00:01:17 . Memory (MB): peak = 2272.613 ; gain = 1031.734 ; free physical = 231 ; free virtual = 30120
INFO: [Common 17-1381] The checkpoint '/nfs/ug/thesis/thesis0/pc/Graham/galapagos/shells/projects/adm-8k5/adm-8k5.runs/shell_tx_ifg_tuser_0_synth_1/shell_tx_ifg_tuser_0.dcp' has been generated.
INFO: [Coretcl 2-1482] Added synthesis output to IP cache for IP /nfs/ug/thesis/thesis0/pc/Graham/galapagos/shells/projects/adm-8k5/adm-8k5.srcs/sources_1/bd/srcs/ip/shell_tx_ifg_tuser_0/shell_tx_ifg_tuser_0.xci
INFO: [Common 17-1381] The checkpoint '/nfs/ug/thesis/thesis0/pc/Graham/galapagos/shells/projects/adm-8k5/adm-8k5.runs/shell_tx_ifg_tuser_0_synth_1/shell_tx_ifg_tuser_0.dcp' has been generated.
INFO: [runtcl-4] Executing : report_utilization -file shell_tx_ifg_tuser_0_utilization_synth.rpt -pb shell_tx_ifg_tuser_0_utilization_synth.pb
report_utilization: Time (s): cpu = 00:00:00.51 ; elapsed = 00:00:00.56 . Memory (MB): peak = 2272.613 ; gain = 0.000 ; free physical = 199 ; free virtual = 30101
INFO: [Common 17-206] Exiting Vivado at Thu May  3 12:04:16 2018...
