
*** Running vivado
    with args -log shell_util_vector_logic_0_0.vds -m64 -product Vivado -mode batch -messageDb vivado.pb -notrace -source shell_util_vector_logic_0_0.tcl


****** Vivado v2016.4 (64-bit)
  **** SW Build 1756540 on Mon Jan 23 19:11:19 MST 2017
  **** IP Build 1755317 on Mon Jan 23 20:30:07 MST 2017
    ** Copyright 1986-2016 Xilinx, Inc. All Rights Reserved.

source shell_util_vector_logic_0_0.tcl -notrace
Starting RTL Elaboration : Time (s): cpu = 00:00:07 ; elapsed = 00:00:07 . Memory (MB): peak = 1211.426 ; gain = 280.957 ; free physical = 19060 ; free virtual = 55991
INFO: [Synth 8-638] synthesizing module 'shell_util_vector_logic_0_0' [/home/tarafdar/thesis/MIXcoatl/shells/projects/8k5Shell/8k5Shell.srcs/sources_1/bd/srcs/ip/shell_util_vector_logic_0_0/synth/shell_util_vector_logic_0_0.vhd:67]
INFO: [Synth 8-638] synthesizing module 'util_vector_logic' [/home/tarafdar/thesis/MIXcoatl/shells/projects/8k5Shell/8k5Shell.srcs/sources_1/bd/srcs/ipshared/1d19/hdl/util_vector_logic.vhd:88]
INFO: [Synth 8-256] done synthesizing module 'util_vector_logic' (1#1) [/home/tarafdar/thesis/MIXcoatl/shells/projects/8k5Shell/8k5Shell.srcs/sources_1/bd/srcs/ipshared/1d19/hdl/util_vector_logic.vhd:88]
INFO: [Synth 8-256] done synthesizing module 'shell_util_vector_logic_0_0' (2#1) [/home/tarafdar/thesis/MIXcoatl/shells/projects/8k5Shell/8k5Shell.srcs/sources_1/bd/srcs/ip/shell_util_vector_logic_0_0/synth/shell_util_vector_logic_0_0.vhd:67]
Finished RTL Elaboration : Time (s): cpu = 00:00:08 ; elapsed = 00:00:08 . Memory (MB): peak = 1252.895 ; gain = 322.426 ; free physical = 18948 ; free virtual = 55880
Finished RTL Optimization Phase 1 : Time (s): cpu = 00:00:08 ; elapsed = 00:00:08 . Memory (MB): peak = 1252.895 ; gain = 322.426 ; free physical = 18938 ; free virtual = 55870
INFO: [Device 21-403] Loading part xcku115-flva1517-2-e
Constraint Validation Runtime : Time (s): cpu = 00:00:00.01 ; elapsed = 00:00:00.01 . Memory (MB): peak = 1813.270 ; gain = 0.000 ; free physical = 17573 ; free virtual = 54505
Finished Constraint Validation : Time (s): cpu = 00:00:21 ; elapsed = 00:00:21 . Memory (MB): peak = 1813.270 ; gain = 882.801 ; free physical = 18747 ; free virtual = 55681
Finished Loading Part and Timing Information : Time (s): cpu = 00:00:21 ; elapsed = 00:00:21 . Memory (MB): peak = 1813.270 ; gain = 882.801 ; free physical = 18747 ; free virtual = 55681
Finished applying 'set_property' XDC Constraints : Time (s): cpu = 00:00:21 ; elapsed = 00:00:21 . Memory (MB): peak = 1813.270 ; gain = 882.801 ; free physical = 18744 ; free virtual = 55678
Finished RTL Optimization Phase 2 : Time (s): cpu = 00:00:21 ; elapsed = 00:00:21 . Memory (MB): peak = 1813.270 ; gain = 882.801 ; free physical = 18750 ; free virtual = 55683
Finished Cross Boundary and Area Optimization : Time (s): cpu = 00:00:21 ; elapsed = 00:00:21 . Memory (MB): peak = 1813.270 ; gain = 882.801 ; free physical = 18742 ; free virtual = 55676
Finished Applying XDC Timing Constraints : Time (s): cpu = 00:00:29 ; elapsed = 00:00:29 . Memory (MB): peak = 2028.652 ; gain = 1098.184 ; free physical = 19356 ; free virtual = 56299
Finished Timing Optimization : Time (s): cpu = 00:00:29 ; elapsed = 00:00:29 . Memory (MB): peak = 2028.652 ; gain = 1098.184 ; free physical = 19356 ; free virtual = 56299
Finished Technology Mapping : Time (s): cpu = 00:00:29 ; elapsed = 00:00:29 . Memory (MB): peak = 2037.668 ; gain = 1107.199 ; free physical = 19348 ; free virtual = 56290
Finished IO Insertion : Time (s): cpu = 00:00:29 ; elapsed = 00:00:30 . Memory (MB): peak = 2037.668 ; gain = 1107.199 ; free physical = 19340 ; free virtual = 56282
Finished Renaming Generated Instances : Time (s): cpu = 00:00:29 ; elapsed = 00:00:30 . Memory (MB): peak = 2037.668 ; gain = 1107.199 ; free physical = 19340 ; free virtual = 56282
Finished Rebuilding User Hierarchy : Time (s): cpu = 00:00:29 ; elapsed = 00:00:30 . Memory (MB): peak = 2037.668 ; gain = 1107.199 ; free physical = 19340 ; free virtual = 56282
Finished Renaming Generated Ports : Time (s): cpu = 00:00:29 ; elapsed = 00:00:30 . Memory (MB): peak = 2037.668 ; gain = 1107.199 ; free physical = 19339 ; free virtual = 56282
Finished Handling Custom Attributes : Time (s): cpu = 00:00:29 ; elapsed = 00:00:30 . Memory (MB): peak = 2037.668 ; gain = 1107.199 ; free physical = 19336 ; free virtual = 56279
Finished Renaming Generated Nets : Time (s): cpu = 00:00:29 ; elapsed = 00:00:30 . Memory (MB): peak = 2037.668 ; gain = 1107.199 ; free physical = 19336 ; free virtual = 56279

Report Cell Usage: 
+------+-----+------+
|      |Cell |Count |
+------+-----+------+
|1     |LUT2 |     1|
+------+-----+------+
Finished Writing Synthesis Report : Time (s): cpu = 00:00:29 ; elapsed = 00:00:30 . Memory (MB): peak = 2037.668 ; gain = 1107.199 ; free physical = 19336 ; free virtual = 56278
synth_design: Time (s): cpu = 00:00:30 ; elapsed = 00:00:30 . Memory (MB): peak = 2103.559 ; gain = 1018.562 ; free physical = 18842 ; free virtual = 55784
