
*** Running vivado
    with args -log shell_util_ds_buf_0.vds -m64 -product Vivado -mode batch -messageDb vivado.pb -notrace -source shell_util_ds_buf_0.tcl


****** Vivado v2016.4 (64-bit)
  **** SW Build 1756540 on Mon Jan 23 19:11:19 MST 2017
  **** IP Build 1755317 on Mon Jan 23 20:30:07 MST 2017
    ** Copyright 1986-2016 Xilinx, Inc. All Rights Reserved.

source shell_util_ds_buf_0.tcl -notrace
Starting RTL Elaboration : Time (s): cpu = 00:00:07 ; elapsed = 00:00:07 . Memory (MB): peak = 1213.430 ; gain = 282.957 ; free physical = 24480 ; free virtual = 59554
INFO: [Synth 8-638] synthesizing module 'shell_util_ds_buf_0' [/home/tarafdar/thesis/gitStuff/projects/8k5Shell/8k5Shell.srcs/sources_1/bd/srcs/ip/shell_util_ds_buf_0/synth/shell_util_ds_buf_0.vhd:68]
INFO: [Synth 8-638] synthesizing module 'util_ds_buf' [/home/tarafdar/thesis/gitStuff/projects/8k5Shell/8k5Shell.srcs/sources_1/bd/srcs/ipshared/1e84/hdl/vhdl/util_ds_buf.vhd:125]
INFO: [Synth 8-256] done synthesizing module 'util_ds_buf' (1#1) [/home/tarafdar/thesis/gitStuff/projects/8k5Shell/8k5Shell.srcs/sources_1/bd/srcs/ipshared/1e84/hdl/vhdl/util_ds_buf.vhd:125]
INFO: [Synth 8-256] done synthesizing module 'shell_util_ds_buf_0' (2#1) [/home/tarafdar/thesis/gitStuff/projects/8k5Shell/8k5Shell.srcs/sources_1/bd/srcs/ip/shell_util_ds_buf_0/synth/shell_util_ds_buf_0.vhd:68]
Finished RTL Elaboration : Time (s): cpu = 00:00:08 ; elapsed = 00:00:08 . Memory (MB): peak = 1254.898 ; gain = 324.426 ; free physical = 24419 ; free virtual = 59494
Finished RTL Optimization Phase 1 : Time (s): cpu = 00:00:08 ; elapsed = 00:00:08 . Memory (MB): peak = 1254.898 ; gain = 324.426 ; free physical = 24417 ; free virtual = 59491
INFO: [Device 21-403] Loading part xcku115-flva1517-2-e
Constraint Validation Runtime : Time (s): cpu = 00:00:00 ; elapsed = 00:00:00.01 . Memory (MB): peak = 1817.711 ; gain = 0.000 ; free physical = 23566 ; free virtual = 58640
Finished Constraint Validation : Time (s): cpu = 00:00:21 ; elapsed = 00:00:21 . Memory (MB): peak = 1817.711 ; gain = 887.238 ; free physical = 23495 ; free virtual = 58569
Finished Loading Part and Timing Information : Time (s): cpu = 00:00:21 ; elapsed = 00:00:21 . Memory (MB): peak = 1817.711 ; gain = 887.238 ; free physical = 23495 ; free virtual = 58569
Finished applying 'set_property' XDC Constraints : Time (s): cpu = 00:00:21 ; elapsed = 00:00:21 . Memory (MB): peak = 1817.711 ; gain = 887.238 ; free physical = 23494 ; free virtual = 58569
Finished RTL Optimization Phase 2 : Time (s): cpu = 00:00:21 ; elapsed = 00:00:21 . Memory (MB): peak = 1817.711 ; gain = 887.238 ; free physical = 23486 ; free virtual = 58561
Finished Cross Boundary and Area Optimization : Time (s): cpu = 00:00:21 ; elapsed = 00:00:22 . Memory (MB): peak = 1817.711 ; gain = 887.238 ; free physical = 23480 ; free virtual = 58555
Finished Applying XDC Timing Constraints : Time (s): cpu = 00:00:29 ; elapsed = 00:00:30 . Memory (MB): peak = 2011.328 ; gain = 1080.855 ; free physical = 24278 ; free virtual = 59356
Finished Timing Optimization : Time (s): cpu = 00:00:29 ; elapsed = 00:00:30 . Memory (MB): peak = 2011.328 ; gain = 1080.855 ; free physical = 24278 ; free virtual = 59356
Finished Technology Mapping : Time (s): cpu = 00:00:29 ; elapsed = 00:00:30 . Memory (MB): peak = 2021.344 ; gain = 1090.871 ; free physical = 24269 ; free virtual = 59347
Finished IO Insertion : Time (s): cpu = 00:00:30 ; elapsed = 00:00:30 . Memory (MB): peak = 2021.344 ; gain = 1090.871 ; free physical = 24269 ; free virtual = 59347
Finished Renaming Generated Instances : Time (s): cpu = 00:00:30 ; elapsed = 00:00:30 . Memory (MB): peak = 2021.344 ; gain = 1090.871 ; free physical = 24269 ; free virtual = 59347
Finished Rebuilding User Hierarchy : Time (s): cpu = 00:00:30 ; elapsed = 00:00:30 . Memory (MB): peak = 2021.344 ; gain = 1090.871 ; free physical = 24269 ; free virtual = 59347
Finished Renaming Generated Ports : Time (s): cpu = 00:00:30 ; elapsed = 00:00:30 . Memory (MB): peak = 2021.344 ; gain = 1090.871 ; free physical = 24269 ; free virtual = 59347
Finished Handling Custom Attributes : Time (s): cpu = 00:00:30 ; elapsed = 00:00:30 . Memory (MB): peak = 2021.344 ; gain = 1090.871 ; free physical = 24268 ; free virtual = 59346
Finished Renaming Generated Nets : Time (s): cpu = 00:00:30 ; elapsed = 00:00:30 . Memory (MB): peak = 2021.344 ; gain = 1090.871 ; free physical = 24268 ; free virtual = 59346

Report Cell Usage: 
+------+------------+------+
|      |Cell        |Count |
+------+------------+------+
|1     |IBUFDS_GTE3 |     1|
+------+------------+------+
Finished Writing Synthesis Report : Time (s): cpu = 00:00:30 ; elapsed = 00:00:30 . Memory (MB): peak = 2021.344 ; gain = 1090.871 ; free physical = 24268 ; free virtual = 59346
synth_design: Time (s): cpu = 00:00:30 ; elapsed = 00:00:31 . Memory (MB): peak = 2086.820 ; gain = 1000.820 ; free physical = 23769 ; free virtual = 58848
