
*** Running vivado
    with args -log shell_auto_pc_0.vds -m64 -product Vivado -mode batch -messageDb vivado.pb -notrace -source shell_auto_pc_0.tcl


****** Vivado v2018.1 (64-bit)
  **** SW Build 2188600 on Wed Apr  4 18:39:19 MDT 2018
  **** IP Build 2185939 on Wed Apr  4 20:55:05 MDT 2018
    ** Copyright 1986-2018 Xilinx, Inc. All Rights Reserved.

source shell_auto_pc_0.tcl -notrace
Command: synth_design -top shell_auto_pc_0 -part xcku115-flva1517-2-e -mode out_of_context
Starting synth_design
Attempting to get a license for feature 'Synthesis' and/or device 'xcku115'
INFO: [Common 17-349] Got license for feature 'Synthesis' and/or device 'xcku115'
INFO: Launching helper process for spawning children vivado processes
INFO: Helper process launched with PID 8958 
---------------------------------------------------------------------------------
Starting RTL Elaboration : Time (s): cpu = 00:00:11 ; elapsed = 00:00:20 . Memory (MB): peak = 1352.449 ; gain = 80.000 ; free physical = 9903 ; free virtual = 32797
---------------------------------------------------------------------------------
INFO: [Synth 8-6157] synthesizing module 'shell_auto_pc_0' [/nfs/ug/thesis/thesis0/pc/Quinn/galapagos/shells/projects/adm-8k5/adm-8k5.srcs/sources_1/bd/srcs/ip/shell_auto_pc_0/synth/shell_auto_pc_0.v:58]
INFO: [Synth 8-6157] synthesizing module 'axi_protocol_converter_v2_1_16_axi_protocol_converter' [/nfs/ug/thesis/thesis0/pc/Quinn/galapagos/shells/projects/adm-8k5/adm-8k5.srcs/sources_1/bd/srcs/ipshared/1229/hdl/axi_protocol_converter_v2_1_vl_rfs.v:4811]
	Parameter C_FAMILY bound to: kintexu - type: string 
	Parameter C_M_AXI_PROTOCOL bound to: 0 - type: integer 
	Parameter C_S_AXI_PROTOCOL bound to: 2 - type: integer 
	Parameter C_IGNORE_ID bound to: 1 - type: integer 
	Parameter C_AXI_ID_WIDTH bound to: 1 - type: integer 
	Parameter C_AXI_ADDR_WIDTH bound to: 64 - type: integer 
	Parameter C_AXI_DATA_WIDTH bound to: 64 - type: integer 
	Parameter C_AXI_SUPPORTS_WRITE bound to: 1 - type: integer 
	Parameter C_AXI_SUPPORTS_READ bound to: 1 - type: integer 
	Parameter C_AXI_SUPPORTS_USER_SIGNALS bound to: 0 - type: integer 
	Parameter C_AXI_AWUSER_WIDTH bound to: 1 - type: integer 
	Parameter C_AXI_ARUSER_WIDTH bound to: 1 - type: integer 
	Parameter C_AXI_WUSER_WIDTH bound to: 1 - type: integer 
	Parameter C_AXI_RUSER_WIDTH bound to: 1 - type: integer 
	Parameter C_AXI_BUSER_WIDTH bound to: 1 - type: integer 
	Parameter C_TRANSLATION_MODE bound to: 2 - type: integer 
	Parameter P_AXI4 bound to: 0 - type: integer 
	Parameter P_AXI3 bound to: 1 - type: integer 
	Parameter P_AXILITE bound to: 2 - type: integer 
	Parameter P_AXILITE_SIZE bound to: 3'b011 
	Parameter P_INCR bound to: 2'b01 
	Parameter P_DECERR bound to: 2'b11 
	Parameter P_SLVERR bound to: 2'b10 
	Parameter P_PROTECTION bound to: 1 - type: integer 
	Parameter P_CONVERSION bound to: 2 - type: integer 
INFO: [Synth 8-6155] done synthesizing module 'axi_protocol_converter_v2_1_16_axi_protocol_converter' (1#1) [/nfs/ug/thesis/thesis0/pc/Quinn/galapagos/shells/projects/adm-8k5/adm-8k5.srcs/sources_1/bd/srcs/ipshared/1229/hdl/axi_protocol_converter_v2_1_vl_rfs.v:4811]
INFO: [Synth 8-6155] done synthesizing module 'shell_auto_pc_0' (2#1) [/nfs/ug/thesis/thesis0/pc/Quinn/galapagos/shells/projects/adm-8k5/adm-8k5.srcs/sources_1/bd/srcs/ip/shell_auto_pc_0/synth/shell_auto_pc_0.v:58]
WARNING: [Synth 8-3331] design axi_protocol_converter_v2_1_16_axi_protocol_converter has unconnected port aclk
WARNING: [Synth 8-3331] design axi_protocol_converter_v2_1_16_axi_protocol_converter has unconnected port aresetn
WARNING: [Synth 8-3331] design axi_protocol_converter_v2_1_16_axi_protocol_converter has unconnected port s_axi_awid[0]
WARNING: [Synth 8-3331] design axi_protocol_converter_v2_1_16_axi_protocol_converter has unconnected port s_axi_awlen[7]
WARNING: [Synth 8-3331] design axi_protocol_converter_v2_1_16_axi_protocol_converter has unconnected port s_axi_awlen[6]
WARNING: [Synth 8-3331] design axi_protocol_converter_v2_1_16_axi_protocol_converter has unconnected port s_axi_awlen[5]
WARNING: [Synth 8-3331] design axi_protocol_converter_v2_1_16_axi_protocol_converter has unconnected port s_axi_awlen[4]
WARNING: [Synth 8-3331] design axi_protocol_converter_v2_1_16_axi_protocol_converter has unconnected port s_axi_awlen[3]
WARNING: [Synth 8-3331] design axi_protocol_converter_v2_1_16_axi_protocol_converter has unconnected port s_axi_awlen[2]
WARNING: [Synth 8-3331] design axi_protocol_converter_v2_1_16_axi_protocol_converter has unconnected port s_axi_awlen[1]
WARNING: [Synth 8-3331] design axi_protocol_converter_v2_1_16_axi_protocol_converter has unconnected port s_axi_awlen[0]
WARNING: [Synth 8-3331] design axi_protocol_converter_v2_1_16_axi_protocol_converter has unconnected port s_axi_awsize[2]
WARNING: [Synth 8-3331] design axi_protocol_converter_v2_1_16_axi_protocol_converter has unconnected port s_axi_awsize[1]
WARNING: [Synth 8-3331] design axi_protocol_converter_v2_1_16_axi_protocol_converter has unconnected port s_axi_awsize[0]
WARNING: [Synth 8-3331] design axi_protocol_converter_v2_1_16_axi_protocol_converter has unconnected port s_axi_awburst[1]
WARNING: [Synth 8-3331] design axi_protocol_converter_v2_1_16_axi_protocol_converter has unconnected port s_axi_awburst[0]
WARNING: [Synth 8-3331] design axi_protocol_converter_v2_1_16_axi_protocol_converter has unconnected port s_axi_awlock[0]
WARNING: [Synth 8-3331] design axi_protocol_converter_v2_1_16_axi_protocol_converter has unconnected port s_axi_awcache[3]
WARNING: [Synth 8-3331] design axi_protocol_converter_v2_1_16_axi_protocol_converter has unconnected port s_axi_awcache[2]
WARNING: [Synth 8-3331] design axi_protocol_converter_v2_1_16_axi_protocol_converter has unconnected port s_axi_awcache[1]
WARNING: [Synth 8-3331] design axi_protocol_converter_v2_1_16_axi_protocol_converter has unconnected port s_axi_awcache[0]
WARNING: [Synth 8-3331] design axi_protocol_converter_v2_1_16_axi_protocol_converter has unconnected port s_axi_awregion[3]
WARNING: [Synth 8-3331] design axi_protocol_converter_v2_1_16_axi_protocol_converter has unconnected port s_axi_awregion[2]
WARNING: [Synth 8-3331] design axi_protocol_converter_v2_1_16_axi_protocol_converter has unconnected port s_axi_awregion[1]
WARNING: [Synth 8-3331] design axi_protocol_converter_v2_1_16_axi_protocol_converter has unconnected port s_axi_awregion[0]
WARNING: [Synth 8-3331] design axi_protocol_converter_v2_1_16_axi_protocol_converter has unconnected port s_axi_awqos[3]
WARNING: [Synth 8-3331] design axi_protocol_converter_v2_1_16_axi_protocol_converter has unconnected port s_axi_awqos[2]
WARNING: [Synth 8-3331] design axi_protocol_converter_v2_1_16_axi_protocol_converter has unconnected port s_axi_awqos[1]
WARNING: [Synth 8-3331] design axi_protocol_converter_v2_1_16_axi_protocol_converter has unconnected port s_axi_awqos[0]
WARNING: [Synth 8-3331] design axi_protocol_converter_v2_1_16_axi_protocol_converter has unconnected port s_axi_awuser[0]
WARNING: [Synth 8-3331] design axi_protocol_converter_v2_1_16_axi_protocol_converter has unconnected port s_axi_wid[0]
WARNING: [Synth 8-3331] design axi_protocol_converter_v2_1_16_axi_protocol_converter has unconnected port s_axi_wlast
WARNING: [Synth 8-3331] design axi_protocol_converter_v2_1_16_axi_protocol_converter has unconnected port s_axi_wuser[0]
WARNING: [Synth 8-3331] design axi_protocol_converter_v2_1_16_axi_protocol_converter has unconnected port s_axi_arid[0]
WARNING: [Synth 8-3331] design axi_protocol_converter_v2_1_16_axi_protocol_converter has unconnected port s_axi_arlen[7]
WARNING: [Synth 8-3331] design axi_protocol_converter_v2_1_16_axi_protocol_converter has unconnected port s_axi_arlen[6]
WARNING: [Synth 8-3331] design axi_protocol_converter_v2_1_16_axi_protocol_converter has unconnected port s_axi_arlen[5]
WARNING: [Synth 8-3331] design axi_protocol_converter_v2_1_16_axi_protocol_converter has unconnected port s_axi_arlen[4]
WARNING: [Synth 8-3331] design axi_protocol_converter_v2_1_16_axi_protocol_converter has unconnected port s_axi_arlen[3]
WARNING: [Synth 8-3331] design axi_protocol_converter_v2_1_16_axi_protocol_converter has unconnected port s_axi_arlen[2]
WARNING: [Synth 8-3331] design axi_protocol_converter_v2_1_16_axi_protocol_converter has unconnected port s_axi_arlen[1]
WARNING: [Synth 8-3331] design axi_protocol_converter_v2_1_16_axi_protocol_converter has unconnected port s_axi_arlen[0]
WARNING: [Synth 8-3331] design axi_protocol_converter_v2_1_16_axi_protocol_converter has unconnected port s_axi_arsize[2]
WARNING: [Synth 8-3331] design axi_protocol_converter_v2_1_16_axi_protocol_converter has unconnected port s_axi_arsize[1]
WARNING: [Synth 8-3331] design axi_protocol_converter_v2_1_16_axi_protocol_converter has unconnected port s_axi_arsize[0]
WARNING: [Synth 8-3331] design axi_protocol_converter_v2_1_16_axi_protocol_converter has unconnected port s_axi_arburst[1]
WARNING: [Synth 8-3331] design axi_protocol_converter_v2_1_16_axi_protocol_converter has unconnected port s_axi_arburst[0]
WARNING: [Synth 8-3331] design axi_protocol_converter_v2_1_16_axi_protocol_converter has unconnected port s_axi_arlock[0]
WARNING: [Synth 8-3331] design axi_protocol_converter_v2_1_16_axi_protocol_converter has unconnected port s_axi_arcache[3]
WARNING: [Synth 8-3331] design axi_protocol_converter_v2_1_16_axi_protocol_converter has unconnected port s_axi_arcache[2]
WARNING: [Synth 8-3331] design axi_protocol_converter_v2_1_16_axi_protocol_converter has unconnected port s_axi_arcache[1]
WARNING: [Synth 8-3331] design axi_protocol_converter_v2_1_16_axi_protocol_converter has unconnected port s_axi_arcache[0]
WARNING: [Synth 8-3331] design axi_protocol_converter_v2_1_16_axi_protocol_converter has unconnected port s_axi_arregion[3]
WARNING: [Synth 8-3331] design axi_protocol_converter_v2_1_16_axi_protocol_converter has unconnected port s_axi_arregion[2]
WARNING: [Synth 8-3331] design axi_protocol_converter_v2_1_16_axi_protocol_converter has unconnected port s_axi_arregion[1]
WARNING: [Synth 8-3331] design axi_protocol_converter_v2_1_16_axi_protocol_converter has unconnected port s_axi_arregion[0]
WARNING: [Synth 8-3331] design axi_protocol_converter_v2_1_16_axi_protocol_converter has unconnected port s_axi_arqos[3]
WARNING: [Synth 8-3331] design axi_protocol_converter_v2_1_16_axi_protocol_converter has unconnected port s_axi_arqos[2]
WARNING: [Synth 8-3331] design axi_protocol_converter_v2_1_16_axi_protocol_converter has unconnected port s_axi_arqos[1]
WARNING: [Synth 8-3331] design axi_protocol_converter_v2_1_16_axi_protocol_converter has unconnected port s_axi_arqos[0]
WARNING: [Synth 8-3331] design axi_protocol_converter_v2_1_16_axi_protocol_converter has unconnected port s_axi_aruser[0]
WARNING: [Synth 8-3331] design axi_protocol_converter_v2_1_16_axi_protocol_converter has unconnected port m_axi_bid[0]
WARNING: [Synth 8-3331] design axi_protocol_converter_v2_1_16_axi_protocol_converter has unconnected port m_axi_buser[0]
WARNING: [Synth 8-3331] design axi_protocol_converter_v2_1_16_axi_protocol_converter has unconnected port m_axi_rid[0]
WARNING: [Synth 8-3331] design axi_protocol_converter_v2_1_16_axi_protocol_converter has unconnected port m_axi_rlast
WARNING: [Synth 8-3331] design axi_protocol_converter_v2_1_16_axi_protocol_converter has unconnected port m_axi_ruser[0]
---------------------------------------------------------------------------------
Finished RTL Elaboration : Time (s): cpu = 00:00:33 ; elapsed = 00:00:53 . Memory (MB): peak = 1484.059 ; gain = 211.609 ; free physical = 10467 ; free virtual = 33370
---------------------------------------------------------------------------------

Report Check Netlist: 
+------+------------------+-------+---------+-------+------------------+
|      |Item              |Errors |Warnings |Status |Description       |
+------+------------------+-------+---------+-------+------------------+
|1     |multi_driven_nets |      0|        0|Passed |Multi driven nets |
+------+------------------+-------+---------+-------+------------------+
---------------------------------------------------------------------------------
Start Handling Custom Attributes
---------------------------------------------------------------------------------
---------------------------------------------------------------------------------
Finished Handling Custom Attributes : Time (s): cpu = 00:00:34 ; elapsed = 00:00:53 . Memory (MB): peak = 1484.059 ; gain = 211.609 ; free physical = 10467 ; free virtual = 33369
---------------------------------------------------------------------------------
---------------------------------------------------------------------------------
Finished RTL Optimization Phase 1 : Time (s): cpu = 00:00:34 ; elapsed = 00:00:53 . Memory (MB): peak = 1484.059 ; gain = 211.609 ; free physical = 10467 ; free virtual = 33369
---------------------------------------------------------------------------------
INFO: [Device 21-403] Loading part xcku115-flva1517-2-e
INFO: [Project 1-570] Preparing netlist for logic optimization

Processing XDC Constraints
Initializing timing engine
Parsing XDC File [/nfs/ug/thesis/thesis0/pc/Quinn/galapagos/shells/projects/adm-8k5/adm-8k5.srcs/sources_1/bd/srcs/ip/shell_auto_pc_0/shell_auto_pc_0_ooc.xdc] for cell 'inst'
Finished Parsing XDC File [/nfs/ug/thesis/thesis0/pc/Quinn/galapagos/shells/projects/adm-8k5/adm-8k5.srcs/sources_1/bd/srcs/ip/shell_auto_pc_0/shell_auto_pc_0_ooc.xdc] for cell 'inst'
Parsing XDC File [/nfs/ug/thesis/thesis0/pc/Quinn/galapagos/shells/projects/adm-8k5/adm-8k5.runs/shell_auto_pc_0_synth_1/dont_touch.xdc]
Finished Parsing XDC File [/nfs/ug/thesis/thesis0/pc/Quinn/galapagos/shells/projects/adm-8k5/adm-8k5.runs/shell_auto_pc_0_synth_1/dont_touch.xdc]
Completed Processing XDC Constraints

INFO: [Project 1-111] Unisim Transformation Summary:
No Unisim elements were transformed.

Constraint Validation Runtime : Time (s): cpu = 00:00:00.02 ; elapsed = 00:00:00.03 . Memory (MB): peak = 2002.602 ; gain = 1.000 ; free physical = 9660 ; free virtual = 32572
---------------------------------------------------------------------------------
Finished Constraint Validation : Time (s): cpu = 00:00:50 ; elapsed = 00:01:19 . Memory (MB): peak = 2002.602 ; gain = 730.152 ; free physical = 9299 ; free virtual = 32212
---------------------------------------------------------------------------------
---------------------------------------------------------------------------------
Start Loading Part and Timing Information
---------------------------------------------------------------------------------
Loading part: xcku115-flva1517-2-e
---------------------------------------------------------------------------------
Finished Loading Part and Timing Information : Time (s): cpu = 00:00:50 ; elapsed = 00:01:19 . Memory (MB): peak = 2002.602 ; gain = 730.152 ; free physical = 9301 ; free virtual = 32213
---------------------------------------------------------------------------------
---------------------------------------------------------------------------------
Start Applying 'set_property' XDC Constraints
---------------------------------------------------------------------------------
Applied set_property DONT_TOUCH = true for inst. (constraint file  /nfs/ug/thesis/thesis0/pc/Quinn/galapagos/shells/projects/adm-8k5/adm-8k5.runs/shell_auto_pc_0_synth_1/dont_touch.xdc, line 9).
---------------------------------------------------------------------------------
Finished applying 'set_property' XDC Constraints : Time (s): cpu = 00:00:50 ; elapsed = 00:01:19 . Memory (MB): peak = 2002.602 ; gain = 730.152 ; free physical = 9298 ; free virtual = 32211
---------------------------------------------------------------------------------
---------------------------------------------------------------------------------
Finished RTL Optimization Phase 2 : Time (s): cpu = 00:00:50 ; elapsed = 00:01:19 . Memory (MB): peak = 2002.602 ; gain = 730.152 ; free physical = 9288 ; free virtual = 32200
---------------------------------------------------------------------------------

Report RTL Partitions: 
+-+--------------+------------+----------+
| |RTL Partition |Replication |Instances |
+-+--------------+------------+----------+
+-+--------------+------------+----------+
---------------------------------------------------------------------------------
Start RTL Component Statistics 
---------------------------------------------------------------------------------
Detailed RTL Component Info : 
---------------------------------------------------------------------------------
Finished RTL Component Statistics 
---------------------------------------------------------------------------------
---------------------------------------------------------------------------------
Start RTL Hierarchical Component Statistics 
---------------------------------------------------------------------------------
Hierarchical RTL Component report 
---------------------------------------------------------------------------------
Finished RTL Hierarchical Component Statistics
---------------------------------------------------------------------------------
---------------------------------------------------------------------------------
Start Part Resource Summary
---------------------------------------------------------------------------------
Part Resources:
DSPs: 5520 (col length:120)
BRAMs: 4320 (col length: RAMB18 240 RAMB36 120)
---------------------------------------------------------------------------------
Finished Part Resource Summary
---------------------------------------------------------------------------------
---------------------------------------------------------------------------------
Start Cross Boundary and Area Optimization
---------------------------------------------------------------------------------
Warning: Parallel synthesis criteria is not met 
WARNING: [Synth 8-3331] design axi_protocol_converter_v2_1_16_axi_protocol_converter has unconnected port aclk
WARNING: [Synth 8-3331] design axi_protocol_converter_v2_1_16_axi_protocol_converter has unconnected port aresetn
WARNING: [Synth 8-3331] design axi_protocol_converter_v2_1_16_axi_protocol_converter has unconnected port s_axi_awid[0]
WARNING: [Synth 8-3331] design axi_protocol_converter_v2_1_16_axi_protocol_converter has unconnected port s_axi_awlen[7]
WARNING: [Synth 8-3331] design axi_protocol_converter_v2_1_16_axi_protocol_converter has unconnected port s_axi_awlen[6]
WARNING: [Synth 8-3331] design axi_protocol_converter_v2_1_16_axi_protocol_converter has unconnected port s_axi_awlen[5]
WARNING: [Synth 8-3331] design axi_protocol_converter_v2_1_16_axi_protocol_converter has unconnected port s_axi_awlen[4]
WARNING: [Synth 8-3331] design axi_protocol_converter_v2_1_16_axi_protocol_converter has unconnected port s_axi_awlen[3]
WARNING: [Synth 8-3331] design axi_protocol_converter_v2_1_16_axi_protocol_converter has unconnected port s_axi_awlen[2]
WARNING: [Synth 8-3331] design axi_protocol_converter_v2_1_16_axi_protocol_converter has unconnected port s_axi_awlen[1]
WARNING: [Synth 8-3331] design axi_protocol_converter_v2_1_16_axi_protocol_converter has unconnected port s_axi_awlen[0]
WARNING: [Synth 8-3331] design axi_protocol_converter_v2_1_16_axi_protocol_converter has unconnected port s_axi_awsize[2]
WARNING: [Synth 8-3331] design axi_protocol_converter_v2_1_16_axi_protocol_converter has unconnected port s_axi_awsize[1]
WARNING: [Synth 8-3331] design axi_protocol_converter_v2_1_16_axi_protocol_converter has unconnected port s_axi_awsize[0]
WARNING: [Synth 8-3331] design axi_protocol_converter_v2_1_16_axi_protocol_converter has unconnected port s_axi_awburst[1]
WARNING: [Synth 8-3331] design axi_protocol_converter_v2_1_16_axi_protocol_converter has unconnected port s_axi_awburst[0]
WARNING: [Synth 8-3331] design axi_protocol_converter_v2_1_16_axi_protocol_converter has unconnected port s_axi_awlock[0]
WARNING: [Synth 8-3331] design axi_protocol_converter_v2_1_16_axi_protocol_converter has unconnected port s_axi_awcache[3]
WARNING: [Synth 8-3331] design axi_protocol_converter_v2_1_16_axi_protocol_converter has unconnected port s_axi_awcache[2]
WARNING: [Synth 8-3331] design axi_protocol_converter_v2_1_16_axi_protocol_converter has unconnected port s_axi_awcache[1]
WARNING: [Synth 8-3331] design axi_protocol_converter_v2_1_16_axi_protocol_converter has unconnected port s_axi_awcache[0]
WARNING: [Synth 8-3331] design axi_protocol_converter_v2_1_16_axi_protocol_converter has unconnected port s_axi_awregion[3]
WARNING: [Synth 8-3331] design axi_protocol_converter_v2_1_16_axi_protocol_converter has unconnected port s_axi_awregion[2]
WARNING: [Synth 8-3331] design axi_protocol_converter_v2_1_16_axi_protocol_converter has unconnected port s_axi_awregion[1]
WARNING: [Synth 8-3331] design axi_protocol_converter_v2_1_16_axi_protocol_converter has unconnected port s_axi_awregion[0]
WARNING: [Synth 8-3331] design axi_protocol_converter_v2_1_16_axi_protocol_converter has unconnected port s_axi_awqos[3]
WARNING: [Synth 8-3331] design axi_protocol_converter_v2_1_16_axi_protocol_converter has unconnected port s_axi_awqos[2]
WARNING: [Synth 8-3331] design axi_protocol_converter_v2_1_16_axi_protocol_converter has unconnected port s_axi_awqos[1]
WARNING: [Synth 8-3331] design axi_protocol_converter_v2_1_16_axi_protocol_converter has unconnected port s_axi_awqos[0]
WARNING: [Synth 8-3331] design axi_protocol_converter_v2_1_16_axi_protocol_converter has unconnected port s_axi_awuser[0]
WARNING: [Synth 8-3331] design axi_protocol_converter_v2_1_16_axi_protocol_converter has unconnected port s_axi_wid[0]
WARNING: [Synth 8-3331] design axi_protocol_converter_v2_1_16_axi_protocol_converter has unconnected port s_axi_wlast
WARNING: [Synth 8-3331] design axi_protocol_converter_v2_1_16_axi_protocol_converter has unconnected port s_axi_wuser[0]
WARNING: [Synth 8-3331] design axi_protocol_converter_v2_1_16_axi_protocol_converter has unconnected port s_axi_arid[0]
INFO: [Common 17-14] Message 'Synth 8-3331' appears 100 times and further instances of the messages will be disabled. Use the Tcl command set_msg_config to change the current settings.
---------------------------------------------------------------------------------
Finished Cross Boundary and Area Optimization : Time (s): cpu = 00:00:51 ; elapsed = 00:01:19 . Memory (MB): peak = 2002.602 ; gain = 730.152 ; free physical = 9286 ; free virtual = 32200
---------------------------------------------------------------------------------

Report RTL Partitions: 
+-+--------------+------------+----------+
| |RTL Partition |Replication |Instances |
+-+--------------+------------+----------+
+-+--------------+------------+----------+
---------------------------------------------------------------------------------
Start Applying XDC Timing Constraints
---------------------------------------------------------------------------------
---------------------------------------------------------------------------------
Finished Applying XDC Timing Constraints : Time (s): cpu = 00:01:02 ; elapsed = 00:01:48 . Memory (MB): peak = 2222.883 ; gain = 950.434 ; free physical = 8392 ; free virtual = 31296
---------------------------------------------------------------------------------
---------------------------------------------------------------------------------
Start Timing Optimization
---------------------------------------------------------------------------------
---------------------------------------------------------------------------------
Finished Timing Optimization : Time (s): cpu = 00:01:02 ; elapsed = 00:01:48 . Memory (MB): peak = 2222.883 ; gain = 950.434 ; free physical = 8392 ; free virtual = 31296
---------------------------------------------------------------------------------

Report RTL Partitions: 
+-+--------------+------------+----------+
| |RTL Partition |Replication |Instances |
+-+--------------+------------+----------+
+-+--------------+------------+----------+
---------------------------------------------------------------------------------
Start Technology Mapping
---------------------------------------------------------------------------------
---------------------------------------------------------------------------------
Finished Technology Mapping : Time (s): cpu = 00:01:02 ; elapsed = 00:01:48 . Memory (MB): peak = 2222.883 ; gain = 950.434 ; free physical = 8392 ; free virtual = 31296
---------------------------------------------------------------------------------

Report RTL Partitions: 
+-+--------------+------------+----------+
| |RTL Partition |Replication |Instances |
+-+--------------+------------+----------+
+-+--------------+------------+----------+
---------------------------------------------------------------------------------
Start IO Insertion
---------------------------------------------------------------------------------
---------------------------------------------------------------------------------
Start Flattening Before IO Insertion
---------------------------------------------------------------------------------
---------------------------------------------------------------------------------
Finished Flattening Before IO Insertion
---------------------------------------------------------------------------------
---------------------------------------------------------------------------------
Start Final Netlist Cleanup
---------------------------------------------------------------------------------
---------------------------------------------------------------------------------
Finished Final Netlist Cleanup
---------------------------------------------------------------------------------
---------------------------------------------------------------------------------
Finished IO Insertion : Time (s): cpu = 00:01:03 ; elapsed = 00:01:49 . Memory (MB): peak = 2222.883 ; gain = 950.434 ; free physical = 8392 ; free virtual = 31295
---------------------------------------------------------------------------------

Report Check Netlist: 
+------+------------------+-------+---------+-------+------------------+
|      |Item              |Errors |Warnings |Status |Description       |
+------+------------------+-------+---------+-------+------------------+
|1     |multi_driven_nets |      0|        0|Passed |Multi driven nets |
+------+------------------+-------+---------+-------+------------------+
---------------------------------------------------------------------------------
Start Renaming Generated Instances
---------------------------------------------------------------------------------
---------------------------------------------------------------------------------
Finished Renaming Generated Instances : Time (s): cpu = 00:01:03 ; elapsed = 00:01:49 . Memory (MB): peak = 2222.883 ; gain = 950.434 ; free physical = 8392 ; free virtual = 31295
---------------------------------------------------------------------------------

Report RTL Partitions: 
+-+--------------+------------+----------+
| |RTL Partition |Replication |Instances |
+-+--------------+------------+----------+
+-+--------------+------------+----------+
---------------------------------------------------------------------------------
Start Rebuilding User Hierarchy
---------------------------------------------------------------------------------
---------------------------------------------------------------------------------
Finished Rebuilding User Hierarchy : Time (s): cpu = 00:01:03 ; elapsed = 00:01:49 . Memory (MB): peak = 2222.883 ; gain = 950.434 ; free physical = 8392 ; free virtual = 31295
---------------------------------------------------------------------------------
---------------------------------------------------------------------------------
Start Renaming Generated Ports
---------------------------------------------------------------------------------
---------------------------------------------------------------------------------
Finished Renaming Generated Ports : Time (s): cpu = 00:01:03 ; elapsed = 00:01:49 . Memory (MB): peak = 2222.883 ; gain = 950.434 ; free physical = 8392 ; free virtual = 31295
---------------------------------------------------------------------------------
---------------------------------------------------------------------------------
Start Handling Custom Attributes
---------------------------------------------------------------------------------
---------------------------------------------------------------------------------
Finished Handling Custom Attributes : Time (s): cpu = 00:01:03 ; elapsed = 00:01:49 . Memory (MB): peak = 2222.883 ; gain = 950.434 ; free physical = 8392 ; free virtual = 31295
---------------------------------------------------------------------------------
---------------------------------------------------------------------------------
Start Renaming Generated Nets
---------------------------------------------------------------------------------
---------------------------------------------------------------------------------
Finished Renaming Generated Nets : Time (s): cpu = 00:01:03 ; elapsed = 00:01:49 . Memory (MB): peak = 2222.883 ; gain = 950.434 ; free physical = 8392 ; free virtual = 31295
---------------------------------------------------------------------------------
---------------------------------------------------------------------------------
Start Writing Synthesis Report
---------------------------------------------------------------------------------

Report BlackBoxes: 
+-+--------------+----------+
| |BlackBox name |Instances |
+-+--------------+----------+
+-+--------------+----------+

Report Cell Usage: 
+-+-----+------+
| |Cell |Count |
+-+-----+------+
+-+-----+------+

Report Instance Areas: 
+------+---------+------------------------------------------------------+------+
|      |Instance |Module                                                |Cells |
+------+---------+------------------------------------------------------+------+
|1     |top      |                                                      |     0|
|2     |  inst   |axi_protocol_converter_v2_1_16_axi_protocol_converter |     0|
+------+---------+------------------------------------------------------+------+
---------------------------------------------------------------------------------
Finished Writing Synthesis Report : Time (s): cpu = 00:01:03 ; elapsed = 00:01:49 . Memory (MB): peak = 2222.883 ; gain = 950.434 ; free physical = 8392 ; free virtual = 31295
---------------------------------------------------------------------------------
Synthesis finished with 0 errors, 0 critical warnings and 66 warnings.
Synthesis Optimization Runtime : Time (s): cpu = 00:00:54 ; elapsed = 00:01:32 . Memory (MB): peak = 2223.883 ; gain = 432.891 ; free physical = 8413 ; free virtual = 31316
Synthesis Optimization Complete : Time (s): cpu = 00:01:03 ; elapsed = 00:01:49 . Memory (MB): peak = 2223.891 ; gain = 951.434 ; free physical = 8421 ; free virtual = 31324
INFO: [Project 1-571] Translating synthesized netlist
INFO: [Project 1-570] Preparing netlist for logic optimization
INFO: [Opt 31-138] Pushed 0 inverter(s) to 0 load pin(s).
INFO: [Project 1-111] Unisim Transformation Summary:
No Unisim elements were transformed.

INFO: [Common 17-83] Releasing license: Synthesis
14 Infos, 100 Warnings, 0 Critical Warnings and 0 Errors encountered.
synth_design completed successfully
synth_design: Time (s): cpu = 00:01:05 ; elapsed = 00:01:51 . Memory (MB): peak = 2277.633 ; gain = 1036.758 ; free physical = 8395 ; free virtual = 31298
INFO: [Common 17-1381] The checkpoint '/nfs/ug/thesis/thesis0/pc/Quinn/galapagos/shells/projects/adm-8k5/adm-8k5.runs/shell_auto_pc_0_synth_1/shell_auto_pc_0.dcp' has been generated.
