
*** Running vivado
    with args -log shell_util_ds_buf_0.vds -m64 -product Vivado -mode batch -messageDb vivado.pb -notrace -source shell_util_ds_buf_0.tcl


****** Vivado v2016.4 (64-bit)
  **** SW Build 1756540 on Mon Jan 23 19:11:19 MST 2017
  **** IP Build 1755317 on Mon Jan 23 20:30:07 MST 2017
    ** Copyright 1986-2016 Xilinx, Inc. All Rights Reserved.

source shell_util_ds_buf_0.tcl -notrace
Starting RTL Elaboration : Time (s): cpu = 00:00:07 ; elapsed = 00:00:07 . Memory (MB): peak = 1213.430 ; gain = 282.957 ; free physical = 20166 ; free virtual = 57150
INFO: [Synth 8-638] synthesizing module 'shell_util_ds_buf_0' [/home/tarafdar/thesis/MIXcoatl/shells/projects/8k5Shell/8k5Shell.srcs/sources_1/bd/srcs/ip/shell_util_ds_buf_0/synth/shell_util_ds_buf_0.vhd:68]
INFO: [Synth 8-638] synthesizing module 'util_ds_buf' [/home/tarafdar/thesis/MIXcoatl/shells/projects/8k5Shell/8k5Shell.srcs/sources_1/bd/srcs/ipshared/1e84/hdl/vhdl/util_ds_buf.vhd:125]
INFO: [Synth 8-256] done synthesizing module 'util_ds_buf' (1#1) [/home/tarafdar/thesis/MIXcoatl/shells/projects/8k5Shell/8k5Shell.srcs/sources_1/bd/srcs/ipshared/1e84/hdl/vhdl/util_ds_buf.vhd:125]
INFO: [Synth 8-256] done synthesizing module 'shell_util_ds_buf_0' (2#1) [/home/tarafdar/thesis/MIXcoatl/shells/projects/8k5Shell/8k5Shell.srcs/sources_1/bd/srcs/ip/shell_util_ds_buf_0/synth/shell_util_ds_buf_0.vhd:68]
Finished RTL Elaboration : Time (s): cpu = 00:00:07 ; elapsed = 00:00:08 . Memory (MB): peak = 1253.898 ; gain = 323.426 ; free physical = 20105 ; free virtual = 57089
Finished RTL Optimization Phase 1 : Time (s): cpu = 00:00:08 ; elapsed = 00:00:08 . Memory (MB): peak = 1253.898 ; gain = 323.426 ; free physical = 20107 ; free virtual = 57092
INFO: [Device 21-403] Loading part xcku115-flva1517-2-e
Constraint Validation Runtime : Time (s): cpu = 00:00:00.01 ; elapsed = 00:00:00 . Memory (MB): peak = 1816.828 ; gain = 0.000 ; free physical = 18891 ; free virtual = 55875
Finished Constraint Validation : Time (s): cpu = 00:00:20 ; elapsed = 00:00:21 . Memory (MB): peak = 1816.828 ; gain = 886.355 ; free physical = 18584 ; free virtual = 55568
Finished Loading Part and Timing Information : Time (s): cpu = 00:00:20 ; elapsed = 00:00:21 . Memory (MB): peak = 1816.828 ; gain = 886.355 ; free physical = 18584 ; free virtual = 55568
Finished applying 'set_property' XDC Constraints : Time (s): cpu = 00:00:20 ; elapsed = 00:00:21 . Memory (MB): peak = 1816.828 ; gain = 886.355 ; free physical = 18581 ; free virtual = 55566
Finished RTL Optimization Phase 2 : Time (s): cpu = 00:00:20 ; elapsed = 00:00:21 . Memory (MB): peak = 1816.828 ; gain = 886.355 ; free physical = 18585 ; free virtual = 55570
Finished Cross Boundary and Area Optimization : Time (s): cpu = 00:00:20 ; elapsed = 00:00:21 . Memory (MB): peak = 1816.828 ; gain = 886.355 ; free physical = 18583 ; free virtual = 55567
Finished Applying XDC Timing Constraints : Time (s): cpu = 00:00:28 ; elapsed = 00:00:29 . Memory (MB): peak = 2011.445 ; gain = 1080.973 ; free physical = 18162 ; free virtual = 55146
Finished Timing Optimization : Time (s): cpu = 00:00:28 ; elapsed = 00:00:29 . Memory (MB): peak = 2011.445 ; gain = 1080.973 ; free physical = 18162 ; free virtual = 55146
Finished Technology Mapping : Time (s): cpu = 00:00:28 ; elapsed = 00:00:29 . Memory (MB): peak = 2020.461 ; gain = 1089.988 ; free physical = 18153 ; free virtual = 55138
Finished IO Insertion : Time (s): cpu = 00:00:28 ; elapsed = 00:00:29 . Memory (MB): peak = 2020.461 ; gain = 1089.988 ; free physical = 18134 ; free virtual = 55118
Finished Renaming Generated Instances : Time (s): cpu = 00:00:28 ; elapsed = 00:00:29 . Memory (MB): peak = 2020.461 ; gain = 1089.988 ; free physical = 18134 ; free virtual = 55118
Finished Rebuilding User Hierarchy : Time (s): cpu = 00:00:28 ; elapsed = 00:00:29 . Memory (MB): peak = 2020.461 ; gain = 1089.988 ; free physical = 18131 ; free virtual = 55116
Finished Renaming Generated Ports : Time (s): cpu = 00:00:28 ; elapsed = 00:00:29 . Memory (MB): peak = 2020.461 ; gain = 1089.988 ; free physical = 18129 ; free virtual = 55114
Finished Handling Custom Attributes : Time (s): cpu = 00:00:28 ; elapsed = 00:00:29 . Memory (MB): peak = 2020.461 ; gain = 1089.988 ; free physical = 18128 ; free virtual = 55112
Finished Renaming Generated Nets : Time (s): cpu = 00:00:28 ; elapsed = 00:00:29 . Memory (MB): peak = 2020.461 ; gain = 1089.988 ; free physical = 18127 ; free virtual = 55112

Report Cell Usage: 
+------+------------+------+
|      |Cell        |Count |
+------+------------+------+
|1     |IBUFDS_GTE3 |     1|
+------+------------+------+
Finished Writing Synthesis Report : Time (s): cpu = 00:00:28 ; elapsed = 00:00:29 . Memory (MB): peak = 2020.461 ; gain = 1089.988 ; free physical = 18127 ; free virtual = 55111
synth_design: Time (s): cpu = 00:00:29 ; elapsed = 00:00:29 . Memory (MB): peak = 2085.938 ; gain = 999.938 ; free physical = 17505 ; free virtual = 54490
