

================================================================
== Vivado HLS Report for 'eth_to_app'
================================================================
* Date:           Sun Jun 17 22:50:50 2018

* Version:        2018.1 (Build 2188600 on Wed Apr 04 19:04:02 MDT 2018)
* Project:        ethernet_bridge
* Solution:       solution1
* Product family: kintexu
* Target device:  xcku115-flva1517-2-e


================================================================
== Performance Estimates
================================================================
+ Timing (ns): 
    * Summary: 
    +--------+-------+----------+------------+
    |  Clock | Target| Estimated| Uncertainty|
    +--------+-------+----------+------------+
    |ap_clk  |   4.00|      4.33|        0.50|
    +--------+-------+----------+------------+

+ Latency (clock cycles): 
    * Summary: 
    +-----+-----+-----+-----+----------+
    |  Latency  |  Interval | Pipeline |
    | min | max | min | max |   Type   |
    +-----+-----+-----+-----+----------+
    |    1|    1|    1|    1| function |
    +-----+-----+-----+-----+----------+

    + Detail: 
        * Instance: 
        N/A

        * Loop: 
        N/A

============================================================
+ Verbose Summary: Synthesis Manager
============================================================
InlineROM: 1
ExposeGlobal: 1
============================================================
+ Verbose Summary: CDFG Model
============================================================
IsTopModel: 0
ResetActiveHigh: 1
IsCombinational: 2
IsDatapathOnly: 0
HasWiredReturn: 1
HasMFsm: 2
HasVarLatency: 0
IsPipeline: 1
IsRtlPipelined: 1
IsInstanceOverlapped: 0
IsDontTouch: 0
HasImplIP: 0
IsGatedGlobalClock: 0

+ Individual pipeline summary: 
  * Pipeline-0: initiation interval (II) = 1, depth = 2


============================================================
+ Verbose Summary: Schedule
============================================================
* Number of FSM states : 2
* Pipeline : 1
  Pipeline-0 : II = 1, D = 2, States = { 1 2 }
* Dataflow Pipeline: 0

* FSM state transitions: 
1 --> 
	2  / true
2 --> 

* FSM state operations: 

 <State 1> : 4.33ns
ST_1 : Operation 3 [1/1] (1.75ns)   --->   "%mac_address_V_read = call i48 @_ssdm_op_Read.ap_fifo.i48P(i48* %mac_address_V)"   --->   Core 32 'FIFO' <Latency = 0> <II = 1> <Delay = 2.26> <Storage> <Opcode : 'read' 'write' 'nbread' 'nbwrite'> <Ports = 0> <Width = 48> <Depth = 2> <FIFO>
ST_1 : Operation 4 [1/1] (0.00ns)   --->   "%state_V_1_load = load i3* @state_V_1, align 1" [../hlsSources/srcs/ethernet_bridge.cpp:69]
ST_1 : Operation 5 [1/1] (0.90ns)   --->   "switch i3 %state_V_1_load, label %.exit [
    i3 0, label %0
    i3 2, label %2
    i3 3, label %4
    i3 1, label %6
  ]" [../hlsSources/srcs/ethernet_bridge.cpp:69]
ST_1 : Operation 6 [1/1] (0.00ns)   --->   "%tmp_3 = call i1 @_ssdm_op_NbReadReq.ap_fifo.i73P(i73* %from_eth_V, i32 1)"   --->   Core 5 'AXI4Stream' <Latency = 0> <II = 1> <Delay = 1.00> <Adapter> <Opcode : >
ST_1 : Operation 7 [1/1] (0.00ns)   --->   "%tmp_448 = call i73 @_ssdm_op_Read.ap_fifo.volatile.i73P(i73* %from_eth_V)"   --->   Core 5 'AXI4Stream' <Latency = 0> <II = 1> <Delay = 1.00> <Adapter> <Opcode : >
ST_1 : Operation 8 [1/1] (0.00ns)   --->   "%tmp_20 = call i1 @_ssdm_op_BitSelect.i1.i73.i32(i73 %tmp_448, i32 64)" [../hlsSources/srcs/ethernet_bridge.cpp:8->../hlsSources/srcs/ethernet_bridge.cpp:115]
ST_1 : Operation 9 [1/1] (0.33ns)   --->   "%not_tmp_last_V_4_loa = xor i1 %tmp_20, true" [../hlsSources/srcs/ethernet_bridge.cpp:116]   --->   Core 27 'LogicGate' <Latency = 0> <II = 1> <Delay = 0.33> <FuncUnit> <Opcode : 'and' 'or' 'xor'> <InPorts = 2> <OutPorts = 1>
ST_1 : Operation 10 [1/1] (0.00ns)   --->   "%storemerge_cast_i = zext i1 %not_tmp_last_V_4_loa to i3" [../hlsSources/srcs/ethernet_bridge.cpp:116]
ST_1 : Operation 11 [1/1] (1.00ns)   --->   "store i3 %storemerge_cast_i, i3* @state_V_1, align 1" [../hlsSources/srcs/ethernet_bridge.cpp:117]
ST_1 : Operation 12 [1/1] (0.00ns)   --->   "%tmp_2 = call i1 @_ssdm_op_NbReadReq.ap_fifo.i73P(i73* %from_eth_V, i32 1)"   --->   Core 5 'AXI4Stream' <Latency = 0> <II = 1> <Delay = 1.00> <Adapter> <Opcode : >
ST_1 : Operation 13 [1/1] (0.00ns)   --->   "%app_packet_out_last_1 = load i1* @app_packet_out_last_s, align 1" [../hlsSources/srcs/ethernet_bridge.cpp:106]
ST_1 : Operation 14 [1/1] (0.83ns)   --->   "br i1 %tmp_2, label %5, label %._crit_edge171.i" [../hlsSources/srcs/ethernet_bridge.cpp:97]
ST_1 : Operation 15 [1/1] (0.00ns)   --->   "%tmp_235 = call i73 @_ssdm_op_Read.ap_fifo.volatile.i73P(i73* %from_eth_V)"   --->   Core 5 'AXI4Stream' <Latency = 0> <II = 1> <Delay = 1.00> <Adapter> <Opcode : >
ST_1 : Operation 16 [1/1] (0.00ns)   --->   "%tmp_last_V = call i1 @_ssdm_op_BitSelect.i1.i73.i32(i73 %tmp_235, i32 64)" [../hlsSources/srcs/ethernet_bridge.cpp:8->../hlsSources/srcs/ethernet_bridge.cpp:98]
ST_1 : Operation 17 [1/1] (0.00ns)   --->   "%tmp_11 = trunc i73 %tmp_235 to i8"
ST_1 : Operation 18 [1/1] (0.00ns)   --->   "%tmp_12 = call i8 @_ssdm_op_PartSelect.i8.i73.i32.i32(i73 %tmp_235, i32 56, i32 63)"
ST_1 : Operation 19 [1/1] (0.00ns)   --->   "%tmp_13 = call i8 @_ssdm_op_PartSelect.i8.i73.i32.i32(i73 %tmp_235, i32 8, i32 15)"
ST_1 : Operation 20 [1/1] (0.00ns)   --->   "%tmp_14 = call i8 @_ssdm_op_PartSelect.i8.i73.i32.i32(i73 %tmp_235, i32 16, i32 23)"
ST_1 : Operation 21 [1/1] (0.00ns)   --->   "%tmp_15 = call i8 @_ssdm_op_PartSelect.i8.i73.i32.i32(i73 %tmp_235, i32 32, i32 39)"
ST_1 : Operation 22 [1/1] (0.00ns)   --->   "%tmp_16 = call i8 @_ssdm_op_PartSelect.i8.i73.i32.i32(i73 %tmp_235, i32 48, i32 55)"
ST_1 : Operation 23 [1/1] (0.00ns)   --->   "%tmp_17 = call i8 @_ssdm_op_PartSelect.i8.i73.i32.i32(i73 %tmp_235, i32 24, i32 31)"
ST_1 : Operation 24 [1/1] (0.00ns)   --->   "%tmp_18 = call i8 @_ssdm_op_PartSelect.i8.i73.i32.i32(i73 %tmp_235, i32 40, i32 47)"
ST_1 : Operation 25 [1/1] (0.00ns)   --->   "store i1 %tmp_last_V, i1* @app_packet_out_last_s, align 8" [../hlsSources/srcs/ethernet_bridge.cpp:103]
ST_1 : Operation 26 [1/1] (0.00ns)   --->   "%tmp_19 = call i8 @_ssdm_op_PartSelect.i8.i73.i32.i32(i73 %tmp_235, i32 72, i32 65)" [../hlsSources/srcs/ethernet_bridge.cpp:104]
ST_1 : Operation 27 [1/1] (0.83ns)   --->   "br label %._crit_edge171.i" [../hlsSources/srcs/ethernet_bridge.cpp:105]
ST_1 : Operation 28 [1/1] (0.00ns) (grouped into LUT with out node storemerge2_cast_i_c)   --->   "%app_packet_out_last_2 = phi i1 [ %tmp_last_V, %5 ], [ %app_packet_out_last_1, %4 ]"
ST_1 : Operation 29 [1/1] (0.19ns) (out node of the LUT)   --->   "%storemerge2_cast_i_c = select i1 %app_packet_out_last_2, i3 0, i3 3" [../hlsSources/srcs/ethernet_bridge.cpp:106]   --->   Core 26 'Sel' <Latency = 0> <II = 1> <Delay = 0.19> <FuncUnit> <Opcode : 'select'> <InPorts = 3> <OutPorts = 1>
ST_1 : Operation 30 [1/1] (1.00ns)   --->   "store i3 %storemerge2_cast_i_c, i3* @state_V_1, align 1" [../hlsSources/srcs/ethernet_bridge.cpp:107]
ST_1 : Operation 31 [1/1] (0.00ns)   --->   "%tmp_1 = call i1 @_ssdm_op_NbReadReq.ap_fifo.i73P(i73* %from_eth_V, i32 1)"   --->   Core 5 'AXI4Stream' <Latency = 0> <II = 1> <Delay = 1.00> <Adapter> <Opcode : >
ST_1 : Operation 32 [1/1] (0.00ns)   --->   "%tmp_122 = call i73 @_ssdm_op_Read.ap_fifo.volatile.i73P(i73* %from_eth_V)"   --->   Core 5 'AXI4Stream' <Latency = 0> <II = 1> <Delay = 1.00> <Adapter> <Opcode : >
ST_1 : Operation 33 [1/1] (0.00ns)   --->   "%tmp_s = call i8 @_ssdm_op_PartSelect.i8.i73.i32.i32(i73 %tmp_122, i32 48, i32 55)"
ST_1 : Operation 34 [1/1] (0.00ns)   --->   "store i8 %tmp_s, i8* @dest_V, align 1" [../hlsSources/srcs/ethernet_bridge.cpp:90]
ST_1 : Operation 35 [1/1] (1.00ns)   --->   "store i3 3, i3* @state_V_1, align 1" [../hlsSources/srcs/ethernet_bridge.cpp:91]
ST_1 : Operation 36 [1/1] (0.00ns)   --->   "%tmp = call i1 @_ssdm_op_NbReadReq.ap_fifo.i73P(i73* %from_eth_V, i32 1)"   --->   Core 5 'AXI4Stream' <Latency = 0> <II = 1> <Delay = 1.00> <Adapter> <Opcode : >
ST_1 : Operation 37 [1/1] (0.00ns)   --->   "%tmp9 = call i73 @_ssdm_op_Read.ap_fifo.volatile.i73P(i73* %from_eth_V)"   --->   Core 5 'AXI4Stream' <Latency = 0> <II = 1> <Delay = 1.00> <Adapter> <Opcode : >
ST_1 : Operation 38 [1/1] (0.00ns)   --->   "%tmp_4 = trunc i73 %tmp9 to i8"
ST_1 : Operation 39 [1/1] (0.00ns)   --->   "%tmp_5 = call i8 @_ssdm_op_PartSelect.i8.i73.i32.i32(i73 %tmp9, i32 8, i32 15)"
ST_1 : Operation 40 [1/1] (0.00ns)   --->   "%tmp_6 = call i8 @_ssdm_op_PartSelect.i8.i73.i32.i32(i73 %tmp9, i32 16, i32 23)"
ST_1 : Operation 41 [1/1] (0.00ns)   --->   "%tmp_7 = call i8 @_ssdm_op_PartSelect.i8.i73.i32.i32(i73 %tmp9, i32 32, i32 39)"
ST_1 : Operation 42 [1/1] (0.00ns)   --->   "%tmp_8 = call i8 @_ssdm_op_PartSelect.i8.i73.i32.i32(i73 %tmp9, i32 24, i32 31)"
ST_1 : Operation 43 [1/1] (0.00ns)   --->   "%tmp_9 = call i8 @_ssdm_op_PartSelect.i8.i73.i32.i32(i73 %tmp9, i32 40, i32 47)"
ST_1 : Operation 44 [1/1] (0.00ns)   --->   "%observedAddress_V = call i48 @_ssdm_op_BitConcatenate.i48.i8.i8.i8.i8.i8.i8(i8 %tmp_4, i8 %tmp_5, i8 %tmp_6, i8 %tmp_8, i8 %tmp_7, i8 %tmp_9)" [../hlsSources/srcs/ethernet_bridge.cpp:76]
ST_1 : Operation 45 [1/1] (1.38ns)   --->   "%tmp_i = icmp eq i48 %observedAddress_V, %mac_address_V_read" [../hlsSources/srcs/ethernet_bridge.cpp:78]   --->   Core 25 'Cmp' <Latency = 0> <II = 1> <Delay = 1.38> <FuncUnit> <Opcode : 'icmp'> <InPorts = 2> <OutPorts = 1>
ST_1 : Operation 46 [1/1] (0.19ns)   --->   "%storemerge1_cast_i_c = select i1 %tmp_i, i3 2, i3 1" [../hlsSources/srcs/ethernet_bridge.cpp:78]   --->   Core 26 'Sel' <Latency = 0> <II = 1> <Delay = 0.19> <FuncUnit> <Opcode : 'select'> <InPorts = 3> <OutPorts = 1>
ST_1 : Operation 47 [1/1] (1.00ns)   --->   "store i3 %storemerge1_cast_i_c, i3* @state_V_1, align 1" [../hlsSources/srcs/ethernet_bridge.cpp:79]

 <State 2> : 0.00ns
ST_2 : Operation 48 [1/1] (0.00ns)   --->   "call void (...)* @_ssdm_op_SpecIFCore(i73* %from_eth_V, [1 x i8]* @p_str, [11 x i8]* @p_str2, [1 x i8]* @p_str, i32 -1, [1 x i8]* @p_str, [1 x i8]* @p_str, [1 x i8]* @p_str, [1 x i8]* @p_str, [1 x i8]* @p_str)"
ST_2 : Operation 49 [1/1] (0.00ns)   --->   "call void (...)* @_ssdm_op_SpecIFCore(i81* %to_app_V, [1 x i8]* @p_str, [11 x i8]* @p_str2, [1 x i8]* @p_str, i32 -1, [1 x i8]* @p_str, [1 x i8]* @p_str, [1 x i8]* @p_str, [1 x i8]* @p_str, [1 x i8]* @p_str)"
ST_2 : Operation 50 [1/1] (0.00ns)   --->   "call void (...)* @_ssdm_op_SpecInterface(i81* %to_app_V, [8 x i8]* @ap_fifo_str, i32 0, i32 0, [1 x i8]* @p_str, i32 0, i32 0, [1 x i8]* @p_str, [1 x i8]* @p_str, [1 x i8]* @p_str, i32 2, i32 2, i32 16, i32 16, [1 x i8]* @p_str, [1 x i8]* @p_str)"
ST_2 : Operation 51 [1/1] (0.00ns)   --->   "call void (...)* @_ssdm_op_SpecInterface(i73* %from_eth_V, [8 x i8]* @ap_fifo_str, i32 0, i32 0, [1 x i8]* @p_str, i32 0, i32 0, [1 x i8]* @p_str, [1 x i8]* @p_str, [1 x i8]* @p_str, i32 2, i32 2, i32 16, i32 16, [1 x i8]* @p_str, [1 x i8]* @p_str)"
ST_2 : Operation 52 [1/1] (0.00ns)   --->   "call void (...)* @_ssdm_op_SpecInterface(i48* %mac_address_V, [8 x i8]* @ap_fifo_str, i32 0, i32 0, [1 x i8]* @p_str, i32 0, i32 0, [1 x i8]* @p_str, [1 x i8]* @p_str, [1 x i8]* @p_str, i32 2, i32 2, i32 16, i32 16, [1 x i8]* @p_str, [1 x i8]* @p_str)"
ST_2 : Operation 53 [1/1] (0.00ns)   --->   "call void (...)* @_ssdm_op_SpecPipeline(i32 1, i32 1, i32 1, i32 0, [1 x i8]* @p_str) nounwind" [../hlsSources/srcs/ethernet_bridge.cpp:60]
ST_2 : Operation 54 [1/1] (0.00ns)   --->   "br i1 %tmp_3, label %7, label %._crit_edge172.i" [../hlsSources/srcs/ethernet_bridge.cpp:114]
ST_2 : Operation 55 [1/1] (0.00ns)   --->   "br label %._crit_edge172.i" [../hlsSources/srcs/ethernet_bridge.cpp:122]
ST_2 : Operation 56 [1/1] (0.00ns)   --->   "br label %.exit" [../hlsSources/srcs/ethernet_bridge.cpp:123]
ST_2 : Operation 57 [1/1] (0.00ns)   --->   "%tmp_tdest_V = load i8* @dest_V, align 1"
ST_2 : Operation 58 [1/1] (0.00ns)   --->   "%tmp_31 = call i81 @_ssdm_op_BitConcatenate.i81.i8.i8.i1.i8.i8.i8.i8.i8.i8.i8.i8(i8 %tmp_19, i8 %tmp_tdest_V, i1 %tmp_last_V, i8 %tmp_11, i8 %tmp_13, i8 %tmp_14, i8 %tmp_17, i8 %tmp_15, i8 %tmp_18, i8 %tmp_16, i8 %tmp_12)" [../hlsSources/srcs/ethernet_bridge.cpp:104]
ST_2 : Operation 59 [1/1] (0.00ns)   --->   "call void @_ssdm_op_Write.ap_fifo.volatile.i81P(i81* %to_app_V, i81 %tmp_31)" [../hlsSources/srcs/ethernet_bridge.cpp:104]   --->   Core 5 'AXI4Stream' <Latency = 0> <II = 1> <Delay = 1.00> <Adapter> <Opcode : >
ST_2 : Operation 60 [1/1] (0.00ns)   --->   "br label %.exit" [../hlsSources/srcs/ethernet_bridge.cpp:112]
ST_2 : Operation 61 [1/1] (0.00ns)   --->   "br i1 %tmp_1, label %3, label %._crit_edge170.i" [../hlsSources/srcs/ethernet_bridge.cpp:87]
ST_2 : Operation 62 [1/1] (0.00ns)   --->   "br label %._crit_edge170.i" [../hlsSources/srcs/ethernet_bridge.cpp:93]
ST_2 : Operation 63 [1/1] (0.00ns)   --->   "br label %.exit" [../hlsSources/srcs/ethernet_bridge.cpp:94]
ST_2 : Operation 64 [1/1] (0.00ns)   --->   "br i1 %tmp, label %1, label %._crit_edge169.i" [../hlsSources/srcs/ethernet_bridge.cpp:73]
ST_2 : Operation 65 [1/1] (0.00ns)   --->   "br label %._crit_edge169.i" [../hlsSources/srcs/ethernet_bridge.cpp:84]
ST_2 : Operation 66 [1/1] (0.00ns)   --->   "br label %.exit" [../hlsSources/srcs/ethernet_bridge.cpp:85]
ST_2 : Operation 67 [1/1] (0.00ns)   --->   "ret void"


============================================================
+ Verbose Summary: Binding
============================================================
STG Binding: 
---------------- STG Properties BEGIN ----------------
- Is combinational: 0
- Is one-state seq: 0
- Is datapath-only: 0
- Is pipelined: 1
- Is top level: 0
Port [ Return ] is wired: 1; IO mode=ap_ctrl_hs:ce=0
Port [ from_eth_V]:  wired=1; compound=1; hidden=0; nouse=0; global=0; static=0; extern=0; dir=0; type=3; pingpong=0; private_global=0; IO mode=ap_fifo:ce=0
Port [ to_app_V]:  wired=1; compound=1; hidden=0; nouse=0; global=0; static=0; extern=0; dir=1; type=3; pingpong=0; private_global=0; IO mode=ap_fifo:ce=0
Port [ mac_address_V]:  wired=1; compound=1; hidden=0; nouse=0; global=0; static=0; extern=0; dir=0; type=3; pingpong=0; private_global=0; IO mode=ap_fifo:ce=0
Port [ state_V_1]:  wired=0; compound=0; hidden=1; nouse=0; global=1; static=1; extern=0; dir=2; type=0; pingpong=0; private_global=1; linkage=7; visibility=0; IO mode=ap_ovld:ce=0
Port [ dest_V]:  wired=0; compound=0; hidden=1; nouse=0; global=1; static=1; extern=0; dir=2; type=0; pingpong=0; private_global=1; linkage=7; visibility=0; IO mode=ap_ovld:ce=0
Port [ app_packet_out_last_s]:  wired=0; compound=0; hidden=1; nouse=0; global=1; static=1; extern=0; dir=2; type=0; pingpong=0; private_global=1; linkage=7; visibility=0; IO mode=ap_ovld:ce=0
---------------- STG Properties END ------------------

---------------- Datapath Model BEGIN ----------------

<LifeTime>
<method=bitvector/>
mac_address_V_read    (read          ) [ 000]
state_V_1_load        (load          ) [ 011]
StgValue_5            (switch        ) [ 000]
tmp_3                 (nbreadreq     ) [ 011]
tmp_448               (read          ) [ 000]
tmp_20                (bitselect     ) [ 000]
not_tmp_last_V_4_loa  (xor           ) [ 000]
storemerge_cast_i     (zext          ) [ 000]
StgValue_11           (store         ) [ 000]
tmp_2                 (nbreadreq     ) [ 011]
app_packet_out_last_1 (load          ) [ 000]
StgValue_14           (br            ) [ 000]
tmp_235               (read          ) [ 000]
tmp_last_V            (bitselect     ) [ 011]
tmp_11                (trunc         ) [ 011]
tmp_12                (partselect    ) [ 011]
tmp_13                (partselect    ) [ 011]
tmp_14                (partselect    ) [ 011]
tmp_15                (partselect    ) [ 011]
tmp_16                (partselect    ) [ 011]
tmp_17                (partselect    ) [ 011]
tmp_18                (partselect    ) [ 011]
StgValue_25           (store         ) [ 000]
tmp_19                (partselect    ) [ 011]
StgValue_27           (br            ) [ 000]
app_packet_out_last_2 (phi           ) [ 000]
storemerge2_cast_i_c  (select        ) [ 000]
StgValue_30           (store         ) [ 000]
tmp_1                 (nbreadreq     ) [ 011]
tmp_122               (read          ) [ 000]
tmp_s                 (partselect    ) [ 000]
StgValue_34           (store         ) [ 000]
StgValue_35           (store         ) [ 000]
tmp                   (nbreadreq     ) [ 011]
tmp9                  (read          ) [ 000]
tmp_4                 (trunc         ) [ 000]
tmp_5                 (partselect    ) [ 000]
tmp_6                 (partselect    ) [ 000]
tmp_7                 (partselect    ) [ 000]
tmp_8                 (partselect    ) [ 000]
tmp_9                 (partselect    ) [ 000]
observedAddress_V     (bitconcatenate) [ 000]
tmp_i                 (icmp          ) [ 000]
storemerge1_cast_i_c  (select        ) [ 000]
StgValue_47           (store         ) [ 000]
StgValue_48           (specifcore    ) [ 000]
StgValue_49           (specifcore    ) [ 000]
StgValue_50           (specinterface ) [ 000]
StgValue_51           (specinterface ) [ 000]
StgValue_52           (specinterface ) [ 000]
StgValue_53           (specpipeline  ) [ 000]
StgValue_54           (br            ) [ 000]
StgValue_55           (br            ) [ 000]
StgValue_56           (br            ) [ 000]
tmp_tdest_V           (load          ) [ 000]
tmp_31                (bitconcatenate) [ 000]
StgValue_59           (write         ) [ 000]
StgValue_60           (br            ) [ 000]
StgValue_61           (br            ) [ 000]
StgValue_62           (br            ) [ 000]
StgValue_63           (br            ) [ 000]
StgValue_64           (br            ) [ 000]
StgValue_65           (br            ) [ 000]
StgValue_66           (br            ) [ 000]
StgValue_67           (ret           ) [ 000]
</LifeTime>

<model>

<comp_list>
<comp id="0" class="1000" name="from_eth_V">
<pin_list>
<pin id="1" dir="1" index="0" bw="1" slack="0"/>
</pin_list>
<bind>
<StgValue><ssdm name="from_eth_V"/></StgValue>
</bind>
</comp>

<comp id="2" class="1000" name="to_app_V">
<pin_list>
<pin id="3" dir="1" index="0" bw="1" slack="0"/>
</pin_list>
<bind>
<StgValue><ssdm name="to_app_V"/></StgValue>
</bind>
</comp>

<comp id="4" class="1000" name="mac_address_V">
<pin_list>
<pin id="5" dir="1" index="0" bw="1" slack="0"/>
</pin_list>
<bind>
<StgValue><ssdm name="mac_address_V"/></StgValue>
</bind>
</comp>

<comp id="6" class="1000" name="state_V_1">
<pin_list>
<pin id="7" dir="1" index="0" bw="1" slack="0"/>
</pin_list>
<bind>
<StgValue><ssdm name="state_V_1"/></StgValue>
</bind>
</comp>

<comp id="8" class="1000" name="dest_V">
<pin_list>
<pin id="9" dir="1" index="0" bw="1" slack="0"/>
</pin_list>
<bind>
<StgValue><ssdm name="dest_V"/></StgValue>
</bind>
</comp>

<comp id="10" class="1000" name="app_packet_out_last_s">
<pin_list>
<pin id="11" dir="1" index="0" bw="1" slack="0"/>
</pin_list>
<bind>
<StgValue><ssdm name="app_packet_out_last_s"/></StgValue>
</bind>
</comp>

<comp id="12" class="1001" name="const_12">
<pin_list>
<pin id="13" dir="1" index="0" bw="1" slack="0"/>
</pin_list>
<bind>
<StgValue><ssdm name="_ssdm_op_Read.ap_fifo.i48P"/></StgValue>
</bind>
</comp>

<comp id="14" class="1001" name="const_14">
<pin_list>
<pin id="15" dir="1" index="0" bw="1" slack="0"/>
</pin_list>
<bind>
<StgValue><ssdm name=""/></StgValue>
</bind>
</comp>

<comp id="16" class="1001" name="const_16">
<pin_list>
<pin id="17" dir="1" index="0" bw="1" slack="0"/>
</pin_list>
<bind>
<StgValue><ssdm name=""/></StgValue>
</bind>
</comp>

<comp id="18" class="1001" name="const_18">
<pin_list>
<pin id="19" dir="1" index="0" bw="1" slack="0"/>
</pin_list>
<bind>
<StgValue><ssdm name=""/></StgValue>
</bind>
</comp>

<comp id="20" class="1001" name="const_20">
<pin_list>
<pin id="21" dir="1" index="0" bw="1" slack="0"/>
</pin_list>
<bind>
<StgValue><ssdm name=""/></StgValue>
</bind>
</comp>

<comp id="22" class="1001" name="const_22">
<pin_list>
<pin id="23" dir="1" index="0" bw="1" slack="0"/>
</pin_list>
<bind>
<StgValue><ssdm name="_ssdm_op_NbReadReq.ap_fifo.i73P"/></StgValue>
</bind>
</comp>

<comp id="24" class="1001" name="const_24">
<pin_list>
<pin id="25" dir="1" index="0" bw="1" slack="0"/>
</pin_list>
<bind>
<StgValue><ssdm name=""/></StgValue>
</bind>
</comp>

<comp id="26" class="1001" name="const_26">
<pin_list>
<pin id="27" dir="1" index="0" bw="1" slack="0"/>
</pin_list>
<bind>
<StgValue><ssdm name="_ssdm_op_Read.ap_fifo.volatile.i73P"/></StgValue>
</bind>
</comp>

<comp id="28" class="1001" name="const_28">
<pin_list>
<pin id="29" dir="1" index="0" bw="1" slack="0"/>
</pin_list>
<bind>
<StgValue><ssdm name="_ssdm_op_BitSelect.i1.i73.i32"/></StgValue>
</bind>
</comp>

<comp id="30" class="1001" name="const_30">
<pin_list>
<pin id="31" dir="1" index="0" bw="1" slack="0"/>
</pin_list>
<bind>
<StgValue><ssdm name=""/></StgValue>
</bind>
</comp>

<comp id="32" class="1001" name="const_32">
<pin_list>
<pin id="33" dir="1" index="0" bw="1" slack="0"/>
</pin_list>
<bind>
<StgValue><ssdm name=""/></StgValue>
</bind>
</comp>

<comp id="34" class="1001" name="const_34">
<pin_list>
<pin id="35" dir="1" index="0" bw="1" slack="0"/>
</pin_list>
<bind>
<StgValue><ssdm name="_ssdm_op_PartSelect.i8.i73.i32.i32"/></StgValue>
</bind>
</comp>

<comp id="36" class="1001" name="const_36">
<pin_list>
<pin id="37" dir="1" index="0" bw="1" slack="0"/>
</pin_list>
<bind>
<StgValue><ssdm name=""/></StgValue>
</bind>
</comp>

<comp id="38" class="1001" name="const_38">
<pin_list>
<pin id="39" dir="1" index="0" bw="1" slack="0"/>
</pin_list>
<bind>
<StgValue><ssdm name=""/></StgValue>
</bind>
</comp>

<comp id="40" class="1001" name="const_40">
<pin_list>
<pin id="41" dir="1" index="0" bw="1" slack="0"/>
</pin_list>
<bind>
<StgValue><ssdm name=""/></StgValue>
</bind>
</comp>

<comp id="42" class="1001" name="const_42">
<pin_list>
<pin id="43" dir="1" index="0" bw="1" slack="0"/>
</pin_list>
<bind>
<StgValue><ssdm name=""/></StgValue>
</bind>
</comp>

<comp id="44" class="1001" name="const_44">
<pin_list>
<pin id="45" dir="1" index="0" bw="1" slack="0"/>
</pin_list>
<bind>
<StgValue><ssdm name=""/></StgValue>
</bind>
</comp>

<comp id="46" class="1001" name="const_46">
<pin_list>
<pin id="47" dir="1" index="0" bw="1" slack="0"/>
</pin_list>
<bind>
<StgValue><ssdm name=""/></StgValue>
</bind>
</comp>

<comp id="48" class="1001" name="const_48">
<pin_list>
<pin id="49" dir="1" index="0" bw="1" slack="0"/>
</pin_list>
<bind>
<StgValue><ssdm name=""/></StgValue>
</bind>
</comp>

<comp id="50" class="1001" name="const_50">
<pin_list>
<pin id="51" dir="1" index="0" bw="1" slack="0"/>
</pin_list>
<bind>
<StgValue><ssdm name=""/></StgValue>
</bind>
</comp>

<comp id="52" class="1001" name="const_52">
<pin_list>
<pin id="53" dir="1" index="0" bw="1" slack="0"/>
</pin_list>
<bind>
<StgValue><ssdm name=""/></StgValue>
</bind>
</comp>

<comp id="54" class="1001" name="const_54">
<pin_list>
<pin id="55" dir="1" index="0" bw="1" slack="0"/>
</pin_list>
<bind>
<StgValue><ssdm name=""/></StgValue>
</bind>
</comp>

<comp id="56" class="1001" name="const_56">
<pin_list>
<pin id="57" dir="1" index="0" bw="1" slack="0"/>
</pin_list>
<bind>
<StgValue><ssdm name=""/></StgValue>
</bind>
</comp>

<comp id="58" class="1001" name="const_58">
<pin_list>
<pin id="59" dir="1" index="0" bw="1" slack="0"/>
</pin_list>
<bind>
<StgValue><ssdm name=""/></StgValue>
</bind>
</comp>

<comp id="60" class="1001" name="const_60">
<pin_list>
<pin id="61" dir="1" index="0" bw="1" slack="0"/>
</pin_list>
<bind>
<StgValue><ssdm name=""/></StgValue>
</bind>
</comp>

<comp id="62" class="1001" name="const_62">
<pin_list>
<pin id="63" dir="1" index="0" bw="1" slack="0"/>
</pin_list>
<bind>
<StgValue><ssdm name=""/></StgValue>
</bind>
</comp>

<comp id="64" class="1001" name="const_64">
<pin_list>
<pin id="65" dir="1" index="0" bw="1" slack="0"/>
</pin_list>
<bind>
<StgValue><ssdm name=""/></StgValue>
</bind>
</comp>

<comp id="66" class="1001" name="const_66">
<pin_list>
<pin id="67" dir="1" index="0" bw="1" slack="0"/>
</pin_list>
<bind>
<StgValue><ssdm name=""/></StgValue>
</bind>
</comp>

<comp id="68" class="1001" name="const_68">
<pin_list>
<pin id="69" dir="1" index="0" bw="1" slack="0"/>
</pin_list>
<bind>
<StgValue><ssdm name="_ssdm_op_BitConcatenate.i48.i8.i8.i8.i8.i8.i8"/></StgValue>
</bind>
</comp>

<comp id="70" class="1001" name="const_70">
<pin_list>
<pin id="71" dir="1" index="0" bw="1" slack="2147483647"/>
</pin_list>
<bind>
<StgValue><ssdm name="_ssdm_op_SpecIFCore"/></StgValue>
</bind>
</comp>

<comp id="72" class="1001" name="const_72">
<pin_list>
<pin id="73" dir="1" index="0" bw="1" slack="2147483647"/>
</pin_list>
<bind>
<StgValue><ssdm name="p_str"/></StgValue>
</bind>
</comp>

<comp id="74" class="1001" name="const_74">
<pin_list>
<pin id="75" dir="1" index="0" bw="1" slack="2147483647"/>
</pin_list>
<bind>
<StgValue><ssdm name="p_str2"/></StgValue>
</bind>
</comp>

<comp id="76" class="1001" name="const_76">
<pin_list>
<pin id="77" dir="1" index="0" bw="1" slack="2147483647"/>
</pin_list>
<bind>
<StgValue><ssdm name=""/></StgValue>
</bind>
</comp>

<comp id="78" class="1001" name="const_78">
<pin_list>
<pin id="79" dir="1" index="0" bw="1" slack="2147483647"/>
</pin_list>
<bind>
<StgValue><ssdm name="_ssdm_op_SpecInterface"/></StgValue>
</bind>
</comp>

<comp id="80" class="1001" name="const_80">
<pin_list>
<pin id="81" dir="1" index="0" bw="1" slack="2147483647"/>
</pin_list>
<bind>
<StgValue><ssdm name="ap_fifo_str"/></StgValue>
</bind>
</comp>

<comp id="82" class="1001" name="const_82">
<pin_list>
<pin id="83" dir="1" index="0" bw="1" slack="2147483647"/>
</pin_list>
<bind>
<StgValue><ssdm name=""/></StgValue>
</bind>
</comp>

<comp id="84" class="1001" name="const_84">
<pin_list>
<pin id="85" dir="1" index="0" bw="1" slack="2147483647"/>
</pin_list>
<bind>
<StgValue><ssdm name=""/></StgValue>
</bind>
</comp>

<comp id="86" class="1001" name="const_86">
<pin_list>
<pin id="87" dir="1" index="0" bw="1" slack="2147483647"/>
</pin_list>
<bind>
<StgValue><ssdm name="_ssdm_op_SpecPipeline"/></StgValue>
</bind>
</comp>

<comp id="88" class="1001" name="const_88">
<pin_list>
<pin id="89" dir="1" index="0" bw="1" slack="0"/>
</pin_list>
<bind>
<StgValue><ssdm name="_ssdm_op_BitConcatenate.i81.i8.i8.i1.i8.i8.i8.i8.i8.i8.i8.i8"/></StgValue>
</bind>
</comp>

<comp id="90" class="1001" name="const_90">
<pin_list>
<pin id="91" dir="1" index="0" bw="1" slack="0"/>
</pin_list>
<bind>
<StgValue><ssdm name="_ssdm_op_Write.ap_fifo.volatile.i81P"/></StgValue>
</bind>
</comp>

<comp id="92" class="1004" name="mac_address_V_read_read_fu_92">
<pin_list>
<pin id="93" dir="0" index="0" bw="48" slack="0"/>
<pin id="94" dir="0" index="1" bw="48" slack="0"/>
<pin id="95" dir="1" index="2" bw="48" slack="0"/>
</pin_list>
<bind>
<opcode="read(1150) " fcode="read"/>
<opset="mac_address_V_read/1 "/>
</bind>
</comp>

<comp id="98" class="1004" name="grp_nbreadreq_fu_98">
<pin_list>
<pin id="99" dir="0" index="0" bw="1" slack="0"/>
<pin id="100" dir="0" index="1" bw="73" slack="0"/>
<pin id="101" dir="0" index="2" bw="1" slack="0"/>
<pin id="102" dir="1" index="3" bw="1" slack="1"/>
</pin_list>
<bind>
<opcode="nbreadreq(1156) " fcode="nbreadreq"/>
<opset="tmp_3/1 tmp_2/1 tmp_1/1 tmp/1 "/>
</bind>
</comp>

<comp id="106" class="1004" name="grp_read_fu_106">
<pin_list>
<pin id="107" dir="0" index="0" bw="73" slack="0"/>
<pin id="108" dir="0" index="1" bw="73" slack="0"/>
<pin id="109" dir="1" index="2" bw="73" slack="0"/>
</pin_list>
<bind>
<opcode="read(1150) " fcode="read"/>
<opset="tmp_448/1 tmp_235/1 tmp_122/1 tmp9/1 "/>
</bind>
</comp>

<comp id="112" class="1004" name="StgValue_59_write_fu_112">
<pin_list>
<pin id="113" dir="0" index="0" bw="0" slack="0"/>
<pin id="114" dir="0" index="1" bw="81" slack="0"/>
<pin id="115" dir="0" index="2" bw="81" slack="0"/>
<pin id="116" dir="1" index="3" bw="0" slack="2147483647"/>
</pin_list>
<bind>
<opcode="write(1151) " fcode="write"/>
<opset="StgValue_59/2 "/>
</bind>
</comp>

<comp id="119" class="1005" name="app_packet_out_last_2_reg_119">
<pin_list>
<pin id="120" dir="0" index="0" bw="1" slack="2147483647"/>
<pin id="121" dir="1" index="1" bw="1" slack="2147483647"/>
</pin_list>
<bind>
<opset="app_packet_out_last_2 (phireg) "/>
</bind>
</comp>

<comp id="122" class="1004" name="app_packet_out_last_2_phi_fu_122">
<pin_list>
<pin id="123" dir="0" index="0" bw="1" slack="0"/>
<pin id="124" dir="0" index="1" bw="0" slack="2147483647"/>
<pin id="125" dir="0" index="2" bw="1" slack="0"/>
<pin id="126" dir="0" index="3" bw="0" slack="2147483647"/>
<pin id="127" dir="1" index="4" bw="1" slack="0"/>
</pin_list>
<bind>
<opcode="phi(47) " fcode="phi"/>
<opset="app_packet_out_last_2/1 "/>
</bind>
</comp>

<comp id="128" class="1004" name="grp_fu_128">
<pin_list>
<pin id="129" dir="0" index="0" bw="1" slack="0"/>
<pin id="130" dir="0" index="1" bw="73" slack="0"/>
<pin id="131" dir="0" index="2" bw="8" slack="0"/>
<pin id="132" dir="1" index="3" bw="1" slack="0"/>
</pin_list>
<bind>
<opcode="bitselect(1000) " fcode="bitselect"/>
<opset="tmp_20/1 tmp_last_V/1 "/>
</bind>
</comp>

<comp id="137" class="1004" name="grp_fu_137">
<pin_list>
<pin id="138" dir="0" index="0" bw="8" slack="0"/>
<pin id="139" dir="0" index="1" bw="73" slack="0"/>
<pin id="140" dir="0" index="2" bw="5" slack="0"/>
<pin id="141" dir="0" index="3" bw="5" slack="0"/>
<pin id="142" dir="1" index="4" bw="8" slack="0"/>
</pin_list>
<bind>
<opcode="partselect(1002) " fcode="partselect"/>
<opset="tmp_13/1 tmp_5/1 "/>
</bind>
</comp>

<comp id="147" class="1004" name="grp_fu_147">
<pin_list>
<pin id="148" dir="0" index="0" bw="8" slack="0"/>
<pin id="149" dir="0" index="1" bw="73" slack="0"/>
<pin id="150" dir="0" index="2" bw="6" slack="0"/>
<pin id="151" dir="0" index="3" bw="6" slack="0"/>
<pin id="152" dir="1" index="4" bw="8" slack="0"/>
</pin_list>
<bind>
<opcode="partselect(1002) " fcode="partselect"/>
<opset="tmp_14/1 tmp_6/1 "/>
</bind>
</comp>

<comp id="157" class="1004" name="grp_fu_157">
<pin_list>
<pin id="158" dir="0" index="0" bw="8" slack="0"/>
<pin id="159" dir="0" index="1" bw="73" slack="0"/>
<pin id="160" dir="0" index="2" bw="7" slack="0"/>
<pin id="161" dir="0" index="3" bw="7" slack="0"/>
<pin id="162" dir="1" index="4" bw="8" slack="0"/>
</pin_list>
<bind>
<opcode="partselect(1002) " fcode="partselect"/>
<opset="tmp_15/1 tmp_7/1 "/>
</bind>
</comp>

<comp id="167" class="1004" name="grp_fu_167">
<pin_list>
<pin id="168" dir="0" index="0" bw="8" slack="0"/>
<pin id="169" dir="0" index="1" bw="73" slack="0"/>
<pin id="170" dir="0" index="2" bw="7" slack="0"/>
<pin id="171" dir="0" index="3" bw="7" slack="0"/>
<pin id="172" dir="1" index="4" bw="8" slack="0"/>
</pin_list>
<bind>
<opcode="partselect(1002) " fcode="partselect"/>
<opset="tmp_16/1 tmp_s/1 "/>
</bind>
</comp>

<comp id="177" class="1004" name="grp_fu_177">
<pin_list>
<pin id="178" dir="0" index="0" bw="8" slack="0"/>
<pin id="179" dir="0" index="1" bw="73" slack="0"/>
<pin id="180" dir="0" index="2" bw="6" slack="0"/>
<pin id="181" dir="0" index="3" bw="6" slack="0"/>
<pin id="182" dir="1" index="4" bw="8" slack="0"/>
</pin_list>
<bind>
<opcode="partselect(1002) " fcode="partselect"/>
<opset="tmp_17/1 tmp_8/1 "/>
</bind>
</comp>

<comp id="187" class="1004" name="grp_fu_187">
<pin_list>
<pin id="188" dir="0" index="0" bw="8" slack="0"/>
<pin id="189" dir="0" index="1" bw="73" slack="0"/>
<pin id="190" dir="0" index="2" bw="7" slack="0"/>
<pin id="191" dir="0" index="3" bw="7" slack="0"/>
<pin id="192" dir="1" index="4" bw="8" slack="0"/>
</pin_list>
<bind>
<opcode="partselect(1002) " fcode="partselect"/>
<opset="tmp_18/1 tmp_9/1 "/>
</bind>
</comp>

<comp id="197" class="1004" name="state_V_1_load_load_fu_197">
<pin_list>
<pin id="198" dir="0" index="0" bw="3" slack="0"/>
<pin id="199" dir="1" index="1" bw="3" slack="1"/>
</pin_list>
<bind>
<opcode="load(27) " fcode="load"/>
<opset="state_V_1_load/1 "/>
</bind>
</comp>

<comp id="201" class="1004" name="not_tmp_last_V_4_loa_fu_201">
<pin_list>
<pin id="202" dir="0" index="0" bw="1" slack="0"/>
<pin id="203" dir="0" index="1" bw="1" slack="0"/>
<pin id="204" dir="1" index="2" bw="1" slack="0"/>
</pin_list>
<bind>
<opcode="xor(25) " fcode="xor"/>
<opset="not_tmp_last_V_4_loa/1 "/>
</bind>
</comp>

<comp id="207" class="1004" name="storemerge_cast_i_fu_207">
<pin_list>
<pin id="208" dir="0" index="0" bw="1" slack="0"/>
<pin id="209" dir="1" index="1" bw="3" slack="0"/>
</pin_list>
<bind>
<opcode="zext(34) " fcode="zext"/>
<opset="storemerge_cast_i/1 "/>
</bind>
</comp>

<comp id="211" class="1004" name="StgValue_11_store_fu_211">
<pin_list>
<pin id="212" dir="0" index="0" bw="1" slack="0"/>
<pin id="213" dir="0" index="1" bw="3" slack="0"/>
<pin id="214" dir="1" index="2" bw="0" slack="2147483647"/>
</pin_list>
<bind>
<opcode="store(28) " fcode="store"/>
<opset="StgValue_11/1 "/>
</bind>
</comp>

<comp id="217" class="1004" name="app_packet_out_last_1_load_fu_217">
<pin_list>
<pin id="218" dir="0" index="0" bw="1" slack="0"/>
<pin id="219" dir="1" index="1" bw="1" slack="0"/>
</pin_list>
<bind>
<opcode="load(27) " fcode="load"/>
<opset="app_packet_out_last_1/1 "/>
</bind>
</comp>

<comp id="222" class="1004" name="tmp_11_fu_222">
<pin_list>
<pin id="223" dir="0" index="0" bw="73" slack="0"/>
<pin id="224" dir="1" index="1" bw="8" slack="1"/>
</pin_list>
<bind>
<opcode="trunc(33) " fcode="trunc"/>
<opset="tmp_11/1 "/>
</bind>
</comp>

<comp id="226" class="1004" name="tmp_12_fu_226">
<pin_list>
<pin id="227" dir="0" index="0" bw="8" slack="0"/>
<pin id="228" dir="0" index="1" bw="73" slack="0"/>
<pin id="229" dir="0" index="2" bw="7" slack="0"/>
<pin id="230" dir="0" index="3" bw="7" slack="0"/>
<pin id="231" dir="1" index="4" bw="8" slack="1"/>
</pin_list>
<bind>
<opcode="partselect(1002) " fcode="partselect"/>
<opset="tmp_12/1 "/>
</bind>
</comp>

<comp id="236" class="1004" name="StgValue_25_store_fu_236">
<pin_list>
<pin id="237" dir="0" index="0" bw="1" slack="0"/>
<pin id="238" dir="0" index="1" bw="1" slack="0"/>
<pin id="239" dir="1" index="2" bw="0" slack="2147483647"/>
</pin_list>
<bind>
<opcode="store(28) " fcode="store"/>
<opset="StgValue_25/1 "/>
</bind>
</comp>

<comp id="242" class="1004" name="tmp_19_fu_242">
<pin_list>
<pin id="243" dir="0" index="0" bw="8" slack="0"/>
<pin id="244" dir="0" index="1" bw="73" slack="0"/>
<pin id="245" dir="0" index="2" bw="8" slack="0"/>
<pin id="246" dir="0" index="3" bw="8" slack="0"/>
<pin id="247" dir="1" index="4" bw="8" slack="1"/>
</pin_list>
<bind>
<opcode="partselect(1002) " fcode="partselect"/>
<opset="tmp_19/1 "/>
</bind>
</comp>

<comp id="252" class="1004" name="storemerge2_cast_i_c_fu_252">
<pin_list>
<pin id="253" dir="0" index="0" bw="1" slack="0"/>
<pin id="254" dir="0" index="1" bw="1" slack="0"/>
<pin id="255" dir="0" index="2" bw="3" slack="0"/>
<pin id="256" dir="1" index="3" bw="3" slack="0"/>
</pin_list>
<bind>
<opcode="select(49) " fcode="select"/>
<opset="storemerge2_cast_i_c/1 "/>
</bind>
</comp>

<comp id="260" class="1004" name="StgValue_30_store_fu_260">
<pin_list>
<pin id="261" dir="0" index="0" bw="3" slack="0"/>
<pin id="262" dir="0" index="1" bw="3" slack="0"/>
<pin id="263" dir="1" index="2" bw="0" slack="2147483647"/>
</pin_list>
<bind>
<opcode="store(28) " fcode="store"/>
<opset="StgValue_30/1 "/>
</bind>
</comp>

<comp id="266" class="1004" name="StgValue_34_store_fu_266">
<pin_list>
<pin id="267" dir="0" index="0" bw="8" slack="0"/>
<pin id="268" dir="0" index="1" bw="8" slack="0"/>
<pin id="269" dir="1" index="2" bw="0" slack="2147483647"/>
</pin_list>
<bind>
<opcode="store(28) " fcode="store"/>
<opset="StgValue_34/1 "/>
</bind>
</comp>

<comp id="272" class="1004" name="StgValue_35_store_fu_272">
<pin_list>
<pin id="273" dir="0" index="0" bw="3" slack="0"/>
<pin id="274" dir="0" index="1" bw="3" slack="0"/>
<pin id="275" dir="1" index="2" bw="0" slack="2147483647"/>
</pin_list>
<bind>
<opcode="store(28) " fcode="store"/>
<opset="StgValue_35/1 "/>
</bind>
</comp>

<comp id="278" class="1004" name="tmp_4_fu_278">
<pin_list>
<pin id="279" dir="0" index="0" bw="73" slack="0"/>
<pin id="280" dir="1" index="1" bw="8" slack="0"/>
</pin_list>
<bind>
<opcode="trunc(33) " fcode="trunc"/>
<opset="tmp_4/1 "/>
</bind>
</comp>

<comp id="282" class="1004" name="observedAddress_V_fu_282">
<pin_list>
<pin id="283" dir="0" index="0" bw="48" slack="0"/>
<pin id="284" dir="0" index="1" bw="8" slack="0"/>
<pin id="285" dir="0" index="2" bw="8" slack="0"/>
<pin id="286" dir="0" index="3" bw="8" slack="0"/>
<pin id="287" dir="0" index="4" bw="8" slack="0"/>
<pin id="288" dir="0" index="5" bw="8" slack="0"/>
<pin id="289" dir="0" index="6" bw="8" slack="0"/>
<pin id="290" dir="1" index="7" bw="48" slack="0"/>
</pin_list>
<bind>
<opcode="bitconcatenate(1004) " fcode="bitconcatenate"/>
<opset="observedAddress_V/1 "/>
</bind>
</comp>

<comp id="298" class="1004" name="tmp_i_fu_298">
<pin_list>
<pin id="299" dir="0" index="0" bw="48" slack="0"/>
<pin id="300" dir="0" index="1" bw="48" slack="0"/>
<pin id="301" dir="1" index="2" bw="1" slack="0"/>
</pin_list>
<bind>
<opcode="icmp(45) " fcode="icmp"/>
<opset="tmp_i/1 "/>
</bind>
</comp>

<comp id="304" class="1004" name="storemerge1_cast_i_c_fu_304">
<pin_list>
<pin id="305" dir="0" index="0" bw="1" slack="0"/>
<pin id="306" dir="0" index="1" bw="3" slack="0"/>
<pin id="307" dir="0" index="2" bw="1" slack="0"/>
<pin id="308" dir="1" index="3" bw="3" slack="0"/>
</pin_list>
<bind>
<opcode="select(49) " fcode="select"/>
<opset="storemerge1_cast_i_c/1 "/>
</bind>
</comp>

<comp id="312" class="1004" name="StgValue_47_store_fu_312">
<pin_list>
<pin id="313" dir="0" index="0" bw="3" slack="0"/>
<pin id="314" dir="0" index="1" bw="3" slack="0"/>
<pin id="315" dir="1" index="2" bw="0" slack="2147483647"/>
</pin_list>
<bind>
<opcode="store(28) " fcode="store"/>
<opset="StgValue_47/1 "/>
</bind>
</comp>

<comp id="318" class="1004" name="tmp_tdest_V_load_fu_318">
<pin_list>
<pin id="319" dir="0" index="0" bw="8" slack="0"/>
<pin id="320" dir="1" index="1" bw="8" slack="0"/>
</pin_list>
<bind>
<opcode="load(27) " fcode="load"/>
<opset="tmp_tdest_V/2 "/>
</bind>
</comp>

<comp id="322" class="1004" name="tmp_31_fu_322">
<pin_list>
<pin id="323" dir="0" index="0" bw="81" slack="0"/>
<pin id="324" dir="0" index="1" bw="8" slack="1"/>
<pin id="325" dir="0" index="2" bw="8" slack="0"/>
<pin id="326" dir="0" index="3" bw="1" slack="1"/>
<pin id="327" dir="0" index="4" bw="8" slack="1"/>
<pin id="328" dir="0" index="5" bw="8" slack="1"/>
<pin id="329" dir="0" index="6" bw="8" slack="1"/>
<pin id="330" dir="0" index="7" bw="8" slack="1"/>
<pin id="331" dir="0" index="8" bw="8" slack="1"/>
<pin id="332" dir="0" index="9" bw="8" slack="1"/>
<pin id="333" dir="0" index="10" bw="8" slack="1"/>
<pin id="334" dir="0" index="11" bw="8" slack="1"/>
<pin id="335" dir="1" index="12" bw="81" slack="0"/>
</pin_list>
<bind>
<opcode="bitconcatenate(1004) " fcode="bitconcatenate"/>
<opset="tmp_31/2 "/>
</bind>
</comp>

<comp id="339" class="1005" name="state_V_1_load_reg_339">
<pin_list>
<pin id="340" dir="0" index="0" bw="3" slack="1"/>
<pin id="341" dir="1" index="1" bw="3" slack="2147483647"/>
</pin_list>
<bind>
<opset="state_V_1_load "/>
</bind>
</comp>

<comp id="343" class="1005" name="tmp_3_reg_343">
<pin_list>
<pin id="344" dir="0" index="0" bw="1" slack="1"/>
<pin id="345" dir="1" index="1" bw="1" slack="2147483647"/>
</pin_list>
<bind>
<opset="tmp_3 "/>
</bind>
</comp>

<comp id="347" class="1005" name="tmp_2_reg_347">
<pin_list>
<pin id="348" dir="0" index="0" bw="1" slack="1"/>
<pin id="349" dir="1" index="1" bw="1" slack="2147483647"/>
</pin_list>
<bind>
<opset="tmp_2 "/>
</bind>
</comp>

<comp id="351" class="1005" name="tmp_last_V_reg_351">
<pin_list>
<pin id="352" dir="0" index="0" bw="1" slack="1"/>
<pin id="353" dir="1" index="1" bw="1" slack="1"/>
</pin_list>
<bind>
<opset="tmp_last_V "/>
</bind>
</comp>

<comp id="356" class="1005" name="tmp_11_reg_356">
<pin_list>
<pin id="357" dir="0" index="0" bw="8" slack="1"/>
<pin id="358" dir="1" index="1" bw="8" slack="1"/>
</pin_list>
<bind>
<opset="tmp_11 "/>
</bind>
</comp>

<comp id="361" class="1005" name="tmp_12_reg_361">
<pin_list>
<pin id="362" dir="0" index="0" bw="8" slack="1"/>
<pin id="363" dir="1" index="1" bw="8" slack="1"/>
</pin_list>
<bind>
<opset="tmp_12 "/>
</bind>
</comp>

<comp id="366" class="1005" name="tmp_13_reg_366">
<pin_list>
<pin id="367" dir="0" index="0" bw="8" slack="1"/>
<pin id="368" dir="1" index="1" bw="8" slack="1"/>
</pin_list>
<bind>
<opset="tmp_13 "/>
</bind>
</comp>

<comp id="371" class="1005" name="tmp_14_reg_371">
<pin_list>
<pin id="372" dir="0" index="0" bw="8" slack="1"/>
<pin id="373" dir="1" index="1" bw="8" slack="1"/>
</pin_list>
<bind>
<opset="tmp_14 "/>
</bind>
</comp>

<comp id="376" class="1005" name="tmp_15_reg_376">
<pin_list>
<pin id="377" dir="0" index="0" bw="8" slack="1"/>
<pin id="378" dir="1" index="1" bw="8" slack="1"/>
</pin_list>
<bind>
<opset="tmp_15 "/>
</bind>
</comp>

<comp id="381" class="1005" name="tmp_16_reg_381">
<pin_list>
<pin id="382" dir="0" index="0" bw="8" slack="1"/>
<pin id="383" dir="1" index="1" bw="8" slack="1"/>
</pin_list>
<bind>
<opset="tmp_16 "/>
</bind>
</comp>

<comp id="386" class="1005" name="tmp_17_reg_386">
<pin_list>
<pin id="387" dir="0" index="0" bw="8" slack="1"/>
<pin id="388" dir="1" index="1" bw="8" slack="1"/>
</pin_list>
<bind>
<opset="tmp_17 "/>
</bind>
</comp>

<comp id="391" class="1005" name="tmp_18_reg_391">
<pin_list>
<pin id="392" dir="0" index="0" bw="8" slack="1"/>
<pin id="393" dir="1" index="1" bw="8" slack="1"/>
</pin_list>
<bind>
<opset="tmp_18 "/>
</bind>
</comp>

<comp id="396" class="1005" name="tmp_19_reg_396">
<pin_list>
<pin id="397" dir="0" index="0" bw="8" slack="1"/>
<pin id="398" dir="1" index="1" bw="8" slack="1"/>
</pin_list>
<bind>
<opset="tmp_19 "/>
</bind>
</comp>

<comp id="401" class="1005" name="tmp_1_reg_401">
<pin_list>
<pin id="402" dir="0" index="0" bw="1" slack="1"/>
<pin id="403" dir="1" index="1" bw="1" slack="2147483647"/>
</pin_list>
<bind>
<opset="tmp_1 "/>
</bind>
</comp>

<comp id="405" class="1005" name="tmp_reg_405">
<pin_list>
<pin id="406" dir="0" index="0" bw="1" slack="1"/>
<pin id="407" dir="1" index="1" bw="1" slack="2147483647"/>
</pin_list>
<bind>
<opset="tmp "/>
</bind>
</comp>

</comp_list>

<net_list>
<net id="96"><net_src comp="12" pin="0"/><net_sink comp="92" pin=0"/></net>

<net id="97"><net_src comp="4" pin="0"/><net_sink comp="92" pin=1"/></net>

<net id="103"><net_src comp="22" pin="0"/><net_sink comp="98" pin=0"/></net>

<net id="104"><net_src comp="0" pin="0"/><net_sink comp="98" pin=1"/></net>

<net id="105"><net_src comp="24" pin="0"/><net_sink comp="98" pin=2"/></net>

<net id="110"><net_src comp="26" pin="0"/><net_sink comp="106" pin=0"/></net>

<net id="111"><net_src comp="0" pin="0"/><net_sink comp="106" pin=1"/></net>

<net id="117"><net_src comp="90" pin="0"/><net_sink comp="112" pin=0"/></net>

<net id="118"><net_src comp="2" pin="0"/><net_sink comp="112" pin=1"/></net>

<net id="133"><net_src comp="28" pin="0"/><net_sink comp="128" pin=0"/></net>

<net id="134"><net_src comp="106" pin="2"/><net_sink comp="128" pin=1"/></net>

<net id="135"><net_src comp="30" pin="0"/><net_sink comp="128" pin=2"/></net>

<net id="136"><net_src comp="128" pin="3"/><net_sink comp="122" pin=0"/></net>

<net id="143"><net_src comp="34" pin="0"/><net_sink comp="137" pin=0"/></net>

<net id="144"><net_src comp="106" pin="2"/><net_sink comp="137" pin=1"/></net>

<net id="145"><net_src comp="40" pin="0"/><net_sink comp="137" pin=2"/></net>

<net id="146"><net_src comp="42" pin="0"/><net_sink comp="137" pin=3"/></net>

<net id="153"><net_src comp="34" pin="0"/><net_sink comp="147" pin=0"/></net>

<net id="154"><net_src comp="106" pin="2"/><net_sink comp="147" pin=1"/></net>

<net id="155"><net_src comp="44" pin="0"/><net_sink comp="147" pin=2"/></net>

<net id="156"><net_src comp="46" pin="0"/><net_sink comp="147" pin=3"/></net>

<net id="163"><net_src comp="34" pin="0"/><net_sink comp="157" pin=0"/></net>

<net id="164"><net_src comp="106" pin="2"/><net_sink comp="157" pin=1"/></net>

<net id="165"><net_src comp="48" pin="0"/><net_sink comp="157" pin=2"/></net>

<net id="166"><net_src comp="50" pin="0"/><net_sink comp="157" pin=3"/></net>

<net id="173"><net_src comp="34" pin="0"/><net_sink comp="167" pin=0"/></net>

<net id="174"><net_src comp="106" pin="2"/><net_sink comp="167" pin=1"/></net>

<net id="175"><net_src comp="52" pin="0"/><net_sink comp="167" pin=2"/></net>

<net id="176"><net_src comp="54" pin="0"/><net_sink comp="167" pin=3"/></net>

<net id="183"><net_src comp="34" pin="0"/><net_sink comp="177" pin=0"/></net>

<net id="184"><net_src comp="106" pin="2"/><net_sink comp="177" pin=1"/></net>

<net id="185"><net_src comp="56" pin="0"/><net_sink comp="177" pin=2"/></net>

<net id="186"><net_src comp="58" pin="0"/><net_sink comp="177" pin=3"/></net>

<net id="193"><net_src comp="34" pin="0"/><net_sink comp="187" pin=0"/></net>

<net id="194"><net_src comp="106" pin="2"/><net_sink comp="187" pin=1"/></net>

<net id="195"><net_src comp="60" pin="0"/><net_sink comp="187" pin=2"/></net>

<net id="196"><net_src comp="62" pin="0"/><net_sink comp="187" pin=3"/></net>

<net id="200"><net_src comp="6" pin="0"/><net_sink comp="197" pin=0"/></net>

<net id="205"><net_src comp="128" pin="3"/><net_sink comp="201" pin=0"/></net>

<net id="206"><net_src comp="32" pin="0"/><net_sink comp="201" pin=1"/></net>

<net id="210"><net_src comp="201" pin="2"/><net_sink comp="207" pin=0"/></net>

<net id="215"><net_src comp="207" pin="1"/><net_sink comp="211" pin=0"/></net>

<net id="216"><net_src comp="6" pin="0"/><net_sink comp="211" pin=1"/></net>

<net id="220"><net_src comp="10" pin="0"/><net_sink comp="217" pin=0"/></net>

<net id="221"><net_src comp="217" pin="1"/><net_sink comp="122" pin=2"/></net>

<net id="225"><net_src comp="106" pin="2"/><net_sink comp="222" pin=0"/></net>

<net id="232"><net_src comp="34" pin="0"/><net_sink comp="226" pin=0"/></net>

<net id="233"><net_src comp="106" pin="2"/><net_sink comp="226" pin=1"/></net>

<net id="234"><net_src comp="36" pin="0"/><net_sink comp="226" pin=2"/></net>

<net id="235"><net_src comp="38" pin="0"/><net_sink comp="226" pin=3"/></net>

<net id="240"><net_src comp="128" pin="3"/><net_sink comp="236" pin=0"/></net>

<net id="241"><net_src comp="10" pin="0"/><net_sink comp="236" pin=1"/></net>

<net id="248"><net_src comp="34" pin="0"/><net_sink comp="242" pin=0"/></net>

<net id="249"><net_src comp="106" pin="2"/><net_sink comp="242" pin=1"/></net>

<net id="250"><net_src comp="64" pin="0"/><net_sink comp="242" pin=2"/></net>

<net id="251"><net_src comp="66" pin="0"/><net_sink comp="242" pin=3"/></net>

<net id="257"><net_src comp="122" pin="4"/><net_sink comp="252" pin=0"/></net>

<net id="258"><net_src comp="14" pin="0"/><net_sink comp="252" pin=1"/></net>

<net id="259"><net_src comp="18" pin="0"/><net_sink comp="252" pin=2"/></net>

<net id="264"><net_src comp="252" pin="3"/><net_sink comp="260" pin=0"/></net>

<net id="265"><net_src comp="6" pin="0"/><net_sink comp="260" pin=1"/></net>

<net id="270"><net_src comp="167" pin="4"/><net_sink comp="266" pin=0"/></net>

<net id="271"><net_src comp="8" pin="0"/><net_sink comp="266" pin=1"/></net>

<net id="276"><net_src comp="18" pin="0"/><net_sink comp="272" pin=0"/></net>

<net id="277"><net_src comp="6" pin="0"/><net_sink comp="272" pin=1"/></net>

<net id="281"><net_src comp="106" pin="2"/><net_sink comp="278" pin=0"/></net>

<net id="291"><net_src comp="68" pin="0"/><net_sink comp="282" pin=0"/></net>

<net id="292"><net_src comp="278" pin="1"/><net_sink comp="282" pin=1"/></net>

<net id="293"><net_src comp="137" pin="4"/><net_sink comp="282" pin=2"/></net>

<net id="294"><net_src comp="147" pin="4"/><net_sink comp="282" pin=3"/></net>

<net id="295"><net_src comp="177" pin="4"/><net_sink comp="282" pin=4"/></net>

<net id="296"><net_src comp="157" pin="4"/><net_sink comp="282" pin=5"/></net>

<net id="297"><net_src comp="187" pin="4"/><net_sink comp="282" pin=6"/></net>

<net id="302"><net_src comp="282" pin="7"/><net_sink comp="298" pin=0"/></net>

<net id="303"><net_src comp="92" pin="2"/><net_sink comp="298" pin=1"/></net>

<net id="309"><net_src comp="298" pin="2"/><net_sink comp="304" pin=0"/></net>

<net id="310"><net_src comp="16" pin="0"/><net_sink comp="304" pin=1"/></net>

<net id="311"><net_src comp="20" pin="0"/><net_sink comp="304" pin=2"/></net>

<net id="316"><net_src comp="304" pin="3"/><net_sink comp="312" pin=0"/></net>

<net id="317"><net_src comp="6" pin="0"/><net_sink comp="312" pin=1"/></net>

<net id="321"><net_src comp="8" pin="0"/><net_sink comp="318" pin=0"/></net>

<net id="336"><net_src comp="88" pin="0"/><net_sink comp="322" pin=0"/></net>

<net id="337"><net_src comp="318" pin="1"/><net_sink comp="322" pin=2"/></net>

<net id="338"><net_src comp="322" pin="12"/><net_sink comp="112" pin=2"/></net>

<net id="342"><net_src comp="197" pin="1"/><net_sink comp="339" pin=0"/></net>

<net id="346"><net_src comp="98" pin="3"/><net_sink comp="343" pin=0"/></net>

<net id="350"><net_src comp="98" pin="3"/><net_sink comp="347" pin=0"/></net>

<net id="354"><net_src comp="128" pin="3"/><net_sink comp="351" pin=0"/></net>

<net id="355"><net_src comp="351" pin="1"/><net_sink comp="322" pin=3"/></net>

<net id="359"><net_src comp="222" pin="1"/><net_sink comp="356" pin=0"/></net>

<net id="360"><net_src comp="356" pin="1"/><net_sink comp="322" pin=4"/></net>

<net id="364"><net_src comp="226" pin="4"/><net_sink comp="361" pin=0"/></net>

<net id="365"><net_src comp="361" pin="1"/><net_sink comp="322" pin=11"/></net>

<net id="369"><net_src comp="137" pin="4"/><net_sink comp="366" pin=0"/></net>

<net id="370"><net_src comp="366" pin="1"/><net_sink comp="322" pin=5"/></net>

<net id="374"><net_src comp="147" pin="4"/><net_sink comp="371" pin=0"/></net>

<net id="375"><net_src comp="371" pin="1"/><net_sink comp="322" pin=6"/></net>

<net id="379"><net_src comp="157" pin="4"/><net_sink comp="376" pin=0"/></net>

<net id="380"><net_src comp="376" pin="1"/><net_sink comp="322" pin=8"/></net>

<net id="384"><net_src comp="167" pin="4"/><net_sink comp="381" pin=0"/></net>

<net id="385"><net_src comp="381" pin="1"/><net_sink comp="322" pin=10"/></net>

<net id="389"><net_src comp="177" pin="4"/><net_sink comp="386" pin=0"/></net>

<net id="390"><net_src comp="386" pin="1"/><net_sink comp="322" pin=7"/></net>

<net id="394"><net_src comp="187" pin="4"/><net_sink comp="391" pin=0"/></net>

<net id="395"><net_src comp="391" pin="1"/><net_sink comp="322" pin=9"/></net>

<net id="399"><net_src comp="242" pin="4"/><net_sink comp="396" pin=0"/></net>

<net id="400"><net_src comp="396" pin="1"/><net_sink comp="322" pin=1"/></net>

<net id="404"><net_src comp="98" pin="3"/><net_sink comp="401" pin=0"/></net>

<net id="408"><net_src comp="98" pin="3"/><net_sink comp="405" pin=0"/></net>

</net_list>

</model> 
---------------- Datapath Model END ------------------

* FSMD analyzer results:
  - Output states:
	Port: to_app_V | {2 }
	Port: state_V_1 | {1 }
	Port: dest_V | {1 }
	Port: app_packet_out_last_s | {1 }
 - Input state : 
	Port: eth_to_app : from_eth_V | {1 }
	Port: eth_to_app : mac_address_V | {1 }
	Port: eth_to_app : state_V_1 | {1 }
	Port: eth_to_app : dest_V | {2 }
	Port: eth_to_app : app_packet_out_last_s | {1 }
  - Chain level:
	State 1
		StgValue_5 : 1
		not_tmp_last_V_4_loa : 1
		storemerge_cast_i : 1
		StgValue_11 : 2
		StgValue_25 : 1
		app_packet_out_last_2 : 1
		storemerge2_cast_i_c : 2
		StgValue_30 : 3
		StgValue_34 : 1
		observedAddress_V : 1
		tmp_i : 2
		storemerge1_cast_i_c : 3
		StgValue_47 : 4
	State 2
		tmp_31 : 1
		StgValue_59 : 2


============================================================
+ Verbose Summary: Datapath Resource usage 
============================================================

* Functional unit list:
|----------|-------------------------------|---------|---------|
| Operation|        Functional Unit        |    FF   |   LUT   |
|----------|-------------------------------|---------|---------|
|   icmp   |          tmp_i_fu_298         |    0    |    24   |
|----------|-------------------------------|---------|---------|
|  select  |  storemerge2_cast_i_c_fu_252  |    0    |    3    |
|          |  storemerge1_cast_i_c_fu_304  |    0    |    3    |
|----------|-------------------------------|---------|---------|
|    xor   |  not_tmp_last_V_4_loa_fu_201  |    0    |    2    |
|----------|-------------------------------|---------|---------|
|   read   | mac_address_V_read_read_fu_92 |    0    |    0    |
|          |        grp_read_fu_106        |    0    |    0    |
|----------|-------------------------------|---------|---------|
| nbreadreq|      grp_nbreadreq_fu_98      |    0    |    0    |
|----------|-------------------------------|---------|---------|
|   write  |    StgValue_59_write_fu_112   |    0    |    0    |
|----------|-------------------------------|---------|---------|
| bitselect|           grp_fu_128          |    0    |    0    |
|----------|-------------------------------|---------|---------|
|          |           grp_fu_137          |    0    |    0    |
|          |           grp_fu_147          |    0    |    0    |
|          |           grp_fu_157          |    0    |    0    |
|partselect|           grp_fu_167          |    0    |    0    |
|          |           grp_fu_177          |    0    |    0    |
|          |           grp_fu_187          |    0    |    0    |
|          |         tmp_12_fu_226         |    0    |    0    |
|          |         tmp_19_fu_242         |    0    |    0    |
|----------|-------------------------------|---------|---------|
|   zext   |    storemerge_cast_i_fu_207   |    0    |    0    |
|----------|-------------------------------|---------|---------|
|   trunc  |         tmp_11_fu_222         |    0    |    0    |
|          |          tmp_4_fu_278         |    0    |    0    |
|----------|-------------------------------|---------|---------|
|bitconcatenate|    observedAddress_V_fu_282   |    0    |    0    |
|          |         tmp_31_fu_322         |    0    |    0    |
|----------|-------------------------------|---------|---------|
|   Total  |                               |    0    |    32   |
|----------|-------------------------------|---------|---------|

Memories:
N/A

* Register list:
+-----------------------------+--------+
|                             |   FF   |
+-----------------------------+--------+
|app_packet_out_last_2_reg_119|    1   |
|    state_V_1_load_reg_339   |    3   |
|        tmp_11_reg_356       |    8   |
|        tmp_12_reg_361       |    8   |
|        tmp_13_reg_366       |    8   |
|        tmp_14_reg_371       |    8   |
|        tmp_15_reg_376       |    8   |
|        tmp_16_reg_381       |    8   |
|        tmp_17_reg_386       |    8   |
|        tmp_18_reg_391       |    8   |
|        tmp_19_reg_396       |    8   |
|        tmp_1_reg_401        |    1   |
|        tmp_2_reg_347        |    1   |
|        tmp_3_reg_343        |    1   |
|      tmp_last_V_reg_351     |    1   |
|         tmp_reg_405         |    1   |
+-----------------------------+--------+
|            Total            |   81   |
+-----------------------------+--------+

* Multiplexer (MUX) list: 
|--------|------|------|------|--------|
|  Comp  |  Pin | Size |  BW  | S x BW |
|--------|------|------|------|--------|
|  Total |      |      |      |    0   |
|--------|------|------|------|--------|



* Summary:
+-----------+--------+--------+
|           |   FF   |   LUT  |
+-----------+--------+--------+
|  Function |    0   |   32   |
|   Memory  |    -   |    -   |
|Multiplexer|    -   |    -   |
|  Register |   81   |    -   |
+-----------+--------+--------+
|   Total   |   81   |   32   |
+-----------+--------+--------+
