

================================================================
== Vivado HLS Report for 'dariusController'
================================================================
* Date:           Fri Jun 22 11:48:39 2018

* Version:        2018.1 (Build 2188600 on Wed Apr 04 19:04:02 MDT 2018)
* Project:        dariusController
* Solution:       solution1
* Product family: kintexu
* Target device:  xcku115-flva1517-2-e


================================================================
== Performance Estimates
================================================================
+ Timing (ns): 
    * Summary: 
    +--------+-------+----------+------------+
    |  Clock | Target| Estimated| Uncertainty|
    +--------+-------+----------+------------+
    |ap_clk  |   5.00|      4.38|        0.62|
    +--------+-------+----------+------------+

+ Latency (clock cycles): 
    * Summary: 
    +-----+-----+-----+-----+---------+
    |  Latency  |  Interval | Pipeline|
    | min | max | min | max |   Type  |
    +-----+-----+-----+-----+---------+
    |    ?|    ?|    ?|    ?|   none  |
    +-----+-----+-----+-----+---------+

    + Detail: 
        * Instance: 
        N/A

        * Loop: 
        +-----------+-----+-----+----------+-----------+-----------+------+----------+
        |           |  Latency  | Iteration|  Initiation Interval  | Trip |          |
        | Loop Name | min | max |  Latency |  achieved |   target  | Count| Pipelined|
        +-----------+-----+-----+----------+-----------+-----------+------+----------+
        |- Loop 1   |    ?|    ?|         ?|          -|          -|     ?|    no    |
        |- Loop 2   |    4|    4|         2|          -|          -|     2|    no    |
        |- Loop 3   |    ?|    ?|         ?|          -|          -|     ?|    no    |
        |- Loop 4   |    ?|    ?|         ?|          -|          -|     ?|    no    |
        |- Loop 5   |    8|    8|         2|          -|          -|     4|    no    |
        |- Loop 6   |    ?|    ?|         ?|          -|          -|     ?|    no    |
        |- Loop 7   |   21|   21|         3|          -|          -|     7|    no    |
        |- Loop 8   |    ?|    ?|         ?|          -|          -|     ?|    no    |
        |- Loop 9   |    ?|    ?|         ?|          -|          -|     ?|    no    |
        |- Loop 10  |   18|   18|         3|          -|          -|     6|    no    |
        |- Loop 11  |    ?|    ?|         1|          -|          -|  inf |    no    |
        +-----------+-----+-----+----------+-----------+-----------+------+----------+

============================================================
+ Verbose Summary: Synthesis Manager
============================================================
InlineROM: 1
ExposeGlobal: 1
============================================================
+ Verbose Summary: CDFG Model
============================================================
IsTopModel: 1
ResetActiveHigh: 1
IsCombinational: 0
IsDatapathOnly: 0
HasWiredReturn: 0
HasMFsm: 0
HasVarLatency: 1
IsPipeline: 0
IsRtlPipelined: 0
IsInstanceOverlapped: 0
IsDontTouch: 0
HasImplIP: 0
IsGatedGlobalClock: 0


============================================================
+ Verbose Summary: Schedule
============================================================
* Number of FSM states : 26
* Pipeline : 0
* Dataflow Pipeline: 0

* FSM state transitions: 
1 --> 
	2  / true
2 --> 
	3  / true
3 --> 
	2  / (tmp_s)
	4  / (!tmp_s)
4 --> 
	5  / (!exitcond3)
	6  / (exitcond3)
5 --> 
	4  / true
6 --> 
	7  / true
7 --> 
	6  / (!tmp_12)
	8  / (tmp_12)
8 --> 
	9  / true
9 --> 
	8  / (tmp_9)
	10  / (!tmp_9)
10 --> 
	11  / (!exitcond2)
	12  / (exitcond2)
11 --> 
	10  / true
12 --> 
	13  / true
13 --> 
	12  / (!tmp_10)
	14  / (tmp_10)
14 --> 
	15  / (!exitcond1)
	17  / (exitcond1)
15 --> 
	16  / true
16 --> 
	14  / true
17 --> 
	18  / true
18 --> 
	19  / true
19 --> 
	18  / (!tmp_19)
	20  / (tmp_19)
20 --> 
	21  / true
21 --> 
	22  / true
22 --> 
	21  / (!tmp_22)
	23  / (tmp_22)
23 --> 
	24  / (!exitcond)
	26  / (exitcond)
24 --> 
	25  / true
25 --> 
	23  / true
26 --> 
	26  / true

* FSM state operations: 

 <State 1> : 0.00ns
ST_1 : Operation 27 [1/1] (0.00ns)   --->   "%parameter_mem_info_f = alloca float"
ST_1 : Operation 28 [1/1] (0.00ns)   --->   "%parameter_mem_info_f_1 = alloca float"
ST_1 : Operation 29 [1/1] (0.00ns)   --->   "call void (...)* @_ssdm_op_SpecInterface(i129* @stream_in_V, [8 x i8]* @ap_fifo_str, i32 0, i32 0, [1 x i8]* @p_str, i32 0, i32 0, [1 x i8]* @p_str, [1 x i8]* @p_str, [1 x i8]* @p_str, i32 2, i32 2, i32 16, i32 16, [1 x i8]* @p_str, [1 x i8]* @p_str)"
ST_1 : Operation 30 [1/1] (0.00ns)   --->   "call void (...)* @_ssdm_op_SpecInterface(i129* @stream_out_V, [8 x i8]* @ap_fifo_str, i32 0, i32 0, [1 x i8]* @p_str, i32 0, i32 0, [1 x i8]* @p_str, [1 x i8]* @p_str, [1 x i8]* @p_str, i32 2, i32 2, i32 16, i32 16, [1 x i8]* @p_str, [1 x i8]* @p_str)"
ST_1 : Operation 31 [1/1] (0.00ns)   --->   "call void (...)* @_ssdm_op_SpecBitsMap(float* %mem), !map !211"
ST_1 : Operation 32 [1/1] (0.00ns)   --->   "call void (...)* @_ssdm_op_SpecBitsMap(i32* %darius_driver), !map !217"
ST_1 : Operation 33 [1/1] (0.00ns)   --->   "call void (...)* @_ssdm_op_SpecTopModule([17 x i8]* @dariusController_str) nounwind"
ST_1 : Operation 34 [1/1] (0.00ns)   --->   "%darius_info = alloca [7 x i32], align 16" [../telepathy/hlsSources/dariusController.cpp:42]   --->   Core 37 'RAM' <Latency = 1> <II = 1> <Delay = 0.69> <Storage> <Opcode : 'load' 'store'> <Ports = 2> <Width = 32> <Depth = 7> <RAM>
ST_1 : Operation 35 [1/1] (0.00ns)   --->   "%cumulative_cycle_cou = alloca [1 x i32], align 4" [../telepathy/hlsSources/dariusController.cpp:43]   --->   Core 37 'RAM' <Latency = 1> <II = 1> <Delay = 0.69> <Storage> <Opcode : 'load' 'store'> <Ports = 2> <Width = 32> <Depth = 7> <RAM>
ST_1 : Operation 36 [1/1] (0.00ns)   --->   "%darius_info_float = alloca [7 x float], align 16"   --->   Core 37 'RAM' <Latency = 1> <II = 1> <Delay = 0.69> <Storage> <Opcode : 'load' 'store'> <Ports = 2> <Width = 32> <Depth = 7> <RAM>
ST_1 : Operation 37 [1/1] (0.00ns)   --->   "call void (...)* @_ssdm_op_SpecIFCore(i129* @stream_out_V, [1 x i8]* @p_str8, [11 x i8]* @p_str10, [1 x i8]* @p_str8, i32 -1, [1 x i8]* @p_str8, [1 x i8]* @p_str8, [1 x i8]* @p_str8, [1 x i8]* @p_str8, [1 x i8]* @p_str8) nounwind"
ST_1 : Operation 38 [1/1] (0.00ns)   --->   "call void (...)* @_ssdm_op_SpecIFCore(i129* @stream_in_V, [1 x i8]* @p_str8, [11 x i8]* @p_str10, [1 x i8]* @p_str8, i32 -1, [1 x i8]* @p_str8, [1 x i8]* @p_str8, [1 x i8]* @p_str8, [1 x i8]* @p_str8, [1 x i8]* @p_str8) nounwind"
ST_1 : Operation 39 [1/1] (0.00ns)   --->   "call void (...)* @_ssdm_op_SpecInterface(float* %mem, [7 x i8]* @p_str11, i32 0, i32 0, [1 x i8]* @p_str8, i32 0, i64 2147483648, [1 x i8]* @p_str8, [1 x i8]* @p_str8, [1 x i8]* @p_str8, i32 0, i32 0, i32 0, i32 0, [1 x i8]* @p_str8, [1 x i8]* @p_str8)"
ST_1 : Operation 40 [1/1] (0.00ns)   --->   "call void (...)* @_ssdm_op_SpecIFCore(float* %mem, [1 x i8]* @p_str8, [6 x i8]* @p_str12, [1 x i8]* @p_str8, i32 -1, [1 x i8]* @p_str8, [1 x i8]* @p_str8, [1 x i8]* @p_str8, [1 x i8]* @p_str8, [1 x i8]* @p_str8)"
ST_1 : Operation 41 [1/1] (0.00ns)   --->   "call void (...)* @_ssdm_op_SpecInterface(i32* %darius_driver, [7 x i8]* @p_str11, i32 0, i32 0, [1 x i8]* @p_str8, i32 0, i32 0, [1 x i8]* @p_str8, [1 x i8]* @p_str8, [1 x i8]* @p_str8, i32 0, i32 0, i32 0, i32 0, [1 x i8]* @p_str8, [1 x i8]* @p_str8)"
ST_1 : Operation 42 [1/1] (0.00ns)   --->   "call void (...)* @_ssdm_op_SpecIFCore(i32* %darius_driver, [1 x i8]* @p_str8, [6 x i8]* @p_str12, [1 x i8]* @p_str8, i32 -1, [1 x i8]* @p_str8, [1 x i8]* @p_str8, [1 x i8]* @p_str8, [1 x i8]* @p_str8, [1 x i8]* @p_str8)"
ST_1 : Operation 43 [1/1] (0.00ns)   --->   "call void (...)* @_ssdm_op_SpecInterface(i32 0, [13 x i8]* @p_str13, i32 0, i32 0, [1 x i8]* @p_str8, i32 0, i32 0, [1 x i8]* @p_str8, [1 x i8]* @p_str8, [1 x i8]* @p_str8, i32 0, i32 0, i32 0, i32 0, [1 x i8]* @p_str8, [1 x i8]* @p_str8) nounwind" [../telepathy/hlsSources/dariusController.cpp:37]
ST_1 : Operation 44 [1/1] (0.00ns)   --->   "%id_in_V_load = load i16* @id_in_V, align 2" [../telepathy/hlsSources/dariusController.cpp:39]
ST_1 : Operation 45 [1/1] (0.00ns)   --->   "%rank = zext i16 %id_in_V_load to i32" [../telepathy/hlsSources/dariusController.cpp:39]
ST_1 : Operation 46 [1/1] (0.00ns)   --->   "%rank_cast = zext i16 %id_in_V_load to i17" [../telepathy/hlsSources/dariusController.cpp:39]
ST_1 : Operation 47 [1/1] (0.00ns)   --->   "br label %._crit_edge" [../telepathy/hlsSources/dariusController.cpp:54]

 <State 2> : 0.00ns
ST_2 : Operation 48 [1/1] (0.00ns)   --->   "%parameter_mem_info_f_2 = load float* %parameter_mem_info_f"
ST_2 : Operation 49 [1/1] (0.00ns)   --->   "%parameter_mem_info_f_3 = load float* %parameter_mem_info_f_1"
ST_2 : Operation 50 [2/2] (0.00ns)   --->   "%call_ret1 = call fastcc { i32, float, float } @MPI_Recv.1.2211(float %parameter_mem_info_f_2, float %parameter_mem_info_f_3) nounwind"   --->   Core 0 '' <Latency = 0> <II = 1> <Delay = 1.00> <Generic> <Opcode : >

 <State 3> : 2.42ns
ST_3 : Operation 51 [1/2] (1.27ns)   --->   "%call_ret1 = call fastcc { i32, float, float } @MPI_Recv.1.2211(float %parameter_mem_info_f_2, float %parameter_mem_info_f_3) nounwind"   --->   Core 0 '' <Latency = 0> <II = 1> <Delay = 1.00> <Generic> <Opcode : >
ST_3 : Operation 52 [1/1] (0.00ns) (grouped into LUT with out node tmp_s)   --->   "%tmp = extractvalue { i32, float, float } %call_ret1, 0"
ST_3 : Operation 53 [1/1] (0.00ns)   --->   "%parameter_mem_info_f_4 = extractvalue { i32, float, float } %call_ret1, 1"
ST_3 : Operation 54 [1/1] (0.00ns)   --->   "%parameter_mem_info_f_5 = extractvalue { i32, float, float } %call_ret1, 2"
ST_3 : Operation 55 [1/1] (1.14ns) (out node of the LUT)   --->   "%tmp_s = icmp eq i32 %tmp, 0" [../telepathy/hlsSources/dariusController.cpp:54]   --->   Core 25 'Cmp' <Latency = 0> <II = 1> <Delay = 0.72> <FuncUnit> <Opcode : 'icmp'> <InPorts = 2> <OutPorts = 1>
ST_3 : Operation 56 [1/1] (0.00ns)   --->   "store float %parameter_mem_info_f_5, float* %parameter_mem_info_f_1"
ST_3 : Operation 57 [1/1] (0.00ns)   --->   "store float %parameter_mem_info_f_4, float* %parameter_mem_info_f"
ST_3 : Operation 58 [1/1] (0.00ns)   --->   "br i1 %tmp_s, label %._crit_edge, label %.preheader9.preheader" [../telepathy/hlsSources/dariusController.cpp:54]
ST_3 : Operation 59 [1/1] (0.00ns)   --->   "%parameter_mem_info_1 = alloca i32"
ST_3 : Operation 60 [1/1] (0.00ns)   --->   "%parameter_mem_info_1_1 = alloca i32"
ST_3 : Operation 61 [1/1] (0.83ns)   --->   "br label %.preheader9" [../telepathy/hlsSources/dariusController.cpp:55]

 <State 4> : 3.52ns
ST_4 : Operation 62 [1/1] (0.00ns)   --->   "%i = phi i2 [ %i_1, %1 ], [ 0, %.preheader9.preheader ]"
ST_4 : Operation 63 [1/1] (0.53ns)   --->   "%exitcond3 = icmp eq i2 %i, -2" [../telepathy/hlsSources/dariusController.cpp:55]   --->   Core 25 'Cmp' <Latency = 0> <II = 1> <Delay = 0.72> <FuncUnit> <Opcode : 'icmp'> <InPorts = 2> <OutPorts = 1>
ST_4 : Operation 64 [1/1] (0.00ns)   --->   "%empty = call i32 (...)* @_ssdm_op_SpecLoopTripCount(i64 2, i64 2, i64 2) nounwind"
ST_4 : Operation 65 [1/1] (0.72ns)   --->   "%i_1 = add i2 %i, 1" [../telepathy/hlsSources/dariusController.cpp:55]   --->   Core 14 'AddSub' <Latency = 0> <II = 1> <Delay = 0.83> <FuncUnit> <Opcode : 'add' 'sub'> <InPorts = 2> <OutPorts = 1>
ST_4 : Operation 66 [1/1] (0.00ns)   --->   "br i1 %exitcond3, label %.preheader8.preheader, label %1" [../telepathy/hlsSources/dariusController.cpp:55]
ST_4 : Operation 67 [1/1] (0.00ns)   --->   "%tmp_1 = trunc i2 %i to i1" [../telepathy/hlsSources/dariusController.cpp:55]
ST_4 : Operation 68 [1/1] (0.44ns)   --->   "%x_assign = select i1 %tmp_1, float %parameter_mem_info_f_5, float %parameter_mem_info_f_4" [../telepathy/hlsSources/dariusController.cpp:56]   --->   Core 26 'Sel' <Latency = 0> <II = 1> <Delay = 0.39> <FuncUnit> <Opcode : 'select'> <InPorts = 3> <OutPorts = 1>
ST_4 : Operation 69 [1/1] (0.00ns)   --->   "%p_Val2_1 = bitcast float %x_assign to i32" [/wrk/2018.1/nightly/2018_04_04_2188600/src/products/hls/src/technology/autopilot/header_files/utils/x_hls_utils.h:273->/wrk/2018.1/nightly/2018_04_04_2188600/src/products/hls/src/technology/autopilot/header_files/utils/x_hls_utils.h:282->/wrk/2018.1/nightly/2018_04_04_2188600/src/products/hls/hls_lib/hlsmath/src/../include/internal/hls_round.h:281->/wrk/2018.1/nightly/2018_04_04_2188600/src/products/hls/hls_lib/hlsmath/src/../include/internal/hls_round.h:368->/wrk/2018.1/nightly/2018_04_04_2188600/src/products/hls/hls_lib/hlsmath/src/lib_floatconversion.cpp:49->../telepathy/hlsSources/dariusController.cpp:56]
ST_4 : Operation 70 [1/1] (0.00ns)   --->   "%p_Result_s = call i1 @_ssdm_op_BitSelect.i1.i32.i32(i32 %p_Val2_1, i32 31)" [/wrk/2018.1/nightly/2018_04_04_2188600/src/products/hls/src/technology/autopilot/header_files/utils/x_hls_utils.h:279->/wrk/2018.1/nightly/2018_04_04_2188600/src/products/hls/src/technology/autopilot/header_files/utils/x_hls_utils.h:282->/wrk/2018.1/nightly/2018_04_04_2188600/src/products/hls/hls_lib/hlsmath/src/../include/internal/hls_round.h:281->/wrk/2018.1/nightly/2018_04_04_2188600/src/products/hls/hls_lib/hlsmath/src/../include/internal/hls_round.h:368->/wrk/2018.1/nightly/2018_04_04_2188600/src/products/hls/hls_lib/hlsmath/src/lib_floatconversion.cpp:49->../telepathy/hlsSources/dariusController.cpp:56]
ST_4 : Operation 71 [1/1] (0.00ns)   --->   "%loc_V = call i8 @_ssdm_op_PartSelect.i8.i32.i32.i32(i32 %p_Val2_1, i32 23, i32 30) nounwind" [/wrk/2018.1/nightly/2018_04_04_2188600/src/products/hls/src/technology/autopilot/header_files/utils/x_hls_utils.h:280->/wrk/2018.1/nightly/2018_04_04_2188600/src/products/hls/src/technology/autopilot/header_files/utils/x_hls_utils.h:282->/wrk/2018.1/nightly/2018_04_04_2188600/src/products/hls/hls_lib/hlsmath/src/../include/internal/hls_round.h:281->/wrk/2018.1/nightly/2018_04_04_2188600/src/products/hls/hls_lib/hlsmath/src/../include/internal/hls_round.h:368->/wrk/2018.1/nightly/2018_04_04_2188600/src/products/hls/hls_lib/hlsmath/src/lib_floatconversion.cpp:49->../telepathy/hlsSources/dariusController.cpp:56]
ST_4 : Operation 72 [1/1] (0.00ns)   --->   "%loc_V_1 = trunc i32 %p_Val2_1 to i23" [/wrk/2018.1/nightly/2018_04_04_2188600/src/products/hls/src/technology/autopilot/header_files/utils/x_hls_utils.h:281->/wrk/2018.1/nightly/2018_04_04_2188600/src/products/hls/src/technology/autopilot/header_files/utils/x_hls_utils.h:282->/wrk/2018.1/nightly/2018_04_04_2188600/src/products/hls/hls_lib/hlsmath/src/../include/internal/hls_round.h:281->/wrk/2018.1/nightly/2018_04_04_2188600/src/products/hls/hls_lib/hlsmath/src/../include/internal/hls_round.h:368->/wrk/2018.1/nightly/2018_04_04_2188600/src/products/hls/hls_lib/hlsmath/src/lib_floatconversion.cpp:49->../telepathy/hlsSources/dariusController.cpp:56]
ST_4 : Operation 73 [1/1] (0.00ns)   --->   "%tmp_4_i_i_i = call i25 @_ssdm_op_BitConcatenate.i25.i1.i23.i1(i1 true, i23 %loc_V_1, i1 false)" [/wrk/2018.1/nightly/2018_04_04_2188600/src/products/hls/hls_lib/hlsmath/src/../include/internal/hls_round.h:283->/wrk/2018.1/nightly/2018_04_04_2188600/src/products/hls/hls_lib/hlsmath/src/../include/internal/hls_round.h:368->/wrk/2018.1/nightly/2018_04_04_2188600/src/products/hls/hls_lib/hlsmath/src/lib_floatconversion.cpp:49->../telepathy/hlsSources/dariusController.cpp:56]
ST_4 : Operation 74 [1/1] (0.00ns) (grouped into LUT with out node p_Val2_3)   --->   "%tmp_4_i_i_i_cast9 = zext i25 %tmp_4_i_i_i to i79" [/wrk/2018.1/nightly/2018_04_04_2188600/src/products/hls/hls_lib/hlsmath/src/../include/internal/hls_round.h:283->/wrk/2018.1/nightly/2018_04_04_2188600/src/products/hls/hls_lib/hlsmath/src/../include/internal/hls_round.h:368->/wrk/2018.1/nightly/2018_04_04_2188600/src/products/hls/hls_lib/hlsmath/src/lib_floatconversion.cpp:49->../telepathy/hlsSources/dariusController.cpp:56]
ST_4 : Operation 75 [1/1] (0.00ns)   --->   "%tmp_i_i_i_i_cast8 = zext i8 %loc_V to i9" [/wrk/2018.1/nightly/2018_04_04_2188600/src/products/hls/src/technology/autopilot/header_files/utils/x_hls_utils.h:302->/wrk/2018.1/nightly/2018_04_04_2188600/src/products/hls/hls_lib/hlsmath/src/../include/internal/hls_round.h:286->/wrk/2018.1/nightly/2018_04_04_2188600/src/products/hls/hls_lib/hlsmath/src/../include/internal/hls_round.h:368->/wrk/2018.1/nightly/2018_04_04_2188600/src/products/hls/hls_lib/hlsmath/src/lib_floatconversion.cpp:49->../telepathy/hlsSources/dariusController.cpp:56]
ST_4 : Operation 76 [1/1] (1.28ns)   --->   "%sh_assign = add i9 -127, %tmp_i_i_i_i_cast8" [/wrk/2018.1/nightly/2018_04_04_2188600/src/products/hls/src/technology/autopilot/header_files/utils/x_hls_utils.h:302->/wrk/2018.1/nightly/2018_04_04_2188600/src/products/hls/hls_lib/hlsmath/src/../include/internal/hls_round.h:286->/wrk/2018.1/nightly/2018_04_04_2188600/src/products/hls/hls_lib/hlsmath/src/../include/internal/hls_round.h:368->/wrk/2018.1/nightly/2018_04_04_2188600/src/products/hls/hls_lib/hlsmath/src/lib_floatconversion.cpp:49->../telepathy/hlsSources/dariusController.cpp:56]   --->   Core 14 'AddSub' <Latency = 0> <II = 1> <Delay = 0.83> <FuncUnit> <Opcode : 'add' 'sub'> <InPorts = 2> <OutPorts = 1>
ST_4 : Operation 77 [1/1] (0.00ns)   --->   "%isNeg = call i1 @_ssdm_op_BitSelect.i1.i9.i32(i9 %sh_assign, i32 8)" [/wrk/2018.1/nightly/2018_04_04_2188600/src/products/hls/hls_lib/hlsmath/src/../include/internal/hls_round.h:286->/wrk/2018.1/nightly/2018_04_04_2188600/src/products/hls/hls_lib/hlsmath/src/../include/internal/hls_round.h:368->/wrk/2018.1/nightly/2018_04_04_2188600/src/products/hls/hls_lib/hlsmath/src/lib_floatconversion.cpp:49->../telepathy/hlsSources/dariusController.cpp:56]
ST_4 : Operation 78 [1/1] (1.28ns)   --->   "%tmp_6_i_i_i = sub i8 127, %loc_V" [/wrk/2018.1/nightly/2018_04_04_2188600/src/products/hls/hls_lib/hlsmath/src/../include/internal/hls_round.h:286->/wrk/2018.1/nightly/2018_04_04_2188600/src/products/hls/hls_lib/hlsmath/src/../include/internal/hls_round.h:368->/wrk/2018.1/nightly/2018_04_04_2188600/src/products/hls/hls_lib/hlsmath/src/lib_floatconversion.cpp:49->../telepathy/hlsSources/dariusController.cpp:56]   --->   Core 14 'AddSub' <Latency = 0> <II = 1> <Delay = 0.83> <FuncUnit> <Opcode : 'add' 'sub'> <InPorts = 2> <OutPorts = 1>
ST_4 : Operation 79 [1/1] (0.00ns)   --->   "%tmp_6_i_i_i_cast = sext i8 %tmp_6_i_i_i to i9" [/wrk/2018.1/nightly/2018_04_04_2188600/src/products/hls/hls_lib/hlsmath/src/../include/internal/hls_round.h:286->/wrk/2018.1/nightly/2018_04_04_2188600/src/products/hls/hls_lib/hlsmath/src/../include/internal/hls_round.h:368->/wrk/2018.1/nightly/2018_04_04_2188600/src/products/hls/hls_lib/hlsmath/src/lib_floatconversion.cpp:49->../telepathy/hlsSources/dariusController.cpp:56]
ST_4 : Operation 80 [1/1] (0.29ns)   --->   "%sh_assign_1 = select i1 %isNeg, i9 %tmp_6_i_i_i_cast, i9 %sh_assign" [/wrk/2018.1/nightly/2018_04_04_2188600/src/products/hls/hls_lib/hlsmath/src/../include/internal/hls_round.h:286->/wrk/2018.1/nightly/2018_04_04_2188600/src/products/hls/hls_lib/hlsmath/src/../include/internal/hls_round.h:368->/wrk/2018.1/nightly/2018_04_04_2188600/src/products/hls/hls_lib/hlsmath/src/lib_floatconversion.cpp:49->../telepathy/hlsSources/dariusController.cpp:56]   --->   Core 26 'Sel' <Latency = 0> <II = 1> <Delay = 0.39> <FuncUnit> <Opcode : 'select'> <InPorts = 3> <OutPorts = 1>
ST_4 : Operation 81 [1/1] (0.00ns) (grouped into LUT with out node p_Val2_3)   --->   "%sh_assign_1_cast = sext i9 %sh_assign_1 to i32" [/wrk/2018.1/nightly/2018_04_04_2188600/src/products/hls/hls_lib/hlsmath/src/../include/internal/hls_round.h:286->/wrk/2018.1/nightly/2018_04_04_2188600/src/products/hls/hls_lib/hlsmath/src/../include/internal/hls_round.h:368->/wrk/2018.1/nightly/2018_04_04_2188600/src/products/hls/hls_lib/hlsmath/src/lib_floatconversion.cpp:49->../telepathy/hlsSources/dariusController.cpp:56]
ST_4 : Operation 82 [1/1] (0.00ns) (grouped into LUT with out node p_Val2_3)   --->   "%sh_assign_1_cast_cas = sext i9 %sh_assign_1 to i25" [/wrk/2018.1/nightly/2018_04_04_2188600/src/products/hls/hls_lib/hlsmath/src/../include/internal/hls_round.h:286->/wrk/2018.1/nightly/2018_04_04_2188600/src/products/hls/hls_lib/hlsmath/src/../include/internal/hls_round.h:368->/wrk/2018.1/nightly/2018_04_04_2188600/src/products/hls/hls_lib/hlsmath/src/lib_floatconversion.cpp:49->../telepathy/hlsSources/dariusController.cpp:56]
ST_4 : Operation 83 [1/1] (0.00ns) (grouped into LUT with out node p_Val2_3)   --->   "%tmp_8_i_i_i = zext i32 %sh_assign_1_cast to i79" [/wrk/2018.1/nightly/2018_04_04_2188600/src/products/hls/hls_lib/hlsmath/src/../include/internal/hls_round.h:286->/wrk/2018.1/nightly/2018_04_04_2188600/src/products/hls/hls_lib/hlsmath/src/../include/internal/hls_round.h:368->/wrk/2018.1/nightly/2018_04_04_2188600/src/products/hls/hls_lib/hlsmath/src/lib_floatconversion.cpp:49->../telepathy/hlsSources/dariusController.cpp:56]
ST_4 : Operation 84 [1/1] (0.00ns) (grouped into LUT with out node p_Val2_3)   --->   "%tmp_9_i_i_i = lshr i25 %tmp_4_i_i_i, %sh_assign_1_cast_cas" [/wrk/2018.1/nightly/2018_04_04_2188600/src/products/hls/hls_lib/hlsmath/src/../include/internal/hls_round.h:286->/wrk/2018.1/nightly/2018_04_04_2188600/src/products/hls/hls_lib/hlsmath/src/../include/internal/hls_round.h:368->/wrk/2018.1/nightly/2018_04_04_2188600/src/products/hls/hls_lib/hlsmath/src/lib_floatconversion.cpp:49->../telepathy/hlsSources/dariusController.cpp:56]   --->   Core 28 'Shift' <Latency = 0> <II = 1> <Delay = 1.49> <FuncUnit> <Opcode : 'shl' 'lshr' 'ashr'> <InPorts = 2> <OutPorts = 1>
ST_4 : Operation 85 [1/1] (0.00ns) (grouped into LUT with out node p_Val2_3)   --->   "%tmp_1_i_i_i = shl i79 %tmp_4_i_i_i_cast9, %tmp_8_i_i_i" [/wrk/2018.1/nightly/2018_04_04_2188600/src/products/hls/hls_lib/hlsmath/src/../include/internal/hls_round.h:286->/wrk/2018.1/nightly/2018_04_04_2188600/src/products/hls/hls_lib/hlsmath/src/../include/internal/hls_round.h:368->/wrk/2018.1/nightly/2018_04_04_2188600/src/products/hls/hls_lib/hlsmath/src/lib_floatconversion.cpp:49->../telepathy/hlsSources/dariusController.cpp:56]   --->   Core 28 'Shift' <Latency = 0> <II = 1> <Delay = 1.49> <FuncUnit> <Opcode : 'shl' 'lshr' 'ashr'> <InPorts = 2> <OutPorts = 1>
ST_4 : Operation 86 [1/1] (0.00ns) (grouped into LUT with out node p_Val2_3)   --->   "%tmp_28 = call i1 @_ssdm_op_BitSelect.i1.i25.i32(i25 %tmp_9_i_i_i, i32 24)" [/wrk/2018.1/nightly/2018_04_04_2188600/src/products/hls/hls_lib/hlsmath/src/../include/internal/hls_round.h:289->/wrk/2018.1/nightly/2018_04_04_2188600/src/products/hls/hls_lib/hlsmath/src/../include/internal/hls_round.h:368->/wrk/2018.1/nightly/2018_04_04_2188600/src/products/hls/hls_lib/hlsmath/src/lib_floatconversion.cpp:49->../telepathy/hlsSources/dariusController.cpp:56]
ST_4 : Operation 87 [1/1] (0.00ns) (grouped into LUT with out node p_Val2_3)   --->   "%tmp_5 = zext i1 %tmp_28 to i32" [/wrk/2018.1/nightly/2018_04_04_2188600/src/products/hls/hls_lib/hlsmath/src/../include/internal/hls_round.h:289->/wrk/2018.1/nightly/2018_04_04_2188600/src/products/hls/hls_lib/hlsmath/src/../include/internal/hls_round.h:368->/wrk/2018.1/nightly/2018_04_04_2188600/src/products/hls/hls_lib/hlsmath/src/lib_floatconversion.cpp:49->../telepathy/hlsSources/dariusController.cpp:56]
ST_4 : Operation 88 [1/1] (0.00ns) (grouped into LUT with out node p_Val2_3)   --->   "%tmp_8 = call i32 @_ssdm_op_PartSelect.i32.i79.i32.i32(i79 %tmp_1_i_i_i, i32 24, i32 55)" [/wrk/2018.1/nightly/2018_04_04_2188600/src/products/hls/hls_lib/hlsmath/src/../include/internal/hls_round.h:289->/wrk/2018.1/nightly/2018_04_04_2188600/src/products/hls/hls_lib/hlsmath/src/../include/internal/hls_round.h:368->/wrk/2018.1/nightly/2018_04_04_2188600/src/products/hls/hls_lib/hlsmath/src/lib_floatconversion.cpp:49->../telepathy/hlsSources/dariusController.cpp:56]
ST_4 : Operation 89 [1/1] (1.49ns) (out node of the LUT)   --->   "%p_Val2_3 = select i1 %isNeg, i32 %tmp_5, i32 %tmp_8" [/wrk/2018.1/nightly/2018_04_04_2188600/src/products/hls/hls_lib/hlsmath/src/../include/internal/hls_round.h:286->/wrk/2018.1/nightly/2018_04_04_2188600/src/products/hls/hls_lib/hlsmath/src/../include/internal/hls_round.h:368->/wrk/2018.1/nightly/2018_04_04_2188600/src/products/hls/hls_lib/hlsmath/src/lib_floatconversion.cpp:49->../telepathy/hlsSources/dariusController.cpp:56]   --->   Core 26 'Sel' <Latency = 0> <II = 1> <Delay = 0.39> <FuncUnit> <Opcode : 'select'> <InPorts = 3> <OutPorts = 1>
ST_4 : Operation 90 [1/1] (0.00ns)   --->   "%parameter_mem_info_1_2 = load i32* %parameter_mem_info_1" [../telepathy/hlsSources/dariusController.cpp:59]
ST_4 : Operation 91 [1/1] (0.00ns)   --->   "%parameter_mem_info_1_3 = load i32* %parameter_mem_info_1_1" [../telepathy/hlsSources/dariusController.cpp:59]
ST_4 : Operation 92 [1/1] (0.00ns)   --->   "%tmp_2 = call i30 @_ssdm_op_PartSelect.i30.i32.i32.i32(i32 %parameter_mem_info_1_2, i32 2, i32 31)" [../telepathy/hlsSources/dariusController.cpp:59]
ST_4 : Operation 93 [1/1] (0.00ns)   --->   "%tmp_3 = sext i30 %tmp_2 to i62" [../telepathy/hlsSources/dariusController.cpp:59]
ST_4 : Operation 94 [1/1] (0.00ns)   --->   "%tmp_4 = zext i62 %tmp_3 to i64" [../telepathy/hlsSources/dariusController.cpp:59]
ST_4 : Operation 95 [1/1] (0.00ns)   --->   "%tmp_6 = call i30 @_ssdm_op_PartSelect.i30.i32.i32.i32(i32 %parameter_mem_info_1_3, i32 2, i32 31)" [../telepathy/hlsSources/dariusController.cpp:59]
ST_4 : Operation 96 [1/1] (0.00ns)   --->   "br label %.preheader8" [../telepathy/hlsSources/dariusController.cpp:59]

 <State 5> : 2.37ns
ST_5 : Operation 97 [1/1] (0.00ns)   --->   "%parameter_mem_info_1_4 = load i32* %parameter_mem_info_1" [../telepathy/hlsSources/dariusController.cpp:56]
ST_5 : Operation 98 [1/1] (0.00ns)   --->   "%parameter_mem_info_1_5 = load i32* %parameter_mem_info_1_1" [../telepathy/hlsSources/dariusController.cpp:56]
ST_5 : Operation 99 [1/1] (1.48ns)   --->   "%p_Val2_i_i_i = sub i32 0, %p_Val2_3" [/wrk/2018.1/nightly/2018_04_04_2188600/src/products/hls/hls_lib/hlsmath/src/../include/internal/hls_round.h:318->/wrk/2018.1/nightly/2018_04_04_2188600/src/products/hls/hls_lib/hlsmath/src/../include/internal/hls_round.h:368->/wrk/2018.1/nightly/2018_04_04_2188600/src/products/hls/hls_lib/hlsmath/src/lib_floatconversion.cpp:49->../telepathy/hlsSources/dariusController.cpp:56]   --->   Core 14 'AddSub' <Latency = 0> <II = 1> <Delay = 0.83> <FuncUnit> <Opcode : 'add' 'sub'> <InPorts = 2> <OutPorts = 1>
ST_5 : Operation 100 [1/1] (0.44ns)   --->   "%p_Val2_17 = select i1 %p_Result_s, i32 %p_Val2_i_i_i, i32 %p_Val2_3" [/wrk/2018.1/nightly/2018_04_04_2188600/src/products/hls/hls_lib/hlsmath/src/../include/internal/hls_round.h:318->/wrk/2018.1/nightly/2018_04_04_2188600/src/products/hls/hls_lib/hlsmath/src/../include/internal/hls_round.h:368->/wrk/2018.1/nightly/2018_04_04_2188600/src/products/hls/hls_lib/hlsmath/src/lib_floatconversion.cpp:49->../telepathy/hlsSources/dariusController.cpp:56]   --->   Core 26 'Sel' <Latency = 0> <II = 1> <Delay = 0.39> <FuncUnit> <Opcode : 'select'> <InPorts = 3> <OutPorts = 1>
ST_5 : Operation 101 [1/1] (0.44ns)   --->   "%parameter_mem_info_1_6 = select i1 %tmp_1, i32 %p_Val2_17, i32 %parameter_mem_info_1_5" [../telepathy/hlsSources/dariusController.cpp:56]   --->   Core 26 'Sel' <Latency = 0> <II = 1> <Delay = 0.39> <FuncUnit> <Opcode : 'select'> <InPorts = 3> <OutPorts = 1>
ST_5 : Operation 102 [1/1] (0.44ns)   --->   "%parameter_mem_info_1_7 = select i1 %tmp_1, i32 %parameter_mem_info_1_4, i32 %p_Val2_17" [../telepathy/hlsSources/dariusController.cpp:56]   --->   Core 26 'Sel' <Latency = 0> <II = 1> <Delay = 0.39> <FuncUnit> <Opcode : 'select'> <InPorts = 3> <OutPorts = 1>
ST_5 : Operation 103 [1/1] (0.00ns)   --->   "store i32 %parameter_mem_info_1_6, i32* %parameter_mem_info_1_1" [../telepathy/hlsSources/dariusController.cpp:56]
ST_5 : Operation 104 [1/1] (0.00ns)   --->   "store i32 %parameter_mem_info_1_7, i32* %parameter_mem_info_1" [../telepathy/hlsSources/dariusController.cpp:56]
ST_5 : Operation 105 [1/1] (0.00ns)   --->   "br label %.preheader9" [../telepathy/hlsSources/dariusController.cpp:55]

 <State 6> : 1.97ns
ST_6 : Operation 106 [2/2] (1.96ns)   --->   "%tmp_12 = call fastcc i1 @MPI_Recv.1.2(float* %mem, i64 %tmp_4, i30 %tmp_6, i18 0)" [../telepathy/hlsSources/dariusController.cpp:59]   --->   Core 0 '' <Latency = 0> <II = 1> <Delay = 1.00> <Generic> <Opcode : >

 <State 7> : 0.83ns
ST_7 : Operation 107 [1/2] (0.83ns)   --->   "%tmp_12 = call fastcc i1 @MPI_Recv.1.2(float* %mem, i64 %tmp_4, i30 %tmp_6, i18 0)" [../telepathy/hlsSources/dariusController.cpp:59]   --->   Core 0 '' <Latency = 0> <II = 1> <Delay = 1.00> <Generic> <Opcode : >
ST_7 : Operation 108 [1/1] (0.00ns)   --->   "br i1 %tmp_12, label %.preheader7.preheader, label %.preheader8" [../telepathy/hlsSources/dariusController.cpp:59]
ST_7 : Operation 109 [1/1] (0.00ns)   --->   "%data_mem_info_float_s = alloca float"
ST_7 : Operation 110 [1/1] (0.00ns)   --->   "%data_mem_info_float_1 = alloca float"
ST_7 : Operation 111 [1/1] (0.00ns)   --->   "%data_mem_info_float_2 = alloca float"
ST_7 : Operation 112 [1/1] (0.00ns)   --->   "%data_mem_info_float_3 = alloca float"
ST_7 : Operation 113 [1/1] (0.00ns)   --->   "br label %.preheader7"

 <State 8> : 0.00ns
ST_8 : Operation 114 [1/1] (0.00ns)   --->   "%data_mem_info_float_4 = load float* %data_mem_info_float_s"
ST_8 : Operation 115 [1/1] (0.00ns)   --->   "%data_mem_info_float_5 = load float* %data_mem_info_float_1"
ST_8 : Operation 116 [1/1] (0.00ns)   --->   "%data_mem_info_float_6 = load float* %data_mem_info_float_2"
ST_8 : Operation 117 [1/1] (0.00ns)   --->   "%data_mem_info_float_7 = load float* %data_mem_info_float_3"
ST_8 : Operation 118 [2/2] (0.00ns)   --->   "%call_ret = call fastcc { i32, float, float, float, float } @MPI_Recv.1.2210(float %data_mem_info_float_4, float %data_mem_info_float_5, float %data_mem_info_float_6, float %data_mem_info_float_7) nounwind"   --->   Core 0 '' <Latency = 0> <II = 1> <Delay = 1.00> <Generic> <Opcode : >

 <State 9> : 2.42ns
ST_9 : Operation 119 [1/2] (1.27ns)   --->   "%call_ret = call fastcc { i32, float, float, float, float } @MPI_Recv.1.2210(float %data_mem_info_float_4, float %data_mem_info_float_5, float %data_mem_info_float_6, float %data_mem_info_float_7) nounwind"   --->   Core 0 '' <Latency = 0> <II = 1> <Delay = 1.00> <Generic> <Opcode : >
ST_9 : Operation 120 [1/1] (0.00ns) (grouped into LUT with out node tmp_9)   --->   "%tmp_7 = extractvalue { i32, float, float, float, float } %call_ret, 0"
ST_9 : Operation 121 [1/1] (0.00ns)   --->   "%data_mem_info_float_8 = extractvalue { i32, float, float, float, float } %call_ret, 1"
ST_9 : Operation 122 [1/1] (0.00ns)   --->   "%data_mem_info_float_9 = extractvalue { i32, float, float, float, float } %call_ret, 2"
ST_9 : Operation 123 [1/1] (0.00ns)   --->   "%data_mem_info_float_10 = extractvalue { i32, float, float, float, float } %call_ret, 3"
ST_9 : Operation 124 [1/1] (0.00ns)   --->   "%data_mem_info_float_11 = extractvalue { i32, float, float, float, float } %call_ret, 4"
ST_9 : Operation 125 [1/1] (1.14ns) (out node of the LUT)   --->   "%tmp_9 = icmp eq i32 %tmp_7, 0" [../telepathy/hlsSources/dariusController.cpp:61]   --->   Core 25 'Cmp' <Latency = 0> <II = 1> <Delay = 0.72> <FuncUnit> <Opcode : 'icmp'> <InPorts = 2> <OutPorts = 1>
ST_9 : Operation 126 [1/1] (0.00ns)   --->   "store float %data_mem_info_float_11, float* %data_mem_info_float_3"
ST_9 : Operation 127 [1/1] (0.00ns)   --->   "store float %data_mem_info_float_10, float* %data_mem_info_float_2"
ST_9 : Operation 128 [1/1] (0.00ns)   --->   "store float %data_mem_info_float_9, float* %data_mem_info_float_1"
ST_9 : Operation 129 [1/1] (0.00ns)   --->   "store float %data_mem_info_float_8, float* %data_mem_info_float_s"
ST_9 : Operation 130 [1/1] (0.00ns)   --->   "br i1 %tmp_9, label %.preheader7, label %.preheader6.preheader" [../telepathy/hlsSources/dariusController.cpp:61]
ST_9 : Operation 131 [1/1] (0.00ns)   --->   "%data_mem_info_1 = alloca i32"
ST_9 : Operation 132 [1/1] (0.00ns)   --->   "%data_mem_info_1_1 = alloca i32"
ST_9 : Operation 133 [1/1] (0.83ns)   --->   "br label %.preheader6" [../telepathy/hlsSources/dariusController.cpp:62]

 <State 10> : 3.68ns
ST_10 : Operation 134 [1/1] (0.00ns)   --->   "%i1 = phi i3 [ 0, %.preheader6.preheader ], [ %i_2, %.preheader6.backedge ]"
ST_10 : Operation 135 [1/1] (0.72ns)   --->   "%exitcond2 = icmp eq i3 %i1, -4" [../telepathy/hlsSources/dariusController.cpp:62]   --->   Core 25 'Cmp' <Latency = 0> <II = 1> <Delay = 0.72> <FuncUnit> <Opcode : 'icmp'> <InPorts = 2> <OutPorts = 1>
ST_10 : Operation 136 [1/1] (0.00ns)   --->   "%empty_33 = call i32 (...)* @_ssdm_op_SpecLoopTripCount(i64 4, i64 4, i64 4) nounwind"
ST_10 : Operation 137 [1/1] (0.83ns)   --->   "%i_2 = add i3 %i1, 1" [../telepathy/hlsSources/dariusController.cpp:62]   --->   Core 14 'AddSub' <Latency = 0> <II = 1> <Delay = 0.83> <FuncUnit> <Opcode : 'add' 'sub'> <InPorts = 2> <OutPorts = 1>
ST_10 : Operation 138 [1/1] (0.00ns)   --->   "br i1 %exitcond2, label %.preheader5.preheader, label %2" [../telepathy/hlsSources/dariusController.cpp:62]
ST_10 : Operation 139 [1/1] (0.00ns)   --->   "%tmp_29 = trunc i3 %i1 to i2" [../telepathy/hlsSources/dariusController.cpp:62]
ST_10 : Operation 140 [1/1] (0.59ns)   --->   "%x_assign_1 = call float @_ssdm_op_Mux.ap_auto.4float.i2(float %data_mem_info_float_8, float %data_mem_info_float_9, float %data_mem_info_float_10, float %data_mem_info_float_11, i2 %tmp_29) nounwind" [../telepathy/hlsSources/dariusController.cpp:62]   --->   Core 31 'MuxnS' <Latency = 0> <II = 1> <Delay = 0.59> <FuncUnit> <Opcode : 'mux'> <InPorts = 2> <OutPorts = 1>
ST_10 : Operation 141 [1/1] (0.00ns)   --->   "%p_Val2_6 = bitcast float %x_assign_1 to i32" [/wrk/2018.1/nightly/2018_04_04_2188600/src/products/hls/src/technology/autopilot/header_files/utils/x_hls_utils.h:273->/wrk/2018.1/nightly/2018_04_04_2188600/src/products/hls/src/technology/autopilot/header_files/utils/x_hls_utils.h:282->/wrk/2018.1/nightly/2018_04_04_2188600/src/products/hls/hls_lib/hlsmath/src/../include/internal/hls_round.h:281->/wrk/2018.1/nightly/2018_04_04_2188600/src/products/hls/hls_lib/hlsmath/src/../include/internal/hls_round.h:368->/wrk/2018.1/nightly/2018_04_04_2188600/src/products/hls/hls_lib/hlsmath/src/lib_floatconversion.cpp:49->../telepathy/hlsSources/dariusController.cpp:63]
ST_10 : Operation 142 [1/1] (0.00ns)   --->   "%p_Result_1 = call i1 @_ssdm_op_BitSelect.i1.i32.i32(i32 %p_Val2_6, i32 31)" [/wrk/2018.1/nightly/2018_04_04_2188600/src/products/hls/src/technology/autopilot/header_files/utils/x_hls_utils.h:279->/wrk/2018.1/nightly/2018_04_04_2188600/src/products/hls/src/technology/autopilot/header_files/utils/x_hls_utils.h:282->/wrk/2018.1/nightly/2018_04_04_2188600/src/products/hls/hls_lib/hlsmath/src/../include/internal/hls_round.h:281->/wrk/2018.1/nightly/2018_04_04_2188600/src/products/hls/hls_lib/hlsmath/src/../include/internal/hls_round.h:368->/wrk/2018.1/nightly/2018_04_04_2188600/src/products/hls/hls_lib/hlsmath/src/lib_floatconversion.cpp:49->../telepathy/hlsSources/dariusController.cpp:63]
ST_10 : Operation 143 [1/1] (0.00ns)   --->   "%loc_V_2 = call i8 @_ssdm_op_PartSelect.i8.i32.i32.i32(i32 %p_Val2_6, i32 23, i32 30) nounwind" [/wrk/2018.1/nightly/2018_04_04_2188600/src/products/hls/src/technology/autopilot/header_files/utils/x_hls_utils.h:280->/wrk/2018.1/nightly/2018_04_04_2188600/src/products/hls/src/technology/autopilot/header_files/utils/x_hls_utils.h:282->/wrk/2018.1/nightly/2018_04_04_2188600/src/products/hls/hls_lib/hlsmath/src/../include/internal/hls_round.h:281->/wrk/2018.1/nightly/2018_04_04_2188600/src/products/hls/hls_lib/hlsmath/src/../include/internal/hls_round.h:368->/wrk/2018.1/nightly/2018_04_04_2188600/src/products/hls/hls_lib/hlsmath/src/lib_floatconversion.cpp:49->../telepathy/hlsSources/dariusController.cpp:63]
ST_10 : Operation 144 [1/1] (0.00ns)   --->   "%loc_V_3 = trunc i32 %p_Val2_6 to i23" [/wrk/2018.1/nightly/2018_04_04_2188600/src/products/hls/src/technology/autopilot/header_files/utils/x_hls_utils.h:281->/wrk/2018.1/nightly/2018_04_04_2188600/src/products/hls/src/technology/autopilot/header_files/utils/x_hls_utils.h:282->/wrk/2018.1/nightly/2018_04_04_2188600/src/products/hls/hls_lib/hlsmath/src/../include/internal/hls_round.h:281->/wrk/2018.1/nightly/2018_04_04_2188600/src/products/hls/hls_lib/hlsmath/src/../include/internal/hls_round.h:368->/wrk/2018.1/nightly/2018_04_04_2188600/src/products/hls/hls_lib/hlsmath/src/lib_floatconversion.cpp:49->../telepathy/hlsSources/dariusController.cpp:63]
ST_10 : Operation 145 [1/1] (0.00ns)   --->   "%tmp_4_i_i_i1 = call i25 @_ssdm_op_BitConcatenate.i25.i1.i23.i1(i1 true, i23 %loc_V_3, i1 false)" [/wrk/2018.1/nightly/2018_04_04_2188600/src/products/hls/hls_lib/hlsmath/src/../include/internal/hls_round.h:283->/wrk/2018.1/nightly/2018_04_04_2188600/src/products/hls/hls_lib/hlsmath/src/../include/internal/hls_round.h:368->/wrk/2018.1/nightly/2018_04_04_2188600/src/products/hls/hls_lib/hlsmath/src/lib_floatconversion.cpp:49->../telepathy/hlsSources/dariusController.cpp:63]
ST_10 : Operation 146 [1/1] (0.00ns) (grouped into LUT with out node p_Val2_8)   --->   "%tmp_4_i_i_i1_cast6 = zext i25 %tmp_4_i_i_i1 to i79" [/wrk/2018.1/nightly/2018_04_04_2188600/src/products/hls/hls_lib/hlsmath/src/../include/internal/hls_round.h:283->/wrk/2018.1/nightly/2018_04_04_2188600/src/products/hls/hls_lib/hlsmath/src/../include/internal/hls_round.h:368->/wrk/2018.1/nightly/2018_04_04_2188600/src/products/hls/hls_lib/hlsmath/src/lib_floatconversion.cpp:49->../telepathy/hlsSources/dariusController.cpp:63]
ST_10 : Operation 147 [1/1] (0.00ns)   --->   "%tmp_i_i_i_i1_cast5 = zext i8 %loc_V_2 to i9" [/wrk/2018.1/nightly/2018_04_04_2188600/src/products/hls/src/technology/autopilot/header_files/utils/x_hls_utils.h:302->/wrk/2018.1/nightly/2018_04_04_2188600/src/products/hls/hls_lib/hlsmath/src/../include/internal/hls_round.h:286->/wrk/2018.1/nightly/2018_04_04_2188600/src/products/hls/hls_lib/hlsmath/src/../include/internal/hls_round.h:368->/wrk/2018.1/nightly/2018_04_04_2188600/src/products/hls/hls_lib/hlsmath/src/lib_floatconversion.cpp:49->../telepathy/hlsSources/dariusController.cpp:63]
ST_10 : Operation 148 [1/1] (1.28ns)   --->   "%sh_assign_2 = add i9 -127, %tmp_i_i_i_i1_cast5" [/wrk/2018.1/nightly/2018_04_04_2188600/src/products/hls/src/technology/autopilot/header_files/utils/x_hls_utils.h:302->/wrk/2018.1/nightly/2018_04_04_2188600/src/products/hls/hls_lib/hlsmath/src/../include/internal/hls_round.h:286->/wrk/2018.1/nightly/2018_04_04_2188600/src/products/hls/hls_lib/hlsmath/src/../include/internal/hls_round.h:368->/wrk/2018.1/nightly/2018_04_04_2188600/src/products/hls/hls_lib/hlsmath/src/lib_floatconversion.cpp:49->../telepathy/hlsSources/dariusController.cpp:63]   --->   Core 14 'AddSub' <Latency = 0> <II = 1> <Delay = 0.83> <FuncUnit> <Opcode : 'add' 'sub'> <InPorts = 2> <OutPorts = 1>
ST_10 : Operation 149 [1/1] (0.00ns)   --->   "%isNeg_1 = call i1 @_ssdm_op_BitSelect.i1.i9.i32(i9 %sh_assign_2, i32 8)" [/wrk/2018.1/nightly/2018_04_04_2188600/src/products/hls/hls_lib/hlsmath/src/../include/internal/hls_round.h:286->/wrk/2018.1/nightly/2018_04_04_2188600/src/products/hls/hls_lib/hlsmath/src/../include/internal/hls_round.h:368->/wrk/2018.1/nightly/2018_04_04_2188600/src/products/hls/hls_lib/hlsmath/src/lib_floatconversion.cpp:49->../telepathy/hlsSources/dariusController.cpp:63]
ST_10 : Operation 150 [1/1] (1.28ns)   --->   "%tmp_6_i_i_i1 = sub i8 127, %loc_V_2" [/wrk/2018.1/nightly/2018_04_04_2188600/src/products/hls/hls_lib/hlsmath/src/../include/internal/hls_round.h:286->/wrk/2018.1/nightly/2018_04_04_2188600/src/products/hls/hls_lib/hlsmath/src/../include/internal/hls_round.h:368->/wrk/2018.1/nightly/2018_04_04_2188600/src/products/hls/hls_lib/hlsmath/src/lib_floatconversion.cpp:49->../telepathy/hlsSources/dariusController.cpp:63]   --->   Core 14 'AddSub' <Latency = 0> <II = 1> <Delay = 0.83> <FuncUnit> <Opcode : 'add' 'sub'> <InPorts = 2> <OutPorts = 1>
ST_10 : Operation 151 [1/1] (0.00ns)   --->   "%tmp_6_i_i_i1_cast = sext i8 %tmp_6_i_i_i1 to i9" [/wrk/2018.1/nightly/2018_04_04_2188600/src/products/hls/hls_lib/hlsmath/src/../include/internal/hls_round.h:286->/wrk/2018.1/nightly/2018_04_04_2188600/src/products/hls/hls_lib/hlsmath/src/../include/internal/hls_round.h:368->/wrk/2018.1/nightly/2018_04_04_2188600/src/products/hls/hls_lib/hlsmath/src/lib_floatconversion.cpp:49->../telepathy/hlsSources/dariusController.cpp:63]
ST_10 : Operation 152 [1/1] (0.29ns)   --->   "%sh_assign_3 = select i1 %isNeg_1, i9 %tmp_6_i_i_i1_cast, i9 %sh_assign_2" [/wrk/2018.1/nightly/2018_04_04_2188600/src/products/hls/hls_lib/hlsmath/src/../include/internal/hls_round.h:286->/wrk/2018.1/nightly/2018_04_04_2188600/src/products/hls/hls_lib/hlsmath/src/../include/internal/hls_round.h:368->/wrk/2018.1/nightly/2018_04_04_2188600/src/products/hls/hls_lib/hlsmath/src/lib_floatconversion.cpp:49->../telepathy/hlsSources/dariusController.cpp:63]   --->   Core 26 'Sel' <Latency = 0> <II = 1> <Delay = 0.39> <FuncUnit> <Opcode : 'select'> <InPorts = 3> <OutPorts = 1>
ST_10 : Operation 153 [1/1] (0.00ns) (grouped into LUT with out node p_Val2_8)   --->   "%sh_assign_3_cast = sext i9 %sh_assign_3 to i32" [/wrk/2018.1/nightly/2018_04_04_2188600/src/products/hls/hls_lib/hlsmath/src/../include/internal/hls_round.h:286->/wrk/2018.1/nightly/2018_04_04_2188600/src/products/hls/hls_lib/hlsmath/src/../include/internal/hls_round.h:368->/wrk/2018.1/nightly/2018_04_04_2188600/src/products/hls/hls_lib/hlsmath/src/lib_floatconversion.cpp:49->../telepathy/hlsSources/dariusController.cpp:63]
ST_10 : Operation 154 [1/1] (0.00ns) (grouped into LUT with out node p_Val2_8)   --->   "%sh_assign_3_cast_cas = sext i9 %sh_assign_3 to i25" [/wrk/2018.1/nightly/2018_04_04_2188600/src/products/hls/hls_lib/hlsmath/src/../include/internal/hls_round.h:286->/wrk/2018.1/nightly/2018_04_04_2188600/src/products/hls/hls_lib/hlsmath/src/../include/internal/hls_round.h:368->/wrk/2018.1/nightly/2018_04_04_2188600/src/products/hls/hls_lib/hlsmath/src/lib_floatconversion.cpp:49->../telepathy/hlsSources/dariusController.cpp:63]
ST_10 : Operation 155 [1/1] (0.00ns) (grouped into LUT with out node p_Val2_8)   --->   "%tmp_8_i_i_i1 = zext i32 %sh_assign_3_cast to i79" [/wrk/2018.1/nightly/2018_04_04_2188600/src/products/hls/hls_lib/hlsmath/src/../include/internal/hls_round.h:286->/wrk/2018.1/nightly/2018_04_04_2188600/src/products/hls/hls_lib/hlsmath/src/../include/internal/hls_round.h:368->/wrk/2018.1/nightly/2018_04_04_2188600/src/products/hls/hls_lib/hlsmath/src/lib_floatconversion.cpp:49->../telepathy/hlsSources/dariusController.cpp:63]
ST_10 : Operation 156 [1/1] (0.00ns) (grouped into LUT with out node p_Val2_8)   --->   "%tmp_9_i_i_i1 = lshr i25 %tmp_4_i_i_i1, %sh_assign_3_cast_cas" [/wrk/2018.1/nightly/2018_04_04_2188600/src/products/hls/hls_lib/hlsmath/src/../include/internal/hls_round.h:286->/wrk/2018.1/nightly/2018_04_04_2188600/src/products/hls/hls_lib/hlsmath/src/../include/internal/hls_round.h:368->/wrk/2018.1/nightly/2018_04_04_2188600/src/products/hls/hls_lib/hlsmath/src/lib_floatconversion.cpp:49->../telepathy/hlsSources/dariusController.cpp:63]   --->   Core 28 'Shift' <Latency = 0> <II = 1> <Delay = 1.49> <FuncUnit> <Opcode : 'shl' 'lshr' 'ashr'> <InPorts = 2> <OutPorts = 1>
ST_10 : Operation 157 [1/1] (0.00ns) (grouped into LUT with out node p_Val2_8)   --->   "%tmp_1_i_i_i1 = shl i79 %tmp_4_i_i_i1_cast6, %tmp_8_i_i_i1" [/wrk/2018.1/nightly/2018_04_04_2188600/src/products/hls/hls_lib/hlsmath/src/../include/internal/hls_round.h:286->/wrk/2018.1/nightly/2018_04_04_2188600/src/products/hls/hls_lib/hlsmath/src/../include/internal/hls_round.h:368->/wrk/2018.1/nightly/2018_04_04_2188600/src/products/hls/hls_lib/hlsmath/src/lib_floatconversion.cpp:49->../telepathy/hlsSources/dariusController.cpp:63]   --->   Core 28 'Shift' <Latency = 0> <II = 1> <Delay = 1.49> <FuncUnit> <Opcode : 'shl' 'lshr' 'ashr'> <InPorts = 2> <OutPorts = 1>
ST_10 : Operation 158 [1/1] (0.00ns) (grouped into LUT with out node p_Val2_8)   --->   "%tmp_33 = call i1 @_ssdm_op_BitSelect.i1.i25.i32(i25 %tmp_9_i_i_i1, i32 24)" [/wrk/2018.1/nightly/2018_04_04_2188600/src/products/hls/hls_lib/hlsmath/src/../include/internal/hls_round.h:289->/wrk/2018.1/nightly/2018_04_04_2188600/src/products/hls/hls_lib/hlsmath/src/../include/internal/hls_round.h:368->/wrk/2018.1/nightly/2018_04_04_2188600/src/products/hls/hls_lib/hlsmath/src/lib_floatconversion.cpp:49->../telepathy/hlsSources/dariusController.cpp:63]
ST_10 : Operation 159 [1/1] (0.00ns) (grouped into LUT with out node p_Val2_8)   --->   "%tmp_16 = zext i1 %tmp_33 to i32" [/wrk/2018.1/nightly/2018_04_04_2188600/src/products/hls/hls_lib/hlsmath/src/../include/internal/hls_round.h:289->/wrk/2018.1/nightly/2018_04_04_2188600/src/products/hls/hls_lib/hlsmath/src/../include/internal/hls_round.h:368->/wrk/2018.1/nightly/2018_04_04_2188600/src/products/hls/hls_lib/hlsmath/src/lib_floatconversion.cpp:49->../telepathy/hlsSources/dariusController.cpp:63]
ST_10 : Operation 160 [1/1] (0.00ns) (grouped into LUT with out node p_Val2_8)   --->   "%tmp_20 = call i32 @_ssdm_op_PartSelect.i32.i79.i32.i32(i79 %tmp_1_i_i_i1, i32 24, i32 55)" [/wrk/2018.1/nightly/2018_04_04_2188600/src/products/hls/hls_lib/hlsmath/src/../include/internal/hls_round.h:289->/wrk/2018.1/nightly/2018_04_04_2188600/src/products/hls/hls_lib/hlsmath/src/../include/internal/hls_round.h:368->/wrk/2018.1/nightly/2018_04_04_2188600/src/products/hls/hls_lib/hlsmath/src/lib_floatconversion.cpp:49->../telepathy/hlsSources/dariusController.cpp:63]
ST_10 : Operation 161 [1/1] (1.49ns) (out node of the LUT)   --->   "%p_Val2_8 = select i1 %isNeg_1, i32 %tmp_16, i32 %tmp_20" [/wrk/2018.1/nightly/2018_04_04_2188600/src/products/hls/hls_lib/hlsmath/src/../include/internal/hls_round.h:286->/wrk/2018.1/nightly/2018_04_04_2188600/src/products/hls/hls_lib/hlsmath/src/../include/internal/hls_round.h:368->/wrk/2018.1/nightly/2018_04_04_2188600/src/products/hls/hls_lib/hlsmath/src/lib_floatconversion.cpp:49->../telepathy/hlsSources/dariusController.cpp:63]   --->   Core 26 'Sel' <Latency = 0> <II = 1> <Delay = 0.39> <FuncUnit> <Opcode : 'select'> <InPorts = 3> <OutPorts = 1>
ST_10 : Operation 162 [1/1] (0.00ns)   --->   "br label %.preheader5"

 <State 11> : 1.93ns
ST_11 : Operation 163 [1/1] (1.48ns)   --->   "%p_Val2_i_i_i1 = sub i32 0, %p_Val2_8" [/wrk/2018.1/nightly/2018_04_04_2188600/src/products/hls/hls_lib/hlsmath/src/../include/internal/hls_round.h:318->/wrk/2018.1/nightly/2018_04_04_2188600/src/products/hls/hls_lib/hlsmath/src/../include/internal/hls_round.h:368->/wrk/2018.1/nightly/2018_04_04_2188600/src/products/hls/hls_lib/hlsmath/src/lib_floatconversion.cpp:49->../telepathy/hlsSources/dariusController.cpp:63]   --->   Core 14 'AddSub' <Latency = 0> <II = 1> <Delay = 0.83> <FuncUnit> <Opcode : 'add' 'sub'> <InPorts = 2> <OutPorts = 1>
ST_11 : Operation 164 [1/1] (0.44ns)   --->   "%p_Val2_18 = select i1 %p_Result_1, i32 %p_Val2_i_i_i1, i32 %p_Val2_8" [/wrk/2018.1/nightly/2018_04_04_2188600/src/products/hls/hls_lib/hlsmath/src/../include/internal/hls_round.h:318->/wrk/2018.1/nightly/2018_04_04_2188600/src/products/hls/hls_lib/hlsmath/src/../include/internal/hls_round.h:368->/wrk/2018.1/nightly/2018_04_04_2188600/src/products/hls/hls_lib/hlsmath/src/lib_floatconversion.cpp:49->../telepathy/hlsSources/dariusController.cpp:63]   --->   Core 26 'Sel' <Latency = 0> <II = 1> <Delay = 0.39> <FuncUnit> <Opcode : 'select'> <InPorts = 3> <OutPorts = 1>
ST_11 : Operation 165 [1/1] (0.72ns)   --->   "switch i2 %tmp_29, label %.preheader6.backedge [
    i2 0, label %branch2
    i2 1, label %branch3
  ]" [../telepathy/hlsSources/dariusController.cpp:63]
ST_11 : Operation 166 [1/1] (0.00ns)   --->   "store i32 %p_Val2_18, i32* %data_mem_info_1_1" [../telepathy/hlsSources/dariusController.cpp:63]
ST_11 : Operation 167 [1/1] (0.00ns)   --->   "br label %.preheader6.backedge" [../telepathy/hlsSources/dariusController.cpp:63]
ST_11 : Operation 168 [1/1] (0.00ns)   --->   "store i32 %p_Val2_18, i32* %data_mem_info_1" [../telepathy/hlsSources/dariusController.cpp:63]
ST_11 : Operation 169 [1/1] (0.00ns)   --->   "br label %.preheader6.backedge" [../telepathy/hlsSources/dariusController.cpp:63]
ST_11 : Operation 170 [1/1] (0.00ns)   --->   "br label %.preheader6"

 <State 12> : 0.00ns
ST_12 : Operation 171 [2/2] (0.00ns)   --->   "%tmp_10 = call fastcc i1 @MPI_Recv.1.1([7 x float]* %darius_info_float) nounwind"   --->   Core 0 '' <Latency = 0> <II = 1> <Delay = 1.00> <Generic> <Opcode : >

 <State 13> : 0.83ns
ST_13 : Operation 172 [1/2] (0.83ns)   --->   "%tmp_10 = call fastcc i1 @MPI_Recv.1.1([7 x float]* %darius_info_float) nounwind"   --->   Core 0 '' <Latency = 0> <II = 1> <Delay = 1.00> <Generic> <Opcode : >
ST_13 : Operation 173 [1/1] (0.00ns)   --->   "br i1 %tmp_10, label %.preheader4.preheader, label %.preheader5" [../telepathy/hlsSources/dariusController.cpp:66]
ST_13 : Operation 174 [1/1] (0.83ns)   --->   "br label %.preheader4" [../telepathy/hlsSources/dariusController.cpp:67]

 <State 14> : 0.84ns
ST_14 : Operation 175 [1/1] (0.00ns)   --->   "%i2 = phi i3 [ %i_3, %3 ], [ 0, %.preheader4.preheader ]"
ST_14 : Operation 176 [1/1] (0.72ns)   --->   "%exitcond1 = icmp eq i3 %i2, -1" [../telepathy/hlsSources/dariusController.cpp:67]   --->   Core 25 'Cmp' <Latency = 0> <II = 1> <Delay = 0.72> <FuncUnit> <Opcode : 'icmp'> <InPorts = 2> <OutPorts = 1>
ST_14 : Operation 177 [1/1] (0.00ns)   --->   "%empty_34 = call i32 (...)* @_ssdm_op_SpecLoopTripCount(i64 7, i64 7, i64 7) nounwind"
ST_14 : Operation 178 [1/1] (0.83ns)   --->   "%i_3 = add i3 %i2, 1" [../telepathy/hlsSources/dariusController.cpp:67]   --->   Core 14 'AddSub' <Latency = 0> <II = 1> <Delay = 0.83> <FuncUnit> <Opcode : 'add' 'sub'> <InPorts = 2> <OutPorts = 1>
ST_14 : Operation 179 [1/1] (0.00ns)   --->   "br i1 %exitcond1, label %.loopexit, label %3" [../telepathy/hlsSources/dariusController.cpp:67]
ST_14 : Operation 180 [1/1] (0.00ns)   --->   "%tmp_18 = zext i3 %i2 to i64" [../telepathy/hlsSources/dariusController.cpp:68]
ST_14 : Operation 181 [1/1] (0.00ns)   --->   "%darius_info_float_ad = getelementptr inbounds [7 x float]* %darius_info_float, i64 0, i64 %tmp_18" [../telepathy/hlsSources/dariusController.cpp:68]
ST_14 : Operation 182 [2/2] (0.69ns)   --->   "%darius_info_float_lo = load float* %darius_info_float_ad, align 4" [../telepathy/hlsSources/dariusController.cpp:68]   --->   Core 37 'RAM' <Latency = 1> <II = 1> <Delay = 0.69> <Storage> <Opcode : 'load' 'store'> <Ports = 2> <Width = 32> <Depth = 7> <RAM>
ST_14 : Operation 183 [1/1] (0.00ns)   --->   "%darius_info_addr = getelementptr inbounds [7 x i32]* %darius_info, i64 0, i64 5" [../telepathy/hlsSources/dariusController.cpp:70]
ST_14 : Operation 184 [2/2] (0.69ns)   --->   "%batch_size = load i32* %darius_info_addr, align 4" [../telepathy/hlsSources/dariusController.cpp:70]   --->   Core 37 'RAM' <Latency = 1> <II = 1> <Delay = 0.69> <Storage> <Opcode : 'load' 'store'> <Ports = 2> <Width = 32> <Depth = 7> <RAM>
ST_14 : Operation 185 [1/1] (0.00ns)   --->   "%darius_info_addr_1 = getelementptr inbounds [7 x i32]* %darius_info, i64 0, i64 0" [../telepathy/hlsSources/dariusController.cpp:92]
ST_14 : Operation 186 [2/2] (0.69ns)   --->   "%darius_info_load = load i32* %darius_info_addr_1, align 16" [../telepathy/hlsSources/dariusController.cpp:92]   --->   Core 37 'RAM' <Latency = 1> <II = 1> <Delay = 0.69> <Storage> <Opcode : 'load' 'store'> <Ports = 2> <Width = 32> <Depth = 7> <RAM>

 <State 15> : 3.78ns
ST_15 : Operation 187 [1/2] (0.69ns)   --->   "%darius_info_float_lo = load float* %darius_info_float_ad, align 4" [../telepathy/hlsSources/dariusController.cpp:68]   --->   Core 37 'RAM' <Latency = 1> <II = 1> <Delay = 0.69> <Storage> <Opcode : 'load' 'store'> <Ports = 2> <Width = 32> <Depth = 7> <RAM>
ST_15 : Operation 188 [1/1] (0.00ns)   --->   "%p_Val2_s = bitcast float %darius_info_float_lo to i32" [/wrk/2018.1/nightly/2018_04_04_2188600/src/products/hls/src/technology/autopilot/header_files/utils/x_hls_utils.h:273->/wrk/2018.1/nightly/2018_04_04_2188600/src/products/hls/src/technology/autopilot/header_files/utils/x_hls_utils.h:282->/wrk/2018.1/nightly/2018_04_04_2188600/src/products/hls/hls_lib/hlsmath/src/../include/internal/hls_round.h:281->/wrk/2018.1/nightly/2018_04_04_2188600/src/products/hls/hls_lib/hlsmath/src/../include/internal/hls_round.h:368->/wrk/2018.1/nightly/2018_04_04_2188600/src/products/hls/hls_lib/hlsmath/src/lib_floatconversion.cpp:49->../telepathy/hlsSources/dariusController.cpp:68]
ST_15 : Operation 189 [1/1] (0.00ns)   --->   "%p_Result_2 = call i1 @_ssdm_op_BitSelect.i1.i32.i32(i32 %p_Val2_s, i32 31)" [/wrk/2018.1/nightly/2018_04_04_2188600/src/products/hls/src/technology/autopilot/header_files/utils/x_hls_utils.h:279->/wrk/2018.1/nightly/2018_04_04_2188600/src/products/hls/src/technology/autopilot/header_files/utils/x_hls_utils.h:282->/wrk/2018.1/nightly/2018_04_04_2188600/src/products/hls/hls_lib/hlsmath/src/../include/internal/hls_round.h:281->/wrk/2018.1/nightly/2018_04_04_2188600/src/products/hls/hls_lib/hlsmath/src/../include/internal/hls_round.h:368->/wrk/2018.1/nightly/2018_04_04_2188600/src/products/hls/hls_lib/hlsmath/src/lib_floatconversion.cpp:49->../telepathy/hlsSources/dariusController.cpp:68]
ST_15 : Operation 190 [1/1] (0.00ns)   --->   "%loc_V_4 = call i8 @_ssdm_op_PartSelect.i8.i32.i32.i32(i32 %p_Val2_s, i32 23, i32 30) nounwind" [/wrk/2018.1/nightly/2018_04_04_2188600/src/products/hls/src/technology/autopilot/header_files/utils/x_hls_utils.h:280->/wrk/2018.1/nightly/2018_04_04_2188600/src/products/hls/src/technology/autopilot/header_files/utils/x_hls_utils.h:282->/wrk/2018.1/nightly/2018_04_04_2188600/src/products/hls/hls_lib/hlsmath/src/../include/internal/hls_round.h:281->/wrk/2018.1/nightly/2018_04_04_2188600/src/products/hls/hls_lib/hlsmath/src/../include/internal/hls_round.h:368->/wrk/2018.1/nightly/2018_04_04_2188600/src/products/hls/hls_lib/hlsmath/src/lib_floatconversion.cpp:49->../telepathy/hlsSources/dariusController.cpp:68]
ST_15 : Operation 191 [1/1] (0.00ns)   --->   "%loc_V_5 = trunc i32 %p_Val2_s to i23" [/wrk/2018.1/nightly/2018_04_04_2188600/src/products/hls/src/technology/autopilot/header_files/utils/x_hls_utils.h:281->/wrk/2018.1/nightly/2018_04_04_2188600/src/products/hls/src/technology/autopilot/header_files/utils/x_hls_utils.h:282->/wrk/2018.1/nightly/2018_04_04_2188600/src/products/hls/hls_lib/hlsmath/src/../include/internal/hls_round.h:281->/wrk/2018.1/nightly/2018_04_04_2188600/src/products/hls/hls_lib/hlsmath/src/../include/internal/hls_round.h:368->/wrk/2018.1/nightly/2018_04_04_2188600/src/products/hls/hls_lib/hlsmath/src/lib_floatconversion.cpp:49->../telepathy/hlsSources/dariusController.cpp:68]
ST_15 : Operation 192 [1/1] (0.00ns)   --->   "%tmp_4_i_i_i2 = call i25 @_ssdm_op_BitConcatenate.i25.i1.i23.i1(i1 true, i23 %loc_V_5, i1 false)" [/wrk/2018.1/nightly/2018_04_04_2188600/src/products/hls/hls_lib/hlsmath/src/../include/internal/hls_round.h:283->/wrk/2018.1/nightly/2018_04_04_2188600/src/products/hls/hls_lib/hlsmath/src/../include/internal/hls_round.h:368->/wrk/2018.1/nightly/2018_04_04_2188600/src/products/hls/hls_lib/hlsmath/src/lib_floatconversion.cpp:49->../telepathy/hlsSources/dariusController.cpp:68]
ST_15 : Operation 193 [1/1] (0.00ns) (grouped into LUT with out node p_Val2_14)   --->   "%tmp_4_i_i_i2_cast3 = zext i25 %tmp_4_i_i_i2 to i79" [/wrk/2018.1/nightly/2018_04_04_2188600/src/products/hls/hls_lib/hlsmath/src/../include/internal/hls_round.h:283->/wrk/2018.1/nightly/2018_04_04_2188600/src/products/hls/hls_lib/hlsmath/src/../include/internal/hls_round.h:368->/wrk/2018.1/nightly/2018_04_04_2188600/src/products/hls/hls_lib/hlsmath/src/lib_floatconversion.cpp:49->../telepathy/hlsSources/dariusController.cpp:68]
ST_15 : Operation 194 [1/1] (0.00ns)   --->   "%tmp_i_i_i_i2_cast2 = zext i8 %loc_V_4 to i9" [/wrk/2018.1/nightly/2018_04_04_2188600/src/products/hls/src/technology/autopilot/header_files/utils/x_hls_utils.h:302->/wrk/2018.1/nightly/2018_04_04_2188600/src/products/hls/hls_lib/hlsmath/src/../include/internal/hls_round.h:286->/wrk/2018.1/nightly/2018_04_04_2188600/src/products/hls/hls_lib/hlsmath/src/../include/internal/hls_round.h:368->/wrk/2018.1/nightly/2018_04_04_2188600/src/products/hls/hls_lib/hlsmath/src/lib_floatconversion.cpp:49->../telepathy/hlsSources/dariusController.cpp:68]
ST_15 : Operation 195 [1/1] (1.28ns)   --->   "%sh_assign_4 = add i9 -127, %tmp_i_i_i_i2_cast2" [/wrk/2018.1/nightly/2018_04_04_2188600/src/products/hls/src/technology/autopilot/header_files/utils/x_hls_utils.h:302->/wrk/2018.1/nightly/2018_04_04_2188600/src/products/hls/hls_lib/hlsmath/src/../include/internal/hls_round.h:286->/wrk/2018.1/nightly/2018_04_04_2188600/src/products/hls/hls_lib/hlsmath/src/../include/internal/hls_round.h:368->/wrk/2018.1/nightly/2018_04_04_2188600/src/products/hls/hls_lib/hlsmath/src/lib_floatconversion.cpp:49->../telepathy/hlsSources/dariusController.cpp:68]   --->   Core 14 'AddSub' <Latency = 0> <II = 1> <Delay = 0.83> <FuncUnit> <Opcode : 'add' 'sub'> <InPorts = 2> <OutPorts = 1>
ST_15 : Operation 196 [1/1] (0.00ns)   --->   "%isNeg_2 = call i1 @_ssdm_op_BitSelect.i1.i9.i32(i9 %sh_assign_4, i32 8)" [/wrk/2018.1/nightly/2018_04_04_2188600/src/products/hls/hls_lib/hlsmath/src/../include/internal/hls_round.h:286->/wrk/2018.1/nightly/2018_04_04_2188600/src/products/hls/hls_lib/hlsmath/src/../include/internal/hls_round.h:368->/wrk/2018.1/nightly/2018_04_04_2188600/src/products/hls/hls_lib/hlsmath/src/lib_floatconversion.cpp:49->../telepathy/hlsSources/dariusController.cpp:68]
ST_15 : Operation 197 [1/1] (1.28ns)   --->   "%tmp_6_i_i_i2 = sub i8 127, %loc_V_4" [/wrk/2018.1/nightly/2018_04_04_2188600/src/products/hls/hls_lib/hlsmath/src/../include/internal/hls_round.h:286->/wrk/2018.1/nightly/2018_04_04_2188600/src/products/hls/hls_lib/hlsmath/src/../include/internal/hls_round.h:368->/wrk/2018.1/nightly/2018_04_04_2188600/src/products/hls/hls_lib/hlsmath/src/lib_floatconversion.cpp:49->../telepathy/hlsSources/dariusController.cpp:68]   --->   Core 14 'AddSub' <Latency = 0> <II = 1> <Delay = 0.83> <FuncUnit> <Opcode : 'add' 'sub'> <InPorts = 2> <OutPorts = 1>
ST_15 : Operation 198 [1/1] (0.00ns)   --->   "%tmp_6_i_i_i2_cast = sext i8 %tmp_6_i_i_i2 to i9" [/wrk/2018.1/nightly/2018_04_04_2188600/src/products/hls/hls_lib/hlsmath/src/../include/internal/hls_round.h:286->/wrk/2018.1/nightly/2018_04_04_2188600/src/products/hls/hls_lib/hlsmath/src/../include/internal/hls_round.h:368->/wrk/2018.1/nightly/2018_04_04_2188600/src/products/hls/hls_lib/hlsmath/src/lib_floatconversion.cpp:49->../telepathy/hlsSources/dariusController.cpp:68]
ST_15 : Operation 199 [1/1] (0.29ns)   --->   "%sh_assign_5 = select i1 %isNeg_2, i9 %tmp_6_i_i_i2_cast, i9 %sh_assign_4" [/wrk/2018.1/nightly/2018_04_04_2188600/src/products/hls/hls_lib/hlsmath/src/../include/internal/hls_round.h:286->/wrk/2018.1/nightly/2018_04_04_2188600/src/products/hls/hls_lib/hlsmath/src/../include/internal/hls_round.h:368->/wrk/2018.1/nightly/2018_04_04_2188600/src/products/hls/hls_lib/hlsmath/src/lib_floatconversion.cpp:49->../telepathy/hlsSources/dariusController.cpp:68]   --->   Core 26 'Sel' <Latency = 0> <II = 1> <Delay = 0.39> <FuncUnit> <Opcode : 'select'> <InPorts = 3> <OutPorts = 1>
ST_15 : Operation 200 [1/1] (0.00ns) (grouped into LUT with out node p_Val2_14)   --->   "%sh_assign_5_cast = sext i9 %sh_assign_5 to i32" [/wrk/2018.1/nightly/2018_04_04_2188600/src/products/hls/hls_lib/hlsmath/src/../include/internal/hls_round.h:286->/wrk/2018.1/nightly/2018_04_04_2188600/src/products/hls/hls_lib/hlsmath/src/../include/internal/hls_round.h:368->/wrk/2018.1/nightly/2018_04_04_2188600/src/products/hls/hls_lib/hlsmath/src/lib_floatconversion.cpp:49->../telepathy/hlsSources/dariusController.cpp:68]
ST_15 : Operation 201 [1/1] (0.00ns) (grouped into LUT with out node p_Val2_14)   --->   "%sh_assign_5_cast_cas = sext i9 %sh_assign_5 to i25" [/wrk/2018.1/nightly/2018_04_04_2188600/src/products/hls/hls_lib/hlsmath/src/../include/internal/hls_round.h:286->/wrk/2018.1/nightly/2018_04_04_2188600/src/products/hls/hls_lib/hlsmath/src/../include/internal/hls_round.h:368->/wrk/2018.1/nightly/2018_04_04_2188600/src/products/hls/hls_lib/hlsmath/src/lib_floatconversion.cpp:49->../telepathy/hlsSources/dariusController.cpp:68]
ST_15 : Operation 202 [1/1] (0.00ns) (grouped into LUT with out node p_Val2_14)   --->   "%tmp_8_i_i_i2 = zext i32 %sh_assign_5_cast to i79" [/wrk/2018.1/nightly/2018_04_04_2188600/src/products/hls/hls_lib/hlsmath/src/../include/internal/hls_round.h:286->/wrk/2018.1/nightly/2018_04_04_2188600/src/products/hls/hls_lib/hlsmath/src/../include/internal/hls_round.h:368->/wrk/2018.1/nightly/2018_04_04_2188600/src/products/hls/hls_lib/hlsmath/src/lib_floatconversion.cpp:49->../telepathy/hlsSources/dariusController.cpp:68]
ST_15 : Operation 203 [1/1] (0.00ns) (grouped into LUT with out node p_Val2_14)   --->   "%tmp_9_i_i_i2 = lshr i25 %tmp_4_i_i_i2, %sh_assign_5_cast_cas" [/wrk/2018.1/nightly/2018_04_04_2188600/src/products/hls/hls_lib/hlsmath/src/../include/internal/hls_round.h:286->/wrk/2018.1/nightly/2018_04_04_2188600/src/products/hls/hls_lib/hlsmath/src/../include/internal/hls_round.h:368->/wrk/2018.1/nightly/2018_04_04_2188600/src/products/hls/hls_lib/hlsmath/src/lib_floatconversion.cpp:49->../telepathy/hlsSources/dariusController.cpp:68]   --->   Core 28 'Shift' <Latency = 0> <II = 1> <Delay = 1.49> <FuncUnit> <Opcode : 'shl' 'lshr' 'ashr'> <InPorts = 2> <OutPorts = 1>
ST_15 : Operation 204 [1/1] (0.00ns) (grouped into LUT with out node p_Val2_14)   --->   "%tmp_1_i_i_i2 = shl i79 %tmp_4_i_i_i2_cast3, %tmp_8_i_i_i2" [/wrk/2018.1/nightly/2018_04_04_2188600/src/products/hls/hls_lib/hlsmath/src/../include/internal/hls_round.h:286->/wrk/2018.1/nightly/2018_04_04_2188600/src/products/hls/hls_lib/hlsmath/src/../include/internal/hls_round.h:368->/wrk/2018.1/nightly/2018_04_04_2188600/src/products/hls/hls_lib/hlsmath/src/lib_floatconversion.cpp:49->../telepathy/hlsSources/dariusController.cpp:68]   --->   Core 28 'Shift' <Latency = 0> <II = 1> <Delay = 1.49> <FuncUnit> <Opcode : 'shl' 'lshr' 'ashr'> <InPorts = 2> <OutPorts = 1>
ST_15 : Operation 205 [1/1] (0.00ns) (grouped into LUT with out node p_Val2_14)   --->   "%tmp_37 = call i1 @_ssdm_op_BitSelect.i1.i25.i32(i25 %tmp_9_i_i_i2, i32 24)" [/wrk/2018.1/nightly/2018_04_04_2188600/src/products/hls/hls_lib/hlsmath/src/../include/internal/hls_round.h:289->/wrk/2018.1/nightly/2018_04_04_2188600/src/products/hls/hls_lib/hlsmath/src/../include/internal/hls_round.h:368->/wrk/2018.1/nightly/2018_04_04_2188600/src/products/hls/hls_lib/hlsmath/src/lib_floatconversion.cpp:49->../telepathy/hlsSources/dariusController.cpp:68]
ST_15 : Operation 206 [1/1] (0.00ns) (grouped into LUT with out node p_Val2_14)   --->   "%tmp_21 = zext i1 %tmp_37 to i32" [/wrk/2018.1/nightly/2018_04_04_2188600/src/products/hls/hls_lib/hlsmath/src/../include/internal/hls_round.h:289->/wrk/2018.1/nightly/2018_04_04_2188600/src/products/hls/hls_lib/hlsmath/src/../include/internal/hls_round.h:368->/wrk/2018.1/nightly/2018_04_04_2188600/src/products/hls/hls_lib/hlsmath/src/lib_floatconversion.cpp:49->../telepathy/hlsSources/dariusController.cpp:68]
ST_15 : Operation 207 [1/1] (0.00ns) (grouped into LUT with out node p_Val2_14)   --->   "%tmp_23 = call i32 @_ssdm_op_PartSelect.i32.i79.i32.i32(i79 %tmp_1_i_i_i2, i32 24, i32 55)" [/wrk/2018.1/nightly/2018_04_04_2188600/src/products/hls/hls_lib/hlsmath/src/../include/internal/hls_round.h:289->/wrk/2018.1/nightly/2018_04_04_2188600/src/products/hls/hls_lib/hlsmath/src/../include/internal/hls_round.h:368->/wrk/2018.1/nightly/2018_04_04_2188600/src/products/hls/hls_lib/hlsmath/src/lib_floatconversion.cpp:49->../telepathy/hlsSources/dariusController.cpp:68]
ST_15 : Operation 208 [1/1] (1.49ns) (out node of the LUT)   --->   "%p_Val2_14 = select i1 %isNeg_2, i32 %tmp_21, i32 %tmp_23" [/wrk/2018.1/nightly/2018_04_04_2188600/src/products/hls/hls_lib/hlsmath/src/../include/internal/hls_round.h:286->/wrk/2018.1/nightly/2018_04_04_2188600/src/products/hls/hls_lib/hlsmath/src/../include/internal/hls_round.h:368->/wrk/2018.1/nightly/2018_04_04_2188600/src/products/hls/hls_lib/hlsmath/src/lib_floatconversion.cpp:49->../telepathy/hlsSources/dariusController.cpp:68]   --->   Core 26 'Sel' <Latency = 0> <II = 1> <Delay = 0.39> <FuncUnit> <Opcode : 'select'> <InPorts = 3> <OutPorts = 1>

 <State 16> : 2.62ns
ST_16 : Operation 209 [1/1] (1.48ns)   --->   "%p_Val2_i_i_i2 = sub i32 0, %p_Val2_14" [/wrk/2018.1/nightly/2018_04_04_2188600/src/products/hls/hls_lib/hlsmath/src/../include/internal/hls_round.h:318->/wrk/2018.1/nightly/2018_04_04_2188600/src/products/hls/hls_lib/hlsmath/src/../include/internal/hls_round.h:368->/wrk/2018.1/nightly/2018_04_04_2188600/src/products/hls/hls_lib/hlsmath/src/lib_floatconversion.cpp:49->../telepathy/hlsSources/dariusController.cpp:68]   --->   Core 14 'AddSub' <Latency = 0> <II = 1> <Delay = 0.83> <FuncUnit> <Opcode : 'add' 'sub'> <InPorts = 2> <OutPorts = 1>
ST_16 : Operation 210 [1/1] (0.44ns)   --->   "%p_Val2_16 = select i1 %p_Result_2, i32 %p_Val2_i_i_i2, i32 %p_Val2_14" [/wrk/2018.1/nightly/2018_04_04_2188600/src/products/hls/hls_lib/hlsmath/src/../include/internal/hls_round.h:318->/wrk/2018.1/nightly/2018_04_04_2188600/src/products/hls/hls_lib/hlsmath/src/../include/internal/hls_round.h:368->/wrk/2018.1/nightly/2018_04_04_2188600/src/products/hls/hls_lib/hlsmath/src/lib_floatconversion.cpp:49->../telepathy/hlsSources/dariusController.cpp:68]   --->   Core 26 'Sel' <Latency = 0> <II = 1> <Delay = 0.39> <FuncUnit> <Opcode : 'select'> <InPorts = 3> <OutPorts = 1>
ST_16 : Operation 211 [1/1] (0.00ns)   --->   "%darius_info_addr_2 = getelementptr inbounds [7 x i32]* %darius_info, i64 0, i64 %tmp_18" [../telepathy/hlsSources/dariusController.cpp:68]
ST_16 : Operation 212 [1/1] (0.69ns)   --->   "store i32 %p_Val2_16, i32* %darius_info_addr_2, align 4" [../telepathy/hlsSources/dariusController.cpp:68]   --->   Core 37 'RAM' <Latency = 1> <II = 1> <Delay = 0.69> <Storage> <Opcode : 'load' 'store'> <Ports = 2> <Width = 32> <Depth = 7> <RAM>
ST_16 : Operation 213 [1/1] (0.00ns)   --->   "br label %.preheader4" [../telepathy/hlsSources/dariusController.cpp:67]

 <State 17> : 2.23ns
ST_17 : Operation 214 [1/1] (0.00ns)   --->   "%data_mem_info_1_loa = load i32* %data_mem_info_1" [../telepathy/hlsSources/dariusController.cpp:89]
ST_17 : Operation 215 [1/1] (0.00ns)   --->   "%data_mem_info_1_1_l = load i32* %data_mem_info_1_1" [../telepathy/hlsSources/dariusController.cpp:89]
ST_17 : Operation 216 [1/2] (0.69ns)   --->   "%batch_size = load i32* %darius_info_addr, align 4" [../telepathy/hlsSources/dariusController.cpp:70]   --->   Core 37 'RAM' <Latency = 1> <II = 1> <Delay = 0.69> <Storage> <Opcode : 'load' 'store'> <Ports = 2> <Width = 32> <Depth = 7> <RAM>
ST_17 : Operation 217 [1/1] (1.14ns)   --->   "%tmp_11 = icmp ugt i32 %rank, %batch_size" [../telepathy/hlsSources/dariusController.cpp:75]   --->   Core 25 'Cmp' <Latency = 0> <II = 1> <Delay = 0.72> <FuncUnit> <Opcode : 'icmp'> <InPorts = 2> <OutPorts = 1>
ST_17 : Operation 218 [1/1] (1.41ns)   --->   "%prev_rank = add i17 %rank_cast, -1" [../telepathy/hlsSources/dariusController.cpp:78]   --->   Core 14 'AddSub' <Latency = 0> <II = 1> <Delay = 0.83> <FuncUnit> <Opcode : 'add' 'sub'> <InPorts = 2> <OutPorts = 1>
ST_17 : Operation 219 [1/1] (0.39ns)   --->   "%prev_rank_1 = select i1 %tmp_11, i17 %prev_rank, i17 0" [../telepathy/hlsSources/dariusController.cpp:75]   --->   Core 26 'Sel' <Latency = 0> <II = 1> <Delay = 0.39> <FuncUnit> <Opcode : 'select'> <InPorts = 3> <OutPorts = 1>
ST_17 : Operation 220 [1/1] (0.00ns)   --->   "%cumulative_cycle_cou_1 = getelementptr inbounds [1 x i32]* %cumulative_cycle_cou, i64 0, i64 0" [../telepathy/hlsSources/dariusController.cpp:87]
ST_17 : Operation 221 [1/1] (0.00ns)   --->   "%tmp_13 = call i30 @_ssdm_op_PartSelect.i30.i32.i32.i32(i32 %data_mem_info_1_loa, i32 2, i32 31)" [../telepathy/hlsSources/dariusController.cpp:89]
ST_17 : Operation 222 [1/1] (0.00ns)   --->   "%tmp_14 = sext i30 %tmp_13 to i62" [../telepathy/hlsSources/dariusController.cpp:89]
ST_17 : Operation 223 [1/1] (0.00ns)   --->   "%tmp_15 = zext i62 %tmp_14 to i64" [../telepathy/hlsSources/dariusController.cpp:89]
ST_17 : Operation 224 [1/1] (0.00ns)   --->   "%tmp_17 = call i30 @_ssdm_op_PartSelect.i30.i32.i32.i32(i32 %data_mem_info_1_1_l, i32 2, i32 31)" [../telepathy/hlsSources/dariusController.cpp:89]
ST_17 : Operation 225 [1/2] (0.69ns)   --->   "%darius_info_load = load i32* %darius_info_addr_1, align 16" [../telepathy/hlsSources/dariusController.cpp:92]   --->   Core 37 'RAM' <Latency = 1> <II = 1> <Delay = 0.69> <Storage> <Opcode : 'load' 'store'> <Ports = 2> <Width = 32> <Depth = 7> <RAM>
ST_17 : Operation 226 [1/1] (0.00ns)   --->   "%darius_driver_addr = getelementptr i32* %darius_driver, i64 24"
ST_17 : Operation 227 [1/1] (0.00ns)   --->   "br label %._crit_edge10" [../telepathy/hlsSources/dariusController.cpp:87]

 <State 18> : 0.00ns
ST_18 : Operation 228 [2/2] (0.00ns)   --->   "%tmp_19 = call fastcc i1 @MPI_Recv([1 x i32]* %cumulative_cycle_cou, i17 %prev_rank_1) nounwind" [../telepathy/hlsSources/dariusController.cpp:87]   --->   Core 0 '' <Latency = 0> <II = 1> <Delay = 1.00> <Generic> <Opcode : >

 <State 19> : 0.83ns
ST_19 : Operation 229 [1/2] (0.83ns)   --->   "%tmp_19 = call fastcc i1 @MPI_Recv([1 x i32]* %cumulative_cycle_cou, i17 %prev_rank_1) nounwind" [../telepathy/hlsSources/dariusController.cpp:87]   --->   Core 0 '' <Latency = 0> <II = 1> <Delay = 1.00> <Generic> <Opcode : >
ST_19 : Operation 230 [1/1] (0.00ns)   --->   "br i1 %tmp_19, label %4, label %._crit_edge10" [../telepathy/hlsSources/dariusController.cpp:87]

 <State 20> : 0.70ns
ST_20 : Operation 231 [1/1] (0.69ns)   --->   "store i32 0, i32* %cumulative_cycle_cou_1, align 4" [../telepathy/hlsSources/dariusController.cpp:88]   --->   Core 37 'RAM' <Latency = 1> <II = 1> <Delay = 0.69> <Storage> <Opcode : 'load' 'store'> <Ports = 2> <Width = 32> <Depth = 7> <RAM>
ST_20 : Operation 232 [1/1] (0.00ns)   --->   "%prev_rank_1_cast_cas = sext i17 %prev_rank_1 to i18" [../telepathy/hlsSources/dariusController.cpp:75]
ST_20 : Operation 233 [1/1] (0.00ns)   --->   "br label %._crit_edge11" [../telepathy/hlsSources/dariusController.cpp:89]

 <State 21> : 1.97ns
ST_21 : Operation 234 [2/2] (1.96ns)   --->   "%tmp_22 = call fastcc i1 @MPI_Recv.1.2(float* %mem, i64 %tmp_15, i30 %tmp_17, i18 %prev_rank_1_cast_cas)" [../telepathy/hlsSources/dariusController.cpp:89]   --->   Core 0 '' <Latency = 0> <II = 1> <Delay = 1.00> <Generic> <Opcode : >

 <State 22> : 4.38ns
ST_22 : Operation 235 [1/2] (0.83ns)   --->   "%tmp_22 = call fastcc i1 @MPI_Recv.1.2(float* %mem, i64 %tmp_15, i30 %tmp_17, i18 %prev_rank_1_cast_cas)" [../telepathy/hlsSources/dariusController.cpp:89]   --->   Core 0 '' <Latency = 0> <II = 1> <Delay = 1.00> <Generic> <Opcode : >
ST_22 : Operation 236 [1/1] (0.00ns)   --->   "br i1 %tmp_22, label %5, label %._crit_edge11" [../telepathy/hlsSources/dariusController.cpp:89]
ST_22 : Operation 237 [1/1] (4.37ns)   --->   "%darius_driver_addr_r = call i1 @_ssdm_op_WriteReq.ap_bus.i32P(i32* %darius_driver_addr, i32 1)" [../telepathy/hlsSources/dariusController.cpp:92]   --->   Core 8 'AXI4M' <Latency = 4> <II = 1> <Delay = 1.00> <Adapter> <Opcode : 'read' 'write' 'readreq' 'writereq'>
ST_22 : Operation 238 [1/1] (4.37ns)   --->   "call void @_ssdm_op_Write.ap_bus.i32P(i32* %darius_driver_addr, i32 %darius_info_load)" [../telepathy/hlsSources/dariusController.cpp:92]   --->   Core 8 'AXI4M' <Latency = 4> <II = 1> <Delay = 1.00> <Adapter> <Opcode : 'read' 'write' 'readreq' 'writereq'>
ST_22 : Operation 239 [1/1] (0.00ns)   --->   "%darius_driver_addr_1 = getelementptr i32* %darius_driver, i64 28"
ST_22 : Operation 240 [1/1] (0.83ns)   --->   "br label %6" [../telepathy/hlsSources/dariusController.cpp:93]

 <State 23> : 4.38ns
ST_23 : Operation 241 [1/1] (0.00ns)   --->   "%i3 = phi i3 [ 0, %5 ], [ %i_4, %burstWrDataBB ]"
ST_23 : Operation 242 [1/1] (0.72ns)   --->   "%exitcond = icmp eq i3 %i3, -2" [../telepathy/hlsSources/dariusController.cpp:93]   --->   Core 25 'Cmp' <Latency = 0> <II = 1> <Delay = 0.72> <FuncUnit> <Opcode : 'icmp'> <InPorts = 2> <OutPorts = 1>
ST_23 : Operation 243 [1/1] (0.00ns)   --->   "%empty_35 = call i32 (...)* @_ssdm_op_SpecLoopTripCount(i64 6, i64 6, i64 6) nounwind"
ST_23 : Operation 244 [1/1] (0.83ns)   --->   "%i_4 = add i3 %i3, 1" [../telepathy/hlsSources/dariusController.cpp:94]   --->   Core 14 'AddSub' <Latency = 0> <II = 1> <Delay = 0.83> <FuncUnit> <Opcode : 'add' 'sub'> <InPorts = 2> <OutPorts = 1>
ST_23 : Operation 245 [1/1] (0.00ns)   --->   "br i1 %exitcond, label %8, label %7" [../telepathy/hlsSources/dariusController.cpp:93]
ST_23 : Operation 246 [1/1] (0.00ns)   --->   "%tmp_24 = zext i3 %i_4 to i64" [../telepathy/hlsSources/dariusController.cpp:94]
ST_23 : Operation 247 [1/1] (0.00ns)   --->   "%darius_info_addr_3 = getelementptr inbounds [7 x i32]* %darius_info, i64 0, i64 %tmp_24" [../telepathy/hlsSources/dariusController.cpp:94]
ST_23 : Operation 248 [2/2] (0.69ns)   --->   "%darius_info_load_1 = load i32* %darius_info_addr_3, align 4" [../telepathy/hlsSources/dariusController.cpp:94]   --->   Core 37 'RAM' <Latency = 1> <II = 1> <Delay = 0.69> <Storage> <Opcode : 'load' 'store'> <Ports = 2> <Width = 32> <Depth = 7> <RAM>
ST_23 : Operation 249 [1/1] (0.72ns)   --->   "%is_0iter = icmp eq i3 %i3, 0" [../telepathy/hlsSources/dariusController.cpp:94]   --->   Core 25 'Cmp' <Latency = 0> <II = 1> <Delay = 0.72> <FuncUnit> <Opcode : 'icmp'> <InPorts = 2> <OutPorts = 1>
ST_23 : Operation 250 [1/1] (4.37ns)   --->   "%darius_driver_req = call i1 @_ssdm_op_WriteReq.ap_bus.i32P(i32* %darius_driver, i32 1)" [../telepathy/hlsSources/dariusController.cpp:95]   --->   Core 8 'AXI4M' <Latency = 4> <II = 1> <Delay = 1.00> <Adapter> <Opcode : 'read' 'write' 'readreq' 'writereq'>
ST_23 : Operation 251 [1/1] (4.37ns)   --->   "call void @_ssdm_op_Write.ap_bus.i32P(i32* %darius_driver, i32 1)" [../telepathy/hlsSources/dariusController.cpp:95]   --->   Core 8 'AXI4M' <Latency = 4> <II = 1> <Delay = 1.00> <Adapter> <Opcode : 'read' 'write' 'readreq' 'writereq'>
ST_23 : Operation 252 [1/1] (0.00ns)   --->   "br label %9" [../telepathy/hlsSources/dariusController.cpp:96]

 <State 24> : 0.70ns
ST_24 : Operation 253 [1/2] (0.69ns)   --->   "%darius_info_load_1 = load i32* %darius_info_addr_3, align 4" [../telepathy/hlsSources/dariusController.cpp:94]   --->   Core 37 'RAM' <Latency = 1> <II = 1> <Delay = 0.69> <Storage> <Opcode : 'load' 'store'> <Ports = 2> <Width = 32> <Depth = 7> <RAM>
ST_24 : Operation 254 [1/1] (0.00ns)   --->   "br i1 %is_0iter, label %burstWrReqBB, label %burstWrDataBB" [../telepathy/hlsSources/dariusController.cpp:94]

 <State 25> : 4.38ns
ST_25 : Operation 255 [1/1] (4.37ns)   --->   "%darius_driver_addr_1_1 = call i1 @_ssdm_op_WriteReq.ap_bus.i32P(i32* %darius_driver_addr_1, i32 6)" [../telepathy/hlsSources/dariusController.cpp:94]   --->   Core 8 'AXI4M' <Latency = 4> <II = 1> <Delay = 1.00> <Adapter> <Opcode : 'read' 'write' 'readreq' 'writereq'>
ST_25 : Operation 256 [1/1] (0.00ns)   --->   "br label %burstWrDataBB"
ST_25 : Operation 257 [1/1] (4.37ns)   --->   "call void @_ssdm_op_Write.ap_bus.i32P(i32* %darius_driver_addr_1, i32 %darius_info_load_1)" [../telepathy/hlsSources/dariusController.cpp:94]   --->   Core 8 'AXI4M' <Latency = 4> <II = 1> <Delay = 1.00> <Adapter> <Opcode : 'read' 'write' 'readreq' 'writereq'>
ST_25 : Operation 258 [1/1] (0.00ns)   --->   "br label %6" [../telepathy/hlsSources/dariusController.cpp:93]

 <State 26> : 0.00ns
ST_26 : Operation 259 [1/1] (0.00ns)   --->   "br label %9" [../telepathy/hlsSources/dariusController.cpp:96]


============================================================
+ Verbose Summary: Timing violations
============================================================
Target clock period: 5ns, clock uncertainty: 0.625ns.

 <State 1>: 0ns
The critical path consists of the following:

 <State 2>: 0ns
The critical path consists of the following:

 <State 3>: 2.42ns
The critical path consists of the following:
	'call' operation ('call_ret1') to 'MPI_Recv.1.2211' [69]  (1.27 ns)
	'icmp' operation ('tmp_s', ../telepathy/hlsSources/dariusController.cpp:54) [73]  (1.14 ns)

 <State 4>: 3.52ns
The critical path consists of the following:
	'phi' operation ('i') with incoming values : ('i', ../telepathy/hlsSources/dariusController.cpp:55) [82]  (0 ns)
	'select' operation ('x', ../telepathy/hlsSources/dariusController.cpp:56) [91]  (0.44 ns)
	'add' operation ('sh', /wrk/2018.1/nightly/2018_04_04_2188600/src/products/hls/src/technology/autopilot/header_files/utils/x_hls_utils.h:302->/wrk/2018.1/nightly/2018_04_04_2188600/src/products/hls/hls_lib/hlsmath/src/../include/internal/hls_round.h:286->/wrk/2018.1/nightly/2018_04_04_2188600/src/products/hls/hls_lib/hlsmath/src/../include/internal/hls_round.h:368->/wrk/2018.1/nightly/2018_04_04_2188600/src/products/hls/hls_lib/hlsmath/src/lib_floatconversion.cpp:49->../telepathy/hlsSources/dariusController.cpp:56) [99]  (1.28 ns)
	'select' operation ('sh', /wrk/2018.1/nightly/2018_04_04_2188600/src/products/hls/hls_lib/hlsmath/src/../include/internal/hls_round.h:286->/wrk/2018.1/nightly/2018_04_04_2188600/src/products/hls/hls_lib/hlsmath/src/../include/internal/hls_round.h:368->/wrk/2018.1/nightly/2018_04_04_2188600/src/products/hls/hls_lib/hlsmath/src/lib_floatconversion.cpp:49->../telepathy/hlsSources/dariusController.cpp:56) [103]  (0.298 ns)
	'shl' operation ('tmp_1_i_i_i', /wrk/2018.1/nightly/2018_04_04_2188600/src/products/hls/hls_lib/hlsmath/src/../include/internal/hls_round.h:286->/wrk/2018.1/nightly/2018_04_04_2188600/src/products/hls/hls_lib/hlsmath/src/../include/internal/hls_round.h:368->/wrk/2018.1/nightly/2018_04_04_2188600/src/products/hls/hls_lib/hlsmath/src/lib_floatconversion.cpp:49->../telepathy/hlsSources/dariusController.cpp:56) [108]  (0 ns)
	'select' operation ('__Val2__', /wrk/2018.1/nightly/2018_04_04_2188600/src/products/hls/hls_lib/hlsmath/src/../include/internal/hls_round.h:286->/wrk/2018.1/nightly/2018_04_04_2188600/src/products/hls/hls_lib/hlsmath/src/../include/internal/hls_round.h:368->/wrk/2018.1/nightly/2018_04_04_2188600/src/products/hls/hls_lib/hlsmath/src/lib_floatconversion.cpp:49->../telepathy/hlsSources/dariusController.cpp:56) [112]  (1.5 ns)

 <State 5>: 2.37ns
The critical path consists of the following:
	'sub' operation ('p_Val2_i_i_i', /wrk/2018.1/nightly/2018_04_04_2188600/src/products/hls/hls_lib/hlsmath/src/../include/internal/hls_round.h:318->/wrk/2018.1/nightly/2018_04_04_2188600/src/products/hls/hls_lib/hlsmath/src/../include/internal/hls_round.h:368->/wrk/2018.1/nightly/2018_04_04_2188600/src/products/hls/hls_lib/hlsmath/src/lib_floatconversion.cpp:49->../telepathy/hlsSources/dariusController.cpp:56) [113]  (1.49 ns)
	'select' operation ('__Val2__', /wrk/2018.1/nightly/2018_04_04_2188600/src/products/hls/hls_lib/hlsmath/src/../include/internal/hls_round.h:318->/wrk/2018.1/nightly/2018_04_04_2188600/src/products/hls/hls_lib/hlsmath/src/../include/internal/hls_round.h:368->/wrk/2018.1/nightly/2018_04_04_2188600/src/products/hls/hls_lib/hlsmath/src/lib_floatconversion.cpp:49->../telepathy/hlsSources/dariusController.cpp:56) [114]  (0.44 ns)
	'select' operation ('parameter_mem_info[1]', ../telepathy/hlsSources/dariusController.cpp:56) [116]  (0.44 ns)
	'store' operation (../telepathy/hlsSources/dariusController.cpp:56) of variable 'parameter_mem_info[1]', ../telepathy/hlsSources/dariusController.cpp:56 on local variable 'parameter_mem_info[1]' [118]  (0 ns)

 <State 6>: 1.97ns
The critical path consists of the following:
	'call' operation ('tmp_12', ../telepathy/hlsSources/dariusController.cpp:59) to 'MPI_Recv.1.2' [129]  (1.97 ns)

 <State 7>: 0.835ns
The critical path consists of the following:
	'call' operation ('tmp_12', ../telepathy/hlsSources/dariusController.cpp:59) to 'MPI_Recv.1.2' [129]  (0.835 ns)

 <State 8>: 0ns
The critical path consists of the following:

 <State 9>: 2.42ns
The critical path consists of the following:
	'call' operation ('call_ret') to 'MPI_Recv.1.2210' [142]  (1.27 ns)
	'icmp' operation ('tmp_9', ../telepathy/hlsSources/dariusController.cpp:61) [148]  (1.14 ns)

 <State 10>: 3.68ns
The critical path consists of the following:
	'phi' operation ('i') with incoming values : ('i', ../telepathy/hlsSources/dariusController.cpp:62) [159]  (0 ns)
	'mux' operation ('x', ../telepathy/hlsSources/dariusController.cpp:62) [166]  (0.593 ns)
	'add' operation ('sh', /wrk/2018.1/nightly/2018_04_04_2188600/src/products/hls/src/technology/autopilot/header_files/utils/x_hls_utils.h:302->/wrk/2018.1/nightly/2018_04_04_2188600/src/products/hls/hls_lib/hlsmath/src/../include/internal/hls_round.h:286->/wrk/2018.1/nightly/2018_04_04_2188600/src/products/hls/hls_lib/hlsmath/src/../include/internal/hls_round.h:368->/wrk/2018.1/nightly/2018_04_04_2188600/src/products/hls/hls_lib/hlsmath/src/lib_floatconversion.cpp:49->../telepathy/hlsSources/dariusController.cpp:63) [174]  (1.28 ns)
	'select' operation ('sh', /wrk/2018.1/nightly/2018_04_04_2188600/src/products/hls/hls_lib/hlsmath/src/../include/internal/hls_round.h:286->/wrk/2018.1/nightly/2018_04_04_2188600/src/products/hls/hls_lib/hlsmath/src/../include/internal/hls_round.h:368->/wrk/2018.1/nightly/2018_04_04_2188600/src/products/hls/hls_lib/hlsmath/src/lib_floatconversion.cpp:49->../telepathy/hlsSources/dariusController.cpp:63) [178]  (0.298 ns)
	'lshr' operation ('tmp_9_i_i_i1', /wrk/2018.1/nightly/2018_04_04_2188600/src/products/hls/hls_lib/hlsmath/src/../include/internal/hls_round.h:286->/wrk/2018.1/nightly/2018_04_04_2188600/src/products/hls/hls_lib/hlsmath/src/../include/internal/hls_round.h:368->/wrk/2018.1/nightly/2018_04_04_2188600/src/products/hls/hls_lib/hlsmath/src/lib_floatconversion.cpp:49->../telepathy/hlsSources/dariusController.cpp:63) [182]  (0 ns)
	'select' operation ('__Val2__', /wrk/2018.1/nightly/2018_04_04_2188600/src/products/hls/hls_lib/hlsmath/src/../include/internal/hls_round.h:286->/wrk/2018.1/nightly/2018_04_04_2188600/src/products/hls/hls_lib/hlsmath/src/../include/internal/hls_round.h:368->/wrk/2018.1/nightly/2018_04_04_2188600/src/products/hls/hls_lib/hlsmath/src/lib_floatconversion.cpp:49->../telepathy/hlsSources/dariusController.cpp:63) [187]  (1.5 ns)

 <State 11>: 1.93ns
The critical path consists of the following:
	'sub' operation ('p_Val2_i_i_i1', /wrk/2018.1/nightly/2018_04_04_2188600/src/products/hls/hls_lib/hlsmath/src/../include/internal/hls_round.h:318->/wrk/2018.1/nightly/2018_04_04_2188600/src/products/hls/hls_lib/hlsmath/src/../include/internal/hls_round.h:368->/wrk/2018.1/nightly/2018_04_04_2188600/src/products/hls/hls_lib/hlsmath/src/lib_floatconversion.cpp:49->../telepathy/hlsSources/dariusController.cpp:63) [188]  (1.49 ns)
	'select' operation ('__Val2__', /wrk/2018.1/nightly/2018_04_04_2188600/src/products/hls/hls_lib/hlsmath/src/../include/internal/hls_round.h:318->/wrk/2018.1/nightly/2018_04_04_2188600/src/products/hls/hls_lib/hlsmath/src/../include/internal/hls_round.h:368->/wrk/2018.1/nightly/2018_04_04_2188600/src/products/hls/hls_lib/hlsmath/src/lib_floatconversion.cpp:49->../telepathy/hlsSources/dariusController.cpp:63) [189]  (0.44 ns)
	'store' operation (../telepathy/hlsSources/dariusController.cpp:63) of variable '__Val2__', /wrk/2018.1/nightly/2018_04_04_2188600/src/products/hls/hls_lib/hlsmath/src/../include/internal/hls_round.h:318->/wrk/2018.1/nightly/2018_04_04_2188600/src/products/hls/hls_lib/hlsmath/src/../include/internal/hls_round.h:368->/wrk/2018.1/nightly/2018_04_04_2188600/src/products/hls/hls_lib/hlsmath/src/lib_floatconversion.cpp:49->../telepathy/hlsSources/dariusController.cpp:63 on local variable 'data_mem_info[1]' [192]  (0 ns)

 <State 12>: 0ns
The critical path consists of the following:

 <State 13>: 0.835ns
The critical path consists of the following:
	'call' operation ('tmp_10') to 'MPI_Recv.1.1' [202]  (0.835 ns)

 <State 14>: 0.836ns
The critical path consists of the following:
	'phi' operation ('i') with incoming values : ('i', ../telepathy/hlsSources/dariusController.cpp:67) [207]  (0 ns)
	'add' operation ('i', ../telepathy/hlsSources/dariusController.cpp:67) [210]  (0.836 ns)

 <State 15>: 3.78ns
The critical path consists of the following:
	'load' operation ('x', ../telepathy/hlsSources/dariusController.cpp:68) on array 'darius_info_float' [215]  (0.698 ns)
	'add' operation ('sh', /wrk/2018.1/nightly/2018_04_04_2188600/src/products/hls/src/technology/autopilot/header_files/utils/x_hls_utils.h:302->/wrk/2018.1/nightly/2018_04_04_2188600/src/products/hls/hls_lib/hlsmath/src/../include/internal/hls_round.h:286->/wrk/2018.1/nightly/2018_04_04_2188600/src/products/hls/hls_lib/hlsmath/src/../include/internal/hls_round.h:368->/wrk/2018.1/nightly/2018_04_04_2188600/src/products/hls/hls_lib/hlsmath/src/lib_floatconversion.cpp:49->../telepathy/hlsSources/dariusController.cpp:68) [223]  (1.28 ns)
	'select' operation ('sh', /wrk/2018.1/nightly/2018_04_04_2188600/src/products/hls/hls_lib/hlsmath/src/../include/internal/hls_round.h:286->/wrk/2018.1/nightly/2018_04_04_2188600/src/products/hls/hls_lib/hlsmath/src/../include/internal/hls_round.h:368->/wrk/2018.1/nightly/2018_04_04_2188600/src/products/hls/hls_lib/hlsmath/src/lib_floatconversion.cpp:49->../telepathy/hlsSources/dariusController.cpp:68) [227]  (0.298 ns)
	'lshr' operation ('tmp_9_i_i_i2', /wrk/2018.1/nightly/2018_04_04_2188600/src/products/hls/hls_lib/hlsmath/src/../include/internal/hls_round.h:286->/wrk/2018.1/nightly/2018_04_04_2188600/src/products/hls/hls_lib/hlsmath/src/../include/internal/hls_round.h:368->/wrk/2018.1/nightly/2018_04_04_2188600/src/products/hls/hls_lib/hlsmath/src/lib_floatconversion.cpp:49->../telepathy/hlsSources/dariusController.cpp:68) [231]  (0 ns)
	'select' operation ('__Val2__', /wrk/2018.1/nightly/2018_04_04_2188600/src/products/hls/hls_lib/hlsmath/src/../include/internal/hls_round.h:286->/wrk/2018.1/nightly/2018_04_04_2188600/src/products/hls/hls_lib/hlsmath/src/../include/internal/hls_round.h:368->/wrk/2018.1/nightly/2018_04_04_2188600/src/products/hls/hls_lib/hlsmath/src/lib_floatconversion.cpp:49->../telepathy/hlsSources/dariusController.cpp:68) [236]  (1.5 ns)

 <State 16>: 2.62ns
The critical path consists of the following:
	'sub' operation ('p_Val2_i_i_i2', /wrk/2018.1/nightly/2018_04_04_2188600/src/products/hls/hls_lib/hlsmath/src/../include/internal/hls_round.h:318->/wrk/2018.1/nightly/2018_04_04_2188600/src/products/hls/hls_lib/hlsmath/src/../include/internal/hls_round.h:368->/wrk/2018.1/nightly/2018_04_04_2188600/src/products/hls/hls_lib/hlsmath/src/lib_floatconversion.cpp:49->../telepathy/hlsSources/dariusController.cpp:68) [237]  (1.49 ns)
	'select' operation ('__Val2__', /wrk/2018.1/nightly/2018_04_04_2188600/src/products/hls/hls_lib/hlsmath/src/../include/internal/hls_round.h:318->/wrk/2018.1/nightly/2018_04_04_2188600/src/products/hls/hls_lib/hlsmath/src/../include/internal/hls_round.h:368->/wrk/2018.1/nightly/2018_04_04_2188600/src/products/hls/hls_lib/hlsmath/src/lib_floatconversion.cpp:49->../telepathy/hlsSources/dariusController.cpp:68) [238]  (0.44 ns)
	'store' operation (../telepathy/hlsSources/dariusController.cpp:68) of variable '__Val2__', /wrk/2018.1/nightly/2018_04_04_2188600/src/products/hls/hls_lib/hlsmath/src/../include/internal/hls_round.h:318->/wrk/2018.1/nightly/2018_04_04_2188600/src/products/hls/hls_lib/hlsmath/src/../include/internal/hls_round.h:368->/wrk/2018.1/nightly/2018_04_04_2188600/src/products/hls/hls_lib/hlsmath/src/lib_floatconversion.cpp:49->../telepathy/hlsSources/dariusController.cpp:68 on array 'darius_info', ../telepathy/hlsSources/dariusController.cpp:42 [240]  (0.698 ns)

 <State 17>: 2.23ns
The critical path consists of the following:
	'load' operation ('batch_size', ../telepathy/hlsSources/dariusController.cpp:70) on array 'darius_info', ../telepathy/hlsSources/dariusController.cpp:42 [246]  (0.698 ns)
	'icmp' operation ('tmp_11', ../telepathy/hlsSources/dariusController.cpp:75) [247]  (1.14 ns)
	'select' operation ('prev_rank', ../telepathy/hlsSources/dariusController.cpp:75) [249]  (0.396 ns)

 <State 18>: 0ns
The critical path consists of the following:

 <State 19>: 0.835ns
The critical path consists of the following:
	'call' operation ('tmp_19', ../telepathy/hlsSources/dariusController.cpp:87) to 'MPI_Recv' [260]  (0.835 ns)

 <State 20>: 0.698ns
The critical path consists of the following:
	'store' operation (../telepathy/hlsSources/dariusController.cpp:88) of constant 0 on array 'cumulative_cycle_count', ../telepathy/hlsSources/dariusController.cpp:43 [263]  (0.698 ns)

 <State 21>: 1.97ns
The critical path consists of the following:
	'call' operation ('tmp_22', ../telepathy/hlsSources/dariusController.cpp:89) to 'MPI_Recv.1.2' [267]  (1.97 ns)

 <State 22>: 4.38ns
The critical path consists of the following:
	bus request on port 'darius_driver' (../telepathy/hlsSources/dariusController.cpp:92) [270]  (4.38 ns)

 <State 23>: 4.38ns
The critical path consists of the following:
	bus request on port 'darius_driver' (../telepathy/hlsSources/dariusController.cpp:95) [293]  (4.38 ns)

 <State 24>: 0.698ns
The critical path consists of the following:
	'load' operation ('darius_info_load_1', ../telepathy/hlsSources/dariusController.cpp:94) on array 'darius_info', ../telepathy/hlsSources/dariusController.cpp:42 [283]  (0.698 ns)

 <State 25>: 4.38ns
The critical path consists of the following:
	bus request on port 'darius_driver' (../telepathy/hlsSources/dariusController.cpp:94) [287]  (4.38 ns)

 <State 26>: 0ns
The critical path consists of the following:


============================================================
+ Verbose Summary: Binding
============================================================
N/A
* FSMD analyzer results:
  - Output states:
 - Input state : 
  - Chain level:
	State 1
	State 2
	State 3
	State 4
	State 5
	State 6
	State 7
	State 8
	State 9
	State 10
	State 11
	State 12
	State 13
	State 14
	State 15
	State 16
	State 17
	State 18
	State 19
	State 20
	State 21
	State 22
	State 23
	State 24
	State 25
	State 26


============================================================
+ Verbose Summary: Datapath Resource usage 
============================================================
N/A
