

================================================================
== Vivado HLS Report for 'fireWall64'
================================================================
* Date:           Fri Jun 30 19:07:49 2017

* Version:        2016.4 (Build 1756540 on Mon Jan 23 19:31:01 MST 2017)
* Project:        fireWall64
* Solution:       solution1
* Product family: kintexu
* Target device:  xcku115-flva1517-2-e


================================================================
== Performance Estimates
================================================================
+ Timing (ns): 
    * Summary: 
    +--------+-------+----------+------------+
    |  Clock | Target| Estimated| Uncertainty|
    +--------+-------+----------+------------+
    |ap_clk  |   5.00|      1.51|        0.62|
    +--------+-------+----------+------------+

+ Latency (clock cycles): 
    * Summary: 
    +-----+-----+-----+-----+---------+
    |  Latency  |  Interval | Pipeline|
    | min | max | min | max |   Type  |
    +-----+-----+-----+-----+---------+
    |    ?|    ?|    ?|    ?|   none  |
    +-----+-----+-----+-----+---------+

    + Detail: 
        * Instance: 
        N/A

        * Loop: 
        +-------------+-----+-----+----------+-----------+-----------+------+----------+
        |             |  Latency  | Iteration|  Initiation Interval  | Trip |          |
        |  Loop Name  | min | max |  Latency |  achieved |   target  | Count| Pipelined|
        +-------------+-----+-----+----------+-----------+-----------+------+----------+
        |- Loop 1     |    ?|    ?|         ?|          -|          -|  inf |    no    |
        | + Loop 1.1  |    4|    4|         2|          -|          -|     2|    no    |
        | + Loop 1.2  |    ?|    ?|         2|          -|          -|     ?|    no    |
        +-------------+-----+-----+----------+-----------+-----------+------+----------+

============================================================
+ Verbose Summary: Synthesis Manager
============================================================
InlineROM: 1
ExposeGlobal: 0
============================================================
+ Verbose Summary: CDFG Model
============================================================
IsTopModel: 1
ResetActiveHigh: 1
IsCombinational: 0
IsDatapathOnly: 0
HasWiredReturn: 0
HasMFsm: 0
HasVarLatency: 1
IsPipeline: 0
IsRtlPipelined: 0
IsInstanceOverlapped: 0
IsDontTouch: 0
HasImplIP: 0
IsGatedGlobalClock: 0


============================================================
+ Verbose Summary: Schedule
============================================================
* Number of FSM states: 6
* Pipeline: 0
* Dataflow Pipeline: 0

* FSM state transitions: 
1 --> 
	2  / true
2 --> 
	3  / true
3 --> 
	4  / (!exitcond)
	5  / (exitcond)
4 --> 
	3  / true
5 --> 
	6  / true
6 --> 
	5  / (!tmp_last_V)
	2  / (tmp_last_V)
* FSM state operations: 

 <State 1>: 0.00ns
ST_1: p_Val2_s (10)  [1/1] 0.00ns
:0  %p_Val2_s = alloca i64

ST_1: StgValue_8 (11)  [1/1] 0.00ns
:1  call void (...)* @_ssdm_op_SpecBitsMap(i48* %eth_address_V), !map !124

ST_1: StgValue_9 (12)  [1/1] 0.00ns
:2  call void (...)* @_ssdm_op_SpecBitsMap(i64* %stream_in_V_data_V), !map !128

ST_1: StgValue_10 (13)  [1/1] 0.00ns
:3  call void (...)* @_ssdm_op_SpecBitsMap(i1* %stream_in_V_last_V), !map !132

ST_1: StgValue_11 (14)  [1/1] 0.00ns
:4  call void (...)* @_ssdm_op_SpecBitsMap(i64* %stream_out_V_data_V), !map !136

ST_1: StgValue_12 (15)  [1/1] 0.00ns
:5  call void (...)* @_ssdm_op_SpecBitsMap(i8* %stream_out_V_dest_V), !map !140

ST_1: StgValue_13 (16)  [1/1] 0.00ns
:6  call void (...)* @_ssdm_op_SpecBitsMap(i1* %stream_out_V_last_V), !map !144

ST_1: StgValue_14 (17)  [1/1] 0.00ns
:7  call void (...)* @_ssdm_op_SpecBitsMap(i48* %observedAddress_out_V), !map !148

ST_1: StgValue_15 (18)  [1/1] 0.00ns
:8  call void (...)* @_ssdm_op_SpecBitsMap(i16* %dest_out_V), !map !152

ST_1: StgValue_16 (19)  [1/1] 0.00ns
:9  call void (...)* @_ssdm_op_SpecBitsMap(i1* %match_out_V), !map !156

ST_1: StgValue_17 (20)  [1/1] 0.00ns
:10  call void (...)* @_ssdm_op_SpecTopModule([11 x i8]* @fireWall64_str) nounwind

ST_1: StgValue_18 (21)  [1/1] 0.00ns  loc: ../hlsSources/srcs/fireWall64.cpp:43
:11  call void (...)* @_ssdm_op_SpecInterface(i32 0, [13 x i8]* @p_str, i32 0, i32 0, [1 x i8]* @p_str1, i32 0, i32 0, [1 x i8]* @p_str1, [1 x i8]* @p_str1, [1 x i8]* @p_str1, i32 0, i32 0, i32 0, i32 0, [1 x i8]* @p_str1, [1 x i8]* @p_str1) nounwind

ST_1: StgValue_19 (22)  [1/1] 0.00ns  loc: ../hlsSources/srcs/fireWall64.cpp:43
:12  call void (...)* @_ssdm_op_SpecInterface(i64* %stream_out_V_data_V, i8* %stream_out_V_dest_V, i1* %stream_out_V_last_V, [5 x i8]* @p_str2, i32 1, i32 1, [5 x i8]* @p_str3, i32 0, i32 0, [1 x i8]* @p_str1, [1 x i8]* @p_str1, [1 x i8]* @p_str1, i32 0, i32 0, i32 0, i32 0, [1 x i8]* @p_str1, [1 x i8]* @p_str1) nounwind

ST_1: StgValue_20 (23)  [1/1] 0.00ns  loc: ../hlsSources/srcs/fireWall64.cpp:43
:13  call void (...)* @_ssdm_op_SpecInterface(i64* %stream_in_V_data_V, i1* %stream_in_V_last_V, [5 x i8]* @p_str2, i32 1, i32 1, [5 x i8]* @p_str3, i32 0, i32 0, [1 x i8]* @p_str1, [1 x i8]* @p_str1, [1 x i8]* @p_str1, i32 0, i32 0, i32 0, i32 0, [1 x i8]* @p_str1, [1 x i8]* @p_str1) nounwind

ST_1: StgValue_21 (24)  [1/1] 0.00ns  loc: ../hlsSources/srcs/fireWall64.cpp:43
:14  call void (...)* @_ssdm_op_SpecInterface(i48* %eth_address_V, [8 x i8]* @p_str4, i32 0, i32 0, [1 x i8]* @p_str1, i32 0, i32 0, [1 x i8]* @p_str1, [1 x i8]* @p_str1, [1 x i8]* @p_str1, i32 0, i32 0, i32 0, i32 0, [1 x i8]* @p_str1, [1 x i8]* @p_str1) nounwind

ST_1: StgValue_22 (25)  [1/1] 0.00ns  loc: ../hlsSources/srcs/fireWall64.cpp:62
:15  br label %1


 <State 2>: 0.89ns
ST_2: loop_begin (27)  [1/1] 0.00ns
:0  %loop_begin = call i32 (...)* @_ssdm_op_SpecLoopBegin() nounwind

ST_2: tmp_1 (28)  [1/1] 0.00ns  loc: ../hlsSources/srcs/fireWall64.cpp:62
:1  %tmp_1 = call i32 (...)* @_ssdm_op_SpecRegionBegin([12 x i8]* @p_str5)

ST_2: StgValue_25 (29)  [1/1] 0.89ns  loc: ../hlsSources/srcs/fireWall64.cpp:65
:2  br label %2


 <State 3>: 1.51ns
ST_3: i (31)  [1/1] 0.00ns
:0  %i = phi i2 [ 0, %1 ], [ %i_1, %3 ]

ST_3: exitcond (32)  [1/1] 0.76ns  loc: ../hlsSources/srcs/fireWall64.cpp:65
:1  %exitcond = icmp eq i2 %i, -2

ST_3: empty (33)  [1/1] 0.00ns
:2  %empty = call i32 (...)* @_ssdm_op_SpecLoopTripCount(i64 2, i64 2, i64 2)

ST_3: i_1 (34)  [1/1] 0.43ns  loc: ../hlsSources/srcs/fireWall64.cpp:65
:3  %i_1 = add i2 %i, 1

ST_3: StgValue_30 (35)  [1/1] 0.00ns  loc: ../hlsSources/srcs/fireWall64.cpp:65
:4  br i1 %exitcond, label %.critedge, label %3

ST_3: empty_5 (38)  [2/2] 0.00ns  loc: ../hlsSources/srcs/fireWall64.cpp:66
:1  %empty_5 = call { i64, i1 } @_ssdm_op_Read.axis.volatile.i64P.i1P(i64* %stream_in_V_data_V, i1* %stream_in_V_last_V)

ST_3: p_Val2_load (45)  [1/1] 0.00ns
.critedge:0  %p_Val2_load = load i64* %p_Val2_s

ST_3: tmp_2 (46)  [1/1] 0.00ns
.critedge:1  %tmp_2 = call i8 @_ssdm_op_PartSelect.i8.i64.i32.i32(i64 %p_Val2_load, i32 40, i32 47)

ST_3: tmp_3 (47)  [1/1] 0.00ns
.critedge:2  %tmp_3 = call i8 @_ssdm_op_PartSelect.i8.i64.i32.i32(i64 %p_Val2_load, i32 32, i32 39)

ST_3: tmp_4 (48)  [1/1] 0.00ns
.critedge:3  %tmp_4 = call i8 @_ssdm_op_PartSelect.i8.i64.i32.i32(i64 %p_Val2_load, i32 56, i32 63)

ST_3: tmp_5 (49)  [1/1] 0.00ns
.critedge:4  %tmp_5 = call i8 @_ssdm_op_PartSelect.i8.i64.i32.i32(i64 %p_Val2_load, i32 48, i32 55)

ST_3: observedAddress_V (50)  [1/1] 0.00ns  loc: ../hlsSources/srcs/fireWall64.cpp:76
.critedge:5  %observedAddress_V = call i48 @_ssdm_op_BitConcatenate.i48.i8.i8.i8.i8.i16(i8 %tmp_3, i8 %tmp_2, i8 %tmp_5, i8 %tmp_4, i16 0)

ST_3: StgValue_38 (51)  [1/1] 0.00ns  loc: ../hlsSources/srcs/fireWall64.cpp:85
.critedge:6  call void (...)* @_ssdm_op_Wait(i32 1) nounwind

ST_3: eth_address_V_read (52)  [1/1] 0.00ns  loc: ../hlsSources/srcs/fireWall64.cpp:87
.critedge:7  %eth_address_V_read = call i48 @_ssdm_op_Read.ap_none.i48P(i48* %eth_address_V)

ST_3: tmp (53)  [1/1] 1.51ns  loc: ../hlsSources/srcs/fireWall64.cpp:87
.critedge:8  %tmp = icmp eq i48 %observedAddress_V, %eth_address_V_read

ST_3: StgValue_41 (54)  [1/1] 0.00ns  loc: ../hlsSources/srcs/fireWall64.cpp:95
.critedge:9  call void @_ssdm_op_Write.ap_auto.i1P(i1* %match_out_V, i1 %tmp)

ST_3: StgValue_42 (55)  [1/1] 0.00ns  loc: ../hlsSources/srcs/fireWall64.cpp:103
.critedge:10  call void @_ssdm_op_Write.ap_auto.i16P(i16* %dest_out_V, i16 0)

ST_3: StgValue_43 (56)  [1/1] 0.00ns
.critedge:11  br label %._crit_edge


 <State 4>: 0.71ns
ST_4: p_Val2_load_1 (37)  [1/1] 0.00ns  loc: ../hlsSources/srcs/fireWall64.cpp:67
:0  %p_Val2_load_1 = load i64* %p_Val2_s

ST_4: empty_5 (38)  [1/2] 0.00ns  loc: ../hlsSources/srcs/fireWall64.cpp:66
:1  %empty_5 = call { i64, i1 } @_ssdm_op_Read.axis.volatile.i64P.i1P(i64* %stream_in_V_data_V, i1* %stream_in_V_last_V)

ST_4: tmp_data_V_1 (39)  [1/1] 0.00ns  loc: ../hlsSources/srcs/fireWall64.cpp:66 (grouped into LUT with out node p_Val2_1)
:2  %tmp_data_V_1 = extractvalue { i64, i1 } %empty_5, 0

ST_4: tmp_6 (40)  [1/1] 0.00ns  loc: ../hlsSources/srcs/fireWall64.cpp:65 (grouped into LUT with out node p_Val2_1)
:3  %tmp_6 = trunc i2 %i to i1

ST_4: p_Val2_1 (41)  [1/1] 0.71ns  loc: ../hlsSources/srcs/fireWall64.cpp:67 (out node of the LUT)
:4  %p_Val2_1 = select i1 %tmp_6, i64 %p_Val2_load_1, i64 %tmp_data_V_1

ST_4: StgValue_49 (42)  [1/1] 0.00ns  loc: ../hlsSources/srcs/fireWall64.cpp:67
:5  store i64 %p_Val2_1, i64* %p_Val2_s

ST_4: StgValue_50 (43)  [1/1] 0.00ns  loc: ../hlsSources/srcs/fireWall64.cpp:65
:6  br label %2


 <State 5>: 0.00ns
ST_5: empty_6 (58)  [1/1] 0.00ns  loc: ../hlsSources/srcs/fireWall64.cpp:110
._crit_edge:0  %empty_6 = call { i64, i1 } @_ssdm_op_Read.axis.volatile.i64P.i1P(i64* %stream_in_V_data_V, i1* %stream_in_V_last_V)

ST_5: tmp_data_V_2 (59)  [1/1] 0.00ns  loc: ../hlsSources/srcs/fireWall64.cpp:110
._crit_edge:1  %tmp_data_V_2 = extractvalue { i64, i1 } %empty_6, 0

ST_5: tmp_last_V (60)  [1/1] 0.00ns  loc: ../hlsSources/srcs/fireWall64.cpp:110
._crit_edge:2  %tmp_last_V = extractvalue { i64, i1 } %empty_6, 1

ST_5: tmp_14 (61)  [1/1] 0.00ns  loc: ../hlsSources/srcs/fireWall64.cpp:110
._crit_edge:3  %tmp_14 = trunc i64 %tmp_data_V_2 to i8

ST_5: tmp_7 (62)  [1/1] 0.00ns  loc: ../hlsSources/srcs/fireWall64.cpp:110
._crit_edge:4  %tmp_7 = call i8 @_ssdm_op_PartSelect.i8.i64.i32.i32(i64 %tmp_data_V_2, i32 56, i32 63)

ST_5: tmp_8 (63)  [1/1] 0.00ns  loc: ../hlsSources/srcs/fireWall64.cpp:110
._crit_edge:5  %tmp_8 = call i8 @_ssdm_op_PartSelect.i8.i64.i32.i32(i64 %tmp_data_V_2, i32 8, i32 15)

ST_5: tmp_9 (64)  [1/1] 0.00ns  loc: ../hlsSources/srcs/fireWall64.cpp:110
._crit_edge:6  %tmp_9 = call i8 @_ssdm_op_PartSelect.i8.i64.i32.i32(i64 %tmp_data_V_2, i32 24, i32 31)

ST_5: tmp_s (65)  [1/1] 0.00ns  loc: ../hlsSources/srcs/fireWall64.cpp:110
._crit_edge:7  %tmp_s = call i8 @_ssdm_op_PartSelect.i8.i64.i32.i32(i64 %tmp_data_V_2, i32 40, i32 47)

ST_5: tmp_10 (66)  [1/1] 0.00ns  loc: ../hlsSources/srcs/fireWall64.cpp:110
._crit_edge:8  %tmp_10 = call i8 @_ssdm_op_PartSelect.i8.i64.i32.i32(i64 %tmp_data_V_2, i32 16, i32 23)

ST_5: tmp_11 (67)  [1/1] 0.00ns  loc: ../hlsSources/srcs/fireWall64.cpp:110
._crit_edge:9  %tmp_11 = call i8 @_ssdm_op_PartSelect.i8.i64.i32.i32(i64 %tmp_data_V_2, i32 32, i32 39)

ST_5: tmp_12 (68)  [1/1] 0.00ns  loc: ../hlsSources/srcs/fireWall64.cpp:110
._crit_edge:10  %tmp_12 = call i8 @_ssdm_op_PartSelect.i8.i64.i32.i32(i64 %tmp_data_V_2, i32 48, i32 55)

ST_5: x_V (69)  [1/1] 0.00ns  loc: ../hlsSources/srcs/fireWall64.cpp:29->../hlsSources/srcs/fireWall64.cpp:112
._crit_edge:11  %x_V = call i64 @_ssdm_op_BitConcatenate.i64.i8.i8.i8.i8.i8.i8.i8.i8(i8 %tmp_14, i8 %tmp_8, i8 %tmp_10, i8 %tmp_9, i8 %tmp_11, i8 %tmp_s, i8 %tmp_12, i8 %tmp_7)

ST_5: StgValue_63 (70)  [2/2] 0.00ns  loc: ../hlsSources/srcs/fireWall64.cpp:115
._crit_edge:12  call void @_ssdm_op_Write.axis.volatile.i64P.i8P.i1P(i64* %stream_out_V_data_V, i8* %stream_out_V_dest_V, i1* %stream_out_V_last_V, i64 %x_V, i8 0, i1 %tmp_last_V)


 <State 6>: 0.00ns
ST_6: StgValue_64 (70)  [1/2] 0.00ns  loc: ../hlsSources/srcs/fireWall64.cpp:115
._crit_edge:12  call void @_ssdm_op_Write.axis.volatile.i64P.i8P.i1P(i64* %stream_out_V_data_V, i8* %stream_out_V_dest_V, i1* %stream_out_V_last_V, i64 %x_V, i8 0, i1 %tmp_last_V)

ST_6: StgValue_65 (71)  [1/1] 0.00ns  loc: ../hlsSources/srcs/fireWall64.cpp:109
._crit_edge:13  br i1 %tmp_last_V, label %4, label %._crit_edge

ST_6: empty_7 (73)  [1/1] 0.00ns  loc: ../hlsSources/srcs/fireWall64.cpp:121
:0  %empty_7 = call i32 (...)* @_ssdm_op_SpecRegionEnd([12 x i8]* @p_str5, i32 %tmp_1)

ST_6: StgValue_67 (74)  [1/1] 0.00ns  loc: ../hlsSources/srcs/fireWall64.cpp:121
:1  br label %1



============================================================
+ Verbose Summary: Timing violations
============================================================
Target clock period: 5ns, clock uncertainty: 0.625ns.

 <State 1>: 0ns
The critical path consists of the following:

 <State 2>: 0.892ns
The critical path consists of the following:
	multiplexor before 'phi' operation ('i') with incoming values : ('i', ../hlsSources/srcs/fireWall64.cpp:65) [31]  (0.892 ns)

 <State 3>: 1.51ns
The critical path consists of the following:
	'load' operation ('p_Val2_load') on local variable '__Val2__' [45]  (0 ns)
	'icmp' operation ('tmp', ../hlsSources/srcs/fireWall64.cpp:87) [53]  (1.51 ns)

 <State 4>: 0.71ns
The critical path consists of the following:
	'load' operation ('p_Val2_load_1', ../hlsSources/srcs/fireWall64.cpp:67) on local variable '__Val2__' [37]  (0 ns)
	'select' operation ('__Val2__', ../hlsSources/srcs/fireWall64.cpp:67) [41]  (0.71 ns)

 <State 5>: 0ns
The critical path consists of the following:

 <State 6>: 0ns
The critical path consists of the following:


============================================================
+ Verbose Summary: Binding
============================================================
N/A
* FSMD analyzer results:
  - Output states:
 - Input state : 
  - Chain level:
	State 1
	State 2
	State 3
	State 4
	State 5
	State 6


============================================================
+ Verbose Summary: Datapath Resource usage 
============================================================
N/A
