==============================================================
File generated by Vivado(TM) HLS - High-Level Synthesis from C, C++ and SystemC
Version: 2016.4
Copyright (C) 1986-2017 Xilinx, Inc. All Rights Reserved.

==============================================================

@I [SYN-201] Setting up clock 'default' with a period of 5ns.
@I [HLS-10] Setting target device to 'xcku115-flva1517-2-e'
@I [HLS-10] Analyzing design file '../hlsSources/srcs/packetFormatter_hardcode_64.cpp' ... 
@I [HLS-10] Validating synthesis directives ...
@I [HLS-111] Finished Checking Pragmas Time (s): cpu = 00:00:20 ; elapsed = 00:00:09 . Memory (MB): peak = 326.777 ; gain = 12.586 ; free physical = 12538 ; free virtual = 58551
@I [HLS-111] Finished Linking Time (s): cpu = 00:00:20 ; elapsed = 00:00:09 . Memory (MB): peak = 326.777 ; gain = 12.586 ; free physical = 12538 ; free virtual = 58550
@I [HLS-10] Starting code transformations ...
@I [HLS-111] Finished Standard Transforms Time (s): cpu = 00:00:21 ; elapsed = 00:00:10 . Memory (MB): peak = 327.285 ; gain = 13.094 ; free physical = 12528 ; free virtual = 58540
@I [HLS-10] Checking synthesizability ...
@I [HLS-111] Finished Checking Synthesizability Time (s): cpu = 00:00:21 ; elapsed = 00:00:10 . Memory (MB): peak = 327.285 ; gain = 13.094 ; free physical = 12520 ; free virtual = 58532
@I [HLS-111] Finished Pre-synthesis Time (s): cpu = 00:00:21 ; elapsed = 00:00:11 . Memory (MB): peak = 455.227 ; gain = 141.035 ; free physical = 12493 ; free virtual = 58504
@I [HLS-111] Finished Architecture Synthesis Time (s): cpu = 00:00:22 ; elapsed = 00:00:11 . Memory (MB): peak = 455.227 ; gain = 141.035 ; free physical = 12490 ; free virtual = 58501
@I [HLS-10] Starting hardware synthesis ...
@I [HLS-10] Synthesizing 'packetFormatter_hardcode_64' ...
@I [HLS-10] ----------------------------------------------------------------
@I [HLS-10] -- Implementing module 'packetFormatter_hardcode_64' 
@I [HLS-10] ----------------------------------------------------------------
@I [SCHED-11] Starting scheduling ...
@I [SCHED-11] Finished scheduling.
@I [HLS-111]  Elapsed time: 10.91 seconds; current allocated memory: 85.739 MB.
@I [BIND-100] Starting micro-architecture generation ...
@I [BIND-101] Performing variable lifetime analysis.
@I [BIND-101] Exploring resource sharing.
@I [BIND-101] Binding ...
@I [BIND-100] Finished micro-architecture generation.
@I [HLS-111]  Elapsed time: 0.01 seconds; current allocated memory: 85.951 MB.
@I [HLS-10] ----------------------------------------------------------------
@I [HLS-10] -- Generating RTL for module 'packetFormatter_hardcode_64' 
@I [HLS-10] ----------------------------------------------------------------
@I [RTGEN-500] Setting interface mode on port 'packetFormatter_hardcode_64/packetIn_V_data_V' to 'axis' (register, both mode).
@I [RTGEN-500] Setting interface mode on port 'packetFormatter_hardcode_64/packetIn_V_last_V' to 'axis' (register, both mode).
@I [RTGEN-500] Setting interface mode on port 'packetFormatter_hardcode_64/packetIn_V_dest_V' to 'axis' (register, both mode).
@I [RTGEN-500] Setting interface mode on port 'packetFormatter_hardcode_64/packetIn_V_keep_V' to 'axis' (register, both mode).
@I [RTGEN-500] Setting interface mode on port 'packetFormatter_hardcode_64/eth_dst_V' to 'ap_none'.
@I [RTGEN-500] Setting interface mode on port 'packetFormatter_hardcode_64/eth_src_V' to 'ap_none'.
@I [RTGEN-500] Setting interface mode on port 'packetFormatter_hardcode_64/packetOut_V_data_V' to 'axis' (register, both mode).
@I [RTGEN-500] Setting interface mode on port 'packetFormatter_hardcode_64/packetOut_V_last_V' to 'axis' (register, both mode).
@I [RTGEN-500] Setting interface mode on port 'packetFormatter_hardcode_64/packetOut_V_keep_V' to 'axis' (register, both mode).
@I [RTGEN-500] Setting interface mode on function 'packetFormatter_hardcode_64' to 'ap_ctrl_none'.
@I [RTGEN-100] Finished creating RTL model for 'packetFormatter_hardcode_64'.
@I [HLS-111]  Elapsed time: 0.05 seconds; current allocated memory: 86.685 MB.
@I [HLS-111] Finished generating all RTL models Time (s): cpu = 00:00:22 ; elapsed = 00:00:11 . Memory (MB): peak = 455.227 ; gain = 141.035 ; free physical = 12490 ; free virtual = 58501
@I [SYSC-301] Generating SystemC RTL for packetFormatter_hardcode_64.
@I [VHDL-304] Generating VHDL RTL for packetFormatter_hardcode_64.
@I [VLOG-307] Generating Verilog RTL for packetFormatter_hardcode_64.
@I [IMPL-8] Exporting RTL as an IP in IP-XACT.
@I [HLS-10] Opening project '/home/tarafdar/thesis/gitStuff/hlsIP_8k5/packetMaker'.
@I [HLS-10] Adding design file '../hlsSources/srcs/packetMaker.cpp' to the project
@I [HLS-10] Opening solution '/home/tarafdar/thesis/gitStuff/hlsIP_8k5/packetMaker/solution1'.
