

================================================================
== Vivado HLS Report for 'eth_to_app'
================================================================
* Date:           Sun Jun 17 22:50:50 2018

* Version:        2018.1 (Build 2188600 on Wed Apr 04 19:04:02 MDT 2018)
* Project:        ethernet_bridge
* Solution:       solution1
* Product family: kintexu
* Target device:  xcku115-flva1517-2-e


================================================================
== Performance Estimates
================================================================
+ Timing (ns): 
    * Summary: 
    +--------+-------+----------+------------+
    |  Clock | Target| Estimated| Uncertainty|
    +--------+-------+----------+------------+
    |ap_clk  |   4.00|      4.33|        0.50|
    +--------+-------+----------+------------+

+ Latency (clock cycles): 
    * Summary: 
    +-----+-----+-----+-----+----------+
    |  Latency  |  Interval | Pipeline |
    | min | max | min | max |   Type   |
    +-----+-----+-----+-----+----------+
    |    1|    1|    1|    1| function |
    +-----+-----+-----+-----+----------+

    + Detail: 
        * Instance: 
        N/A

        * Loop: 
        N/A



================================================================
== Utilization Estimates
================================================================
* Summary: 
+---------------------+---------+-------+---------+--------+
|         Name        | BRAM_18K| DSP48E|    FF   |   LUT  |
+---------------------+---------+-------+---------+--------+
|DSP                  |        -|      -|        -|       -|
|Expression           |        -|      -|        0|      52|
|FIFO                 |        -|      -|        -|       -|
|Instance             |        -|      -|        -|       -|
|Memory               |        -|      -|        -|       -|
|Multiplexer          |        -|      -|        -|      72|
|Register             |        -|      -|       90|       -|
+---------------------+---------+-------+---------+--------+
|Total                |        0|      0|       90|     124|
+---------------------+---------+-------+---------+--------+
|Available SLR        |     2160|   2760|   663360|  331680|
+---------------------+---------+-------+---------+--------+
|Utilization SLR (%)  |        0|      0|    ~0   |   ~0   |
+---------------------+---------+-------+---------+--------+
|Available            |     4320|   5520|  1326720|  663360|
+---------------------+---------+-------+---------+--------+
|Utilization (%)      |        0|      0|    ~0   |   ~0   |
+---------------------+---------+-------+---------+--------+

+ Detail: 
    * Instance: 
    N/A

    * DSP48: 
    N/A

    * Memory: 
    N/A

    * FIFO: 
    N/A

    * Expression: 
    +----------------------------------+----------+-------+---+----+------------+------------+
    |           Variable Name          | Operation| DSP48E| FF| LUT| Bitwidth P0| Bitwidth P1|
    +----------------------------------+----------+-------+---+----+------------+------------+
    |ap_block_state2_pp0_stage0_iter1  |    and   |      0|  0|   2|           1|           1|
    |ap_condition_102                  |    and   |      0|  0|   2|           1|           1|
    |ap_condition_200                  |    and   |      0|  0|   2|           1|           1|
    |ap_predicate_op15_read_state1     |    and   |      0|  0|   2|           1|           1|
    |ap_predicate_op32_read_state1     |    and   |      0|  0|   2|           1|           1|
    |ap_predicate_op37_read_state1     |    and   |      0|  0|   2|           1|           1|
    |ap_predicate_op59_write_state2    |    and   |      0|  0|   2|           1|           1|
    |ap_predicate_op7_read_state1      |    and   |      0|  0|   2|           1|           1|
    |tmp_i_fu_298_p2                   |   icmp   |      0|  0|  24|          48|          48|
    |ap_block_pp0_stage0_01001         |    or    |      0|  0|   2|           1|           1|
    |ap_block_state1_pp0_stage0_iter0  |    or    |      0|  0|   2|           1|           1|
    |storemerge1_cast_i_c_fu_304_p3    |  select  |      0|  0|   2|           1|           2|
    |storemerge2_cast_i_c_fu_252_p3    |  select  |      0|  0|   2|           1|           1|
    |ap_enable_pp0                     |    xor   |      0|  0|   2|           1|           2|
    |not_tmp_last_V_4_loa_fu_201_p2    |    xor   |      0|  0|   2|           1|           2|
    +----------------------------------+----------+-------+---+----+------------+------------+
    |Total                             |          |      0|  0|  52|          62|          65|
    +----------------------------------+----------+-------+---+----+------------+------------+

    * Multiplexer: 
    +------------------------------------------------+----+-----------+-----+-----------+
    |                      Name                      | LUT| Input Size| Bits| Total Bits|
    +------------------------------------------------+----+-----------+-----+-----------+
    |ap_done                                         |   9|          2|    1|          2|
    |ap_phi_mux_app_packet_out_last_2_phi_fu_122_p4  |  15|          3|    1|          3|
    |from_eth_V_blk_n                                |   9|          2|    1|          2|
    |mac_address_V_blk_n                             |   9|          2|    1|          2|
    |state_V_1                                       |  21|          4|    2|          8|
    |to_app_V_blk_n                                  |   9|          2|    1|          2|
    +------------------------------------------------+----+-----------+-----+-----------+
    |Total                                           |  72|         15|    7|         19|
    +------------------------------------------------+----+-----------+-----+-----------+

    * Register: 
    +-------------------------+---+----+-----+-----------+
    |           Name          | FF| LUT| Bits| Const Bits|
    +-------------------------+---+----+-----+-----------+
    |ap_CS_fsm                |  1|   0|    1|          0|
    |ap_done_reg              |  1|   0|    1|          0|
    |ap_enable_reg_pp0_iter1  |  1|   0|    1|          0|
    |app_packet_out_last_s    |  1|   0|    1|          0|
    |dest_V                   |  8|   0|    8|          0|
    |state_V_1                |  2|   0|    3|          1|
    |state_V_1_load_reg_339   |  2|   0|    3|          1|
    |tmp_11_reg_356           |  8|   0|    8|          0|
    |tmp_12_reg_361           |  8|   0|    8|          0|
    |tmp_13_reg_366           |  8|   0|    8|          0|
    |tmp_14_reg_371           |  8|   0|    8|          0|
    |tmp_15_reg_376           |  8|   0|    8|          0|
    |tmp_16_reg_381           |  8|   0|    8|          0|
    |tmp_17_reg_386           |  8|   0|    8|          0|
    |tmp_18_reg_391           |  8|   0|    8|          0|
    |tmp_19_reg_396           |  8|   0|    8|          0|
    |tmp_2_reg_347            |  1|   0|    1|          0|
    |tmp_last_V_reg_351       |  1|   0|    1|          0|
    +-------------------------+---+----+-----+-----------+
    |Total                    | 90|   0|   92|          2|
    +-------------------------+---+----+-----+-----------+



================================================================
== Interface
================================================================
* Summary: 
+-----------------------+-----+-----+------------+---------------+--------------+
|       RTL Ports       | Dir | Bits|  Protocol  | Source Object |    C Type    |
+-----------------------+-----+-----+------------+---------------+--------------+
|ap_clk                 |  in |    1| ap_ctrl_hs |   eth_to_app  | return value |
|ap_rst                 |  in |    1| ap_ctrl_hs |   eth_to_app  | return value |
|ap_start               |  in |    1| ap_ctrl_hs |   eth_to_app  | return value |
|ap_done                | out |    1| ap_ctrl_hs |   eth_to_app  | return value |
|ap_continue            |  in |    1| ap_ctrl_hs |   eth_to_app  | return value |
|ap_idle                | out |    1| ap_ctrl_hs |   eth_to_app  | return value |
|ap_ready               | out |    1| ap_ctrl_hs |   eth_to_app  | return value |
|mac_address_V_dout     |  in |   48|   ap_fifo  | mac_address_V |    pointer   |
|mac_address_V_empty_n  |  in |    1|   ap_fifo  | mac_address_V |    pointer   |
|mac_address_V_read     | out |    1|   ap_fifo  | mac_address_V |    pointer   |
|from_eth_V_dout        |  in |   73|   ap_fifo  |   from_eth_V  |    pointer   |
|from_eth_V_empty_n     |  in |    1|   ap_fifo  |   from_eth_V  |    pointer   |
|from_eth_V_read        | out |    1|   ap_fifo  |   from_eth_V  |    pointer   |
|to_app_V_din           | out |   81|   ap_fifo  |    to_app_V   |    pointer   |
|to_app_V_full_n        |  in |    1|   ap_fifo  |    to_app_V   |    pointer   |
|to_app_V_write         | out |    1|   ap_fifo  |    to_app_V   |    pointer   |
+-----------------------+-----+-----+------------+---------------+--------------+

