

================================================================
== Vivado HLS Report for 'ethernet_bridge'
================================================================
* Date:           Sun Jun 17 22:50:50 2018

* Version:        2018.1 (Build 2188600 on Wed Apr 04 19:04:02 MDT 2018)
* Project:        ethernet_bridge
* Solution:       solution1
* Product family: kintexu
* Target device:  xcku115-flva1517-2-e


================================================================
== Performance Estimates
================================================================
+ Timing (ns): 
    * Summary: 
    +--------+-------+----------+------------+
    |  Clock | Target| Estimated| Uncertainty|
    +--------+-------+----------+------------+
    |ap_clk  |   4.00|      4.33|        0.50|
    +--------+-------+----------+------------+

+ Latency (clock cycles): 
    * Summary: 
    +-----+-----+-----+-----+----------+
    |  Latency  |  Interval | Pipeline |
    | min | max | min | max |   Type   |
    +-----+-----+-----+-----+----------+
    |    2|    2|    1|    1| dataflow |
    +-----+-----+-----+-----+----------+

    + Detail: 
        * Instance: 
        +-------------------------+----------------------+-----+-----+-----+-----+----------+
        |                         |                      |  Latency  |  Interval | Pipeline |
        |         Instance        |        Module        | min | max | min | max |   Type   |
        +-------------------------+----------------------+-----+-----+-----+-----+----------+
        |app_to_eth_U0            |app_to_eth            |    1|    1|    1|    1| function |
        |eth_to_app_U0            |eth_to_app            |    1|    1|    1|    1| function |
        |ethernet_bridge_entr_U0  |ethernet_bridge_entr  |    0|    0|    0|    0|   none   |
        +-------------------------+----------------------+-----+-----+-----+-----+----------+

        * Loop: 
        N/A



================================================================
== Utilization Estimates
================================================================
* Summary: 
+---------------------+---------+-------+---------+--------+
|         Name        | BRAM_18K| DSP48E|    FF   |   LUT  |
+---------------------+---------+-------+---------+--------+
|DSP                  |        -|      -|        -|       -|
|Expression           |        -|      -|        -|       -|
|FIFO                 |        0|      -|       10|     120|
|Instance             |        -|      -|      472|     278|
|Memory               |        -|      -|        -|       -|
|Multiplexer          |        -|      -|        -|       -|
|Register             |        -|      -|        1|       -|
+---------------------+---------+-------+---------+--------+
|Total                |        0|      0|      483|     398|
+---------------------+---------+-------+---------+--------+
|Available SLR        |     2160|   2760|   663360|  331680|
+---------------------+---------+-------+---------+--------+
|Utilization SLR (%)  |        0|      0|    ~0   |   ~0   |
+---------------------+---------+-------+---------+--------+
|Available            |     4320|   5520|  1326720|  663360|
+---------------------+---------+-------+---------+--------+
|Utilization (%)      |        0|      0|    ~0   |   ~0   |
+---------------------+---------+-------+---------+--------+

+ Detail: 
    * Instance: 
    +-------------------------+----------------------+---------+-------+-----+-----+
    |         Instance        |        Module        | BRAM_18K| DSP48E|  FF | LUT |
    +-------------------------+----------------------+---------+-------+-----+-----+
    |app_to_eth_U0            |app_to_eth            |        0|      0|  380|  125|
    |eth_to_app_U0            |eth_to_app            |        0|      0|   90|  124|
    |ethernet_bridge_entr_U0  |ethernet_bridge_entr  |        0|      0|    2|   29|
    +-------------------------+----------------------+---------+-------+-----+-----+
    |Total                    |                      |        0|      0|  472|  278|
    +-------------------------+----------------------+---------+-------+-----+-----+

    * DSP48: 
    N/A

    * Memory: 
    N/A

    * FIFO: 
    +------------------+---------+---+----+------+-----+---------+
    |       Name       | BRAM_18K| FF| LUT| Depth| Bits| Size:D*B|
    +------------------+---------+---+----+------+-----+---------+
    |mac_addr_V_c42_U  |        0|  5|  60|     2|   48|       96|
    |mac_addr_V_c_U    |        0|  5|  60|     2|   48|       96|
    +------------------+---------+---+----+------+-----+---------+
    |Total             |        0| 10| 120|     4|   96|      192|
    +------------------+---------+---+----+------+-----+---------+

    * Expression: 
    N/A

    * Multiplexer: 
    N/A

    * Register: 
    +------------------------+---+----+-----+-----------+
    |          Name          | FF| LUT| Bits| Const Bits|
    +------------------------+---+----+-----+-----------+
    |eth_to_app_U0_ap_start  |  1|   0|    1|          0|
    +------------------------+---+----+-----+-----------+
    |Total                   |  1|   0|    1|          0|
    +------------------------+---+----+-----+-----------+



================================================================
== Interface
================================================================
* Summary: 
+----------------------+-----+-----+--------------+-----------------+--------------+
|       RTL Ports      | Dir | Bits|   Protocol   |  Source Object  |    C Type    |
+----------------------+-----+-----+--------------+-----------------+--------------+
|to_app_V_din          | out |   81|    ap_fifo   |     to_app_V    |    pointer   |
|to_app_V_full_n       |  in |    1|    ap_fifo   |     to_app_V    |    pointer   |
|to_app_V_write        | out |    1|    ap_fifo   |     to_app_V    |    pointer   |
|from_eth_V_dout       |  in |   73|    ap_fifo   |    from_eth_V   |    pointer   |
|from_eth_V_empty_n    |  in |    1|    ap_fifo   |    from_eth_V   |    pointer   |
|from_eth_V_read       | out |    1|    ap_fifo   |    from_eth_V   |    pointer   |
|from_app_V_dout       |  in |   81|    ap_fifo   |    from_app_V   |    pointer   |
|from_app_V_empty_n    |  in |    1|    ap_fifo   |    from_app_V   |    pointer   |
|from_app_V_read       | out |    1|    ap_fifo   |    from_app_V   |    pointer   |
|to_eth_V_din          | out |   73|    ap_fifo   |     to_eth_V    |    pointer   |
|to_eth_V_full_n       |  in |    1|    ap_fifo   |     to_eth_V    |    pointer   |
|to_eth_V_write        | out |    1|    ap_fifo   |     to_eth_V    |    pointer   |
|mac_addr_V            |  in |   48|    ap_none   |    mac_addr_V   |    scalar    |
|mac_table_V_address0  | out |    8|   ap_memory  |   mac_table_V   |     array    |
|mac_table_V_ce0       | out |    1|   ap_memory  |   mac_table_V   |     array    |
|mac_table_V_d0        | out |   48|   ap_memory  |   mac_table_V   |     array    |
|mac_table_V_q0        |  in |   48|   ap_memory  |   mac_table_V   |     array    |
|mac_table_V_we0       | out |    1|   ap_memory  |   mac_table_V   |     array    |
|mac_table_V_address1  | out |    8|   ap_memory  |   mac_table_V   |     array    |
|mac_table_V_ce1       | out |    1|   ap_memory  |   mac_table_V   |     array    |
|mac_table_V_d1        | out |   48|   ap_memory  |   mac_table_V   |     array    |
|mac_table_V_q1        |  in |   48|   ap_memory  |   mac_table_V   |     array    |
|mac_table_V_we1       | out |    1|   ap_memory  |   mac_table_V   |     array    |
|ap_clk                |  in |    1| ap_ctrl_none | ethernet_bridge | return value |
|ap_rst                |  in |    1| ap_ctrl_none | ethernet_bridge | return value |
+----------------------+-----+-----+--------------+-----------------+--------------+

