

================================================================
== Vivado HLS Report for 'application_bridge'
================================================================
* Date:           Fri Jun 22 15:26:01 2018

* Version:        2018.1 (Build 2188600 on Wed Apr 04 19:04:02 MDT 2018)
* Project:        application_bridge
* Solution:       solution1
* Product family: kintexu
* Target device:  xcku115-flva1517-2-e


================================================================
== Performance Estimates
================================================================
+ Timing (ns): 
    * Summary: 
    +--------+-------+----------+------------+
    |  Clock | Target| Estimated| Uncertainty|
    +--------+-------+----------+------------+
    |ap_clk  |   6.40|     17.22|        0.80|
    +--------+-------+----------+------------+

+ Latency (clock cycles): 
    * Summary: 
    +-----+-----+-----+-----+----------+
    |  Latency  |  Interval | Pipeline |
    | min | max | min | max |   Type   |
    +-----+-----+-----+-----+----------+
    |    1|    1|    1|    1| dataflow |
    +-----+-----+-----+-----+----------+

    + Detail: 
        * Instance: 
        +-----------------------+------------+-----+-----+-----+-----+----------+
        |                       |            |  Latency  |  Interval | Pipeline |
        |        Instance       |   Module   | min | max | min | max |   Type   |
        +-----------------------+------------+-----+-----+-----+-----+----------+
        |grp_app_to_net_fu_74   |app_to_net  |    1|    1|    1|    1| function |
        |grp_net_to_app_fu_104  |net_to_app  |    1|    1|    1|    1| function |
        +-----------------------+------------+-----+-----+-----+-----+----------+

        * Loop: 
        N/A

============================================================
+ Verbose Summary: Synthesis Manager
============================================================
InlineROM: 1
ExposeGlobal: 1
============================================================
+ Verbose Summary: CDFG Model
============================================================
IsTopModel: 1
ResetActiveHigh: 1
IsCombinational: 2
IsDatapathOnly: 0
HasWiredReturn: 1
HasMFsm: 0
HasVarLatency: 1
IsPipeline: 0
IsRtlPipelined: 0
IsInstanceOverlapped: 0
IsDontTouch: 0
HasImplIP: 0
IsGatedGlobalClock: 0


============================================================
+ Verbose Summary: Schedule
============================================================
* Number of FSM states : 2
* Pipeline : 0
* Dataflow Pipeline: 1
  DF-Pipeline-0: Size = 2, States = { 1 2 }

* FSM state transitions: 
1 --> 
	2  / true
2 --> 

* FSM state operations: 

 <State 1> : 0.00ns
ST_1 : Operation 3 [2/2] (0.00ns)   --->   "call fastcc void @net_to_app(i81* %from_net_V, i129* %to_app_V)"   --->   Core 0 '' <Latency = 0> <II = 1> <Delay = 1.00> <Generic> <Opcode : >
ST_1 : Operation 4 [2/2] (0.00ns)   --->   "call fastcc void @app_to_net(i129* %from_app_V, i81* %to_net_V)"   --->   Core 0 '' <Latency = 0> <II = 1> <Delay = 1.00> <Generic> <Opcode : >

 <State 2> : 0.00ns
ST_2 : Operation 5 [1/1] (0.00ns)   --->   "call void (...)* @_ssdm_op_SpecDataflowPipeline(i32 -1, [1 x i8]* @p_str) nounwind" [../HMPI/HLS_lib/application_bridge.cpp:263]
ST_2 : Operation 6 [1/1] (0.00ns)   --->   "call void (...)* @_ssdm_op_SpecInterface(i81* %to_net_V, [8 x i8]* @ap_fifo_str, i32 0, i32 0, [1 x i8]* @p_str, i32 0, i32 0, [1 x i8]* @p_str, [1 x i8]* @p_str, [1 x i8]* @p_str, i32 2, i32 2, i32 16, i32 16, [1 x i8]* @p_str, [1 x i8]* @p_str)"
ST_2 : Operation 7 [1/1] (0.00ns)   --->   "call void (...)* @_ssdm_op_SpecInterface(i81* %from_net_V, [8 x i8]* @ap_fifo_str, i32 0, i32 0, [1 x i8]* @p_str, i32 0, i32 0, [1 x i8]* @p_str, [1 x i8]* @p_str, [1 x i8]* @p_str, i32 2, i32 2, i32 16, i32 16, [1 x i8]* @p_str, [1 x i8]* @p_str)"
ST_2 : Operation 8 [1/1] (0.00ns)   --->   "call void (...)* @_ssdm_op_SpecInterface(i129* %to_app_V, [8 x i8]* @ap_fifo_str, i32 0, i32 0, [1 x i8]* @p_str, i32 0, i32 0, [1 x i8]* @p_str, [1 x i8]* @p_str, [1 x i8]* @p_str, i32 2, i32 2, i32 16, i32 16, [1 x i8]* @p_str, [1 x i8]* @p_str)"
ST_2 : Operation 9 [1/1] (0.00ns)   --->   "call void (...)* @_ssdm_op_SpecInterface(i129* %from_app_V, [8 x i8]* @ap_fifo_str, i32 0, i32 0, [1 x i8]* @p_str, i32 0, i32 0, [1 x i8]* @p_str, [1 x i8]* @p_str, [1 x i8]* @p_str, i32 2, i32 2, i32 16, i32 16, [1 x i8]* @p_str, [1 x i8]* @p_str)"
ST_2 : Operation 10 [1/1] (0.00ns)   --->   "call void (...)* @_ssdm_op_SpecBitsMap(i81* %to_net_V), !map !164"
ST_2 : Operation 11 [1/1] (0.00ns)   --->   "call void (...)* @_ssdm_op_SpecBitsMap(i81* %from_net_V), !map !177"
ST_2 : Operation 12 [1/1] (0.00ns)   --->   "call void (...)* @_ssdm_op_SpecBitsMap(i129* %to_app_V), !map !190"
ST_2 : Operation 13 [1/1] (0.00ns)   --->   "call void (...)* @_ssdm_op_SpecBitsMap(i129* %from_app_V), !map !209"
ST_2 : Operation 14 [1/1] (0.00ns)   --->   "call void (...)* @_ssdm_op_SpecTopModule([19 x i8]* @application_bridge_s) nounwind"
ST_2 : Operation 15 [1/1] (0.00ns)   --->   "call void (...)* @_ssdm_op_SpecInterface(i32 0, [13 x i8]* @p_str1, i32 0, i32 0, [1 x i8]* @p_str, i32 0, i32 0, [1 x i8]* @p_str, [1 x i8]* @p_str, [1 x i8]* @p_str, i32 0, i32 0, i32 0, i32 0, [1 x i8]* @p_str, [1 x i8]* @p_str) nounwind" [../HMPI/HLS_lib/application_bridge.cpp:264]
ST_2 : Operation 16 [1/1] (0.00ns)   --->   "call void (...)* @_ssdm_op_SpecIFCore(i129* %from_app_V, [1 x i8]* @p_str, [11 x i8]* @p_str2, [1 x i8]* @p_str, i32 -1, [1 x i8]* @p_str, [1 x i8]* @p_str, [1 x i8]* @p_str, [1 x i8]* @p_str, [1 x i8]* @p_str)"
ST_2 : Operation 17 [1/1] (0.00ns)   --->   "call void (...)* @_ssdm_op_SpecIFCore(i129* %to_app_V, [1 x i8]* @p_str, [11 x i8]* @p_str2, [1 x i8]* @p_str, i32 -1, [1 x i8]* @p_str, [1 x i8]* @p_str, [1 x i8]* @p_str, [1 x i8]* @p_str, [1 x i8]* @p_str)"
ST_2 : Operation 18 [1/1] (0.00ns)   --->   "call void (...)* @_ssdm_op_SpecIFCore(i81* %from_net_V, [1 x i8]* @p_str, [11 x i8]* @p_str2, [1 x i8]* @p_str, i32 -1, [1 x i8]* @p_str, [1 x i8]* @p_str, [1 x i8]* @p_str, [1 x i8]* @p_str, [1 x i8]* @p_str)"
ST_2 : Operation 19 [1/1] (0.00ns)   --->   "call void (...)* @_ssdm_op_SpecIFCore(i81* %to_net_V, [1 x i8]* @p_str, [11 x i8]* @p_str2, [1 x i8]* @p_str, i32 -1, [1 x i8]* @p_str, [1 x i8]* @p_str, [1 x i8]* @p_str, [1 x i8]* @p_str, [1 x i8]* @p_str)"
ST_2 : Operation 20 [1/2] (0.00ns)   --->   "call fastcc void @net_to_app(i81* %from_net_V, i129* %to_app_V)"   --->   Core 0 '' <Latency = 0> <II = 1> <Delay = 1.00> <Generic> <Opcode : >
ST_2 : Operation 21 [1/2] (0.00ns)   --->   "call fastcc void @app_to_net(i129* %from_app_V, i81* %to_net_V)"   --->   Core 0 '' <Latency = 0> <II = 1> <Delay = 1.00> <Generic> <Opcode : >
ST_2 : Operation 22 [1/1] (0.00ns)   --->   "ret void" [../HMPI/HLS_lib/application_bridge.cpp:416]


============================================================
+ Verbose Summary: Binding
============================================================
STG Binding: 
---------------- STG Properties BEGIN ----------------
- Is combinational: 0
- Is one-state seq: 0
- Is datapath-only: 0
- Is pipelined: 0
- Is top level: 1
Port [ Return ] is wired: 1; IO mode=ap_ctrl_none:ce=0
Port [ from_app_V]:  wired=1; compound=1; hidden=0; nouse=0; global=0; static=0; extern=0; dir=0; type=3; pingpong=0; private_global=0; IO mode=ap_fifo:ce=0
Port [ to_app_V]:  wired=1; compound=1; hidden=0; nouse=0; global=0; static=0; extern=0; dir=1; type=3; pingpong=0; private_global=0; IO mode=ap_fifo:ce=0
Port [ from_net_V]:  wired=1; compound=1; hidden=0; nouse=0; global=0; static=0; extern=0; dir=0; type=3; pingpong=0; private_global=0; IO mode=ap_fifo:ce=0
Port [ to_net_V]:  wired=1; compound=1; hidden=0; nouse=0; global=0; static=0; extern=0; dir=1; type=3; pingpong=0; private_global=0; IO mode=ap_fifo:ce=0
Port [ nta_state_V]:  wired=0; compound=0; hidden=1; nouse=1; global=1; static=1; extern=0; dir=2; type=0; pingpong=0; private_global=0; linkage=7; visibility=0; IO mode=ap_ovld:ce=0
Port [ last_V_1]:  wired=0; compound=0; hidden=1; nouse=1; global=1; static=1; extern=0; dir=2; type=0; pingpong=0; private_global=0; linkage=7; visibility=0; IO mode=ap_ovld:ce=0
Port [ byte_counter]:  wired=0; compound=0; hidden=1; nouse=1; global=1; static=1; extern=0; dir=2; type=0; pingpong=0; private_global=0; linkage=7; visibility=0; IO mode=ap_ovld:ce=0
Port [ dest_V]:  wired=0; compound=0; hidden=1; nouse=1; global=1; static=1; extern=0; dir=2; type=0; pingpong=0; private_global=0; linkage=7; visibility=0; IO mode=ap_ovld:ce=0
Port [ id_V]:  wired=0; compound=0; hidden=1; nouse=1; global=1; static=1; extern=0; dir=2; type=0; pingpong=0; private_global=0; linkage=7; visibility=0; IO mode=ap_ovld:ce=0
Port [ user_V]:  wired=0; compound=0; hidden=1; nouse=1; global=1; static=1; extern=0; dir=2; type=0; pingpong=0; private_global=0; linkage=7; visibility=0; IO mode=ap_ovld:ce=0
Port [ atn_state_V]:  wired=0; compound=0; hidden=1; nouse=1; global=1; static=1; extern=0; dir=2; type=0; pingpong=0; private_global=0; linkage=7; visibility=0; IO mode=ap_ovld:ce=0
Port [ app_packet_in_data_V]:  wired=0; compound=0; hidden=1; nouse=1; global=1; static=1; extern=0; dir=2; type=0; pingpong=0; private_global=0; linkage=7; visibility=0; IO mode=ap_ovld:ce=0
Port [ byte_counter_1]:  wired=0; compound=0; hidden=1; nouse=1; global=1; static=1; extern=0; dir=2; type=0; pingpong=0; private_global=0; linkage=7; visibility=0; IO mode=ap_ovld:ce=0
Port [ last_V]:  wired=0; compound=0; hidden=1; nouse=1; global=1; static=1; extern=0; dir=2; type=0; pingpong=0; private_global=0; linkage=7; visibility=0; IO mode=ap_ovld:ce=0
Port [ app_packet_in_last_V]:  wired=0; compound=0; hidden=1; nouse=1; global=1; static=1; extern=0; dir=2; type=0; pingpong=0; private_global=0; linkage=7; visibility=0; IO mode=ap_ovld:ce=0
Port [ app_packet_in_dest_V]:  wired=0; compound=0; hidden=1; nouse=1; global=1; static=1; extern=0; dir=2; type=0; pingpong=0; private_global=0; linkage=7; visibility=0; IO mode=ap_ovld:ce=0
Port [ app_packet_in_keep_V]:  wired=0; compound=0; hidden=1; nouse=1; global=1; static=1; extern=0; dir=2; type=0; pingpong=0; private_global=0; linkage=7; visibility=0; IO mode=ap_ovld:ce=0
Port [ extraPayload_dest_V]:  wired=0; compound=0; hidden=1; nouse=1; global=1; static=1; extern=0; dir=2; type=0; pingpong=0; private_global=0; linkage=7; visibility=0; IO mode=ap_ovld:ce=0
Port [ seq_num]:  wired=0; compound=0; hidden=1; nouse=1; global=1; static=1; extern=0; dir=2; type=0; pingpong=0; private_global=0; linkage=7; visibility=0; IO mode=ap_ovld:ce=0
Port [ extraPayload_data_V]:  wired=0; compound=0; hidden=1; nouse=1; global=1; static=1; extern=0; dir=2; type=0; pingpong=0; private_global=0; linkage=7; visibility=0; IO mode=ap_ovld:ce=0
Port [ extraPayload_keep_V]:  wired=0; compound=0; hidden=1; nouse=1; global=1; static=1; extern=0; dir=2; type=0; pingpong=0; private_global=0; linkage=7; visibility=0; IO mode=ap_ovld:ce=0
---------------- STG Properties END ------------------

---------------- Datapath Model BEGIN ----------------

<LifeTime>
<method=bitvector/>
StgValue_5  (specdataflowpipeline) [ 000]
StgValue_6  (specinterface       ) [ 000]
StgValue_7  (specinterface       ) [ 000]
StgValue_8  (specinterface       ) [ 000]
StgValue_9  (specinterface       ) [ 000]
StgValue_10 (specbitsmap         ) [ 000]
StgValue_11 (specbitsmap         ) [ 000]
StgValue_12 (specbitsmap         ) [ 000]
StgValue_13 (specbitsmap         ) [ 000]
StgValue_14 (spectopmodule       ) [ 000]
StgValue_15 (specinterface       ) [ 000]
StgValue_16 (specifcore          ) [ 000]
StgValue_17 (specifcore          ) [ 000]
StgValue_18 (specifcore          ) [ 000]
StgValue_19 (specifcore          ) [ 000]
StgValue_20 (call                ) [ 000]
StgValue_21 (call                ) [ 000]
StgValue_22 (ret                 ) [ 000]
</LifeTime>

<model>

<comp_list>
<comp id="0" class="1000" name="from_app_V">
<pin_list>
<pin id="1" dir="1" index="0" bw="1" slack="0"/>
</pin_list>
<bind>
<StgValue><ssdm name="from_app_V"/></StgValue>
</bind>
</comp>

<comp id="2" class="1000" name="to_app_V">
<pin_list>
<pin id="3" dir="1" index="0" bw="1" slack="0"/>
</pin_list>
<bind>
<StgValue><ssdm name="to_app_V"/></StgValue>
</bind>
</comp>

<comp id="4" class="1000" name="from_net_V">
<pin_list>
<pin id="5" dir="1" index="0" bw="1" slack="0"/>
</pin_list>
<bind>
<StgValue><ssdm name="from_net_V"/></StgValue>
</bind>
</comp>

<comp id="6" class="1000" name="to_net_V">
<pin_list>
<pin id="7" dir="1" index="0" bw="1" slack="0"/>
</pin_list>
<bind>
<StgValue><ssdm name="to_net_V"/></StgValue>
</bind>
</comp>

<comp id="8" class="1000" name="nta_state_V">
<pin_list>
<pin id="9" dir="1" index="0" bw="1" slack="0"/>
</pin_list>
<bind>
<StgValue><ssdm name="nta_state_V"/></StgValue>
</bind>
</comp>

<comp id="10" class="1000" name="last_V_1">
<pin_list>
<pin id="11" dir="1" index="0" bw="1" slack="0"/>
</pin_list>
<bind>
<StgValue><ssdm name="last_V_1"/></StgValue>
</bind>
</comp>

<comp id="12" class="1000" name="byte_counter">
<pin_list>
<pin id="13" dir="1" index="0" bw="1" slack="0"/>
</pin_list>
<bind>
<StgValue><ssdm name="byte_counter"/></StgValue>
</bind>
</comp>

<comp id="14" class="1000" name="dest_V">
<pin_list>
<pin id="15" dir="1" index="0" bw="1" slack="0"/>
</pin_list>
<bind>
<StgValue><ssdm name="dest_V"/></StgValue>
</bind>
</comp>

<comp id="16" class="1000" name="id_V">
<pin_list>
<pin id="17" dir="1" index="0" bw="1" slack="0"/>
</pin_list>
<bind>
<StgValue><ssdm name="id_V"/></StgValue>
</bind>
</comp>

<comp id="18" class="1000" name="user_V">
<pin_list>
<pin id="19" dir="1" index="0" bw="1" slack="0"/>
</pin_list>
<bind>
<StgValue><ssdm name="user_V"/></StgValue>
</bind>
</comp>

<comp id="20" class="1000" name="atn_state_V">
<pin_list>
<pin id="21" dir="1" index="0" bw="1" slack="0"/>
</pin_list>
<bind>
<StgValue><ssdm name="atn_state_V"/></StgValue>
</bind>
</comp>

<comp id="22" class="1000" name="app_packet_in_data_V">
<pin_list>
<pin id="23" dir="1" index="0" bw="1" slack="0"/>
</pin_list>
<bind>
<StgValue><ssdm name="app_packet_in_data_V"/></StgValue>
</bind>
</comp>

<comp id="24" class="1000" name="byte_counter_1">
<pin_list>
<pin id="25" dir="1" index="0" bw="1" slack="0"/>
</pin_list>
<bind>
<StgValue><ssdm name="byte_counter_1"/></StgValue>
</bind>
</comp>

<comp id="26" class="1000" name="last_V">
<pin_list>
<pin id="27" dir="1" index="0" bw="1" slack="0"/>
</pin_list>
<bind>
<StgValue><ssdm name="last_V"/></StgValue>
</bind>
</comp>

<comp id="28" class="1000" name="app_packet_in_last_V">
<pin_list>
<pin id="29" dir="1" index="0" bw="1" slack="0"/>
</pin_list>
<bind>
<StgValue><ssdm name="app_packet_in_last_V"/></StgValue>
</bind>
</comp>

<comp id="30" class="1000" name="app_packet_in_dest_V">
<pin_list>
<pin id="31" dir="1" index="0" bw="1" slack="0"/>
</pin_list>
<bind>
<StgValue><ssdm name="app_packet_in_dest_V"/></StgValue>
</bind>
</comp>

<comp id="32" class="1000" name="app_packet_in_keep_V">
<pin_list>
<pin id="33" dir="1" index="0" bw="1" slack="0"/>
</pin_list>
<bind>
<StgValue><ssdm name="app_packet_in_keep_V"/></StgValue>
</bind>
</comp>

<comp id="34" class="1000" name="extraPayload_dest_V">
<pin_list>
<pin id="35" dir="1" index="0" bw="1" slack="0"/>
</pin_list>
<bind>
<StgValue><ssdm name="extraPayload_dest_V"/></StgValue>
</bind>
</comp>

<comp id="36" class="1000" name="seq_num">
<pin_list>
<pin id="37" dir="1" index="0" bw="1" slack="0"/>
</pin_list>
<bind>
<StgValue><ssdm name="seq_num"/></StgValue>
</bind>
</comp>

<comp id="38" class="1000" name="extraPayload_data_V">
<pin_list>
<pin id="39" dir="1" index="0" bw="1" slack="0"/>
</pin_list>
<bind>
<StgValue><ssdm name="extraPayload_data_V"/></StgValue>
</bind>
</comp>

<comp id="40" class="1000" name="extraPayload_keep_V">
<pin_list>
<pin id="41" dir="1" index="0" bw="1" slack="0"/>
</pin_list>
<bind>
<StgValue><ssdm name="extraPayload_keep_V"/></StgValue>
</bind>
</comp>

<comp id="42" class="1001" name="const_42">
<pin_list>
<pin id="43" dir="1" index="0" bw="1" slack="0"/>
</pin_list>
<bind>
<StgValue><ssdm name="net_to_app"/></StgValue>
</bind>
</comp>

<comp id="44" class="1001" name="const_44">
<pin_list>
<pin id="45" dir="1" index="0" bw="1" slack="0"/>
</pin_list>
<bind>
<StgValue><ssdm name="app_to_net"/></StgValue>
</bind>
</comp>

<comp id="46" class="1001" name="const_46">
<pin_list>
<pin id="47" dir="1" index="0" bw="1" slack="2147483647"/>
</pin_list>
<bind>
<StgValue><ssdm name="_ssdm_op_SpecDataflowPipeline"/></StgValue>
</bind>
</comp>

<comp id="48" class="1001" name="const_48">
<pin_list>
<pin id="49" dir="1" index="0" bw="1" slack="2147483647"/>
</pin_list>
<bind>
<StgValue><ssdm name=""/></StgValue>
</bind>
</comp>

<comp id="50" class="1001" name="const_50">
<pin_list>
<pin id="51" dir="1" index="0" bw="1" slack="2147483647"/>
</pin_list>
<bind>
<StgValue><ssdm name="p_str"/></StgValue>
</bind>
</comp>

<comp id="52" class="1001" name="const_52">
<pin_list>
<pin id="53" dir="1" index="0" bw="1" slack="2147483647"/>
</pin_list>
<bind>
<StgValue><ssdm name="_ssdm_op_SpecInterface"/></StgValue>
</bind>
</comp>

<comp id="54" class="1001" name="const_54">
<pin_list>
<pin id="55" dir="1" index="0" bw="1" slack="2147483647"/>
</pin_list>
<bind>
<StgValue><ssdm name="ap_fifo_str"/></StgValue>
</bind>
</comp>

<comp id="56" class="1001" name="const_56">
<pin_list>
<pin id="57" dir="1" index="0" bw="1" slack="2147483647"/>
</pin_list>
<bind>
<StgValue><ssdm name=""/></StgValue>
</bind>
</comp>

<comp id="58" class="1001" name="const_58">
<pin_list>
<pin id="59" dir="1" index="0" bw="1" slack="2147483647"/>
</pin_list>
<bind>
<StgValue><ssdm name=""/></StgValue>
</bind>
</comp>

<comp id="60" class="1001" name="const_60">
<pin_list>
<pin id="61" dir="1" index="0" bw="1" slack="2147483647"/>
</pin_list>
<bind>
<StgValue><ssdm name=""/></StgValue>
</bind>
</comp>

<comp id="62" class="1001" name="const_62">
<pin_list>
<pin id="63" dir="1" index="0" bw="1" slack="2147483647"/>
</pin_list>
<bind>
<StgValue><ssdm name="_ssdm_op_SpecBitsMap"/></StgValue>
</bind>
</comp>

<comp id="64" class="1001" name="const_64">
<pin_list>
<pin id="65" dir="1" index="0" bw="1" slack="2147483647"/>
</pin_list>
<bind>
<StgValue><ssdm name="_ssdm_op_SpecTopModule"/></StgValue>
</bind>
</comp>

<comp id="66" class="1001" name="const_66">
<pin_list>
<pin id="67" dir="1" index="0" bw="1" slack="2147483647"/>
</pin_list>
<bind>
<StgValue><ssdm name="application_bridge_s"/></StgValue>
</bind>
</comp>

<comp id="68" class="1001" name="const_68">
<pin_list>
<pin id="69" dir="1" index="0" bw="1" slack="2147483647"/>
</pin_list>
<bind>
<StgValue><ssdm name="p_str1"/></StgValue>
</bind>
</comp>

<comp id="70" class="1001" name="const_70">
<pin_list>
<pin id="71" dir="1" index="0" bw="1" slack="2147483647"/>
</pin_list>
<bind>
<StgValue><ssdm name="_ssdm_op_SpecIFCore"/></StgValue>
</bind>
</comp>

<comp id="72" class="1001" name="const_72">
<pin_list>
<pin id="73" dir="1" index="0" bw="1" slack="2147483647"/>
</pin_list>
<bind>
<StgValue><ssdm name="p_str2"/></StgValue>
</bind>
</comp>

<comp id="74" class="1004" name="grp_app_to_net_fu_74">
<pin_list>
<pin id="75" dir="0" index="0" bw="0" slack="0"/>
<pin id="76" dir="0" index="1" bw="129" slack="0"/>
<pin id="77" dir="0" index="2" bw="81" slack="0"/>
<pin id="78" dir="0" index="3" bw="2" slack="0"/>
<pin id="79" dir="0" index="4" bw="64" slack="0"/>
<pin id="80" dir="0" index="5" bw="32" slack="0"/>
<pin id="81" dir="0" index="6" bw="1" slack="0"/>
<pin id="82" dir="0" index="7" bw="1" slack="0"/>
<pin id="83" dir="0" index="8" bw="8" slack="0"/>
<pin id="84" dir="0" index="9" bw="8" slack="0"/>
<pin id="85" dir="0" index="10" bw="8" slack="0"/>
<pin id="86" dir="0" index="11" bw="32" slack="0"/>
<pin id="87" dir="0" index="12" bw="64" slack="0"/>
<pin id="88" dir="0" index="13" bw="1" slack="0"/>
<pin id="89" dir="1" index="14" bw="0" slack="2147483647"/>
</pin_list>
<bind>
<opcode="call(48) " fcode="call"/>
<opset="StgValue_4/1 "/>
</bind>
</comp>

<comp id="104" class="1004" name="grp_net_to_app_fu_104">
<pin_list>
<pin id="105" dir="0" index="0" bw="0" slack="0"/>
<pin id="106" dir="0" index="1" bw="81" slack="0"/>
<pin id="107" dir="0" index="2" bw="129" slack="0"/>
<pin id="108" dir="0" index="3" bw="2" slack="0"/>
<pin id="109" dir="0" index="4" bw="1" slack="0"/>
<pin id="110" dir="0" index="5" bw="32" slack="0"/>
<pin id="111" dir="0" index="6" bw="16" slack="0"/>
<pin id="112" dir="0" index="7" bw="8" slack="0"/>
<pin id="113" dir="0" index="8" bw="40" slack="0"/>
<pin id="114" dir="1" index="9" bw="0" slack="2147483647"/>
</pin_list>
<bind>
<opcode="call(48) " fcode="call"/>
<opset="StgValue_3/1 "/>
</bind>
</comp>

</comp_list>

<net_list>
<net id="90"><net_src comp="44" pin="0"/><net_sink comp="74" pin=0"/></net>

<net id="91"><net_src comp="0" pin="0"/><net_sink comp="74" pin=1"/></net>

<net id="92"><net_src comp="6" pin="0"/><net_sink comp="74" pin=2"/></net>

<net id="93"><net_src comp="20" pin="0"/><net_sink comp="74" pin=3"/></net>

<net id="94"><net_src comp="22" pin="0"/><net_sink comp="74" pin=4"/></net>

<net id="95"><net_src comp="24" pin="0"/><net_sink comp="74" pin=5"/></net>

<net id="96"><net_src comp="26" pin="0"/><net_sink comp="74" pin=6"/></net>

<net id="97"><net_src comp="28" pin="0"/><net_sink comp="74" pin=7"/></net>

<net id="98"><net_src comp="30" pin="0"/><net_sink comp="74" pin=8"/></net>

<net id="99"><net_src comp="32" pin="0"/><net_sink comp="74" pin=9"/></net>

<net id="100"><net_src comp="34" pin="0"/><net_sink comp="74" pin=10"/></net>

<net id="101"><net_src comp="36" pin="0"/><net_sink comp="74" pin=11"/></net>

<net id="102"><net_src comp="38" pin="0"/><net_sink comp="74" pin=12"/></net>

<net id="103"><net_src comp="40" pin="0"/><net_sink comp="74" pin=13"/></net>

<net id="115"><net_src comp="42" pin="0"/><net_sink comp="104" pin=0"/></net>

<net id="116"><net_src comp="4" pin="0"/><net_sink comp="104" pin=1"/></net>

<net id="117"><net_src comp="2" pin="0"/><net_sink comp="104" pin=2"/></net>

<net id="118"><net_src comp="8" pin="0"/><net_sink comp="104" pin=3"/></net>

<net id="119"><net_src comp="10" pin="0"/><net_sink comp="104" pin=4"/></net>

<net id="120"><net_src comp="12" pin="0"/><net_sink comp="104" pin=5"/></net>

<net id="121"><net_src comp="14" pin="0"/><net_sink comp="104" pin=6"/></net>

<net id="122"><net_src comp="16" pin="0"/><net_sink comp="104" pin=7"/></net>

<net id="123"><net_src comp="18" pin="0"/><net_sink comp="104" pin=8"/></net>

</net_list>

</model> 
---------------- Datapath Model END ------------------

* FSMD analyzer results:
  - Output states:
	Port: to_app_V | {2 }
	Port: to_net_V | {2 }
	Port: nta_state_V | {1 }
	Port: last_V_1 | {1 }
	Port: byte_counter | {1 }
	Port: dest_V | {1 }
	Port: id_V | {1 }
	Port: user_V | {1 }
	Port: atn_state_V | {1 }
	Port: app_packet_in_data_V | {2 }
	Port: byte_counter_1 | {1 }
	Port: last_V | {1 }
	Port: app_packet_in_last_V | {1 }
	Port: app_packet_in_dest_V | {1 }
	Port: app_packet_in_keep_V | {1 }
	Port: extraPayload_dest_V | {1 }
	Port: seq_num | {2 }
	Port: extraPayload_data_V | {2 }
	Port: extraPayload_keep_V | {1 }
 - Input state : 
	Port: application_bridge : from_app_V | {1 }
	Port: application_bridge : from_net_V | {1 }
	Port: application_bridge : nta_state_V | {1 }
	Port: application_bridge : last_V_1 | {1 }
	Port: application_bridge : byte_counter | {1 }
	Port: application_bridge : dest_V | {2 }
	Port: application_bridge : id_V | {2 }
	Port: application_bridge : user_V | {2 }
	Port: application_bridge : atn_state_V | {1 }
	Port: application_bridge : app_packet_in_data_V | {2 }
	Port: application_bridge : byte_counter_1 | {1 }
	Port: application_bridge : last_V | {1 }
	Port: application_bridge : app_packet_in_last_V | {1 }
	Port: application_bridge : app_packet_in_dest_V | {2 }
	Port: application_bridge : app_packet_in_keep_V | {2 }
	Port: application_bridge : extraPayload_dest_V | {2 }
	Port: application_bridge : seq_num | {2 }
	Port: application_bridge : extraPayload_data_V | {2 }
	Port: application_bridge : extraPayload_keep_V | {2 }
  - Chain level:
	State 1
	State 2


============================================================
+ Verbose Summary: Datapath Resource usage 
============================================================

* Functional unit list:
|----------|-----------------------|---------|---------|---------|
| Operation|    Functional Unit    |  Delay  |    FF   |   LUT   |
|----------|-----------------------|---------|---------|---------|
|   call   |  grp_app_to_net_fu_74 |  1.169  |   393   |   717   |
|          | grp_net_to_app_fu_104 |  0.835  |   194   |   674   |
|----------|-----------------------|---------|---------|---------|
|   Total  |                       |  2.004  |   587   |   1391  |
|----------|-----------------------|---------|---------|---------|

Memories:
N/A

* Register list:
N/A

* Multiplexer (MUX) list: 
|--------|------|------|------|--------|
|  Comp  |  Pin | Size |  BW  | S x BW |
|--------|------|------|------|--------|
|  Total |      |      |      |    0   |
|--------|------|------|------|--------|



* Summary:
+-----------+--------+--------+--------+
|           |  Delay |   FF   |   LUT  |
+-----------+--------+--------+--------+
|  Function |    2   |   587  |  1391  |
|   Memory  |    -   |    -   |    -   |
|Multiplexer|    -   |    -   |    -   |
|  Register |    -   |    -   |    -   |
+-----------+--------+--------+--------+
|   Total   |    2   |   587  |  1391  |
+-----------+--------+--------+--------+
