#-----------------------------------------------------------
# Vivado v2018.1 (64-bit)
# SW Build 2188600 on Wed Apr  4 18:39:19 MDT 2018
# IP Build 2185939 on Wed Apr  4 20:55:05 MDT 2018
# Start of session at: Tue May 15 11:49:37 2018
# Process ID: 19616
# Current directory: /nfs/ug/thesis/thesis0/pc/Graham/galapagos_wip/hlsIP_adm-8k5/conv_proj/solution1/impl/ip
# Command line: vivado -notrace -mode batch -source run_ippack.tcl
# Log file: /nfs/ug/thesis/thesis0/pc/Graham/galapagos_wip/hlsIP_adm-8k5/conv_proj/solution1/impl/ip/vivado.log
# Journal file: /nfs/ug/thesis/thesis0/pc/Graham/galapagos_wip/hlsIP_adm-8k5/conv_proj/solution1/impl/ip/vivado.jou
#-----------------------------------------------------------
source run_ippack.tcl -notrace
INFO: [IP_Flow 19-234] Refreshing IP repositories
INFO: [IP_Flow 19-1704] No user IP repositories specified
INFO: [IP_Flow 19-2313] Loaded Vivado IP repository '/cad1/Xilinx/Vivado/2018.1/data/ip'.
WARNING: [IP_Flow 19-4832] The IP name 'conv_layer_ap_fadd_6_full_dsp_32' you have specified is long. The Windows operating system has path length limitations. It is recommended you use shorter names to reduce the likelihood of issues.
INFO: [IP_Flow 19-1686] Generating 'Synthesis' target for IP 'conv_layer_ap_fadd_6_full_dsp_32'...
INFO: [IP_Flow 19-1686] Generating 'Simulation' target for IP 'conv_layer_ap_fadd_6_full_dsp_32'...
WARNING: [IP_Flow 19-4832] The IP name 'conv_layer_ap_fcmp_0_no_dsp_32' you have specified is long. The Windows operating system has path length limitations. It is recommended you use shorter names to reduce the likelihood of issues.
INFO: [IP_Flow 19-1686] Generating 'Synthesis' target for IP 'conv_layer_ap_fcmp_0_no_dsp_32'...
INFO: [IP_Flow 19-1686] Generating 'Simulation' target for IP 'conv_layer_ap_fcmp_0_no_dsp_32'...
WARNING: [IP_Flow 19-4832] The IP name 'conv_layer_ap_fmul_3_max_dsp_32' you have specified is long. The Windows operating system has path length limitations. It is recommended you use shorter names to reduce the likelihood of issues.
INFO: [IP_Flow 19-1686] Generating 'Synthesis' target for IP 'conv_layer_ap_fmul_3_max_dsp_32'...
INFO: [IP_Flow 19-1686] Generating 'Simulation' target for IP 'conv_layer_ap_fmul_3_max_dsp_32'...
INFO: [IP_Flow 19-234] Refreshing IP repositories
INFO: [IP_Flow 19-1704] No user IP repositories specified
INFO: [IP_Flow 19-2313] Loaded Vivado IP repository '/cad1/Xilinx/Vivado/2018.1/data/ip'.
INFO: [Common 17-206] Exiting Vivado at Tue May 15 11:49:52 2018...
