
*** Running vivado
    with args -log shell_axi_10g_ethernet_0_0.vds -m64 -product Vivado -mode batch -messageDb vivado.pb -notrace -source shell_axi_10g_ethernet_0_0.tcl


****** Vivado v2016.4 (64-bit)
  **** SW Build 1756540 on Mon Jan 23 19:11:19 MST 2017
  **** IP Build 1755317 on Mon Jan 23 20:30:07 MST 2017
    ** Copyright 1986-2016 Xilinx, Inc. All Rights Reserved.

source shell_axi_10g_ethernet_0_0.tcl -notrace
Starting RTL Elaboration : Time (s): cpu = 00:00:09 ; elapsed = 00:00:09 . Memory (MB): peak = 1231.430 ; gain = 300.957 ; free physical = 18602 ; free virtual = 55589
INFO: [Synth 8-638] synthesizing module 'shell_axi_10g_ethernet_0_0' [/home/tarafdar/thesis/MIXcoatl/shells/projects/8k5Shell/8k5Shell.srcs/sources_1/bd/srcs/ip/shell_axi_10g_ethernet_0_0/synth/shell_axi_10g_ethernet_0_0.v:58]
INFO: [Synth 8-638] synthesizing module 'bd_01e2' [/home/tarafdar/thesis/MIXcoatl/shells/projects/8k5Shell/8k5Shell.srcs/sources_1/bd/srcs/ip/shell_axi_10g_ethernet_0_0/bd_0/hdl/bd_01e2.v:13]
INFO: [Synth 8-638] synthesizing module 'bd_01e2_dcm_locked_driver_0' [/home/tarafdar/thesis/MIXcoatl/shells/projects/8k5Shell/8k5Shell.runs/shell_axi_10g_ethernet_0_0_synth_1/.Xil/Vivado-56045-batcomputer/realtime/bd_01e2_dcm_locked_driver_0_stub.v:5]
INFO: [Synth 8-256] done synthesizing module 'bd_01e2_dcm_locked_driver_0' (1#1) [/home/tarafdar/thesis/MIXcoatl/shells/projects/8k5Shell/8k5Shell.runs/shell_axi_10g_ethernet_0_0_synth_1/.Xil/Vivado-56045-batcomputer/realtime/bd_01e2_dcm_locked_driver_0_stub.v:5]
INFO: [Synth 8-638] synthesizing module 'bd_01e2_pma_pmd_type_driver_0' [/home/tarafdar/thesis/MIXcoatl/shells/projects/8k5Shell/8k5Shell.runs/shell_axi_10g_ethernet_0_0_synth_1/.Xil/Vivado-56045-batcomputer/realtime/bd_01e2_pma_pmd_type_driver_0_stub.v:5]
INFO: [Synth 8-256] done synthesizing module 'bd_01e2_pma_pmd_type_driver_0' (2#1) [/home/tarafdar/thesis/MIXcoatl/shells/projects/8k5Shell/8k5Shell.runs/shell_axi_10g_ethernet_0_0_synth_1/.Xil/Vivado-56045-batcomputer/realtime/bd_01e2_pma_pmd_type_driver_0_stub.v:5]
INFO: [Synth 8-638] synthesizing module 'bd_01e2_xmac_0' [/home/tarafdar/thesis/MIXcoatl/shells/projects/8k5Shell/8k5Shell.runs/shell_axi_10g_ethernet_0_0_synth_1/.Xil/Vivado-56045-batcomputer/realtime/bd_01e2_xmac_0_stub.v:6]
INFO: [Synth 8-256] done synthesizing module 'bd_01e2_xmac_0' (3#1) [/home/tarafdar/thesis/MIXcoatl/shells/projects/8k5Shell/8k5Shell.runs/shell_axi_10g_ethernet_0_0_synth_1/.Xil/Vivado-56045-batcomputer/realtime/bd_01e2_xmac_0_stub.v:6]
INFO: [Synth 8-638] synthesizing module 'bd_01e2_xpcs_0' [/home/tarafdar/thesis/MIXcoatl/shells/projects/8k5Shell/8k5Shell.runs/shell_axi_10g_ethernet_0_0_synth_1/.Xil/Vivado-56045-batcomputer/realtime/bd_01e2_xpcs_0_stub.v:6]
INFO: [Synth 8-256] done synthesizing module 'bd_01e2_xpcs_0' (4#1) [/home/tarafdar/thesis/MIXcoatl/shells/projects/8k5Shell/8k5Shell.runs/shell_axi_10g_ethernet_0_0_synth_1/.Xil/Vivado-56045-batcomputer/realtime/bd_01e2_xpcs_0_stub.v:6]
INFO: [Synth 8-256] done synthesizing module 'bd_01e2' (5#1) [/home/tarafdar/thesis/MIXcoatl/shells/projects/8k5Shell/8k5Shell.srcs/sources_1/bd/srcs/ip/shell_axi_10g_ethernet_0_0/bd_0/hdl/bd_01e2.v:13]
INFO: [Synth 8-256] done synthesizing module 'shell_axi_10g_ethernet_0_0' (6#1) [/home/tarafdar/thesis/MIXcoatl/shells/projects/8k5Shell/8k5Shell.srcs/sources_1/bd/srcs/ip/shell_axi_10g_ethernet_0_0/synth/shell_axi_10g_ethernet_0_0.v:58]
Finished RTL Elaboration : Time (s): cpu = 00:00:09 ; elapsed = 00:00:10 . Memory (MB): peak = 1272.898 ; gain = 342.426 ; free physical = 18530 ; free virtual = 55518
Finished RTL Optimization Phase 1 : Time (s): cpu = 00:00:09 ; elapsed = 00:00:10 . Memory (MB): peak = 1272.898 ; gain = 342.426 ; free physical = 18517 ; free virtual = 55505
INFO: [Device 21-403] Loading part xcku115-flva1517-2-e
Constraint Validation Runtime : Time (s): cpu = 00:00:00.05 ; elapsed = 00:00:00.06 . Memory (MB): peak = 1851.898 ; gain = 0.000 ; free physical = 17239 ; free virtual = 54228
Finished Constraint Validation : Time (s): cpu = 00:00:24 ; elapsed = 00:00:24 . Memory (MB): peak = 1851.898 ; gain = 921.426 ; free physical = 17178 ; free virtual = 54168
Finished Loading Part and Timing Information : Time (s): cpu = 00:00:24 ; elapsed = 00:00:24 . Memory (MB): peak = 1851.898 ; gain = 921.426 ; free physical = 17178 ; free virtual = 54168
Finished applying 'set_property' XDC Constraints : Time (s): cpu = 00:00:24 ; elapsed = 00:00:24 . Memory (MB): peak = 1851.898 ; gain = 921.426 ; free physical = 17176 ; free virtual = 54166
Finished RTL Optimization Phase 2 : Time (s): cpu = 00:00:24 ; elapsed = 00:00:24 . Memory (MB): peak = 1851.898 ; gain = 921.426 ; free physical = 17183 ; free virtual = 54172
Finished Cross Boundary and Area Optimization : Time (s): cpu = 00:00:24 ; elapsed = 00:00:25 . Memory (MB): peak = 1851.898 ; gain = 921.426 ; free physical = 17157 ; free virtual = 54146
Finished Applying XDC Timing Constraints : Time (s): cpu = 00:00:32 ; elapsed = 00:00:33 . Memory (MB): peak = 2040.516 ; gain = 1110.043 ; free physical = 16476 ; free virtual = 53476
Finished Timing Optimization : Time (s): cpu = 00:00:32 ; elapsed = 00:00:33 . Memory (MB): peak = 2040.516 ; gain = 1110.043 ; free physical = 16474 ; free virtual = 53474
Finished Technology Mapping : Time (s): cpu = 00:00:32 ; elapsed = 00:00:33 . Memory (MB): peak = 2052.531 ; gain = 1122.059 ; free physical = 16452 ; free virtual = 53452
Finished IO Insertion : Time (s): cpu = 00:00:33 ; elapsed = 00:00:34 . Memory (MB): peak = 2052.531 ; gain = 1122.059 ; free physical = 16483 ; free virtual = 53482
Finished Renaming Generated Instances : Time (s): cpu = 00:00:33 ; elapsed = 00:00:34 . Memory (MB): peak = 2052.531 ; gain = 1122.059 ; free physical = 16479 ; free virtual = 53478
Finished Rebuilding User Hierarchy : Time (s): cpu = 00:00:33 ; elapsed = 00:00:34 . Memory (MB): peak = 2052.531 ; gain = 1122.059 ; free physical = 16476 ; free virtual = 53475
Finished Renaming Generated Ports : Time (s): cpu = 00:00:33 ; elapsed = 00:00:34 . Memory (MB): peak = 2052.531 ; gain = 1122.059 ; free physical = 16475 ; free virtual = 53474
Finished Handling Custom Attributes : Time (s): cpu = 00:00:33 ; elapsed = 00:00:34 . Memory (MB): peak = 2052.531 ; gain = 1122.059 ; free physical = 16466 ; free virtual = 53466
Finished Renaming Generated Nets : Time (s): cpu = 00:00:33 ; elapsed = 00:00:34 . Memory (MB): peak = 2052.531 ; gain = 1122.059 ; free physical = 16473 ; free virtual = 53473

Report Cell Usage: 
+------+------------------------------+------+
|      |Cell                          |Count |
+------+------------------------------+------+
|1     |bd_01e2_dcm_locked_driver_0   |     1|
|2     |bd_01e2_pma_pmd_type_driver_0 |     1|
|3     |bd_01e2_xmac_0                |     1|
|4     |bd_01e2_xpcs_0                |     1|
+------+------------------------------+------+
Finished Writing Synthesis Report : Time (s): cpu = 00:00:33 ; elapsed = 00:00:34 . Memory (MB): peak = 2052.531 ; gain = 1122.059 ; free physical = 16471 ; free virtual = 53471
synth_design: Time (s): cpu = 00:00:33 ; elapsed = 00:00:34 . Memory (MB): peak = 2130.406 ; gain = 969.973 ; free physical = 17437 ; free virtual = 54436
