

================================================================
== Vivado HLS Report for 'fireWall64_2'
================================================================
* Date:           Fri May 11 11:40:30 2018

* Version:        2018.1 (Build 2188600 on Wed Apr 04 19:04:02 MDT 2018)
* Project:        fireWall64_2
* Solution:       solution1
* Product family: kintexu
* Target device:  xcku115-flva1517-2-e


================================================================
== Performance Estimates
================================================================
+ Timing (ns): 
    * Summary: 
    +--------+-------+----------+------------+
    |  Clock | Target| Estimated| Uncertainty|
    +--------+-------+----------+------------+
    |ap_clk  |   5.00|      0.00|        0.62|
    +--------+-------+----------+------------+

+ Latency (clock cycles): 
    * Summary: 
    +-----+-----+-----+-----+---------+
    |  Latency  |  Interval | Pipeline|
    | min | max | min | max |   Type  |
    +-----+-----+-----+-----+---------+
    |    ?|    ?|    ?|    ?|   none  |
    +-----+-----+-----+-----+---------+

    + Detail: 
        * Instance: 
        N/A

        * Loop: 
        +----------+-----+-----+----------+-----------+-----------+------+----------+
        |          |  Latency  | Iteration|  Initiation Interval  | Trip |          |
        | Loop Name| min | max |  Latency |  achieved |   target  | Count| Pipelined|
        +----------+-----+-----+----------+-----------+-----------+------+----------+
        |- Loop 1  |    ?|    ?|         3|          -|          -|  inf |    no    |
        +----------+-----+-----+----------+-----------+-----------+------+----------+

============================================================
+ Verbose Summary: Synthesis Manager
============================================================
InlineROM: 1
ExposeGlobal: 0
============================================================
+ Verbose Summary: CDFG Model
============================================================
IsTopModel: 1
ResetActiveHigh: 1
IsCombinational: 0
IsDatapathOnly: 0
HasWiredReturn: 0
HasMFsm: 0
HasVarLatency: 1
IsPipeline: 0
IsRtlPipelined: 0
IsInstanceOverlapped: 0
IsDontTouch: 0
HasImplIP: 0
IsGatedGlobalClock: 0


============================================================
+ Verbose Summary: Schedule
============================================================
* Number of FSM states : 4
* Pipeline : 0
* Dataflow Pipeline: 0

* FSM state transitions: 
1 --> 
	2  / true
2 --> 
	3  / true
3 --> 
	4  / true
4 --> 
	2  / true

* FSM state operations: 

 <State 1> : 0.00ns
ST_1 : Operation 5 [1/1] (0.00ns)   --->   "call void (...)* @_ssdm_op_SpecBitsMap(i64* %stream_in_V_data_V), !map !40"
ST_1 : Operation 6 [1/1] (0.00ns)   --->   "call void (...)* @_ssdm_op_SpecBitsMap(i8* %stream_in_V_dest_V), !map !44"
ST_1 : Operation 7 [1/1] (0.00ns)   --->   "call void (...)* @_ssdm_op_SpecBitsMap(i1* %stream_in_V_last_V), !map !48"
ST_1 : Operation 8 [1/1] (0.00ns)   --->   "call void (...)* @_ssdm_op_SpecBitsMap(i64* %stream_out_V_data_V), !map !52"
ST_1 : Operation 9 [1/1] (0.00ns)   --->   "call void (...)* @_ssdm_op_SpecBitsMap(i8* %stream_out_V_dest_V), !map !56"
ST_1 : Operation 10 [1/1] (0.00ns)   --->   "call void (...)* @_ssdm_op_SpecBitsMap(i1* %stream_out_V_last_V), !map !60"
ST_1 : Operation 11 [1/1] (0.00ns)   --->   "call void (...)* @_ssdm_op_SpecBitsMap(i64* %stream_garbage_V_data_V), !map !64"
ST_1 : Operation 12 [1/1] (0.00ns)   --->   "call void (...)* @_ssdm_op_SpecBitsMap(i8* %stream_garbage_V_dest_V), !map !68"
ST_1 : Operation 13 [1/1] (0.00ns)   --->   "call void (...)* @_ssdm_op_SpecBitsMap(i1* %stream_garbage_V_last_V), !map !72"
ST_1 : Operation 14 [1/1] (0.00ns)   --->   "call void (...)* @_ssdm_op_SpecBitsMap(i1* %match_in_V), !map !76"
ST_1 : Operation 15 [1/1] (0.00ns)   --->   "call void (...)* @_ssdm_op_SpecTopModule([13 x i8]* @fireWall64_2_str) nounwind"
ST_1 : Operation 16 [1/1] (0.00ns)   --->   "call void (...)* @_ssdm_op_SpecInterface(i1* %match_in_V, [7 x i8]* @p_str, i32 0, i32 0, [1 x i8]* @p_str1, i32 0, i32 0, [1 x i8]* @p_str1, [1 x i8]* @p_str1, [1 x i8]* @p_str1, i32 0, i32 0, i32 0, i32 0, [1 x i8]* @p_str1, [1 x i8]* @p_str1) nounwind" [../hlsSources/srcs/fireWall64_2.cpp:23]
ST_1 : Operation 17 [1/1] (0.00ns)   --->   "call void (...)* @_ssdm_op_SpecInterface(i32 0, [13 x i8]* @p_str2, i32 0, i32 0, [1 x i8]* @p_str1, i32 0, i32 0, [1 x i8]* @p_str1, [1 x i8]* @p_str1, [1 x i8]* @p_str1, i32 0, i32 0, i32 0, i32 0, [1 x i8]* @p_str1, [1 x i8]* @p_str1) nounwind" [../hlsSources/srcs/fireWall64_2.cpp:23]
ST_1 : Operation 18 [1/1] (0.00ns)   --->   "call void (...)* @_ssdm_op_SpecInterface(i64* %stream_out_V_data_V, i8* %stream_out_V_dest_V, i1* %stream_out_V_last_V, [5 x i8]* @p_str3, i32 1, i32 1, [5 x i8]* @p_str4, i32 0, i32 0, [1 x i8]* @p_str1, [1 x i8]* @p_str1, [1 x i8]* @p_str1, i32 0, i32 0, i32 0, i32 0, [1 x i8]* @p_str1, [1 x i8]* @p_str1) nounwind" [../hlsSources/srcs/fireWall64_2.cpp:23]
ST_1 : Operation 19 [1/1] (0.00ns)   --->   "call void (...)* @_ssdm_op_SpecInterface(i64* %stream_garbage_V_data_V, i8* %stream_garbage_V_dest_V, i1* %stream_garbage_V_last_V, [5 x i8]* @p_str3, i32 1, i32 1, [5 x i8]* @p_str4, i32 0, i32 0, [1 x i8]* @p_str1, [1 x i8]* @p_str1, [1 x i8]* @p_str1, i32 0, i32 0, i32 0, i32 0, [1 x i8]* @p_str1, [1 x i8]* @p_str1) nounwind" [../hlsSources/srcs/fireWall64_2.cpp:23]
ST_1 : Operation 20 [1/1] (0.00ns)   --->   "call void (...)* @_ssdm_op_SpecInterface(i64* %stream_in_V_data_V, i8* %stream_in_V_dest_V, i1* %stream_in_V_last_V, [5 x i8]* @p_str3, i32 1, i32 1, [5 x i8]* @p_str4, i32 0, i32 0, [1 x i8]* @p_str1, [1 x i8]* @p_str1, [1 x i8]* @p_str1, i32 0, i32 0, i32 0, i32 0, [1 x i8]* @p_str1, [1 x i8]* @p_str1) nounwind" [../hlsSources/srcs/fireWall64_2.cpp:23]
ST_1 : Operation 21 [1/1] (0.00ns)   --->   "br label %1" [../hlsSources/srcs/fireWall64_2.cpp:35]

 <State 2> : 0.00ns
ST_2 : Operation 22 [2/2] (0.00ns)   --->   "%empty = call { i64, i8, i1 } @_ssdm_op_Read.axis.volatile.i64P.i8P.i1P(i64* %stream_in_V_data_V, i8* %stream_in_V_dest_V, i1* %stream_in_V_last_V)" [../hlsSources/srcs/fireWall64_2.cpp:36]   --->   Core 5 'AXI4Stream' <Latency = 0> <II = 1> <Delay = 1.00> <Adapter> <Opcode : >
ST_2 : Operation 23 [1/1] (0.00ns)   --->   "%match_in_V_read = call i1 @_ssdm_op_Read.ap_vld.i1P(i1* %match_in_V)" [../hlsSources/srcs/fireWall64_2.cpp:37]

 <State 3> : 0.00ns
ST_3 : Operation 24 [1/2] (0.00ns)   --->   "%empty = call { i64, i8, i1 } @_ssdm_op_Read.axis.volatile.i64P.i8P.i1P(i64* %stream_in_V_data_V, i8* %stream_in_V_dest_V, i1* %stream_in_V_last_V)" [../hlsSources/srcs/fireWall64_2.cpp:36]   --->   Core 5 'AXI4Stream' <Latency = 0> <II = 1> <Delay = 1.00> <Adapter> <Opcode : >
ST_3 : Operation 25 [1/1] (0.00ns)   --->   "%tmp_data_V = extractvalue { i64, i8, i1 } %empty, 0" [../hlsSources/srcs/fireWall64_2.cpp:36]
ST_3 : Operation 26 [1/1] (0.00ns)   --->   "%tmp_dest_V = extractvalue { i64, i8, i1 } %empty, 1" [../hlsSources/srcs/fireWall64_2.cpp:36]
ST_3 : Operation 27 [1/1] (0.00ns)   --->   "%tmp_last_V = extractvalue { i64, i8, i1 } %empty, 2" [../hlsSources/srcs/fireWall64_2.cpp:36]
ST_3 : Operation 28 [1/1] (0.00ns)   --->   "br i1 %match_in_V_read, label %2, label %3" [../hlsSources/srcs/fireWall64_2.cpp:37]
ST_3 : Operation 29 [2/2] (0.00ns)   --->   "call void @_ssdm_op_Write.axis.volatile.i64P.i8P.i1P(i64* %stream_garbage_V_data_V, i8* %stream_garbage_V_dest_V, i1* %stream_garbage_V_last_V, i64 %tmp_data_V, i8 %tmp_dest_V, i1 %tmp_last_V)" [../hlsSources/srcs/fireWall64_2.cpp:40]   --->   Core 5 'AXI4Stream' <Latency = 0> <II = 1> <Delay = 1.00> <Adapter> <Opcode : >
ST_3 : Operation 30 [2/2] (0.00ns)   --->   "call void @_ssdm_op_Write.axis.volatile.i64P.i8P.i1P(i64* %stream_out_V_data_V, i8* %stream_out_V_dest_V, i1* %stream_out_V_last_V, i64 %tmp_data_V, i8 %tmp_dest_V, i1 %tmp_last_V)" [../hlsSources/srcs/fireWall64_2.cpp:38]   --->   Core 5 'AXI4Stream' <Latency = 0> <II = 1> <Delay = 1.00> <Adapter> <Opcode : >

 <State 4> : 0.00ns
ST_4 : Operation 31 [1/2] (0.00ns)   --->   "call void @_ssdm_op_Write.axis.volatile.i64P.i8P.i1P(i64* %stream_garbage_V_data_V, i8* %stream_garbage_V_dest_V, i1* %stream_garbage_V_last_V, i64 %tmp_data_V, i8 %tmp_dest_V, i1 %tmp_last_V)" [../hlsSources/srcs/fireWall64_2.cpp:40]   --->   Core 5 'AXI4Stream' <Latency = 0> <II = 1> <Delay = 1.00> <Adapter> <Opcode : >
ST_4 : Operation 32 [1/1] (0.00ns)   --->   "br label %4"
ST_4 : Operation 33 [1/2] (0.00ns)   --->   "call void @_ssdm_op_Write.axis.volatile.i64P.i8P.i1P(i64* %stream_out_V_data_V, i8* %stream_out_V_dest_V, i1* %stream_out_V_last_V, i64 %tmp_data_V, i8 %tmp_dest_V, i1 %tmp_last_V)" [../hlsSources/srcs/fireWall64_2.cpp:38]   --->   Core 5 'AXI4Stream' <Latency = 0> <II = 1> <Delay = 1.00> <Adapter> <Opcode : >
ST_4 : Operation 34 [1/1] (0.00ns)   --->   "br label %4" [../hlsSources/srcs/fireWall64_2.cpp:38]
ST_4 : Operation 35 [1/1] (0.00ns)   --->   "br label %1" [../hlsSources/srcs/fireWall64_2.cpp:42]


============================================================
+ Verbose Summary: Timing violations
============================================================
Target clock period: 5ns, clock uncertainty: 0.625ns.

 <State 1>: 0ns
The critical path consists of the following:

 <State 2>: 0ns
The critical path consists of the following:

 <State 3>: 0ns
The critical path consists of the following:

 <State 4>: 0ns
The critical path consists of the following:


============================================================
+ Verbose Summary: Binding
============================================================
N/A
* FSMD analyzer results:
  - Output states:
 - Input state : 
  - Chain level:
	State 1
	State 2
	State 3
	State 4


============================================================
+ Verbose Summary: Datapath Resource usage 
============================================================
N/A
