
*** Running vivado
    with args -log shell_pcs_config_vector_0.vds -m64 -product Vivado -mode batch -messageDb vivado.pb -notrace -source shell_pcs_config_vector_0.tcl


****** Vivado v2018.1 (64-bit)
  **** SW Build 2188600 on Wed Apr  4 18:39:19 MDT 2018
  **** IP Build 2185939 on Wed Apr  4 20:55:05 MDT 2018
    ** Copyright 1986-2018 Xilinx, Inc. All Rights Reserved.

source shell_pcs_config_vector_0.tcl -notrace
Command: synth_design -top shell_pcs_config_vector_0 -part xcku115-flva1517-2-e -mode out_of_context
Starting synth_design
Attempting to get a license for feature 'Synthesis' and/or device 'xcku115'
INFO: [Common 17-349] Got license for feature 'Synthesis' and/or device 'xcku115'
INFO: Launching helper process for spawning children vivado processes
INFO: Helper process launched with PID 14135 
---------------------------------------------------------------------------------
Starting RTL Elaboration : Time (s): cpu = 00:00:11 ; elapsed = 00:00:19 . Memory (MB): peak = 1360.555 ; gain = 76.000 ; free physical = 6905 ; free virtual = 45187
---------------------------------------------------------------------------------
INFO: [Synth 8-6157] synthesizing module 'shell_pcs_config_vector_0' [/home/tarafdar/workDir/galapagos/shells/projects/adm-8k5/adm-8k5.srcs/sources_1/bd/srcs/ip/shell_pcs_config_vector_0/synth/shell_pcs_config_vector_0.v:57]
INFO: [Synth 8-6157] synthesizing module 'xlconstant_v1_1_4_xlconstant' [/home/tarafdar/workDir/galapagos/shells/projects/adm-8k5/adm-8k5.srcs/sources_1/bd/srcs/ipshared/2fc9/hdl/xlconstant_v1_1_vl_rfs.v:23]
	Parameter CONST_VAL bound to: 536'b00000000000000000000000000000000000000000000000000000000000000000000000000000000000000000000000000000000000000000000000000000000000000000000000000000000000000000000000000000000000000000000000000000000000000000000000000000000000000000000000000000000000000000000000000000000000000000000000000000000000000000000000000000000000000000000000000000000000000000000000000000000000000000000000000000000000000000000000000000000000000000000000000000000000000000000000000000000000000000000000000000000000000000000000000000000000000000000000000000000 
	Parameter CONST_WIDTH bound to: 536 - type: integer 
INFO: [Synth 8-6155] done synthesizing module 'xlconstant_v1_1_4_xlconstant' (1#1) [/home/tarafdar/workDir/galapagos/shells/projects/adm-8k5/adm-8k5.srcs/sources_1/bd/srcs/ipshared/2fc9/hdl/xlconstant_v1_1_vl_rfs.v:23]
INFO: [Synth 8-6155] done synthesizing module 'shell_pcs_config_vector_0' (2#1) [/home/tarafdar/workDir/galapagos/shells/projects/adm-8k5/adm-8k5.srcs/sources_1/bd/srcs/ip/shell_pcs_config_vector_0/synth/shell_pcs_config_vector_0.v:57]
---------------------------------------------------------------------------------
Finished RTL Elaboration : Time (s): cpu = 00:00:12 ; elapsed = 00:00:21 . Memory (MB): peak = 1406.164 ; gain = 121.609 ; free physical = 6824 ; free virtual = 45107
---------------------------------------------------------------------------------

Report Check Netlist: 
+------+------------------+-------+---------+-------+------------------+
|      |Item              |Errors |Warnings |Status |Description       |
+------+------------------+-------+---------+-------+------------------+
|1     |multi_driven_nets |      0|        0|Passed |Multi driven nets |
+------+------------------+-------+---------+-------+------------------+
---------------------------------------------------------------------------------
Start Handling Custom Attributes
---------------------------------------------------------------------------------
---------------------------------------------------------------------------------
Finished Handling Custom Attributes : Time (s): cpu = 00:00:12 ; elapsed = 00:00:22 . Memory (MB): peak = 1406.164 ; gain = 121.609 ; free physical = 6830 ; free virtual = 45114
---------------------------------------------------------------------------------
---------------------------------------------------------------------------------
Finished RTL Optimization Phase 1 : Time (s): cpu = 00:00:12 ; elapsed = 00:00:22 . Memory (MB): peak = 1406.164 ; gain = 121.609 ; free physical = 6830 ; free virtual = 45114
---------------------------------------------------------------------------------
INFO: [Device 21-403] Loading part xcku115-flva1517-2-e
INFO: [Project 1-570] Preparing netlist for logic optimization

Processing XDC Constraints
Initializing timing engine
Completed Processing XDC Constraints

INFO: [Project 1-111] Unisim Transformation Summary:
No Unisim elements were transformed.

Constraint Validation Runtime : Time (s): cpu = 00:00:00.02 ; elapsed = 00:00:00.03 . Memory (MB): peak = 2001.480 ; gain = 0.000 ; free physical = 7731 ; free virtual = 46138
---------------------------------------------------------------------------------
Finished Constraint Validation : Time (s): cpu = 00:00:35 ; elapsed = 00:00:56 . Memory (MB): peak = 2001.480 ; gain = 716.926 ; free physical = 7156 ; free virtual = 45519
---------------------------------------------------------------------------------
---------------------------------------------------------------------------------
Start Loading Part and Timing Information
---------------------------------------------------------------------------------
Loading part: xcku115-flva1517-2-e
---------------------------------------------------------------------------------
Finished Loading Part and Timing Information : Time (s): cpu = 00:00:35 ; elapsed = 00:00:56 . Memory (MB): peak = 2001.480 ; gain = 716.926 ; free physical = 7156 ; free virtual = 45519
---------------------------------------------------------------------------------
---------------------------------------------------------------------------------
Start Applying 'set_property' XDC Constraints
---------------------------------------------------------------------------------
---------------------------------------------------------------------------------
Finished applying 'set_property' XDC Constraints : Time (s): cpu = 00:00:35 ; elapsed = 00:00:56 . Memory (MB): peak = 2001.480 ; gain = 716.926 ; free physical = 7157 ; free virtual = 45521
---------------------------------------------------------------------------------
---------------------------------------------------------------------------------
Finished RTL Optimization Phase 2 : Time (s): cpu = 00:00:35 ; elapsed = 00:00:56 . Memory (MB): peak = 2001.480 ; gain = 716.926 ; free physical = 7155 ; free virtual = 45519
---------------------------------------------------------------------------------

Report RTL Partitions: 
+-+--------------+------------+----------+
| |RTL Partition |Replication |Instances |
+-+--------------+------------+----------+
+-+--------------+------------+----------+
---------------------------------------------------------------------------------
Start RTL Component Statistics 
---------------------------------------------------------------------------------
Detailed RTL Component Info : 
---------------------------------------------------------------------------------
Finished RTL Component Statistics 
---------------------------------------------------------------------------------
---------------------------------------------------------------------------------
Start RTL Hierarchical Component Statistics 
---------------------------------------------------------------------------------
Hierarchical RTL Component report 
---------------------------------------------------------------------------------
Finished RTL Hierarchical Component Statistics
---------------------------------------------------------------------------------
---------------------------------------------------------------------------------
Start Part Resource Summary
---------------------------------------------------------------------------------
Part Resources:
DSPs: 5520 (col length:120)
BRAMs: 4320 (col length: RAMB18 240 RAMB36 120)
---------------------------------------------------------------------------------
Finished Part Resource Summary
---------------------------------------------------------------------------------
---------------------------------------------------------------------------------
Start Cross Boundary and Area Optimization
---------------------------------------------------------------------------------
Warning: Parallel synthesis criteria is not met 
WARNING: [Synth 8-3330] design shell_pcs_config_vector_0 has an empty top module
INFO: [Synth 8-3917] design shell_pcs_config_vector_0 has port dout[535] driven by constant 0
INFO: [Synth 8-3917] design shell_pcs_config_vector_0 has port dout[534] driven by constant 0
INFO: [Synth 8-3917] design shell_pcs_config_vector_0 has port dout[533] driven by constant 0
INFO: [Synth 8-3917] design shell_pcs_config_vector_0 has port dout[532] driven by constant 0
INFO: [Synth 8-3917] design shell_pcs_config_vector_0 has port dout[531] driven by constant 0
INFO: [Synth 8-3917] design shell_pcs_config_vector_0 has port dout[530] driven by constant 0
INFO: [Synth 8-3917] design shell_pcs_config_vector_0 has port dout[529] driven by constant 0
INFO: [Synth 8-3917] design shell_pcs_config_vector_0 has port dout[528] driven by constant 0
INFO: [Synth 8-3917] design shell_pcs_config_vector_0 has port dout[527] driven by constant 0
INFO: [Synth 8-3917] design shell_pcs_config_vector_0 has port dout[526] driven by constant 0
INFO: [Synth 8-3917] design shell_pcs_config_vector_0 has port dout[525] driven by constant 0
INFO: [Synth 8-3917] design shell_pcs_config_vector_0 has port dout[524] driven by constant 0
INFO: [Synth 8-3917] design shell_pcs_config_vector_0 has port dout[523] driven by constant 0
INFO: [Synth 8-3917] design shell_pcs_config_vector_0 has port dout[522] driven by constant 0
INFO: [Synth 8-3917] design shell_pcs_config_vector_0 has port dout[521] driven by constant 0
INFO: [Synth 8-3917] design shell_pcs_config_vector_0 has port dout[520] driven by constant 0
INFO: [Synth 8-3917] design shell_pcs_config_vector_0 has port dout[519] driven by constant 0
INFO: [Synth 8-3917] design shell_pcs_config_vector_0 has port dout[518] driven by constant 0
INFO: [Synth 8-3917] design shell_pcs_config_vector_0 has port dout[517] driven by constant 0
INFO: [Synth 8-3917] design shell_pcs_config_vector_0 has port dout[516] driven by constant 0
INFO: [Synth 8-3917] design shell_pcs_config_vector_0 has port dout[515] driven by constant 0
INFO: [Synth 8-3917] design shell_pcs_config_vector_0 has port dout[514] driven by constant 0
INFO: [Synth 8-3917] design shell_pcs_config_vector_0 has port dout[513] driven by constant 0
INFO: [Synth 8-3917] design shell_pcs_config_vector_0 has port dout[512] driven by constant 0
INFO: [Synth 8-3917] design shell_pcs_config_vector_0 has port dout[511] driven by constant 0
INFO: [Synth 8-3917] design shell_pcs_config_vector_0 has port dout[510] driven by constant 0
INFO: [Synth 8-3917] design shell_pcs_config_vector_0 has port dout[509] driven by constant 0
INFO: [Synth 8-3917] design shell_pcs_config_vector_0 has port dout[508] driven by constant 0
INFO: [Synth 8-3917] design shell_pcs_config_vector_0 has port dout[507] driven by constant 0
INFO: [Synth 8-3917] design shell_pcs_config_vector_0 has port dout[506] driven by constant 0
INFO: [Synth 8-3917] design shell_pcs_config_vector_0 has port dout[505] driven by constant 0
INFO: [Synth 8-3917] design shell_pcs_config_vector_0 has port dout[504] driven by constant 0
INFO: [Synth 8-3917] design shell_pcs_config_vector_0 has port dout[503] driven by constant 0
INFO: [Synth 8-3917] design shell_pcs_config_vector_0 has port dout[502] driven by constant 0
INFO: [Synth 8-3917] design shell_pcs_config_vector_0 has port dout[501] driven by constant 0
INFO: [Synth 8-3917] design shell_pcs_config_vector_0 has port dout[500] driven by constant 0
INFO: [Synth 8-3917] design shell_pcs_config_vector_0 has port dout[499] driven by constant 0
INFO: [Synth 8-3917] design shell_pcs_config_vector_0 has port dout[498] driven by constant 0
INFO: [Synth 8-3917] design shell_pcs_config_vector_0 has port dout[497] driven by constant 0
INFO: [Synth 8-3917] design shell_pcs_config_vector_0 has port dout[496] driven by constant 0
INFO: [Synth 8-3917] design shell_pcs_config_vector_0 has port dout[495] driven by constant 0
INFO: [Synth 8-3917] design shell_pcs_config_vector_0 has port dout[494] driven by constant 0
INFO: [Synth 8-3917] design shell_pcs_config_vector_0 has port dout[493] driven by constant 0
INFO: [Synth 8-3917] design shell_pcs_config_vector_0 has port dout[492] driven by constant 0
INFO: [Synth 8-3917] design shell_pcs_config_vector_0 has port dout[491] driven by constant 0
INFO: [Synth 8-3917] design shell_pcs_config_vector_0 has port dout[490] driven by constant 0
INFO: [Synth 8-3917] design shell_pcs_config_vector_0 has port dout[489] driven by constant 0
INFO: [Synth 8-3917] design shell_pcs_config_vector_0 has port dout[488] driven by constant 0
INFO: [Synth 8-3917] design shell_pcs_config_vector_0 has port dout[487] driven by constant 0
INFO: [Synth 8-3917] design shell_pcs_config_vector_0 has port dout[486] driven by constant 0
INFO: [Synth 8-3917] design shell_pcs_config_vector_0 has port dout[485] driven by constant 0
INFO: [Synth 8-3917] design shell_pcs_config_vector_0 has port dout[484] driven by constant 0
INFO: [Synth 8-3917] design shell_pcs_config_vector_0 has port dout[483] driven by constant 0
INFO: [Synth 8-3917] design shell_pcs_config_vector_0 has port dout[482] driven by constant 0
INFO: [Synth 8-3917] design shell_pcs_config_vector_0 has port dout[481] driven by constant 0
INFO: [Synth 8-3917] design shell_pcs_config_vector_0 has port dout[480] driven by constant 0
INFO: [Synth 8-3917] design shell_pcs_config_vector_0 has port dout[479] driven by constant 0
INFO: [Synth 8-3917] design shell_pcs_config_vector_0 has port dout[478] driven by constant 0
INFO: [Synth 8-3917] design shell_pcs_config_vector_0 has port dout[477] driven by constant 0
INFO: [Synth 8-3917] design shell_pcs_config_vector_0 has port dout[476] driven by constant 0
INFO: [Synth 8-3917] design shell_pcs_config_vector_0 has port dout[475] driven by constant 0
INFO: [Synth 8-3917] design shell_pcs_config_vector_0 has port dout[474] driven by constant 0
INFO: [Synth 8-3917] design shell_pcs_config_vector_0 has port dout[473] driven by constant 0
INFO: [Synth 8-3917] design shell_pcs_config_vector_0 has port dout[472] driven by constant 0
INFO: [Synth 8-3917] design shell_pcs_config_vector_0 has port dout[471] driven by constant 0
INFO: [Synth 8-3917] design shell_pcs_config_vector_0 has port dout[470] driven by constant 0
INFO: [Synth 8-3917] design shell_pcs_config_vector_0 has port dout[469] driven by constant 0
INFO: [Synth 8-3917] design shell_pcs_config_vector_0 has port dout[468] driven by constant 0
INFO: [Synth 8-3917] design shell_pcs_config_vector_0 has port dout[467] driven by constant 0
INFO: [Synth 8-3917] design shell_pcs_config_vector_0 has port dout[466] driven by constant 0
INFO: [Synth 8-3917] design shell_pcs_config_vector_0 has port dout[465] driven by constant 0
INFO: [Synth 8-3917] design shell_pcs_config_vector_0 has port dout[464] driven by constant 0
INFO: [Synth 8-3917] design shell_pcs_config_vector_0 has port dout[463] driven by constant 0
INFO: [Synth 8-3917] design shell_pcs_config_vector_0 has port dout[462] driven by constant 0
INFO: [Synth 8-3917] design shell_pcs_config_vector_0 has port dout[461] driven by constant 0
INFO: [Synth 8-3917] design shell_pcs_config_vector_0 has port dout[460] driven by constant 0
INFO: [Synth 8-3917] design shell_pcs_config_vector_0 has port dout[459] driven by constant 0
INFO: [Synth 8-3917] design shell_pcs_config_vector_0 has port dout[458] driven by constant 0
INFO: [Synth 8-3917] design shell_pcs_config_vector_0 has port dout[457] driven by constant 0
INFO: [Synth 8-3917] design shell_pcs_config_vector_0 has port dout[456] driven by constant 0
INFO: [Synth 8-3917] design shell_pcs_config_vector_0 has port dout[455] driven by constant 0
INFO: [Synth 8-3917] design shell_pcs_config_vector_0 has port dout[454] driven by constant 0
INFO: [Synth 8-3917] design shell_pcs_config_vector_0 has port dout[453] driven by constant 0
INFO: [Synth 8-3917] design shell_pcs_config_vector_0 has port dout[452] driven by constant 0
INFO: [Synth 8-3917] design shell_pcs_config_vector_0 has port dout[451] driven by constant 0
INFO: [Synth 8-3917] design shell_pcs_config_vector_0 has port dout[450] driven by constant 0
INFO: [Synth 8-3917] design shell_pcs_config_vector_0 has port dout[449] driven by constant 0
INFO: [Synth 8-3917] design shell_pcs_config_vector_0 has port dout[448] driven by constant 0
INFO: [Synth 8-3917] design shell_pcs_config_vector_0 has port dout[447] driven by constant 0
INFO: [Synth 8-3917] design shell_pcs_config_vector_0 has port dout[446] driven by constant 0
INFO: [Synth 8-3917] design shell_pcs_config_vector_0 has port dout[445] driven by constant 0
INFO: [Synth 8-3917] design shell_pcs_config_vector_0 has port dout[444] driven by constant 0
INFO: [Synth 8-3917] design shell_pcs_config_vector_0 has port dout[443] driven by constant 0
INFO: [Synth 8-3917] design shell_pcs_config_vector_0 has port dout[442] driven by constant 0
INFO: [Synth 8-3917] design shell_pcs_config_vector_0 has port dout[441] driven by constant 0
INFO: [Synth 8-3917] design shell_pcs_config_vector_0 has port dout[440] driven by constant 0
INFO: [Synth 8-3917] design shell_pcs_config_vector_0 has port dout[439] driven by constant 0
INFO: [Synth 8-3917] design shell_pcs_config_vector_0 has port dout[438] driven by constant 0
INFO: [Synth 8-3917] design shell_pcs_config_vector_0 has port dout[437] driven by constant 0
INFO: [Synth 8-3917] design shell_pcs_config_vector_0 has port dout[436] driven by constant 0
INFO: [Common 17-14] Message 'Synth 8-3917' appears 100 times and further instances of the messages will be disabled. Use the Tcl command set_msg_config to change the current settings.
---------------------------------------------------------------------------------
Finished Cross Boundary and Area Optimization : Time (s): cpu = 00:00:36 ; elapsed = 00:00:57 . Memory (MB): peak = 2001.480 ; gain = 716.926 ; free physical = 7150 ; free virtual = 45516
---------------------------------------------------------------------------------

Report RTL Partitions: 
+-+--------------+------------+----------+
| |RTL Partition |Replication |Instances |
+-+--------------+------------+----------+
+-+--------------+------------+----------+
---------------------------------------------------------------------------------
Start Applying XDC Timing Constraints
---------------------------------------------------------------------------------
---------------------------------------------------------------------------------
Finished Applying XDC Timing Constraints : Time (s): cpu = 00:00:53 ; elapsed = 00:01:35 . Memory (MB): peak = 2229.957 ; gain = 945.402 ; free physical = 5891 ; free virtual = 44240
---------------------------------------------------------------------------------
---------------------------------------------------------------------------------
Start Timing Optimization
---------------------------------------------------------------------------------
---------------------------------------------------------------------------------
Finished Timing Optimization : Time (s): cpu = 00:00:53 ; elapsed = 00:01:35 . Memory (MB): peak = 2229.957 ; gain = 945.402 ; free physical = 5890 ; free virtual = 44239
---------------------------------------------------------------------------------

Report RTL Partitions: 
+-+--------------+------------+----------+
| |RTL Partition |Replication |Instances |
+-+--------------+------------+----------+
+-+--------------+------------+----------+
---------------------------------------------------------------------------------
Start Technology Mapping
---------------------------------------------------------------------------------
---------------------------------------------------------------------------------
Finished Technology Mapping : Time (s): cpu = 00:00:53 ; elapsed = 00:01:35 . Memory (MB): peak = 2229.957 ; gain = 945.402 ; free physical = 5888 ; free virtual = 44237
---------------------------------------------------------------------------------

Report RTL Partitions: 
+-+--------------+------------+----------+
| |RTL Partition |Replication |Instances |
+-+--------------+------------+----------+
+-+--------------+------------+----------+
---------------------------------------------------------------------------------
Start IO Insertion
---------------------------------------------------------------------------------
---------------------------------------------------------------------------------
Start Flattening Before IO Insertion
---------------------------------------------------------------------------------
---------------------------------------------------------------------------------
Finished Flattening Before IO Insertion
---------------------------------------------------------------------------------
---------------------------------------------------------------------------------
Start Final Netlist Cleanup
---------------------------------------------------------------------------------
---------------------------------------------------------------------------------
Finished Final Netlist Cleanup
---------------------------------------------------------------------------------
---------------------------------------------------------------------------------
Finished IO Insertion : Time (s): cpu = 00:00:53 ; elapsed = 00:01:36 . Memory (MB): peak = 2229.957 ; gain = 945.402 ; free physical = 5845 ; free virtual = 44194
---------------------------------------------------------------------------------

Report Check Netlist: 
+------+------------------+-------+---------+-------+------------------+
|      |Item              |Errors |Warnings |Status |Description       |
+------+------------------+-------+---------+-------+------------------+
|1     |multi_driven_nets |      0|        0|Passed |Multi driven nets |
+------+------------------+-------+---------+-------+------------------+
---------------------------------------------------------------------------------
Start Renaming Generated Instances
---------------------------------------------------------------------------------
---------------------------------------------------------------------------------
Finished Renaming Generated Instances : Time (s): cpu = 00:00:53 ; elapsed = 00:01:36 . Memory (MB): peak = 2229.957 ; gain = 945.402 ; free physical = 5845 ; free virtual = 44194
---------------------------------------------------------------------------------

Report RTL Partitions: 
+-+--------------+------------+----------+
| |RTL Partition |Replication |Instances |
+-+--------------+------------+----------+
+-+--------------+------------+----------+
---------------------------------------------------------------------------------
Start Rebuilding User Hierarchy
---------------------------------------------------------------------------------
---------------------------------------------------------------------------------
Finished Rebuilding User Hierarchy : Time (s): cpu = 00:00:53 ; elapsed = 00:01:36 . Memory (MB): peak = 2229.957 ; gain = 945.402 ; free physical = 5844 ; free virtual = 44193
---------------------------------------------------------------------------------
---------------------------------------------------------------------------------
Start Renaming Generated Ports
---------------------------------------------------------------------------------
---------------------------------------------------------------------------------
Finished Renaming Generated Ports : Time (s): cpu = 00:00:53 ; elapsed = 00:01:36 . Memory (MB): peak = 2229.957 ; gain = 945.402 ; free physical = 5844 ; free virtual = 44193
---------------------------------------------------------------------------------
---------------------------------------------------------------------------------
Start Handling Custom Attributes
---------------------------------------------------------------------------------
---------------------------------------------------------------------------------
Finished Handling Custom Attributes : Time (s): cpu = 00:00:53 ; elapsed = 00:01:36 . Memory (MB): peak = 2229.957 ; gain = 945.402 ; free physical = 5843 ; free virtual = 44193
---------------------------------------------------------------------------------
---------------------------------------------------------------------------------
Start Renaming Generated Nets
---------------------------------------------------------------------------------
---------------------------------------------------------------------------------
Finished Renaming Generated Nets : Time (s): cpu = 00:00:53 ; elapsed = 00:01:36 . Memory (MB): peak = 2229.957 ; gain = 945.402 ; free physical = 5843 ; free virtual = 44192
---------------------------------------------------------------------------------
---------------------------------------------------------------------------------
Start Writing Synthesis Report
---------------------------------------------------------------------------------

Report BlackBoxes: 
+-+--------------+----------+
| |BlackBox name |Instances |
+-+--------------+----------+
+-+--------------+----------+

Report Cell Usage: 
+-+-----+------+
| |Cell |Count |
+-+-----+------+
+-+-----+------+

Report Instance Areas: 
+------+---------+-------+------+
|      |Instance |Module |Cells |
+------+---------+-------+------+
|1     |top      |       |     0|
+------+---------+-------+------+
---------------------------------------------------------------------------------
Finished Writing Synthesis Report : Time (s): cpu = 00:00:53 ; elapsed = 00:01:36 . Memory (MB): peak = 2229.957 ; gain = 945.402 ; free physical = 5843 ; free virtual = 44192
---------------------------------------------------------------------------------
Synthesis finished with 0 errors, 0 critical warnings and 1 warnings.
Synthesis Optimization Runtime : Time (s): cpu = 00:00:41 ; elapsed = 00:01:14 . Memory (MB): peak = 2230.957 ; gain = 351.086 ; free physical = 5853 ; free virtual = 44202
Synthesis Optimization Complete : Time (s): cpu = 00:00:54 ; elapsed = 00:01:36 . Memory (MB): peak = 2230.965 ; gain = 946.402 ; free physical = 5862 ; free virtual = 44211
INFO: [Project 1-571] Translating synthesized netlist
INFO: [Project 1-570] Preparing netlist for logic optimization
INFO: [Opt 31-138] Pushed 0 inverter(s) to 0 load pin(s).
INFO: [Project 1-111] Unisim Transformation Summary:
No Unisim elements were transformed.

INFO: [Common 17-83] Releasing license: Synthesis
114 Infos, 1 Warnings, 0 Critical Warnings and 0 Errors encountered.
synth_design completed successfully
synth_design: Time (s): cpu = 00:00:56 ; elapsed = 00:01:38 . Memory (MB): peak = 2285.707 ; gain = 1034.758 ; free physical = 5658 ; free virtual = 44007
INFO: [Common 17-1381] The checkpoint '/home/tarafdar/workDir/galapagos/shells/projects/adm-8k5/adm-8k5.runs/shell_pcs_config_vector_0_synth_1/shell_pcs_config_vector_0.dcp' has been generated.
INFO: [Coretcl 2-1482] Added synthesis output to IP cache for IP /home/tarafdar/workDir/galapagos/shells/projects/adm-8k5/adm-8k5.srcs/sources_1/bd/srcs/ip/shell_pcs_config_vector_0/shell_pcs_config_vector_0.xci
INFO: [Common 17-1381] The checkpoint '/home/tarafdar/workDir/galapagos/shells/projects/adm-8k5/adm-8k5.runs/shell_pcs_config_vector_0_synth_1/shell_pcs_config_vector_0.dcp' has been generated.
INFO: [runtcl-4] Executing : report_utilization -file shell_pcs_config_vector_0_utilization_synth.rpt -pb shell_pcs_config_vector_0_utilization_synth.pb
report_utilization: Time (s): cpu = 00:00:00.89 ; elapsed = 00:00:00.98 . Memory (MB): peak = 2285.707 ; gain = 0.000 ; free physical = 5626 ; free virtual = 43976
INFO: [Common 17-206] Exiting Vivado at Sun May 13 23:01:11 2018...
