
*** Running vivado
    with args -log shell_microblaze_0_0.vds -m64 -product Vivado -mode batch -messageDb vivado.pb -notrace -source shell_microblaze_0_0.tcl


****** Vivado v2016.4 (64-bit)
  **** SW Build 1756540 on Mon Jan 23 19:11:19 MST 2017
  **** IP Build 1755317 on Mon Jan 23 20:30:07 MST 2017
    ** Copyright 1986-2016 Xilinx, Inc. All Rights Reserved.

source shell_microblaze_0_0.tcl -notrace
Starting RTL Elaboration : Time (s): cpu = 00:00:08 ; elapsed = 00:00:08 . Memory (MB): peak = 1218.426 ; gain = 287.957 ; free physical = 23641 ; free virtual = 58688
INFO: [Synth 8-638] synthesizing module 'shell_microblaze_0_0' [/home/tarafdar/thesis/gitStuff/projects/8k5Shell/8k5Shell.srcs/sources_1/bd/srcs/ip/shell_microblaze_0_0/synth/shell_microblaze_0_0.vhd:116]
INFO: [Synth 8-256] done synthesizing module 'shell_microblaze_0_0' (52#1) [/home/tarafdar/thesis/gitStuff/projects/8k5Shell/8k5Shell.srcs/sources_1/bd/srcs/ip/shell_microblaze_0_0/synth/shell_microblaze_0_0.vhd:116]
Finished RTL Elaboration : Time (s): cpu = 00:00:13 ; elapsed = 00:00:13 . Memory (MB): peak = 1400.895 ; gain = 470.426 ; free physical = 23227 ; free virtual = 58275
Finished RTL Optimization Phase 1 : Time (s): cpu = 00:00:13 ; elapsed = 00:00:14 . Memory (MB): peak = 1400.895 ; gain = 470.426 ; free physical = 23184 ; free virtual = 58232
INFO: [Device 21-403] Loading part xcku115-flva1517-2-e
Constraint Validation Runtime : Time (s): cpu = 00:00:00.24 ; elapsed = 00:00:00.20 . Memory (MB): peak = 1989.160 ; gain = 1.000 ; free physical = 24495 ; free virtual = 59544
Finished Constraint Validation : Time (s): cpu = 00:00:30 ; elapsed = 00:00:30 . Memory (MB): peak = 1989.160 ; gain = 1058.691 ; free physical = 24229 ; free virtual = 59277
Finished Loading Part and Timing Information : Time (s): cpu = 00:00:30 ; elapsed = 00:00:30 . Memory (MB): peak = 1989.160 ; gain = 1058.691 ; free physical = 24229 ; free virtual = 59277
Finished applying 'set_property' XDC Constraints : Time (s): cpu = 00:00:30 ; elapsed = 00:00:30 . Memory (MB): peak = 1989.160 ; gain = 1058.691 ; free physical = 24229 ; free virtual = 59277
Finished RTL Optimization Phase 2 : Time (s): cpu = 00:00:33 ; elapsed = 00:00:33 . Memory (MB): peak = 1989.160 ; gain = 1058.691 ; free physical = 24085 ; free virtual = 59133
Finished Cross Boundary and Area Optimization : Time (s): cpu = 00:00:40 ; elapsed = 00:00:41 . Memory (MB): peak = 1989.160 ; gain = 1058.691 ; free physical = 23411 ; free virtual = 58460
Finished Applying XDC Timing Constraints : Time (s): cpu = 00:00:48 ; elapsed = 00:00:49 . Memory (MB): peak = 2077.676 ; gain = 1147.207 ; free physical = 22456 ; free virtual = 57505
Finished Timing Optimization : Time (s): cpu = 00:00:59 ; elapsed = 00:01:00 . Memory (MB): peak = 2202.738 ; gain = 1272.270 ; free physical = 21794 ; free virtual = 56847
Finished Technology Mapping : Time (s): cpu = 00:01:01 ; elapsed = 00:01:01 . Memory (MB): peak = 2202.738 ; gain = 1272.270 ; free physical = 22986 ; free virtual = 58044
Finished IO Insertion : Time (s): cpu = 00:01:01 ; elapsed = 00:01:02 . Memory (MB): peak = 2202.738 ; gain = 1272.270 ; free physical = 24343 ; free virtual = 59400
Finished Renaming Generated Instances : Time (s): cpu = 00:01:01 ; elapsed = 00:01:02 . Memory (MB): peak = 2202.738 ; gain = 1272.270 ; free physical = 24337 ; free virtual = 59394
Finished Rebuilding User Hierarchy : Time (s): cpu = 00:01:01 ; elapsed = 00:01:02 . Memory (MB): peak = 2202.738 ; gain = 1272.270 ; free physical = 24301 ; free virtual = 59359
Finished Renaming Generated Ports : Time (s): cpu = 00:01:01 ; elapsed = 00:01:02 . Memory (MB): peak = 2202.738 ; gain = 1272.270 ; free physical = 24294 ; free virtual = 59351
Finished Handling Custom Attributes : Time (s): cpu = 00:01:02 ; elapsed = 00:01:02 . Memory (MB): peak = 2202.738 ; gain = 1272.270 ; free physical = 24277 ; free virtual = 59334
Finished Renaming Generated Nets : Time (s): cpu = 00:01:02 ; elapsed = 00:01:02 . Memory (MB): peak = 2202.738 ; gain = 1272.270 ; free physical = 24277 ; free virtual = 59334

Report Cell Usage: 
+------+---------+------+
|      |Cell     |Count |
+------+---------+------+
|1     |AND2B1L  |     1|
|2     |LUT1     |    19|
|3     |LUT2     |    75|
|4     |LUT3     |   274|
|5     |LUT4     |    92|
|6     |LUT5     |   148|
|7     |LUT6     |   369|
|8     |LUT6_2   |    80|
|9     |MULT_AND |     1|
|10    |MUXCY_L  |   136|
|11    |MUXF7    |   116|
|12    |RAM32M   |    16|
|13    |SRL16E   |    82|
|14    |SRL16E_2 |     1|
|15    |SRL16E_3 |     1|
|16    |SRL16E_4 |     1|
|17    |SRL16E_5 |     2|
|18    |SRL16E_6 |     2|
|19    |SRLC16E  |     8|
|20    |XORCY    |    94|
|21    |FDCE     |   143|
|22    |FDE      |    32|
|23    |FDR      |    87|
|24    |FDRE     |  1209|
|25    |FDS      |     1|
|26    |FDSE     |    36|
+------+---------+------+
Finished Writing Synthesis Report : Time (s): cpu = 00:01:02 ; elapsed = 00:01:02 . Memory (MB): peak = 2202.738 ; gain = 1272.270 ; free physical = 24277 ; free virtual = 59334
synth_design: Time (s): cpu = 00:01:05 ; elapsed = 00:01:05 . Memory (MB): peak = 2451.473 ; gain = 1365.477 ; free physical = 23473 ; free virtual = 58531
