

================================================================
== Vivado HLS Report for 'roundRobin'
================================================================
* Date:           Sun Jul  2 20:16:52 2017

* Version:        2016.4 (Build 1756540 on Mon Jan 23 19:31:01 MST 2017)
* Project:        roundRobin
* Solution:       solution1
* Product family: kintexu
* Target device:  xcku115-flva1517-2-e


================================================================
== Performance Estimates
================================================================
+ Timing (ns): 
    * Summary: 
    +--------+-------+----------+------------+
    |  Clock | Target| Estimated| Uncertainty|
    +--------+-------+----------+------------+
    |ap_clk  |   5.00|      3.10|        0.62|
    +--------+-------+----------+------------+

+ Latency (clock cycles): 
    * Summary: 
    +-----+-----+-----+-----+---------+
    |  Latency  |  Interval | Pipeline|
    | min | max | min | max |   Type  |
    +-----+-----+-----+-----+---------+
    |    ?|    ?|    ?|    ?|   none  |
    +-----+-----+-----+-----+---------+

    + Detail: 
        * Instance: 
        N/A

        * Loop: 
        +----------+-----+-----+----------+-----------+-----------+------+----------+
        |          |  Latency  | Iteration|  Initiation Interval  | Trip |          |
        | Loop Name| min | max |  Latency |  achieved |   target  | Count| Pipelined|
        +----------+-----+-----+----------+-----------+-----------+------+----------+
        |- Loop 1  |    ?|    ?|         3|          -|          -|  inf |    no    |
        +----------+-----+-----+----------+-----------+-----------+------+----------+



================================================================
== Utilization Estimates
================================================================
* Summary: 
+---------------------+---------+-------+---------+--------+
|         Name        | BRAM_18K| DSP48E|    FF   |   LUT  |
+---------------------+---------+-------+---------+--------+
|DSP                  |        -|      -|        -|       -|
|Expression           |        -|      -|        0|      44|
|FIFO                 |        -|      -|        -|       -|
|Instance             |        -|      -|        -|       -|
|Memory               |        -|      -|        -|       -|
|Multiplexer          |        -|      -|        -|     185|
|Register             |        -|      -|      343|       -|
+---------------------+---------+-------+---------+--------+
|Total                |        0|      0|      343|     229|
+---------------------+---------+-------+---------+--------+
|Available SLR        |     2160|   2760|   663360|  331680|
+---------------------+---------+-------+---------+--------+
|Utilization SLR (%)  |        0|      0|    ~0   |   ~0   |
+---------------------+---------+-------+---------+--------+
|Available            |     4320|   5520|  1326720|  663360|
+---------------------+---------+-------+---------+--------+
|Utilization (%)      |        0|      0|    ~0   |   ~0   |
+---------------------+---------+-------+---------+--------+

+ Detail: 
    * Instance: 
    N/A

    * DSP48: 
    N/A

    * Memory: 
    N/A

    * FIFO: 
    N/A

    * Expression: 
    +---------------------------------------+----------+-------+---+----+------------+------------+
    |             Variable Name             | Operation| DSP48E| FF| LUT| Bitwidth P0| Bitwidth P1|
    +---------------------------------------+----------+-------+---+----+------------+------------+
    |index_1_cast_fu_125_p2                 |     +    |      0|  0|   9|           1|           9|
    |packetIn_V_last_V_0_load_A             |    and   |      0|  0|   1|           1|           1|
    |packetIn_V_last_V_0_load_B             |    and   |      0|  0|   1|           1|           1|
    |packetIn_V_packet_V_0_load_A           |    and   |      0|  0|   1|           1|           1|
    |packetIn_V_packet_V_0_load_B           |    and   |      0|  0|   1|           1|           1|
    |packetOut_V_dest_V_1_load_A            |    and   |      0|  0|   1|           1|           1|
    |packetOut_V_dest_V_1_load_B            |    and   |      0|  0|   1|           1|           1|
    |packetOut_V_last_V_1_load_A            |    and   |      0|  0|   1|           1|           1|
    |packetOut_V_last_V_1_load_B            |    and   |      0|  0|   1|           1|           1|
    |packetOut_V_packet_V_1_load_A          |    and   |      0|  0|   1|           1|           1|
    |packetOut_V_packet_V_1_load_B          |    and   |      0|  0|   1|           1|           1|
    |packetIn_V_last_V_0_state_cmp_full     |   icmp   |      0|  0|   1|           2|           1|
    |packetIn_V_packet_V_0_state_cmp_full   |   icmp   |      0|  0|   1|           2|           1|
    |packetOut_V_dest_V_1_state_cmp_full    |   icmp   |      0|  0|   1|           2|           1|
    |packetOut_V_last_V_1_state_cmp_full    |   icmp   |      0|  0|   1|           2|           1|
    |packetOut_V_packet_V_1_state_cmp_full  |   icmp   |      0|  0|   1|           2|           1|
    |tmp_1_fu_115_p2                        |   icmp   |      0|  0|  11|          32|          32|
    |index_1_index_fu_131_p3                |  select  |      0|  0|   9|           1|           9|
    +---------------------------------------+----------+-------+---+----+------------+------------+
    |Total                                  |          |      0|  0|  44|          54|          65|
    +---------------------------------------+----------+-------+---+----+------------+------------+

    * Multiplexer: 
    +---------------------------------+----+-----------+-----+-----------+
    |               Name              | LUT| Input Size| Bits| Total Bits|
    +---------------------------------+----+-----------+-----+-----------+
    |ap_NS_fsm                        |   1|          5|    1|          5|
    |packetIn_TDATA_blk_n             |   1|          2|    1|          2|
    |packetIn_V_dest_V_0_state        |   2|          3|    2|          6|
    |packetIn_V_last_V_0_data_out     |   1|          2|    1|          2|
    |packetIn_V_last_V_0_state        |   2|          3|    2|          6|
    |packetIn_V_packet_V_0_data_out   |  64|          2|   64|        128|
    |packetIn_V_packet_V_0_state      |   2|          3|    2|          6|
    |packetOut_TDATA_blk_n            |   1|          2|    1|          2|
    |packetOut_V_dest_V_1_data_out    |   8|          2|    8|         16|
    |packetOut_V_dest_V_1_state       |   2|          3|    2|          6|
    |packetOut_V_last_V_1_data_out    |   1|          2|    1|          2|
    |packetOut_V_last_V_1_state       |   2|          3|    2|          6|
    |packetOut_V_packet_V_1_data_out  |  64|          2|   64|        128|
    |packetOut_V_packet_V_1_state     |   2|          3|    2|          6|
    |val_assign_fu_46                 |  32|          2|   32|         64|
    +---------------------------------+----+-----------+-----+-----------+
    |Total                            | 185|         39|  185|        385|
    +---------------------------------+----+-----------+-----+-----------+

    * Register: 
    +----------------------------------+----+----+-----+-----------+
    |               Name               | FF | LUT| Bits| Const Bits|
    +----------------------------------+----+----+-----+-----------+
    |ap_CS_fsm                         |   4|   0|    4|          0|
    |index_cast_reg_159                |   9|   0|    9|          0|
    |packetIn_V_dest_V_0_state         |   2|   0|    2|          0|
    |packetIn_V_last_V_0_payload_A     |   1|   0|    1|          0|
    |packetIn_V_last_V_0_payload_B     |   1|   0|    1|          0|
    |packetIn_V_last_V_0_sel_rd        |   1|   0|    1|          0|
    |packetIn_V_last_V_0_sel_wr        |   1|   0|    1|          0|
    |packetIn_V_last_V_0_state         |   2|   0|    2|          0|
    |packetIn_V_packet_V_0_payload_A   |  64|   0|   64|          0|
    |packetIn_V_packet_V_0_payload_B   |  64|   0|   64|          0|
    |packetIn_V_packet_V_0_sel_rd      |   1|   0|    1|          0|
    |packetIn_V_packet_V_0_sel_wr      |   1|   0|    1|          0|
    |packetIn_V_packet_V_0_state       |   2|   0|    2|          0|
    |packetOut_V_dest_V_1_payload_A    |   8|   0|    8|          0|
    |packetOut_V_dest_V_1_payload_B    |   8|   0|    8|          0|
    |packetOut_V_dest_V_1_sel_rd       |   1|   0|    1|          0|
    |packetOut_V_dest_V_1_sel_wr       |   1|   0|    1|          0|
    |packetOut_V_dest_V_1_state        |   2|   0|    2|          0|
    |packetOut_V_last_V_1_payload_A    |   1|   0|    1|          0|
    |packetOut_V_last_V_1_payload_B    |   1|   0|    1|          0|
    |packetOut_V_last_V_1_sel_rd       |   1|   0|    1|          0|
    |packetOut_V_last_V_1_sel_wr       |   1|   0|    1|          0|
    |packetOut_V_last_V_1_state        |   2|   0|    2|          0|
    |packetOut_V_packet_V_1_payload_A  |  64|   0|   64|          0|
    |packetOut_V_packet_V_1_payload_B  |  64|   0|   64|          0|
    |packetOut_V_packet_V_1_sel_rd     |   1|   0|    1|          0|
    |packetOut_V_packet_V_1_sel_wr     |   1|   0|    1|          0|
    |packetOut_V_packet_V_1_state      |   2|   0|    2|          0|
    |val_assign_fu_46                  |  32|   0|   32|          0|
    +----------------------------------+----+----+-----+-----------+
    |Total                             | 343|   0|  343|          0|
    +----------------------------------+----+----+-----+-----------+



================================================================
== Interface
================================================================
* Summary: 
+------------------+-----+-----+--------------+----------------------+--------------+
|     RTL Ports    | Dir | Bits|   Protocol   |     Source Object    |    C Type    |
+------------------+-----+-----+--------------+----------------------+--------------+
|ap_clk            |  in |    1| ap_ctrl_none |      roundRobin      | return value |
|ap_rst_n          |  in |    1| ap_ctrl_none |      roundRobin      | return value |
|packetIn_TDATA    |  in |   64|     axis     |  packetIn_V_packet_V |    pointer   |
|packetIn_TVALID   |  in |    1|     axis     |   packetIn_V_dest_V  |    pointer   |
|packetIn_TREADY   | out |    1|     axis     |   packetIn_V_dest_V  |    pointer   |
|packetIn_TDEST    |  in |    8|     axis     |   packetIn_V_dest_V  |    pointer   |
|packetIn_TLAST    |  in |    1|     axis     |   packetIn_V_last_V  |    pointer   |
|packetOut_TDATA   | out |   64|     axis     | packetOut_V_packet_V |    pointer   |
|packetOut_TVALID  | out |    1|     axis     |  packetOut_V_dest_V  |    pointer   |
|packetOut_TREADY  |  in |    1|     axis     |  packetOut_V_dest_V  |    pointer   |
|packetOut_TDEST   | out |    8|     axis     |  packetOut_V_dest_V  |    pointer   |
|packetOut_TLAST   | out |    1|     axis     |  packetOut_V_last_V  |    pointer   |
|base_V            |  in |    8|    ap_none   |        base_V        |    pointer   |
|max_V             |  in |    8|    ap_none   |         max_V        |    pointer   |
+------------------+-----+-----+--------------+----------------------+--------------+

