
*** Running vivado
    with args -log shell_reverseEndian64_1_0.vds -m64 -product Vivado -mode batch -messageDb vivado.pb -notrace -source shell_reverseEndian64_1_0.tcl


****** Vivado v2016.4 (64-bit)
  **** SW Build 1756540 on Mon Jan 23 19:11:19 MST 2017
  **** IP Build 1755317 on Mon Jan 23 20:30:07 MST 2017
    ** Copyright 1986-2016 Xilinx, Inc. All Rights Reserved.

source shell_reverseEndian64_1_0.tcl -notrace
Command: synth_design -top shell_reverseEndian64_1_0 -part xcku115-flva1517-2-e -mode out_of_context
Starting synth_design
Attempting to get a license for feature 'Synthesis' and/or device 'xcku115'
INFO: [Common 17-349] Got license for feature 'Synthesis' and/or device 'xcku115'
INFO: [Common 17-1223] The version limit for your license is '2016.12' and will expire in -183 days. A version limit expiration means that, although you may be able to continue to use the current version of tools or IP with this license, you will not be eligible for any updates or new releases.
INFO: Launching helper process for spawning children vivado processes
INFO: Helper process launched with PID 96164 
---------------------------------------------------------------------------------
Starting RTL Elaboration : Time (s): cpu = 00:00:07 ; elapsed = 00:00:07 . Memory (MB): peak = 1213.430 ; gain = 282.957 ; free physical = 25842 ; free virtual = 61097
---------------------------------------------------------------------------------
INFO: [Synth 8-638] synthesizing module 'shell_reverseEndian64_1_0' [/home/tarafdar/thesis/gitStuff/projects/8k5Shell/8k5Shell.srcs/sources_1/bd/srcs/ip/shell_reverseEndian64_1_0/synth/shell_reverseEndian64_1_0.v:57]
INFO: [Synth 8-638] synthesizing module 'reverseEndian64' [/home/tarafdar/thesis/gitStuff/projects/8k5Shell/8k5Shell.srcs/sources_1/bd/srcs/ipshared/5d62/hdl/verilog/reverseEndian64.v:12]
	Parameter ap_ST_fsm_state1 bound to: 4'b0001 
	Parameter ap_ST_fsm_state2 bound to: 4'b0010 
	Parameter ap_ST_fsm_state3 bound to: 4'b0100 
	Parameter ap_ST_fsm_state4 bound to: 4'b1000 
	Parameter ap_const_lv2_0 bound to: 2'b00 
	Parameter ap_const_lv2_2 bound to: 2'b10 
	Parameter ap_const_lv2_3 bound to: 2'b11 
	Parameter ap_const_lv2_1 bound to: 2'b01 
	Parameter ap_const_lv32_2 bound to: 2 - type: integer 
	Parameter ap_const_lv32_3 bound to: 3 - type: integer 
	Parameter ap_const_lv32_38 bound to: 56 - type: integer 
	Parameter ap_const_lv32_3F bound to: 63 - type: integer 
	Parameter ap_const_lv32_8 bound to: 8 - type: integer 
	Parameter ap_const_lv32_F bound to: 15 - type: integer 
	Parameter ap_const_lv32_18 bound to: 24 - type: integer 
	Parameter ap_const_lv32_1F bound to: 31 - type: integer 
	Parameter ap_const_lv32_28 bound to: 40 - type: integer 
	Parameter ap_const_lv32_2F bound to: 47 - type: integer 
	Parameter ap_const_lv32_10 bound to: 16 - type: integer 
	Parameter ap_const_lv32_17 bound to: 23 - type: integer 
	Parameter ap_const_lv32_20 bound to: 32 - type: integer 
	Parameter ap_const_lv32_27 bound to: 39 - type: integer 
	Parameter ap_const_lv32_30 bound to: 48 - type: integer 
	Parameter ap_const_lv32_37 bound to: 55 - type: integer 
INFO: [Synth 8-5534] Detected attribute (* fsm_encoding = "none" *) [/home/tarafdar/thesis/gitStuff/projects/8k5Shell/8k5Shell.srcs/sources_1/bd/srcs/ipshared/5d62/hdl/verilog/reverseEndian64.v:151]
INFO: [Synth 8-256] done synthesizing module 'reverseEndian64' (1#1) [/home/tarafdar/thesis/gitStuff/projects/8k5Shell/8k5Shell.srcs/sources_1/bd/srcs/ipshared/5d62/hdl/verilog/reverseEndian64.v:12]
INFO: [Synth 8-256] done synthesizing module 'shell_reverseEndian64_1_0' (2#1) [/home/tarafdar/thesis/gitStuff/projects/8k5Shell/8k5Shell.srcs/sources_1/bd/srcs/ip/shell_reverseEndian64_1_0/synth/shell_reverseEndian64_1_0.v:57]
---------------------------------------------------------------------------------
Finished RTL Elaboration : Time (s): cpu = 00:00:07 ; elapsed = 00:00:07 . Memory (MB): peak = 1254.898 ; gain = 324.426 ; free physical = 25765 ; free virtual = 61021
---------------------------------------------------------------------------------

Report Check Netlist: 
+------+------------------+-------+---------+-------+------------------+
|      |Item              |Errors |Warnings |Status |Description       |
+------+------------------+-------+---------+-------+------------------+
|1     |multi_driven_nets |      0|        0|Passed |Multi driven nets |
+------+------------------+-------+---------+-------+------------------+
---------------------------------------------------------------------------------
Finished RTL Optimization Phase 1 : Time (s): cpu = 00:00:07 ; elapsed = 00:00:07 . Memory (MB): peak = 1254.898 ; gain = 324.426 ; free physical = 25765 ; free virtual = 61021
---------------------------------------------------------------------------------
INFO: [Device 21-403] Loading part xcku115-flva1517-2-e
INFO: [Project 1-570] Preparing netlist for logic optimization

Processing XDC Constraints
Initializing timing engine
Parsing XDC File [/home/tarafdar/thesis/gitStuff/projects/8k5Shell/8k5Shell.srcs/sources_1/bd/srcs/ip/shell_reverseEndian64_1_0/constraints/reverseEndian64_ooc.xdc] for cell 'inst'
Finished Parsing XDC File [/home/tarafdar/thesis/gitStuff/projects/8k5Shell/8k5Shell.srcs/sources_1/bd/srcs/ip/shell_reverseEndian64_1_0/constraints/reverseEndian64_ooc.xdc] for cell 'inst'
Parsing XDC File [/home/tarafdar/thesis/gitStuff/projects/8k5Shell/8k5Shell.runs/shell_reverseEndian64_1_0_synth_1/dont_touch.xdc]
Finished Parsing XDC File [/home/tarafdar/thesis/gitStuff/projects/8k5Shell/8k5Shell.runs/shell_reverseEndian64_1_0_synth_1/dont_touch.xdc]
Completed Processing XDC Constraints

INFO: [Project 1-111] Unisim Transformation Summary:
No Unisim elements were transformed.

Constraint Validation Runtime : Time (s): cpu = 00:00:00.02 ; elapsed = 00:00:00.02 . Memory (MB): peak = 1911.734 ; gain = 0.000 ; free physical = 24588 ; free virtual = 59844
---------------------------------------------------------------------------------
Finished Constraint Validation : Time (s): cpu = 00:00:19 ; elapsed = 00:00:19 . Memory (MB): peak = 1911.734 ; gain = 981.262 ; free physical = 24586 ; free virtual = 59843
---------------------------------------------------------------------------------
---------------------------------------------------------------------------------
Start Loading Part and Timing Information
---------------------------------------------------------------------------------
Loading part: xcku115-flva1517-2-e
---------------------------------------------------------------------------------
Finished Loading Part and Timing Information : Time (s): cpu = 00:00:19 ; elapsed = 00:00:19 . Memory (MB): peak = 1911.734 ; gain = 981.262 ; free physical = 24586 ; free virtual = 59843
---------------------------------------------------------------------------------
---------------------------------------------------------------------------------
Start Applying 'set_property' XDC Constraints
---------------------------------------------------------------------------------
Applied set_property DONT_TOUCH = true for inst. (constraint file  auto generated constraint, line ).
---------------------------------------------------------------------------------
Finished applying 'set_property' XDC Constraints : Time (s): cpu = 00:00:19 ; elapsed = 00:00:19 . Memory (MB): peak = 1911.734 ; gain = 981.262 ; free physical = 24587 ; free virtual = 59843
---------------------------------------------------------------------------------
INFO: [Synth 8-4490] FSM extraction disabled for register 'ap_CS_fsm_reg' through user attribute
---------------------------------------------------------------------------------
Finished RTL Optimization Phase 2 : Time (s): cpu = 00:00:19 ; elapsed = 00:00:19 . Memory (MB): peak = 1911.734 ; gain = 981.262 ; free physical = 24587 ; free virtual = 59843
---------------------------------------------------------------------------------

Report RTL Partitions: 
+-+--------------+------------+----------+
| |RTL Partition |Replication |Instances |
+-+--------------+------------+----------+
+-+--------------+------------+----------+
---------------------------------------------------------------------------------
Start RTL Component Statistics 
---------------------------------------------------------------------------------
Detailed RTL Component Info : 
+---Registers : 
	               64 Bit    Registers := 4     
	                8 Bit    Registers := 4     
	                4 Bit    Registers := 1     
	                2 Bit    Registers := 6     
	                1 Bit    Registers := 16    
+---Muxes : 
	   2 Input     64 Bit        Muxes := 2     
	   2 Input      8 Bit        Muxes := 2     
	   6 Input      4 Bit        Muxes := 1     
	   2 Input      4 Bit        Muxes := 1     
	   2 Input      2 Bit        Muxes := 6     
	   4 Input      2 Bit        Muxes := 6     
	   2 Input      1 Bit        Muxes := 8     
---------------------------------------------------------------------------------
Finished RTL Component Statistics 
---------------------------------------------------------------------------------
---------------------------------------------------------------------------------
Start RTL Hierarchical Component Statistics 
---------------------------------------------------------------------------------
Hierarchical RTL Component report 
Module reverseEndian64 
Detailed RTL Component Info : 
+---Registers : 
	               64 Bit    Registers := 4     
	                8 Bit    Registers := 4     
	                4 Bit    Registers := 1     
	                2 Bit    Registers := 6     
	                1 Bit    Registers := 16    
+---Muxes : 
	   2 Input     64 Bit        Muxes := 2     
	   2 Input      8 Bit        Muxes := 2     
	   6 Input      4 Bit        Muxes := 1     
	   2 Input      4 Bit        Muxes := 1     
	   2 Input      2 Bit        Muxes := 6     
	   4 Input      2 Bit        Muxes := 6     
	   2 Input      1 Bit        Muxes := 8     
---------------------------------------------------------------------------------
Finished RTL Hierarchical Component Statistics
---------------------------------------------------------------------------------
---------------------------------------------------------------------------------
Start Part Resource Summary
---------------------------------------------------------------------------------
Part Resources:
DSPs: 5520 (col length:120)
BRAMs: 4320 (col length: RAMB18 240 RAMB36 120)
---------------------------------------------------------------------------------
Finished Part Resource Summary
---------------------------------------------------------------------------------
---------------------------------------------------------------------------------
Start Cross Boundary and Area Optimization
---------------------------------------------------------------------------------
WARNING: [Synth 8-3332] Sequential element (ap_CS_fsm_reg[3]) is unused and will be removed from module reverseEndian64.
---------------------------------------------------------------------------------
Finished Cross Boundary and Area Optimization : Time (s): cpu = 00:00:19 ; elapsed = 00:00:20 . Memory (MB): peak = 1911.734 ; gain = 981.262 ; free physical = 24582 ; free virtual = 59838
---------------------------------------------------------------------------------

Report RTL Partitions: 
+-+--------------+------------+----------+
| |RTL Partition |Replication |Instances |
+-+--------------+------------+----------+
+-+--------------+------------+----------+
---------------------------------------------------------------------------------
Start Timing Optimization
---------------------------------------------------------------------------------
---------------------------------------------------------------------------------
Start Applying XDC Timing Constraints
---------------------------------------------------------------------------------
---------------------------------------------------------------------------------
Finished Applying XDC Timing Constraints : Time (s): cpu = 00:00:26 ; elapsed = 00:00:27 . Memory (MB): peak = 2032.250 ; gain = 1101.777 ; free physical = 24253 ; free virtual = 59509
---------------------------------------------------------------------------------
---------------------------------------------------------------------------------
Finished Timing Optimization : Time (s): cpu = 00:00:27 ; elapsed = 00:00:27 . Memory (MB): peak = 2044.266 ; gain = 1113.793 ; free physical = 24242 ; free virtual = 59498
---------------------------------------------------------------------------------

Report RTL Partitions: 
+-+--------------+------------+----------+
| |RTL Partition |Replication |Instances |
+-+--------------+------------+----------+
+-+--------------+------------+----------+
---------------------------------------------------------------------------------
Start Technology Mapping
---------------------------------------------------------------------------------
---------------------------------------------------------------------------------
Finished Technology Mapping : Time (s): cpu = 00:00:27 ; elapsed = 00:00:27 . Memory (MB): peak = 2055.289 ; gain = 1124.816 ; free physical = 24232 ; free virtual = 59487
---------------------------------------------------------------------------------

Report RTL Partitions: 
+-+--------------+------------+----------+
| |RTL Partition |Replication |Instances |
+-+--------------+------------+----------+
+-+--------------+------------+----------+
---------------------------------------------------------------------------------
Start IO Insertion
---------------------------------------------------------------------------------
---------------------------------------------------------------------------------
Start Flattening Before IO Insertion
---------------------------------------------------------------------------------
---------------------------------------------------------------------------------
Finished Flattening Before IO Insertion
---------------------------------------------------------------------------------
---------------------------------------------------------------------------------
Start Final Netlist Cleanup
---------------------------------------------------------------------------------
---------------------------------------------------------------------------------
Finished Final Netlist Cleanup
---------------------------------------------------------------------------------
---------------------------------------------------------------------------------
Finished IO Insertion : Time (s): cpu = 00:00:27 ; elapsed = 00:00:28 . Memory (MB): peak = 2055.289 ; gain = 1124.816 ; free physical = 24234 ; free virtual = 59489
---------------------------------------------------------------------------------

Report Check Netlist: 
+------+------------------+-------+---------+-------+------------------+
|      |Item              |Errors |Warnings |Status |Description       |
+------+------------------+-------+---------+-------+------------------+
|1     |multi_driven_nets |      0|        0|Passed |Multi driven nets |
+------+------------------+-------+---------+-------+------------------+
---------------------------------------------------------------------------------
Start Renaming Generated Instances
---------------------------------------------------------------------------------
---------------------------------------------------------------------------------
Finished Renaming Generated Instances : Time (s): cpu = 00:00:27 ; elapsed = 00:00:28 . Memory (MB): peak = 2055.289 ; gain = 1124.816 ; free physical = 24234 ; free virtual = 59489
---------------------------------------------------------------------------------

Report RTL Partitions: 
+-+--------------+------------+----------+
| |RTL Partition |Replication |Instances |
+-+--------------+------------+----------+
+-+--------------+------------+----------+
---------------------------------------------------------------------------------
Start Rebuilding User Hierarchy
---------------------------------------------------------------------------------
---------------------------------------------------------------------------------
Finished Rebuilding User Hierarchy : Time (s): cpu = 00:00:27 ; elapsed = 00:00:28 . Memory (MB): peak = 2055.289 ; gain = 1124.816 ; free physical = 24234 ; free virtual = 59489
---------------------------------------------------------------------------------
---------------------------------------------------------------------------------
Start Renaming Generated Ports
---------------------------------------------------------------------------------
---------------------------------------------------------------------------------
Finished Renaming Generated Ports : Time (s): cpu = 00:00:27 ; elapsed = 00:00:28 . Memory (MB): peak = 2055.289 ; gain = 1124.816 ; free physical = 24234 ; free virtual = 59489
---------------------------------------------------------------------------------
---------------------------------------------------------------------------------
Start Handling Custom Attributes
---------------------------------------------------------------------------------
---------------------------------------------------------------------------------
Finished Handling Custom Attributes : Time (s): cpu = 00:00:27 ; elapsed = 00:00:28 . Memory (MB): peak = 2055.289 ; gain = 1124.816 ; free physical = 24233 ; free virtual = 59488
---------------------------------------------------------------------------------
---------------------------------------------------------------------------------
Start Renaming Generated Nets
---------------------------------------------------------------------------------
---------------------------------------------------------------------------------
Finished Renaming Generated Nets : Time (s): cpu = 00:00:27 ; elapsed = 00:00:28 . Memory (MB): peak = 2055.289 ; gain = 1124.816 ; free physical = 24233 ; free virtual = 59488
---------------------------------------------------------------------------------
---------------------------------------------------------------------------------
Start Writing Synthesis Report
---------------------------------------------------------------------------------

Report BlackBoxes: 
+-+--------------+----------+
| |BlackBox name |Instances |
+-+--------------+----------+
+-+--------------+----------+

Report Cell Usage: 
+------+-----+------+
|      |Cell |Count |
+------+-----+------+
|1     |LUT1 |     1|
|2     |LUT2 |     1|
|3     |LUT3 |   160|
|4     |LUT4 |     4|
|5     |LUT5 |    12|
|6     |LUT6 |     8|
|7     |FDRE |   318|
|8     |FDSE |     1|
+------+-----+------+

Report Instance Areas: 
+------+---------+----------------+------+
|      |Instance |Module          |Cells |
+------+---------+----------------+------+
|1     |top      |                |   505|
|2     |  inst   |reverseEndian64 |   505|
+------+---------+----------------+------+
---------------------------------------------------------------------------------
Finished Writing Synthesis Report : Time (s): cpu = 00:00:27 ; elapsed = 00:00:28 . Memory (MB): peak = 2055.289 ; gain = 1124.816 ; free physical = 24233 ; free virtual = 59488
---------------------------------------------------------------------------------
Synthesis finished with 0 errors, 0 critical warnings and 1 warnings.
Synthesis Optimization Runtime : Time (s): cpu = 00:00:15 ; elapsed = 00:00:15 . Memory (MB): peak = 2055.289 ; gain = 254.023 ; free physical = 24233 ; free virtual = 59488
Synthesis Optimization Complete : Time (s): cpu = 00:00:27 ; elapsed = 00:00:28 . Memory (MB): peak = 2055.297 ; gain = 1124.824 ; free physical = 24233 ; free virtual = 59488
INFO: [Project 1-571] Translating synthesized netlist
INFO: [Project 1-570] Preparing netlist for logic optimization
Parsing XDC File [/home/tarafdar/thesis/gitStuff/projects/8k5Shell/8k5Shell.srcs/sources_1/bd/srcs/ip/shell_reverseEndian64_1_0/constraints/reverseEndian64_ooc.xdc] for cell 'inst'
INFO: [Vivado 12-4761] HD.CLK_SRC property is set on port ap_clk. The net connecting to the port drives either clock PIN or hierarchical black box. Use the create_clock constraint to create a clock on this port prior to setting HD.CLK_SRC.  [/home/tarafdar/thesis/gitStuff/projects/8k5Shell/8k5Shell.srcs/sources_1/bd/srcs/ip/shell_reverseEndian64_1_0/constraints/reverseEndian64_ooc.xdc:6]
Finished Parsing XDC File [/home/tarafdar/thesis/gitStuff/projects/8k5Shell/8k5Shell.srcs/sources_1/bd/srcs/ip/shell_reverseEndian64_1_0/constraints/reverseEndian64_ooc.xdc] for cell 'inst'
INFO: [Opt 31-138] Pushed 0 inverter(s) to 0 load pin(s).
INFO: [Project 1-111] Unisim Transformation Summary:
No Unisim elements were transformed.

INFO: [Common 17-83] Releasing license: Synthesis
17 Infos, 1 Warnings, 0 Critical Warnings and 0 Errors encountered.
synth_design completed successfully
synth_design: Time (s): cpu = 00:00:28 ; elapsed = 00:00:28 . Memory (MB): peak = 2156.453 ; gain = 1070.453 ; free physical = 24076 ; free virtual = 59332
INFO: [Common 17-1381] The checkpoint '/home/tarafdar/thesis/gitStuff/projects/8k5Shell/8k5Shell.runs/shell_reverseEndian64_1_0_synth_1/shell_reverseEndian64_1_0.dcp' has been generated.
INFO: [Coretcl 2-1486] Found existing duplicate IP cache entry b632fb28e84e0a37, use '-force' option to overwrite
INFO: [Common 17-1381] The checkpoint '/home/tarafdar/thesis/gitStuff/projects/8k5Shell/8k5Shell.runs/shell_reverseEndian64_1_0_synth_1/shell_reverseEndian64_1_0.dcp' has been generated.
report_utilization: Time (s): cpu = 00:00:00.12 ; elapsed = 00:00:00.16 . Memory (MB): peak = 2180.465 ; gain = 0.000 ; free physical = 24087 ; free virtual = 59344
INFO: [Common 17-206] Exiting Vivado at Sun Jul  2 17:34:15 2017...
