
*** Running vivado
    with args -log shell_xbar_0.vds -m64 -product Vivado -mode batch -messageDb vivado.pb -notrace -source shell_xbar_0.tcl


****** Vivado v2016.4 (64-bit)
  **** SW Build 1756540 on Mon Jan 23 19:11:19 MST 2017
  **** IP Build 1755317 on Mon Jan 23 20:30:07 MST 2017
    ** Copyright 1986-2016 Xilinx, Inc. All Rights Reserved.

source shell_xbar_0.tcl -notrace
Starting RTL Elaboration : Time (s): cpu = 00:00:08 ; elapsed = 00:00:09 . Memory (MB): peak = 1229.422 ; gain = 298.957 ; free physical = 24636 ; free virtual = 59708
INFO: [Synth 8-638] synthesizing module 'shell_xbar_0' [/home/tarafdar/thesis/gitStuff/projects/8k5Shell/8k5Shell.srcs/sources_1/bd/srcs/ip/shell_xbar_0/synth/shell_xbar_0.v:59]
INFO: [Synth 8-638] synthesizing module 'axi_crossbar_v2_1_12_axi_crossbar' [/home/tarafdar/thesis/gitStuff/projects/8k5Shell/8k5Shell.srcs/sources_1/bd/srcs/ipshared/896d/hdl/axi_crossbar_v2_1_vl_rfs.v:4882]
INFO: [Synth 8-638] synthesizing module 'axi_crossbar_v2_1_12_crossbar_sasd' [/home/tarafdar/thesis/gitStuff/projects/8k5Shell/8k5Shell.srcs/sources_1/bd/srcs/ipshared/896d/hdl/axi_crossbar_v2_1_vl_rfs.v:1240]
INFO: [Synth 8-638] synthesizing module 'axi_crossbar_v2_1_12_addr_decoder' [/home/tarafdar/thesis/gitStuff/projects/8k5Shell/8k5Shell.srcs/sources_1/bd/srcs/ipshared/896d/hdl/axi_crossbar_v2_1_vl_rfs.v:794]
INFO: [Synth 8-638] synthesizing module 'generic_baseblocks_v2_1_0_comparator_static' [/home/tarafdar/thesis/gitStuff/projects/8k5Shell/8k5Shell.srcs/sources_1/bd/srcs/ipshared/7ee0/hdl/generic_baseblocks_v2_1_vl_rfs.v:2133]
INFO: [Synth 8-638] synthesizing module 'generic_baseblocks_v2_1_0_carry_and' [/home/tarafdar/thesis/gitStuff/projects/8k5Shell/8k5Shell.srcs/sources_1/bd/srcs/ipshared/7ee0/hdl/generic_baseblocks_v2_1_vl_rfs.v:62]
INFO: [Synth 8-256] done synthesizing module 'generic_baseblocks_v2_1_0_carry_and' (1#1) [/home/tarafdar/thesis/gitStuff/projects/8k5Shell/8k5Shell.srcs/sources_1/bd/srcs/ipshared/7ee0/hdl/generic_baseblocks_v2_1_vl_rfs.v:62]
INFO: [Synth 8-256] done synthesizing module 'generic_baseblocks_v2_1_0_comparator_static' (2#1) [/home/tarafdar/thesis/gitStuff/projects/8k5Shell/8k5Shell.srcs/sources_1/bd/srcs/ipshared/7ee0/hdl/generic_baseblocks_v2_1_vl_rfs.v:2133]
INFO: [Synth 8-638] synthesizing module 'generic_baseblocks_v2_1_0_comparator_static__parameterized0' [/home/tarafdar/thesis/gitStuff/projects/8k5Shell/8k5Shell.srcs/sources_1/bd/srcs/ipshared/7ee0/hdl/generic_baseblocks_v2_1_vl_rfs.v:2133]
INFO: [Synth 8-256] done synthesizing module 'generic_baseblocks_v2_1_0_comparator_static__parameterized0' (2#1) [/home/tarafdar/thesis/gitStuff/projects/8k5Shell/8k5Shell.srcs/sources_1/bd/srcs/ipshared/7ee0/hdl/generic_baseblocks_v2_1_vl_rfs.v:2133]
INFO: [Synth 8-638] synthesizing module 'generic_baseblocks_v2_1_0_comparator_static__parameterized1' [/home/tarafdar/thesis/gitStuff/projects/8k5Shell/8k5Shell.srcs/sources_1/bd/srcs/ipshared/7ee0/hdl/generic_baseblocks_v2_1_vl_rfs.v:2133]
INFO: [Synth 8-256] done synthesizing module 'generic_baseblocks_v2_1_0_comparator_static__parameterized1' (2#1) [/home/tarafdar/thesis/gitStuff/projects/8k5Shell/8k5Shell.srcs/sources_1/bd/srcs/ipshared/7ee0/hdl/generic_baseblocks_v2_1_vl_rfs.v:2133]
INFO: [Synth 8-256] done synthesizing module 'axi_crossbar_v2_1_12_addr_decoder' (3#1) [/home/tarafdar/thesis/gitStuff/projects/8k5Shell/8k5Shell.srcs/sources_1/bd/srcs/ipshared/896d/hdl/axi_crossbar_v2_1_vl_rfs.v:794]
INFO: [Synth 8-638] synthesizing module 'axi_crossbar_v2_1_12_decerr_slave' [/home/tarafdar/thesis/gitStuff/projects/8k5Shell/8k5Shell.srcs/sources_1/bd/srcs/ipshared/896d/hdl/axi_crossbar_v2_1_vl_rfs.v:3500]
INFO: [Synth 8-256] done synthesizing module 'axi_crossbar_v2_1_12_decerr_slave' (4#1) [/home/tarafdar/thesis/gitStuff/projects/8k5Shell/8k5Shell.srcs/sources_1/bd/srcs/ipshared/896d/hdl/axi_crossbar_v2_1_vl_rfs.v:3500]
INFO: [Synth 8-638] synthesizing module 'axi_crossbar_v2_1_12_addr_arbiter_sasd' [/home/tarafdar/thesis/gitStuff/projects/8k5Shell/8k5Shell.srcs/sources_1/bd/srcs/ipshared/896d/hdl/axi_crossbar_v2_1_vl_rfs.v:65]
INFO: [Synth 8-256] done synthesizing module 'axi_crossbar_v2_1_12_addr_arbiter_sasd' (5#1) [/home/tarafdar/thesis/gitStuff/projects/8k5Shell/8k5Shell.srcs/sources_1/bd/srcs/ipshared/896d/hdl/axi_crossbar_v2_1_vl_rfs.v:65]
INFO: [Synth 8-638] synthesizing module 'axi_crossbar_v2_1_12_splitter' [/home/tarafdar/thesis/gitStuff/projects/8k5Shell/8k5Shell.srcs/sources_1/bd/srcs/ipshared/896d/hdl/axi_crossbar_v2_1_vl_rfs.v:4459]
INFO: [Synth 8-256] done synthesizing module 'axi_crossbar_v2_1_12_splitter' (6#1) [/home/tarafdar/thesis/gitStuff/projects/8k5Shell/8k5Shell.srcs/sources_1/bd/srcs/ipshared/896d/hdl/axi_crossbar_v2_1_vl_rfs.v:4459]
INFO: [Synth 8-638] synthesizing module 'axi_crossbar_v2_1_12_splitter__parameterized0' [/home/tarafdar/thesis/gitStuff/projects/8k5Shell/8k5Shell.srcs/sources_1/bd/srcs/ipshared/896d/hdl/axi_crossbar_v2_1_vl_rfs.v:4459]
INFO: [Synth 8-256] done synthesizing module 'axi_crossbar_v2_1_12_splitter__parameterized0' (6#1) [/home/tarafdar/thesis/gitStuff/projects/8k5Shell/8k5Shell.srcs/sources_1/bd/srcs/ipshared/896d/hdl/axi_crossbar_v2_1_vl_rfs.v:4459]
INFO: [Synth 8-638] synthesizing module 'generic_baseblocks_v2_1_0_mux_enc' [/home/tarafdar/thesis/gitStuff/projects/8k5Shell/8k5Shell.srcs/sources_1/bd/srcs/ipshared/7ee0/hdl/generic_baseblocks_v2_1_vl_rfs.v:2452]
INFO: [Synth 8-256] done synthesizing module 'generic_baseblocks_v2_1_0_mux_enc' (7#1) [/home/tarafdar/thesis/gitStuff/projects/8k5Shell/8k5Shell.srcs/sources_1/bd/srcs/ipshared/7ee0/hdl/generic_baseblocks_v2_1_vl_rfs.v:2452]
INFO: [Synth 8-638] synthesizing module 'generic_baseblocks_v2_1_0_mux_enc__parameterized0' [/home/tarafdar/thesis/gitStuff/projects/8k5Shell/8k5Shell.srcs/sources_1/bd/srcs/ipshared/7ee0/hdl/generic_baseblocks_v2_1_vl_rfs.v:2452]
INFO: [Synth 8-256] done synthesizing module 'generic_baseblocks_v2_1_0_mux_enc__parameterized0' (7#1) [/home/tarafdar/thesis/gitStuff/projects/8k5Shell/8k5Shell.srcs/sources_1/bd/srcs/ipshared/7ee0/hdl/generic_baseblocks_v2_1_vl_rfs.v:2452]
INFO: [Synth 8-638] synthesizing module 'generic_baseblocks_v2_1_0_mux_enc__parameterized1' [/home/tarafdar/thesis/gitStuff/projects/8k5Shell/8k5Shell.srcs/sources_1/bd/srcs/ipshared/7ee0/hdl/generic_baseblocks_v2_1_vl_rfs.v:2452]
INFO: [Synth 8-256] done synthesizing module 'generic_baseblocks_v2_1_0_mux_enc__parameterized1' (7#1) [/home/tarafdar/thesis/gitStuff/projects/8k5Shell/8k5Shell.srcs/sources_1/bd/srcs/ipshared/7ee0/hdl/generic_baseblocks_v2_1_vl_rfs.v:2452]
INFO: [Synth 8-638] synthesizing module 'generic_baseblocks_v2_1_0_mux_enc__parameterized2' [/home/tarafdar/thesis/gitStuff/projects/8k5Shell/8k5Shell.srcs/sources_1/bd/srcs/ipshared/7ee0/hdl/generic_baseblocks_v2_1_vl_rfs.v:2452]
INFO: [Synth 8-256] done synthesizing module 'generic_baseblocks_v2_1_0_mux_enc__parameterized2' (7#1) [/home/tarafdar/thesis/gitStuff/projects/8k5Shell/8k5Shell.srcs/sources_1/bd/srcs/ipshared/7ee0/hdl/generic_baseblocks_v2_1_vl_rfs.v:2452]
INFO: [Synth 8-638] synthesizing module 'axi_register_slice_v2_1_11_axic_register_slice' [/home/tarafdar/thesis/gitStuff/projects/8k5Shell/8k5Shell.srcs/sources_1/bd/srcs/ipshared/0b6b/hdl/axi_register_slice_v2_1_vl_rfs.v:85]
INFO: [Synth 8-256] done synthesizing module 'axi_register_slice_v2_1_11_axic_register_slice' (8#1) [/home/tarafdar/thesis/gitStuff/projects/8k5Shell/8k5Shell.srcs/sources_1/bd/srcs/ipshared/0b6b/hdl/axi_register_slice_v2_1_vl_rfs.v:85]
INFO: [Synth 8-638] synthesizing module 'generic_baseblocks_v2_1_0_mux_enc__parameterized3' [/home/tarafdar/thesis/gitStuff/projects/8k5Shell/8k5Shell.srcs/sources_1/bd/srcs/ipshared/7ee0/hdl/generic_baseblocks_v2_1_vl_rfs.v:2452]
INFO: [Synth 8-256] done synthesizing module 'generic_baseblocks_v2_1_0_mux_enc__parameterized3' (8#1) [/home/tarafdar/thesis/gitStuff/projects/8k5Shell/8k5Shell.srcs/sources_1/bd/srcs/ipshared/7ee0/hdl/generic_baseblocks_v2_1_vl_rfs.v:2452]
INFO: [Synth 8-256] done synthesizing module 'axi_crossbar_v2_1_12_crossbar_sasd' (9#1) [/home/tarafdar/thesis/gitStuff/projects/8k5Shell/8k5Shell.srcs/sources_1/bd/srcs/ipshared/896d/hdl/axi_crossbar_v2_1_vl_rfs.v:1240]
INFO: [Synth 8-256] done synthesizing module 'axi_crossbar_v2_1_12_axi_crossbar' (10#1) [/home/tarafdar/thesis/gitStuff/projects/8k5Shell/8k5Shell.srcs/sources_1/bd/srcs/ipshared/896d/hdl/axi_crossbar_v2_1_vl_rfs.v:4882]
INFO: [Synth 8-256] done synthesizing module 'shell_xbar_0' (11#1) [/home/tarafdar/thesis/gitStuff/projects/8k5Shell/8k5Shell.srcs/sources_1/bd/srcs/ip/shell_xbar_0/synth/shell_xbar_0.v:59]
Finished RTL Elaboration : Time (s): cpu = 00:00:11 ; elapsed = 00:00:12 . Memory (MB): peak = 1349.891 ; gain = 419.426 ; free physical = 24393 ; free virtual = 59465
Finished RTL Optimization Phase 1 : Time (s): cpu = 00:00:11 ; elapsed = 00:00:12 . Memory (MB): peak = 1349.891 ; gain = 419.426 ; free physical = 24375 ; free virtual = 59447
INFO: [Device 21-403] Loading part xcku115-flva1517-2-e
Constraint Validation Runtime : Time (s): cpu = 00:00:00.04 ; elapsed = 00:00:00.04 . Memory (MB): peak = 1928.695 ; gain = 0.000 ; free physical = 23191 ; free virtual = 58262
Finished Constraint Validation : Time (s): cpu = 00:00:24 ; elapsed = 00:00:25 . Memory (MB): peak = 1928.695 ; gain = 998.230 ; free physical = 23127 ; free virtual = 58199
Finished Loading Part and Timing Information : Time (s): cpu = 00:00:24 ; elapsed = 00:00:25 . Memory (MB): peak = 1928.695 ; gain = 998.230 ; free physical = 23127 ; free virtual = 58199
Finished applying 'set_property' XDC Constraints : Time (s): cpu = 00:00:24 ; elapsed = 00:00:25 . Memory (MB): peak = 1928.695 ; gain = 998.230 ; free physical = 23133 ; free virtual = 58205
Finished RTL Optimization Phase 2 : Time (s): cpu = 00:00:25 ; elapsed = 00:00:25 . Memory (MB): peak = 1928.695 ; gain = 998.230 ; free physical = 23133 ; free virtual = 58205
Finished Cross Boundary and Area Optimization : Time (s): cpu = 00:00:25 ; elapsed = 00:00:26 . Memory (MB): peak = 1928.695 ; gain = 998.230 ; free physical = 23127 ; free virtual = 58199
Finished Applying XDC Timing Constraints : Time (s): cpu = 00:00:33 ; elapsed = 00:00:33 . Memory (MB): peak = 2050.211 ; gain = 1119.746 ; free physical = 23661 ; free virtual = 58733
Finished Timing Optimization : Time (s): cpu = 00:00:33 ; elapsed = 00:00:34 . Memory (MB): peak = 2067.227 ; gain = 1136.762 ; free physical = 23601 ; free virtual = 58673
Finished Technology Mapping : Time (s): cpu = 00:00:33 ; elapsed = 00:00:34 . Memory (MB): peak = 2076.242 ; gain = 1145.777 ; free physical = 23591 ; free virtual = 58663
Finished IO Insertion : Time (s): cpu = 00:00:34 ; elapsed = 00:00:34 . Memory (MB): peak = 2076.242 ; gain = 1145.777 ; free physical = 23572 ; free virtual = 58644
Finished Renaming Generated Instances : Time (s): cpu = 00:00:34 ; elapsed = 00:00:34 . Memory (MB): peak = 2076.242 ; gain = 1145.777 ; free physical = 23572 ; free virtual = 58644
Finished Rebuilding User Hierarchy : Time (s): cpu = 00:00:34 ; elapsed = 00:00:34 . Memory (MB): peak = 2076.242 ; gain = 1145.777 ; free physical = 23571 ; free virtual = 58643
Finished Renaming Generated Ports : Time (s): cpu = 00:00:34 ; elapsed = 00:00:34 . Memory (MB): peak = 2076.242 ; gain = 1145.777 ; free physical = 23571 ; free virtual = 58643
Finished Handling Custom Attributes : Time (s): cpu = 00:00:34 ; elapsed = 00:00:34 . Memory (MB): peak = 2076.242 ; gain = 1145.777 ; free physical = 23571 ; free virtual = 58643
Finished Renaming Generated Nets : Time (s): cpu = 00:00:34 ; elapsed = 00:00:34 . Memory (MB): peak = 2076.242 ; gain = 1145.777 ; free physical = 23571 ; free virtual = 58643

Report Cell Usage: 
+------+-----+------+
|      |Cell |Count |
+------+-----+------+
|1     |LUT1 |     2|
|2     |LUT2 |    11|
|3     |LUT3 |    40|
|4     |LUT4 |    50|
|5     |LUT5 |    57|
|6     |LUT6 |    18|
|7     |FDRE |   131|
+------+-----+------+
Finished Writing Synthesis Report : Time (s): cpu = 00:00:34 ; elapsed = 00:00:34 . Memory (MB): peak = 2076.242 ; gain = 1145.777 ; free physical = 23569 ; free virtual = 58641
synth_design: Time (s): cpu = 00:00:34 ; elapsed = 00:00:35 . Memory (MB): peak = 2174.648 ; gain = 1082.656 ; free physical = 24504 ; free virtual = 59576
