Copyright 1986-2016 Xilinx, Inc. All Rights Reserved.
-----------------------------------------------------------------------------------------------------------------------------------
| Tool Version : Vivado v.2016.3 (lin64) Build 1682563 Mon Oct 10 19:07:26 MDT 2016
| Date         : Sat Apr  1 17:27:52 2017
| Host         : nariman running 64-bit Ubuntu 16.04.1 LTS
| Command      : report_utilization -file SmartCamCtl_wrapper_utilization_placed.rpt -pb SmartCamCtl_wrapper_utilization_placed.pb
| Design       : SmartCamCtl_wrapper
| Device       : xcku115flva1517-2
| Design State : Fully Placed
-----------------------------------------------------------------------------------------------------------------------------------

Utilization Design Information

Table of Contents
-----------------
1. CLB Logic
1.1 Summary of Registers by Type
2. CLB Logic Distribution
3. BLOCKRAM
4. ARITHMETIC
5. I/O
6. CLOCK
7. ADVANCED
8. CONFIGURATION
9. Primitives
10. Black Boxes
11. Instantiated Netlists
12. SLR Connectivity and Clocking Utilization
13. SLR Connectivity Matrix
14. SLR CLB Logic and Dedicated Block Utilization
15. SLR IO Utilization

1. CLB Logic
------------

+----------------------------+------+-------+-----------+-------+
|          Site Type         | Used | Fixed | Available | Util% |
+----------------------------+------+-------+-----------+-------+
| CLB LUTs                   | 2250 |     0 |    663360 |  0.34 |
|   LUT as Logic             | 2240 |     0 |    663360 |  0.34 |
|   LUT as Memory            |   10 |     0 |    293760 | <0.01 |
|     LUT as Distributed RAM |   10 |     0 |           |       |
|     LUT as Shift Register  |    0 |     0 |           |       |
| CLB Registers              | 1779 |     0 |   1326720 |  0.13 |
|   Register as Flip Flop    | 1778 |     0 |   1326720 |  0.13 |
|   Register as Latch        |    1 |     0 |   1326720 | <0.01 |
| CARRY8                     |   78 |     0 |     82920 |  0.09 |
| F7 Muxes                   |    9 |     0 |    331680 | <0.01 |
| F8 Muxes                   |    0 |     0 |    165840 |  0.00 |
| F9 Muxes                   |    0 |     0 |     82920 |  0.00 |
+----------------------------+------+-------+-----------+-------+


1.1 Summary of Registers by Type
--------------------------------

+-------+--------------+-------------+--------------+
| Total | Clock Enable | Synchronous | Asynchronous |
+-------+--------------+-------------+--------------+
| 0     |            _ |           - |            - |
| 0     |            _ |           - |          Set |
| 0     |            _ |           - |        Reset |
| 0     |            _ |         Set |            - |
| 0     |            _ |       Reset |            - |
| 0     |          Yes |           - |            - |
| 1     |          Yes |           - |          Set |
| 225   |          Yes |           - |        Reset |
| 33    |          Yes |         Set |            - |
| 1520  |          Yes |       Reset |            - |
+-------+--------------+-------------+--------------+


2. CLB Logic Distribution
-------------------------

+-------------------------------------------+------+-------+-----------+-------+
|                 Site Type                 | Used | Fixed | Available | Util% |
+-------------------------------------------+------+-------+-----------+-------+
| CLB                                       |  518 |     0 |     82920 |  0.62 |
|   CLBL                                    |  299 |     0 |           |       |
|   CLBM                                    |  219 |     0 |           |       |
| LUT as Logic                              | 2240 |     0 |    663360 |  0.34 |
|   using O5 output only                    |   15 |       |           |       |
|   using O6 output only                    | 1913 |       |           |       |
|   using O5 and O6                         |  312 |       |           |       |
| LUT as Memory                             |   10 |     0 |    293760 | <0.01 |
|   LUT as Distributed RAM                  |   10 |     0 |           |       |
|     using O5 output only                  |    0 |       |           |       |
|     using O6 output only                  |    0 |       |           |       |
|     using O5 and O6                       |   10 |       |           |       |
|   LUT as Shift Register                   |    0 |     0 |           |       |
| LUT Flip Flop Pairs                       |  457 |     0 |    663360 |  0.07 |
|   fully used LUT-FF pairs                 |   68 |       |           |       |
|   LUT-FF pairs with one unused LUT output |  358 |       |           |       |
|   LUT-FF pairs with one unused Flip Flop  |  361 |       |           |       |
| Unique Control Sets                       |   28 |       |           |       |
+-------------------------------------------+------+-------+-----------+-------+
* Note: Review the Control Sets Report for more information regarding control sets.


3. BLOCKRAM
-----------

+-------------------+------+-------+-----------+-------+
|     Site Type     | Used | Fixed | Available | Util% |
+-------------------+------+-------+-----------+-------+
| Block RAM Tile    | 57.5 |     0 |      2160 |  2.66 |
|   RAMB36/FIFO*    |   57 |     0 |      2160 |  2.64 |
|     RAMB36E2 only |   57 |       |           |       |
|   RAMB18          |    1 |     0 |      4320 |  0.02 |
|     RAMB18E2 only |    1 |       |           |       |
+-------------------+------+-------+-----------+-------+
* Note: Each Block RAM Tile only has one FIFO logic available and therefore can accommodate only one FIFO36E2 or one FIFO18E2. However, if a FIFO18E2 occupies a Block RAM Tile, that tile can still accommodate a RAMB18E2


4. ARITHMETIC
-------------

+-----------+------+-------+-----------+-------+
| Site Type | Used | Fixed | Available | Util% |
+-----------+------+-------+-----------+-------+
| DSPs      |    0 |     0 |      5520 |  0.00 |
+-----------+------+-------+-----------+-------+


5. I/O
------

+------------------+------+-------+-----------+-------+
|     Site Type    | Used | Fixed | Available | Util% |
+------------------+------+-------+-----------+-------+
| Bonded IOB       |  253 |     0 |       624 | 40.54 |
| HPIOB            |  155 |     0 |       520 | 29.81 |
|   INPUT          |  119 |       |           |       |
|   OUTPUT         |   36 |       |           |       |
|   BIDIR          |    0 |       |           |       |
| HRIO             |   98 |     0 |       104 | 94.23 |
|   INPUT          |   98 |       |           |       |
|   OUTPUT         |    0 |       |           |       |
|   BIDIR          |    0 |       |           |       |
| HPIOBDIFFINBUF   |    0 |     0 |       480 |  0.00 |
| HPIOBDIFFOUTBUF  |    0 |     0 |       480 |  0.00 |
| HRIODIFFINBUF    |    0 |     0 |        96 |  0.00 |
| HRIODIFFOUTBUF   |    0 |     0 |        96 |  0.00 |
| BITSLICE_CONTROL |    0 |     0 |       192 |  0.00 |
| BITSLICE_RX_TX   |    0 |     0 |      1248 |  0.00 |
| BITSLICE_TX      |    0 |     0 |       192 |  0.00 |
| RIU_OR           |    0 |     0 |        96 |  0.00 |
+------------------+------+-------+-----------+-------+


6. CLOCK
--------

+----------------------+------+-------+-----------+-------+
|       Site Type      | Used | Fixed | Available | Util% |
+----------------------+------+-------+-----------+-------+
| GLOBAL CLOCK BUFFERs |    1 |     0 |      1248 |  0.08 |
|   BUFGCE             |    1 |     0 |       576 |  0.17 |
|   BUFGCE_DIV         |    0 |     0 |        96 |  0.00 |
|   BUFG_GT            |    0 |     0 |       384 |  0.00 |
|   BUFGCTRL*          |    0 |     0 |       192 |  0.00 |
| PLLE3_ADV            |    0 |     0 |        48 |  0.00 |
| MMCME3_ADV           |    0 |     0 |        24 |  0.00 |
+----------------------+------+-------+-----------+-------+
* Note: Each used BUFGCTRL counts as two global buffer resources. This table does not include global clocking resources, only buffer cell usage. See the Clock Utilization Report (report_clock_utilization) for detailed accounting of global clocking resource availability.


7. ADVANCED
-----------

+------------------+------+-------+-----------+-------+
|     Site Type    | Used | Fixed | Available | Util% |
+------------------+------+-------+-----------+-------+
| GTHE3_CHANNEL    |    0 |     0 |        48 |  0.00 |
| GTHE3_COMMON     |    0 |     0 |        12 |  0.00 |
| IBUFDS_GTE3      |    0 |     0 |        24 |  0.00 |
| OBUFDS_GTE3      |    0 |     0 |        24 |  0.00 |
| OBUFDS_GTE3_ADV  |    0 |     0 |        24 |  0.00 |
| PCIE_3_1         |    0 |     0 |         6 |  0.00 |
| SYSMONE1         |    0 |     0 |         2 |  0.00 |
| LAGUNA Registers |    0 |     0 |     34560 |  0.00 |
|   as TX_REG      |    0 |       |           |       |
|   as RX_REG      |    0 |       |           |       |
+------------------+------+-------+-----------+-------+


8. CONFIGURATION
----------------

+-------------+------+-------+-----------+-------+
|  Site Type  | Used | Fixed | Available | Util% |
+-------------+------+-------+-----------+-------+
| BSCANE2     |    0 |     0 |         8 |  0.00 |
| DNA_PORTE2  |    0 |     0 |         2 |  0.00 |
| EFUSE_USR   |    0 |     0 |         2 |  0.00 |
| FRAME_ECCE3 |    0 |     0 |         2 |  0.00 |
| ICAPE3      |    0 |     0 |         4 |  0.00 |
| STARTUPE3   |    0 |     0 |         2 |  0.00 |
+-------------+------+-------+-----------+-------+


9. Primitives
-------------

+----------+------+---------------------+
| Ref Name | Used | Functional Category |
+----------+------+---------------------+
| FDRE     | 1520 |            Register |
| LUT6     | 1284 |                 CLB |
| LUT2     |  375 |                 CLB |
| LUT5     |  334 |                 CLB |
| LUT4     |  320 |                 CLB |
| LUT3     |  228 |                 CLB |
| FDCE     |  224 |            Register |
| INBUF    |  217 |                 I/O |
| IBUFCTRL |  217 |              Others |
| CARRY8   |   78 |                 CLB |
| RAMB36E2 |   57 |           Block Ram |
| OBUF     |   36 |                 I/O |
| FDSE     |   33 |            Register |
| RAMD32   |   20 |                 CLB |
| LUT1     |   11 |                 CLB |
| MUXF7    |    9 |                 CLB |
| RAMB18E2 |    1 |           Block Ram |
| LDCE     |    1 |            Register |
| FDPE     |    1 |            Register |
| BUFGCE   |    1 |               Clock |
+----------+------+---------------------+


10. Black Boxes
---------------

+----------+------+
| Ref Name | Used |
+----------+------+


11. Instantiated Netlists
-------------------------

+----------+------+
| Ref Name | Used |
+----------+------+


12. SLR Connectivity and Clocking Utilization
---------------------------------------------

+----------+-----------------+---------+-----------------+--------------+-------+-------+
|          | Total SLLs Used | (%)SLLs | BUFGs/BUFGCTRLs | BUFH/BUFHCEs | BUFRs | MMCMs |
+----------+-----------------+---------+-----------------+--------------+-------+-------+
| SLR1     |                 |         |               0 |            0 |     0 |     0 |
| ||||||-> |               0 |    0.00 |                 |              |       |       |
| SLR0     |                 |         |               1 |            0 |     0 |     0 |
+----------+-----------------+---------+-----------------+--------------+-------+-------+
| Total    |               0 |         |               1 |            0 |     0 |     0 |
+----------+-----------------+---------+-----------------+--------------+-------+-------+


13. SLR Connectivity Matrix
---------------------------

+------+------+------+
|      | SLR1 | SLR0 |
+------+------+------+
| SLR1 |    0 |    0 |
| SLR0 |    0 |    0 |
+------+------+------+


14. SLR CLB Logic and Dedicated Block Utilization
-------------------------------------------------

+-----------+------+---------+------------+-------------+---------------+-----------+-------+------+
| SLR Index | CLBs | (%)CLBs | Total LUTs | Memory LUTs | (%)Total LUTs | Registers | BRAMs | DSPs |
+-----------+------+---------+------------+-------------+---------------+-----------+-------+------+
| SLR1      |    0 |    0.00 |          0 |           0 |          0.00 |         0 |     0 |    0 |
| SLR0      |  518 |    1.25 |       2250 |          10 |          0.68 |      1779 |  57.5 |    0 |
+-----------+------+---------+------------+-------------+---------------+-----------+-------+------+
| Total     |  518 |         |       2250 |          10 |               |      1779 |  57.5 |    0 |
+-----------+------+---------+------------+-------------+---------------+-----------+-------+------+


15. SLR IO Utilization
----------------------

+-----------+-------------+---------+--------------+----------+--------------+----------+-----+
| SLR Index | Bonded IOBs | (%)IOBs | Bonded IPADs | (%)IPADs | Bonded OPADs | (%)OPADs | GTs |
+-----------+-------------+---------+--------------+----------+--------------+----------+-----+
| SLR1      |           0 |    0.00 |            0 |     0.00 |            0 |     0.00 |   0 |
| SLR0      |         253 |    0.00 |            0 |     0.00 |            0 |     0.00 |   0 |
+-----------+-------------+---------+--------------+----------+--------------+----------+-----+
| Total     |         253 |         |            0 |          |            0 |          |   0 |
+-----------+-------------+---------+--------------+----------+--------------+----------+-----+


