==============================================================
File generated by Vivado(TM) HLS - High-Level Synthesis from C, C++ and SystemC
Version: 2018.1
Copyright (C) 1986-2018 Xilinx, Inc. All Rights Reserved.

==============================================================

INFO: [SYN 201-201] Setting up clock 'default' with a period of 5ns.
INFO: [HLS 200-10] Setting target device to 'xcku115-flva1517-2-e'
INFO: [HLS 200-10] Analyzing design file '../HMPI/HLS_lib/NFR.cpp' ...
WARNING: [HLS 200-41] Resource core 'AXI4Stream' on port '&stream_out' is deprecated. Please use the interface directive to specify the AXI interface.
WARNING: [HLS 200-41] Resource core 'AXI4Stream' on port '&stream_in' is deprecated. Please use the interface directive to specify the AXI interface.
INFO: [HLS 200-10] Validating synthesis directives ...
INFO: [HLS 200-111] Finished Checking Pragmas Time (s): cpu = 00:00:28 ; elapsed = 00:00:13 . Memory (MB): peak = 351.621 ; gain = 0.156 ; free physical = 17024 ; free virtual = 57178
INFO: [HLS 200-111] Finished Linking Time (s): cpu = 00:00:29 ; elapsed = 00:00:15 . Memory (MB): peak = 351.621 ; gain = 0.156 ; free physical = 17024 ; free virtual = 57177
INFO: [HLS 200-10] Starting code transformations ...
INFO: [HLS 200-111] Finished Standard Transforms Time (s): cpu = 00:00:31 ; elapsed = 00:00:17 . Memory (MB): peak = 351.906 ; gain = 0.441 ; free physical = 17016 ; free virtual = 57169
INFO: [HLS 200-10] Checking synthesizability ...
WARNING: [SYNCHK 200-23] ../HMPI/HLS_lib/NFR.cpp:176: variable-indexed range selection may cause suboptimal QoR.
INFO: [SYNCHK 200-10] 0 error(s), 1 warning(s).
INFO: [HLS 200-111] Finished Checking Synthesizability Time (s): cpu = 00:00:31 ; elapsed = 00:00:17 . Memory (MB): peak = 479.895 ; gain = 128.430 ; free physical = 17008 ; free virtual = 57162
INFO: [XFORM 203-1101] Packing variable 'stream_out.V' (../HMPI/HLS_lib/NFR.cpp:54) into a 129-bit variable.
INFO: [XFORM 203-1101] Packing variable 'stream_in.V' (../HMPI/HLS_lib/NFR.cpp:53) into a 81-bit variable.
INFO: [XFORM 203-502] Unrolling small iteration loop 'Loop-1.1' (../HMPI/HLS_lib/NFR.cpp:85) in function 'NFR' automatically.
INFO: [XFORM 203-502] Unrolling all sub-loops inside loop 'Loop-1.2' (../HMPI/HLS_lib/NFR.cpp:163) in function 'NFR' for pipelining.
INFO: [XFORM 203-501] Unrolling loop 'Loop-1.1' (../HMPI/HLS_lib/NFR.cpp:85) in function 'NFR' completely.
INFO: [XFORM 203-501] Unrolling loop 'Loop-1.2.1' (../HMPI/HLS_lib/NFR.cpp:175) in function 'NFR' completely.
INFO: [XFORM 203-102] Partitioning array 'header.V' (../HMPI/HLS_lib/NFR.cpp:64) automatically.
INFO: [HLS 200-111] Finished Pre-synthesis Time (s): cpu = 00:00:32 ; elapsed = 00:00:18 . Memory (MB): peak = 479.895 ; gain = 128.430 ; free physical = 16980 ; free virtual = 57133
WARNING: [XFORM 203-561] 'Loop-1' in function 'NFR' is an infinite loop.
                         Cannot flatten a loop nest 'Loop-1' in function 'NFR' : 

the outer loop is not a perfect loop because there is nontrivial logic in the loop header.
INFO: [HLS 200-111] Finished Architecture Synthesis Time (s): cpu = 00:00:33 ; elapsed = 00:00:19 . Memory (MB): peak = 479.895 ; gain = 128.430 ; free physical = 16978 ; free virtual = 57131
INFO: [HLS 200-10] Starting hardware synthesis ...
INFO: [HLS 200-10] Synthesizing 'NFR' ...
INFO: [HLS 200-10] ----------------------------------------------------------------
INFO: [HLS 200-42] -- Implementing module 'NFR'
INFO: [HLS 200-10] ----------------------------------------------------------------
INFO: [SCHED 204-11] Starting scheduling ...
INFO: [SCHED 204-61] Pipelining loop 'Loop 1.1'.
INFO: [SCHED 204-61] Pipelining result : Target II = 1, Final II = 1, Depth = 2.
WARNING: [SCHED 204-21] Estimated clock period (8.539ns) exceeds the target (target clock period: 5ns, clock uncertainty: 0.625ns, effective delay budget: 4.375ns).
WARNING: [SCHED 204-21] The critical path consists of the following:
	'add' operation ('expected_bytes_5_4', ../HMPI/HLS_lib/NFR.cpp:177) (1.49 ns)
	'select' operation ('expected_bytes_4_4', ../HMPI/HLS_lib/NFR.cpp:176) (0.44 ns)
	'add' operation ('expected_bytes_5_5', ../HMPI/HLS_lib/NFR.cpp:177) (1.49 ns)
	'select' operation ('expected_bytes_4_5', ../HMPI/HLS_lib/NFR.cpp:176) (0.44 ns)
	'add' operation ('expected_bytes_5_6', ../HMPI/HLS_lib/NFR.cpp:177) (1.49 ns)
	'select' operation ('expected_bytes_4_6', ../HMPI/HLS_lib/NFR.cpp:176) (0.44 ns)
	'add' operation ('expected_bytes_5_7', ../HMPI/HLS_lib/NFR.cpp:177) (1.49 ns)
	'select' operation ('expected_bytes_4_7', ../HMPI/HLS_lib/NFR.cpp:176) (0.44 ns)
	multiplexor before 'phi' operation ('expected_bytes_6', ../HMPI/HLS_lib/NFR.cpp:176) with incoming values : ('expected_bytes', ../HMPI/HLS_lib/NFR.cpp:153) ('expected_bytes_4_7', ../HMPI/HLS_lib/NFR.cpp:176) (0.835 ns)
INFO: [SCHED 204-11] Finished scheduling.
INFO: [HLS 200-111]  Elapsed time: 19.14 seconds; current allocated memory: 89.494 MB.
INFO: [BIND 205-100] Starting micro-architecture generation ...
INFO: [BIND 205-101] Performing variable lifetime analysis.
INFO: [BIND 205-101] Exploring resource sharing.
INFO: [BIND 205-101] Binding ...
INFO: [BIND 205-100] Finished micro-architecture generation.
INFO: [HLS 200-111]  Elapsed time: 0.05 seconds; current allocated memory: 90.013 MB.
INFO: [HLS 200-10] ----------------------------------------------------------------
INFO: [HLS 200-10] -- Generating RTL for module 'NFR'
INFO: [HLS 200-10] ----------------------------------------------------------------
INFO: [RTGEN 206-500] Setting interface mode on port 'NFR/stream_in_V' to 'ap_fifo'.
INFO: [RTGEN 206-500] Setting interface mode on port 'NFR/stream_out_V' to 'ap_fifo'.
INFO: [RTGEN 206-500] Setting interface mode on function 'NFR' to 'ap_ctrl_none'.
INFO: [RTGEN 206-100] Finished creating RTL model for 'NFR'.
INFO: [HLS 200-111]  Elapsed time: 0.09 seconds; current allocated memory: 90.772 MB.
INFO: [IMPL 213-200] Port 'stream_in_V.data' is mapped to 'TDATA' by default.
INFO: [IMPL 213-200] Port 'stream_in_V.dest' is mapped to 'TDEST' by default.
INFO: [IMPL 213-200] Port 'stream_in_V.keep' is mapped to 'TKEEP' by default.
INFO: [IMPL 213-200] Port 'stream_in_V.last' is mapped to 'TLAST' by default.
INFO: [IMPL 213-200] Port 'stream_out_V.data' is mapped to 'TDATA' by default.
INFO: [IMPL 213-200] Port 'stream_out_V.dest' is mapped to 'TDEST' by default.
INFO: [IMPL 213-200] Port 'stream_out_V.last' is mapped to 'TLAST' by default.
INFO: [IMPL 213-200] Port 'stream_out_V.keep' is mapped to 'TKEEP' by default.
INFO: [IMPL 213-200] Port 'stream_out_V.id' is mapped to 'TID' by default.
INFO: [IMPL 213-200] Port 'stream_out_V.user' is mapped to 'TUSER' by default.
INFO: [HLS 200-111] Finished generating all RTL models Time (s): cpu = 00:00:34 ; elapsed = 00:00:20 . Memory (MB): peak = 479.895 ; gain = 128.430 ; free physical = 16976 ; free virtual = 57129
INFO: [SYSC 207-301] Generating SystemC RTL for NFR.
INFO: [VHDL 208-304] Generating VHDL RTL for NFR.
INFO: [VLOG 209-307] Generating Verilog RTL for NFR.
INFO: [IMPL 213-8] Exporting RTL as a Vivado IP.
INFO: [IMPL 213-200] Port 'stream_in_V.data' is mapped to 'TDATA' by default.
INFO: [IMPL 213-200] Port 'stream_in_V.dest' is mapped to 'TDEST' by default.
INFO: [IMPL 213-200] Port 'stream_in_V.keep' is mapped to 'TKEEP' by default.
INFO: [IMPL 213-200] Port 'stream_in_V.last' is mapped to 'TLAST' by default.
INFO: [IMPL 213-200] Port 'stream_out_V.data' is mapped to 'TDATA' by default.
INFO: [IMPL 213-200] Port 'stream_out_V.dest' is mapped to 'TDEST' by default.
INFO: [IMPL 213-200] Port 'stream_out_V.last' is mapped to 'TLAST' by default.
INFO: [IMPL 213-200] Port 'stream_out_V.keep' is mapped to 'TKEEP' by default.
INFO: [IMPL 213-200] Port 'stream_out_V.id' is mapped to 'TID' by default.
INFO: [IMPL 213-200] Port 'stream_out_V.user' is mapped to 'TUSER' by default.
ERROR: [IMPL 213-28] Failed to generate IP.
command 'ap_source' returned error code
    while executing
"source ./HMPI/generate_hls_ip.tcl"
    invoked from within
"hls::main ./HMPI/generate_hls_ip.tcl"
    ("uplevel" body line 1)
    invoked from within
"uplevel 1 hls::main {*}$args"
    (procedure "hls_proc" line 5)
    invoked from within
"hls_proc $argv"
INFO: [HLS 200-112] Total elapsed time: 28.08 seconds; peak allocated memory: 90.772 MB.
