==============================================================
File generated by Vivado(TM) HLS - High-Level Synthesis from C, C++ and SystemC
Version: 2018.1
Copyright (C) 1986-2018 Xilinx, Inc. All Rights Reserved.

==============================================================

INFO: [SYN 201-201] Setting up clock 'default' with a period of 5ns.
INFO: [HLS 200-10] Setting target device to 'xcku115-flva1517-2-e'
INFO: [HLS 200-10] Analyzing design file '../telepathy/hlsSources/dariusController.cpp' ...
WARNING: [HLS 200-40] In file included from ../telepathy/hlsSources/dariusController.cpp:1:
In file included from ../telepathy/hlsSources/dariusController.cpp:1:
../HMPI/HLS_lib/./MPI.h:281:7: warning: expression result unused [-Wunused-value]
  for(i ; i < count*dataType ; i+= 8 ){
      ^
1 warning generated.
WARNING: [HLS 200-41] Resource core 'AXI4Stream' on port '&stream_out' is deprecated. Please use the interface directive to specify the AXI interface.
WARNING: [HLS 200-41] Resource core 'AXI4Stream' on port '&stream_in' is deprecated. Please use the interface directive to specify the AXI interface.
WARNING: [HLS 200-41] Resource core 'AXI4M' on port 'mem' is deprecated. Please use the interface directive to specify the AXI interface.
WARNING: [HLS 200-41] Resource core 'AXI4M' on port 'darius_driver' is deprecated. Please use the interface directive to specify the AXI interface.
INFO: [HLS 200-10] Validating synthesis directives ...
INFO: [HLS 200-111] Finished Checking Pragmas Time (s): cpu = 00:00:29 ; elapsed = 00:00:14 . Memory (MB): peak = 351.629 ; gain = 0.156 ; free physical = 19832 ; free virtual = 60015
INFO: [HLS 200-111] Finished Linking Time (s): cpu = 00:00:31 ; elapsed = 00:00:16 . Memory (MB): peak = 351.629 ; gain = 0.156 ; free physical = 19831 ; free virtual = 60015
INFO: [HLS 200-10] Starting code transformations ...
INFO: [XFORM 203-603] Inlining function 'ap_fixed_base<79, 55, false, (ap_q_mode)5, (ap_o_mode)3, 0>::operator<<' into 'generic_cast_IEEE754<int, (ap_q_mode)6, float>' (/wrk/2018.1/nightly/2018_04_04_2188600/src/products/hls/hls_lib/hlsmath/src/../include/internal/hls_round.h:286).
INFO: [XFORM 203-603] Inlining function 'ap_fixed_base<1, 32, false, (ap_q_mode)5, (ap_o_mode)0, 0>::overflow_adjust' into 'ap_fixed_base<1, 32, false, (ap_q_mode)5, (ap_o_mode)0, 0>::ap_fixed_base<79, 55, false, (ap_q_mode)5, (ap_o_mode)3, 0>' ().
INFO: [HLS 200-111] Finished Standard Transforms Time (s): cpu = 00:00:35 ; elapsed = 00:00:20 . Memory (MB): peak = 482.867 ; gain = 131.395 ; free physical = 19782 ; free virtual = 59965
INFO: [HLS 200-10] Checking synthesizability ...
INFO: [XFORM 203-602] Inlining function 'packet_to_envelope' into 'MPI_Recv.1.2212' (../HMPI/HLS_lib/./MPI.h:1225) automatically.
INFO: [XFORM 203-602] Inlining function 'envelope_to_packet' into 'MPI_Recv.1.2212' (../HMPI/HLS_lib/./MPI.h:1310) automatically.
INFO: [XFORM 203-602] Inlining function 'fp_struct<float>::mantissa' into 'generic_cast_IEEE754<int, (ap_q_mode)6, float>' (/wrk/2018.1/nightly/2018_04_04_2188600/src/products/hls/hls_lib/hlsmath/src/../include/internal/hls_round.h:283) automatically.
INFO: [XFORM 203-602] Inlining function 'fp_struct<float>::expv' into 'generic_cast_IEEE754<int, (ap_q_mode)6, float>' (/wrk/2018.1/nightly/2018_04_04_2188600/src/products/hls/hls_lib/hlsmath/src/../include/internal/hls_round.h:286) automatically.
INFO: [XFORM 203-602] Inlining function 'fp_struct<float>::__signbit' into 'generic_cast_IEEE754<int, (ap_q_mode)6, float>' (/wrk/2018.1/nightly/2018_04_04_2188600/src/products/hls/hls_lib/hlsmath/src/../include/internal/hls_round.h:318) automatically.
INFO: [XFORM 203-602] Inlining function 'generic_cast_IEEE754<int, (ap_q_mode)6, float>' into 'generic_cast_IEEE754<int, float>' (/wrk/2018.1/nightly/2018_04_04_2188600/src/products/hls/hls_lib/hlsmath/src/../include/internal/hls_round.h:368) automatically.
INFO: [XFORM 203-602] Inlining function 'generic_cast_IEEE754<int, float>' into '__hls_fptosi_float_i32' (/wrk/2018.1/nightly/2018_04_04_2188600/src/products/hls/hls_lib/hlsmath/src/lib_floatconversion.cpp:49) automatically.
INFO: [XFORM 203-602] Inlining function 'packet_to_envelope' into 'MPI_Recv.1.2' (../HMPI/HLS_lib/./MPI.h:1225) automatically.
INFO: [XFORM 203-602] Inlining function 'envelope_to_packet' into 'MPI_Recv.1.2' (../HMPI/HLS_lib/./MPI.h:1310) automatically.
INFO: [XFORM 203-602] Inlining function 'packet_to_envelope' into 'MPI_Recv.1.2211' (../HMPI/HLS_lib/./MPI.h:1225) automatically.
INFO: [XFORM 203-602] Inlining function 'envelope_to_packet' into 'MPI_Recv.1.2211' (../HMPI/HLS_lib/./MPI.h:1310) automatically.
INFO: [XFORM 203-602] Inlining function 'packet_to_envelope' into 'MPI_Recv.1.1' (../HMPI/HLS_lib/./MPI.h:1225) automatically.
INFO: [XFORM 203-602] Inlining function 'envelope_to_packet' into 'MPI_Recv.1.1' (../HMPI/HLS_lib/./MPI.h:1310) automatically.
INFO: [XFORM 203-602] Inlining function 'envelope_to_packet' into 'MPI_Recv' (../HMPI/HLS_lib/./MPI.h:965) automatically.
WARNING: [SYNCHK 200-23] ../HMPI/HLS_lib/./MPI.h:1351: variable-indexed range selection may cause suboptimal QoR.
INFO: [SYNCHK 200-10] 0 error(s), 1 warning(s).
INFO: [HLS 200-111] Finished Checking Synthesizability Time (s): cpu = 00:00:36 ; elapsed = 00:00:22 . Memory (MB): peak = 482.867 ; gain = 131.395 ; free physical = 19740 ; free virtual = 59924
WARNING: [XFORM 203-805] Duplicating function 'MPI_Recv.1' (../HMPI/HLS_lib/./MPI.h:21:7) to resolve interface conflict according to call graph.
INFO: [XFORM 203-502] Unrolling all sub-loops inside loop 'Loop-8' (../HMPI/HLS_lib/./MPI.h:1341) in function 'MPI_Recv.1.1' for pipelining.
INFO: [XFORM 203-502] Unrolling all sub-loops inside loop 'Loop-8' (../HMPI/HLS_lib/./MPI.h:1341) in function 'MPI_Recv.1.2210' for pipelining.
INFO: [XFORM 203-502] Unrolling all sub-loops inside loop 'Loop-8' (../HMPI/HLS_lib/./MPI.h:1341) in function 'MPI_Recv.1.2211' for pipelining.
INFO: [XFORM 203-502] Unrolling all sub-loops inside loop 'Loop-8' (../HMPI/HLS_lib/./MPI.h:1341) in function 'MPI_Recv.1.2' for pipelining.
INFO: [XFORM 203-501] Unrolling loop 'Loop-8.1' (../HMPI/HLS_lib/./MPI.h:1350) in function 'MPI_Recv.1.1' completely.
INFO: [XFORM 203-501] Unrolling loop 'Loop-8.2' (../HMPI/HLS_lib/./MPI.h:1359) in function 'MPI_Recv.1.1' completely.
INFO: [XFORM 203-501] Unrolling loop 'Loop-8.1' (../HMPI/HLS_lib/./MPI.h:1350) in function 'MPI_Recv.1.2210' completely.
INFO: [XFORM 203-501] Unrolling loop 'Loop-8.2' (../HMPI/HLS_lib/./MPI.h:1359) in function 'MPI_Recv.1.2210' completely.
INFO: [XFORM 203-501] Unrolling loop 'Loop-8.1' (../HMPI/HLS_lib/./MPI.h:1350) in function 'MPI_Recv.1.2211' completely.
INFO: [XFORM 203-501] Unrolling loop 'Loop-8.2' (../HMPI/HLS_lib/./MPI.h:1359) in function 'MPI_Recv.1.2211' completely.
INFO: [XFORM 203-501] Unrolling loop 'Loop-8.1' (../HMPI/HLS_lib/./MPI.h:1350) in function 'MPI_Recv.1.2' completely.
INFO: [XFORM 203-501] Unrolling loop 'Loop-8.2' (../HMPI/HLS_lib/./MPI.h:1359) in function 'MPI_Recv.1.2' completely.
INFO: [XFORM 203-102] Automatically partitioning small array 'parameter_mem_info' (../telepathy/hlsSources/dariusController.cpp:40) completely based on array size.
INFO: [XFORM 203-102] Automatically partitioning small array 'data_mem_info' (../telepathy/hlsSources/dariusController.cpp:41) completely based on array size.
INFO: [XFORM 203-102] Automatically partitioning small array 'cumulative_cycle_count' (../telepathy/hlsSources/dariusController.cpp:43) completely based on array size.
INFO: [XFORM 203-102] Automatically partitioning small array 'parameter_mem_info_float' (../telepathy/hlsSources/dariusController.cpp:45) completely based on array size.
INFO: [XFORM 203-102] Automatically partitioning small array 'data_mem_info_float' (../telepathy/hlsSources/dariusController.cpp:46) completely based on array size.
INFO: [XFORM 203-101] Partitioning array 'parameter_mem_info' (../telepathy/hlsSources/dariusController.cpp:40) in dimension 1 completely.
INFO: [XFORM 203-101] Partitioning array 'data_mem_info' (../telepathy/hlsSources/dariusController.cpp:41) in dimension 1 completely.
INFO: [XFORM 203-101] Partitioning array 'parameter_mem_info_float' (../telepathy/hlsSources/dariusController.cpp:45) in dimension 1 completely.
INFO: [XFORM 203-101] Partitioning array 'data_mem_info_float' (../telepathy/hlsSources/dariusController.cpp:46) in dimension 1 completely.
INFO: [XFORM 203-102] Automatically partitioning small array 'cumulative_cycle_count' (../telepathy/hlsSources/dariusController.cpp:43) completely based on array size.
INFO: [XFORM 203-602] Inlining function 'packet_to_envelope' into 'MPI_Recv.1.2211' (../HMPI/HLS_lib/./MPI.h:1225) automatically.
INFO: [XFORM 203-602] Inlining function 'envelope_to_packet' into 'MPI_Recv.1.2211' (../HMPI/HLS_lib/./MPI.h:1310) automatically.
INFO: [XFORM 203-602] Inlining function 'fp_struct<float>::mantissa' into 'generic_cast_IEEE754<int, (ap_q_mode)6, float>' (/wrk/2018.1/nightly/2018_04_04_2188600/src/products/hls/hls_lib/hlsmath/src/../include/internal/hls_round.h:283) automatically.
INFO: [XFORM 203-602] Inlining function 'fp_struct<float>::expv' into 'generic_cast_IEEE754<int, (ap_q_mode)6, float>' (/wrk/2018.1/nightly/2018_04_04_2188600/src/products/hls/hls_lib/hlsmath/src/../include/internal/hls_round.h:286) automatically.
INFO: [XFORM 203-602] Inlining function 'fp_struct<float>::__signbit' into 'generic_cast_IEEE754<int, (ap_q_mode)6, float>' (/wrk/2018.1/nightly/2018_04_04_2188600/src/products/hls/hls_lib/hlsmath/src/../include/internal/hls_round.h:318) automatically.
INFO: [XFORM 203-602] Inlining function 'generic_cast_IEEE754<int, (ap_q_mode)6, float>' into 'generic_cast_IEEE754<int, float>' (/wrk/2018.1/nightly/2018_04_04_2188600/src/products/hls/hls_lib/hlsmath/src/../include/internal/hls_round.h:368) automatically.
INFO: [XFORM 203-602] Inlining function 'generic_cast_IEEE754<int, float>' into '__hls_fptosi_float_i32' (/wrk/2018.1/nightly/2018_04_04_2188600/src/products/hls/hls_lib/hlsmath/src/lib_floatconversion.cpp:49) automatically.
INFO: [XFORM 203-602] Inlining function 'packet_to_envelope' into 'MPI_Recv.1.2' (../HMPI/HLS_lib/./MPI.h:1225) automatically.
INFO: [XFORM 203-602] Inlining function 'envelope_to_packet' into 'MPI_Recv.1.2' (../HMPI/HLS_lib/./MPI.h:1310) automatically.
INFO: [XFORM 203-602] Inlining function 'packet_to_envelope' into 'MPI_Recv.1.2210' (../HMPI/HLS_lib/./MPI.h:1225) automatically.
INFO: [XFORM 203-602] Inlining function 'envelope_to_packet' into 'MPI_Recv.1.2210' (../HMPI/HLS_lib/./MPI.h:1310) automatically.
INFO: [XFORM 203-602] Inlining function 'packet_to_envelope' into 'MPI_Recv.1.1' (../HMPI/HLS_lib/./MPI.h:1225) automatically.
INFO: [XFORM 203-602] Inlining function 'envelope_to_packet' into 'MPI_Recv.1.1' (../HMPI/HLS_lib/./MPI.h:1310) automatically.
INFO: [XFORM 203-602] Inlining function 'packet_to_envelope' into 'MPI_Recv' (../HMPI/HLS_lib/./MPI.h:902) automatically.
INFO: [XFORM 203-602] Inlining function 'envelope_to_packet' into 'MPI_Recv' (../HMPI/HLS_lib/./MPI.h:965) automatically.
INFO: [XFORM 203-602] Inlining function '__hls_fptosi_float_i32' into 'dariusController' (../telepathy/hlsSources/dariusController.cpp:56) automatically.
INFO: [XFORM 203-102] Automatically partitioning small array 'cumulative_cycle_count' (../telepathy/hlsSources/dariusController.cpp:43) completely based on array size.
INFO: [XFORM 203-401] Performing if-conversion on hyperblock from (../HMPI/HLS_lib/./MPI.h:1351:19) to (../HMPI/HLS_lib/./MPI.h:1355:8) in function 'MPI_Recv.1.2210'... converting 5 basic blocks.
INFO: [XFORM 203-401] Performing if-conversion on hyperblock from (../HMPI/HLS_lib/./MPI.h:1360:19) to (../HMPI/HLS_lib/./MPI.h:1367:6) in function 'MPI_Recv.1.2210'... converting 5 basic blocks.
INFO: [XFORM 203-401] Performing if-conversion on hyperblock from (../HMPI/HLS_lib/./MPI.h:1020:8) to (../HMPI/HLS_lib/./MPI.h:1029:8) in function 'MPI_Recv'... converting 3 basic blocks.
INFO: [HLS 200-111] Finished Pre-synthesis Time (s): cpu = 00:00:42 ; elapsed = 00:00:28 . Memory (MB): peak = 543.473 ; gain = 192.000 ; free physical = 19695 ; free virtual = 59879
WARNING: [XFORM 203-561] 'Loop-11' (../telepathy/hlsSources/dariusController.cpp:96:9) in function 'dariusController' is an infinite loop.
INFO: [XFORM 203-811] Inferring multiple bus burst write of a total cumulative length 6 on port 'darius_driver' (../telepathy/hlsSources/dariusController.cpp:94:13). These data requests might be further partitioned to multiple requests during RTL generation, based on max_read_burst_length or max_write_burst_length settings.
INFO: [XFORM 203-603] Evaluating the output(s) of a call to function '_ssdm_op_PartSet.i40.i40.i8.i32.i32' (../HMPI/HLS_lib/./MPI.h:1313:4) in function 'MPI_Recv.1.1' and propagating its result(s) since all actual argument(s) to the function are constants.
INFO: [XFORM 203-603] Evaluating the output(s) of a call to function '_ssdm_op_PartSet.i40.i40.i8.i32.i32' (../HMPI/HLS_lib/./MPI.h:1313:4) in function 'MPI_Recv.1.2210' and propagating its result(s) since all actual argument(s) to the function are constants.
INFO: [XFORM 203-603] Evaluating the output(s) of a call to function '_ssdm_op_PartSet.i40.i40.i8.i32.i32' (../HMPI/HLS_lib/./MPI.h:1313:4) in function 'MPI_Recv.1.2' and propagating its result(s) since all actual argument(s) to the function are constants.
INFO: [XFORM 203-603] Evaluating the output(s) of a call to function '_ssdm_op_PartSet.i40.i40.i8.i32.i32' (../HMPI/HLS_lib/./MPI.h:1313:4) in function 'MPI_Recv.1.2211' and propagating its result(s) since all actual argument(s) to the function are constants.
WARNING: [XFORM 203-562] Loop 'Loop-1' (../HMPI/HLS_lib/./MPI.h:1198) in function 'MPI_Recv.1.2211' has unknown bound because it has multiple exiting blocks.
WARNING: [XFORM 203-562] Loop 'Loop-4' (../HMPI/HLS_lib/./MPI.h:1240) in function 'MPI_Recv.1.2211' has unknown bound because it has multiple exiting blocks.
WARNING: [XFORM 203-562] Loop 'Loop-5' (../HMPI/HLS_lib/./MPI.h:1253) in function 'MPI_Recv.1.2211' has unknown bound because it has multiple exiting blocks.
WARNING: [XFORM 203-562] Loop 'Loop-6' (../HMPI/HLS_lib/./MPI.h:1271) in function 'MPI_Recv.1.2211' has unknown bound because it has multiple exiting blocks.
WARNING: [XFORM 203-562] Loop 'Loop-7' (../HMPI/HLS_lib/./MPI.h:1284) in function 'MPI_Recv.1.2211' has unknown bound because it has multiple exiting blocks.
WARNING: [XFORM 203-562] Loop 'Loop-1' (../HMPI/HLS_lib/./MPI.h:1198) in function 'MPI_Recv.1.2210' has unknown bound because it has multiple exiting blocks.
WARNING: [XFORM 203-562] Loop 'Loop-4' (../HMPI/HLS_lib/./MPI.h:1240) in function 'MPI_Recv.1.2210' has unknown bound because it has multiple exiting blocks.
WARNING: [XFORM 203-562] Loop 'Loop-5' (../HMPI/HLS_lib/./MPI.h:1253) in function 'MPI_Recv.1.2210' has unknown bound because it has multiple exiting blocks.
WARNING: [XFORM 203-562] Loop 'Loop-6' (../HMPI/HLS_lib/./MPI.h:1271) in function 'MPI_Recv.1.2210' has unknown bound because it has multiple exiting blocks.
WARNING: [XFORM 203-562] Loop 'Loop-7' (../HMPI/HLS_lib/./MPI.h:1284) in function 'MPI_Recv.1.2210' has unknown bound because it has multiple exiting blocks.
WARNING: [XFORM 203-562] Loop 'Loop-1' (../HMPI/HLS_lib/./MPI.h:1198) in function 'MPI_Recv.1.2' has unknown bound because it has multiple exiting blocks.
WARNING: [XFORM 203-562] Loop 'Loop-4' (../HMPI/HLS_lib/./MPI.h:1240) in function 'MPI_Recv.1.2' has unknown bound because it has multiple exiting blocks.
WARNING: [XFORM 203-562] Loop 'Loop-5' (../HMPI/HLS_lib/./MPI.h:1253) in function 'MPI_Recv.1.2' has unknown bound because it has multiple exiting blocks.
WARNING: [XFORM 203-562] Loop 'Loop-6' (../HMPI/HLS_lib/./MPI.h:1271) in function 'MPI_Recv.1.2' has unknown bound because it has multiple exiting blocks.
WARNING: [XFORM 203-562] Loop 'Loop-7' (../HMPI/HLS_lib/./MPI.h:1284) in function 'MPI_Recv.1.2' has unknown bound because it has multiple exiting blocks.
WARNING: [XFORM 203-562] Loop 'Loop-1' (../HMPI/HLS_lib/./MPI.h:1198) in function 'MPI_Recv.1.1' has unknown bound because it has multiple exiting blocks.
WARNING: [XFORM 203-562] Loop 'Loop-4' (../HMPI/HLS_lib/./MPI.h:1240) in function 'MPI_Recv.1.1' has unknown bound because it has multiple exiting blocks.
WARNING: [XFORM 203-562] Loop 'Loop-5' (../HMPI/HLS_lib/./MPI.h:1253) in function 'MPI_Recv.1.1' has unknown bound because it has multiple exiting blocks.
WARNING: [XFORM 203-562] Loop 'Loop-6' (../HMPI/HLS_lib/./MPI.h:1271) in function 'MPI_Recv.1.1' has unknown bound because it has multiple exiting blocks.
WARNING: [XFORM 203-562] Loop 'Loop-7' (../HMPI/HLS_lib/./MPI.h:1284) in function 'MPI_Recv.1.1' has unknown bound because it has multiple exiting blocks.
WARNING: [XFORM 203-562] Loop 'Loop-1' (../HMPI/HLS_lib/./MPI.h:874) in function 'MPI_Recv' has unknown bound because it has multiple exiting blocks.
WARNING: [XFORM 203-562] Loop 'Loop-4.4' (../HMPI/HLS_lib/./MPI.h:1043) in function 'MPI_Recv' has unknown bound because it has multiple exiting blocks.
WARNING: [XFORM 203-562] Loop 'Loop-4.5' (../HMPI/HLS_lib/./MPI.h:1056) in function 'MPI_Recv' has unknown bound because it has multiple exiting blocks.
WARNING: [XFORM 203-562] Loop 'Loop-4.6' (../HMPI/HLS_lib/./MPI.h:1075) in function 'MPI_Recv' has unknown bound because it has multiple exiting blocks.
WARNING: [XFORM 203-562] Loop 'Loop-4.7' (../HMPI/HLS_lib/./MPI.h:1088) in function 'MPI_Recv' has unknown bound because it has multiple exiting blocks.
WARNING: [XFORM 203-562] Loop 'Loop-4' (../HMPI/HLS_lib/./MPI.h:984) in function 'MPI_Recv' has unknown bound because it has multiple exiting blocks.
INFO: [HLS 200-111] Finished Architecture Synthesis Time (s): cpu = 00:00:46 ; elapsed = 00:00:31 . Memory (MB): peak = 611.039 ; gain = 259.566 ; free physical = 19634 ; free virtual = 59818
INFO: [HLS 200-10] Starting hardware synthesis ...
INFO: [HLS 200-10] Synthesizing 'dariusController' ...
WARNING: [SYN 201-103] Legalizing function name 'MPI_Recv.1.2211' to 'MPI_Recv_1_2211'.
WARNING: [SYN 201-103] Legalizing function name 'MPI_Recv.1.2' to 'MPI_Recv_1_2'.
WARNING: [SYN 201-103] Legalizing function name 'MPI_Recv.1.2210' to 'MPI_Recv_1_2210'.
WARNING: [SYN 201-103] Legalizing function name 'MPI_Recv.1.1' to 'MPI_Recv_1_1'.
INFO: [HLS 200-10] ----------------------------------------------------------------
INFO: [HLS 200-42] -- Implementing module 'MPI_Recv_1_2211'
INFO: [HLS 200-10] ----------------------------------------------------------------
INFO: [SCHED 204-11] Starting scheduling ...
INFO: [SCHED 204-61] Pipelining loop 'Loop 8'.
INFO: [SCHED 204-61] Pipelining result : Target II = 1, Final II = 1, Depth = 2.
INFO: [SCHED 204-11] Finished scheduling.
INFO: [HLS 200-111]  Elapsed time: 31.82 seconds; current allocated memory: 245.759 MB.
INFO: [BIND 205-100] Starting micro-architecture generation ...
INFO: [BIND 205-101] Performing variable lifetime analysis.
INFO: [BIND 205-101] Exploring resource sharing.
INFO: [BIND 205-101] Binding ...
INFO: [BIND 205-100] Finished micro-architecture generation.
INFO: [HLS 200-111]  Elapsed time: 0.49 seconds; current allocated memory: 247.676 MB.
INFO: [HLS 200-10] ----------------------------------------------------------------
INFO: [HLS 200-42] -- Implementing module 'MPI_Recv_1_2'
INFO: [HLS 200-10] ----------------------------------------------------------------
INFO: [SCHED 204-11] Starting scheduling ...
INFO: [SCHED 204-61] Pipelining loop 'Loop 8'.
WARNING: [SCHED 204-68] Unable to enforce a carried dependence constraint (II = 1, distance = 1, offset = 1)
   between bus request on port 'buf_r' (../HMPI/HLS_lib/./MPI.h:1355) and bus request on port 'buf_r' (../HMPI/HLS_lib/./MPI.h:1355).
INFO: [SCHED 204-61] Pipelining result : Target II = 1, Final II = 2, Depth = 3.
INFO: [SCHED 204-11] Finished scheduling.
INFO: [HLS 200-111]  Elapsed time: 0.84 seconds; current allocated memory: 249.875 MB.
INFO: [BIND 205-100] Starting micro-architecture generation ...
INFO: [BIND 205-101] Performing variable lifetime analysis.
INFO: [BIND 205-101] Exploring resource sharing.
INFO: [BIND 205-101] Binding ...
INFO: [BIND 205-100] Finished micro-architecture generation.
INFO: [HLS 200-111]  Elapsed time: 0.44 seconds; current allocated memory: 251.664 MB.
INFO: [HLS 200-10] ----------------------------------------------------------------
INFO: [HLS 200-42] -- Implementing module 'MPI_Recv_1_2210'
INFO: [HLS 200-10] ----------------------------------------------------------------
INFO: [SCHED 204-11] Starting scheduling ...
INFO: [SCHED 204-61] Pipelining loop 'Loop 8'.
INFO: [SCHED 204-61] Pipelining result : Target II = 1, Final II = 1, Depth = 2.
INFO: [SCHED 204-11] Finished scheduling.
INFO: [HLS 200-111]  Elapsed time: 0.9 seconds; current allocated memory: 253.968 MB.
INFO: [BIND 205-100] Starting micro-architecture generation ...
INFO: [BIND 205-101] Performing variable lifetime analysis.
INFO: [BIND 205-101] Exploring resource sharing.
INFO: [BIND 205-101] Binding ...
INFO: [BIND 205-100] Finished micro-architecture generation.
INFO: [HLS 200-111]  Elapsed time: 0.49 seconds; current allocated memory: 256.277 MB.
INFO: [HLS 200-10] ----------------------------------------------------------------
INFO: [HLS 200-42] -- Implementing module 'MPI_Recv_1_1'
INFO: [HLS 200-10] ----------------------------------------------------------------
INFO: [SCHED 204-11] Starting scheduling ...
INFO: [SCHED 204-61] Pipelining loop 'Loop 8'.
INFO: [SCHED 204-61] Pipelining result : Target II = 1, Final II = 1, Depth = 2.
INFO: [SCHED 204-11] Finished scheduling.
INFO: [HLS 200-111]  Elapsed time: 0.88 seconds; current allocated memory: 258.321 MB.
INFO: [BIND 205-100] Starting micro-architecture generation ...
INFO: [BIND 205-101] Performing variable lifetime analysis.
INFO: [BIND 205-101] Exploring resource sharing.
INFO: [BIND 205-101] Binding ...
INFO: [BIND 205-100] Finished micro-architecture generation.
INFO: [HLS 200-111]  Elapsed time: 0.42 seconds; current allocated memory: 259.979 MB.
INFO: [HLS 200-10] ----------------------------------------------------------------
INFO: [HLS 200-42] -- Implementing module 'MPI_Recv'
INFO: [HLS 200-10] ----------------------------------------------------------------
INFO: [SCHED 204-11] Starting scheduling ...
INFO: [SCHED 204-11] Finished scheduling.
INFO: [HLS 200-111]  Elapsed time: 0.94 seconds; current allocated memory: 262.618 MB.
INFO: [BIND 205-100] Starting micro-architecture generation ...
INFO: [BIND 205-101] Performing variable lifetime analysis.
INFO: [BIND 205-101] Exploring resource sharing.
INFO: [BIND 205-101] Binding ...
INFO: [BIND 205-100] Finished micro-architecture generation.
INFO: [HLS 200-111]  Elapsed time: 0.53 seconds; current allocated memory: 265.006 MB.
INFO: [HLS 200-10] ----------------------------------------------------------------
INFO: [HLS 200-42] -- Implementing module 'dariusController'
INFO: [HLS 200-10] ----------------------------------------------------------------
INFO: [SCHED 204-11] Starting scheduling ...
INFO: [SCHED 204-11] Finished scheduling.
INFO: [HLS 200-111]  Elapsed time: 0.63 seconds; current allocated memory: 266.125 MB.
INFO: [BIND 205-100] Starting micro-architecture generation ...
INFO: [BIND 205-101] Performing variable lifetime analysis.
INFO: [BIND 205-101] Exploring resource sharing.
INFO: [BIND 205-101] Binding ...
INFO: [BIND 205-100] Finished micro-architecture generation.
INFO: [HLS 200-111]  Elapsed time: 1.07 seconds; current allocated memory: 267.767 MB.
INFO: [HLS 200-10] ----------------------------------------------------------------
INFO: [HLS 200-10] -- Generating RTL for module 'MPI_Recv_1_2211'
INFO: [HLS 200-10] ----------------------------------------------------------------
INFO: [RTGEN 206-100] Finished creating RTL model for 'MPI_Recv_1_2211'.
INFO: [HLS 200-111]  Elapsed time: 0.95 seconds; current allocated memory: 271.345 MB.
INFO: [HLS 200-10] ----------------------------------------------------------------
INFO: [HLS 200-10] -- Generating RTL for module 'MPI_Recv_1_2'
INFO: [HLS 200-10] ----------------------------------------------------------------
INFO: [RTGEN 206-100] Finished creating RTL model for 'MPI_Recv_1_2'.
INFO: [HLS 200-111]  Elapsed time: 0.97 seconds; current allocated memory: 282.710 MB.
INFO: [HLS 200-10] ----------------------------------------------------------------
INFO: [HLS 200-10] -- Generating RTL for module 'MPI_Recv_1_2210'
INFO: [HLS 200-10] ----------------------------------------------------------------
INFO: [RTGEN 206-100] Finished creating RTL model for 'MPI_Recv_1_2210'.
INFO: [HLS 200-111]  Elapsed time: 1.01 seconds; current allocated memory: 294.165 MB.
INFO: [HLS 200-10] ----------------------------------------------------------------
INFO: [HLS 200-10] -- Generating RTL for module 'MPI_Recv_1_1'
INFO: [HLS 200-10] ----------------------------------------------------------------
INFO: [RTGEN 206-100] Finished creating RTL model for 'MPI_Recv_1_1'.
INFO: [HLS 200-111]  Elapsed time: 1.13 seconds; current allocated memory: 306.258 MB.
INFO: [HLS 200-10] ----------------------------------------------------------------
INFO: [HLS 200-10] -- Generating RTL for module 'MPI_Recv'
INFO: [HLS 200-10] ----------------------------------------------------------------
WARNING: [RTGEN 206-101] Register 'state' is power-on initialization.
WARNING: [RTGEN 206-101] Register 'envlp_DEST_V_1' is power-on initialization.
WARNING: [RTGEN 206-101] Register 'envlp_SRC_V' is power-on initialization.
WARNING: [RTGEN 206-101] Register 'envlp_MSG_SIZE_V' is power-on initialization.
INFO: [SYN 201-210] Renamed object name 'MPI_Recv_int_request_array_DA_1' to 'MPI_Recv_int_requbkb' due to the length limit 20
WARNING: [RTGEN 206-101] Register 'time_V' is power-on initialization.
INFO: [SYN 201-210] Renamed object name 'dariusController_srem_32ns_12ns_12_36_seq_1' to 'dariusController_cud' due to the length limit 20
INFO: [RTGEN 206-100] Generating core module 'dariusController_cud': 1 instance(s).
INFO: [RTGEN 206-100] Finished creating RTL model for 'MPI_Recv'.
INFO: [HLS 200-111]  Elapsed time: 0.94 seconds; current allocated memory: 317.425 MB.
INFO: [HLS 200-10] ----------------------------------------------------------------
INFO: [HLS 200-10] -- Generating RTL for module 'dariusController'
INFO: [HLS 200-10] ----------------------------------------------------------------
INFO: [RTGEN 206-500] Setting interface mode on port 'dariusController/mem' to 'ap_bus'.
INFO: [RTGEN 206-500] Setting interface mode on port 'dariusController/darius_driver' to 'ap_bus'.
INFO: [RTGEN 206-500] Setting interface mode on port 'dariusController/id_in_V' to 'ap_none'.
INFO: [RTGEN 206-500] Setting interface mode on port 'dariusController/stream_in_V' to 'ap_fifo'.
INFO: [RTGEN 206-500] Setting interface mode on port 'dariusController/stream_out_V' to 'ap_fifo'.
INFO: [RTGEN 206-500] Setting interface mode on function 'dariusController' to 'ap_ctrl_none'.
WARNING: [RTGEN 206-101] Register 'state_1' is power-on initialization.
WARNING: [RTGEN 206-101] Register 'envlp_SRC_V_1' is power-on initialization.
WARNING: [RTGEN 206-101] Register 'float_req_num' is power-on initialization.
INFO: [SYN 201-210] Renamed object name 'dariusController_float_request_array_4' to 'dariusController_dEe' due to the length limit 20
INFO: [SYN 201-210] Renamed object name 'dariusController_float_request_array_1' to 'dariusController_eOg' due to the length limit 20
INFO: [SYN 201-210] Renamed object name 'dariusController_float_request_array_5' to 'dariusController_fYi' due to the length limit 20
WARNING: [RTGEN 206-101] Register 'envlp_DEST_V' is power-on initialization.
INFO: [SYN 201-210] Renamed object name 'dariusController_float_request_array_3' to 'dariusController_g8j' due to the length limit 20
WARNING: [RTGEN 206-101] Register 'envlp_MSG_SIZE_V_1' is power-on initialization.
INFO: [SYN 201-210] Renamed object name 'dariusController_float_request_array_s' to 'dariusController_hbi' due to the length limit 20
INFO: [SYN 201-210] Renamed object name 'dariusController_float_request_array_7' to 'dariusController_ibs' due to the length limit 20
INFO: [SYN 201-210] Renamed object name 'dariusController_float_request_array_6' to 'dariusController_jbC' due to the length limit 20
WARNING: [RTGEN 206-101] Global scalar 'stream_in_V' will be exposed as RTL port.
WARNING: [RTGEN 206-101] Register 'int_req_num' is power-on initialization.
INFO: [SYN 201-210] Renamed object name 'dariusController_int_request_array_SR' to 'dariusController_kbM' due to the length limit 20
INFO: [SYN 201-210] Renamed object name 'dariusController_int_request_array_DE' to 'dariusController_lbW' due to the length limit 20
INFO: [SYN 201-210] Renamed object name 'dariusController_int_request_array_PK' to 'dariusController_mb6' due to the length limit 20
INFO: [SYN 201-210] Renamed object name 'dariusController_int_request_array_MS' to 'dariusController_ncg' due to the length limit 20
INFO: [SYN 201-210] Renamed object name 'dariusController_int_request_array_TA' to 'dariusController_ocq' due to the length limit 20
INFO: [SYN 201-210] Renamed object name 'dariusController_int_request_array_DA' to 'dariusController_pcA' due to the length limit 20
WARNING: [RTGEN 206-101] Register 'int_clr_num' is power-on initialization.
INFO: [SYN 201-210] Renamed object name 'dariusController_int_clr2snd_array_SR' to 'dariusController_qcK' due to the length limit 20
INFO: [SYN 201-210] Renamed object name 'dariusController_int_clr2snd_array_DE' to 'dariusController_rcU' due to the length limit 20
INFO: [SYN 201-210] Renamed object name 'dariusController_int_clr2snd_array_PK' to 'dariusController_sc4' due to the length limit 20
INFO: [SYN 201-210] Renamed object name 'dariusController_int_clr2snd_array_MS' to 'dariusController_tde' due to the length limit 20
INFO: [SYN 201-210] Renamed object name 'dariusController_int_clr2snd_array_TA' to 'dariusController_udo' due to the length limit 20
INFO: [SYN 201-210] Renamed object name 'dariusController_int_clr2snd_array_DA' to 'dariusController_vdy' due to the length limit 20
WARNING: [RTGEN 206-101] Register 'float_clr_num' is power-on initialization.
INFO: [SYN 201-210] Renamed object name 'dariusController_float_clr2snd_array_5' to 'dariusController_wdI' due to the length limit 20
INFO: [SYN 201-210] Renamed object name 'dariusController_float_clr2snd_array_1' to 'dariusController_xdS' due to the length limit 20
INFO: [SYN 201-210] Renamed object name 'dariusController_float_clr2snd_array_4' to 'dariusController_yd2' due to the length limit 20
INFO: [SYN 201-210] Renamed object name 'dariusController_float_clr2snd_array_3' to 'dariusController_zec' due to the length limit 20
INFO: [SYN 201-210] Renamed object name 'dariusController_float_clr2snd_array_s' to 'dariusController_Aem' due to the length limit 20
INFO: [SYN 201-210] Renamed object name 'dariusController_float_clr2snd_array_6' to 'dariusController_Bew' due to the length limit 20
WARNING: [RTGEN 206-101] Global scalar 'stream_out_V' will be exposed as RTL port.
INFO: [SYN 201-210] Renamed object name 'dariusController_darius_info' to 'dariusController_CeG' due to the length limit 20
INFO: [SYN 201-210] Renamed object name 'dariusController_cumulative_cycle_cou' to 'dariusController_DeQ' due to the length limit 20
INFO: [SYN 201-210] Renamed object name 'dariusController_darius_info_float' to 'dariusController_Ee0' due to the length limit 20
INFO: [SYN 201-210] Renamed object name 'dariusController_mux_42_32_1_1' to 'dariusController_Ffa' due to the length limit 20
INFO: [RTGEN 206-100] Generating core module 'dariusController_Ffa': 1 instance(s).
INFO: [RTGEN 206-100] Finished creating RTL model for 'dariusController'.
INFO: [HLS 200-111]  Elapsed time: 1.64 seconds; current allocated memory: 332.641 MB.
INFO: [RTMG 210-282] Generating pipelined core: 'dariusController_cud_div'
INFO: [RTMG 210-278] Implementing memory 'MPI_Recv_int_requbkb_ram (RAM)' using block RAMs with power-on initialization.
INFO: [RTMG 210-278] Implementing memory 'dariusController_dEe_ram (RAM)' using block RAMs with power-on initialization.
INFO: [RTMG 210-278] Implementing memory 'dariusController_eOg_ram (RAM)' using block RAMs with power-on initialization.
INFO: [RTMG 210-278] Implementing memory 'dariusController_mb6_ram (RAM)' using distributed RAMs with power-on initialization.
INFO: [RTMG 210-278] Implementing memory 'dariusController_CeG_ram (RAM)' using distributed RAMs.
INFO: [RTMG 210-278] Implementing memory 'dariusController_DeQ_ram (RAM)' using distributed RAMs.
INFO: [RTMG 210-278] Implementing memory 'dariusController_Ee0_ram (RAM)' using block RAMs.
INFO: [IMPL 213-200] Port 'stream_in_V.data' is mapped to 'TDATA' by default.
INFO: [IMPL 213-200] Port 'stream_in_V.dest' is mapped to 'TDEST' by default.
INFO: [IMPL 213-200] Port 'stream_in_V.last' is mapped to 'TLAST' by default.
INFO: [IMPL 213-200] Port 'stream_in_V.id' is mapped to 'TID' by default.
INFO: [IMPL 213-200] Port 'stream_in_V.keep' is mapped to 'TKEEP' by default.
INFO: [IMPL 213-200] Port 'stream_in_V.user' is mapped to 'TUSER' by default.
INFO: [IMPL 213-200] Port 'stream_out_V.data' is mapped to 'TDATA' by default.
INFO: [IMPL 213-200] Port 'stream_out_V.dest' is mapped to 'TDEST' by default.
INFO: [IMPL 213-200] Port 'stream_out_V.last' is mapped to 'TLAST' by default.
INFO: [IMPL 213-200] Port 'stream_out_V.id' is mapped to 'TID' by default.
INFO: [IMPL 213-200] Port 'stream_out_V.keep' is mapped to 'TKEEP' by default.
INFO: [IMPL 213-200] Port 'stream_out_V.user' is mapped to 'TUSER' by default.
INFO: [HLS 200-111] Finished generating all RTL models Time (s): cpu = 00:01:01 ; elapsed = 00:00:49 . Memory (MB): peak = 739.039 ; gain = 387.566 ; free physical = 19543 ; free virtual = 59732
INFO: [SYSC 207-301] Generating SystemC RTL for dariusController.
INFO: [VHDL 208-304] Generating VHDL RTL for dariusController.
INFO: [VLOG 209-307] Generating Verilog RTL for dariusController.
INFO: [IMPL 213-8] Exporting RTL as a Vivado IP.
INFO: [IMPL 213-200] Port 'stream_in_V.data' is mapped to 'TDATA' by default.
INFO: [IMPL 213-200] Port 'stream_in_V.dest' is mapped to 'TDEST' by default.
INFO: [IMPL 213-200] Port 'stream_in_V.last' is mapped to 'TLAST' by default.
INFO: [IMPL 213-200] Port 'stream_in_V.id' is mapped to 'TID' by default.
INFO: [IMPL 213-200] Port 'stream_in_V.keep' is mapped to 'TKEEP' by default.
INFO: [IMPL 213-200] Port 'stream_in_V.user' is mapped to 'TUSER' by default.
INFO: [IMPL 213-200] Port 'stream_out_V.data' is mapped to 'TDATA' by default.
INFO: [IMPL 213-200] Port 'stream_out_V.dest' is mapped to 'TDEST' by default.
INFO: [IMPL 213-200] Port 'stream_out_V.last' is mapped to 'TLAST' by default.
INFO: [IMPL 213-200] Port 'stream_out_V.id' is mapped to 'TID' by default.
INFO: [IMPL 213-200] Port 'stream_out_V.keep' is mapped to 'TKEEP' by default.
INFO: [IMPL 213-200] Port 'stream_out_V.user' is mapped to 'TUSER' by default.
INFO: [HLS 200-10] Opening project '/home/tarafdar/workDir/galapagos/userIP/conv_proj'.
INFO: [HLS 200-10] Adding design file '../telepathy/hlsSources/conv_layer.cpp' to the project
INFO: [HLS 200-10] Opening solution '/home/tarafdar/workDir/galapagos/userIP/conv_proj/solution1'.
