

================================================================
== Vivado HLS Report for 'packetFormatter_hardcode_64'
================================================================
* Date:           Thu May  3 09:59:07 2018

* Version:        2018.1 (Build 2188600 on Wed Apr 04 19:04:02 MDT 2018)
* Project:        packetFormatter_hardcode_64
* Solution:       solution1
* Product family: kintexu
* Target device:  xcku115-flva1517-2-e


================================================================
== Performance Estimates
================================================================
+ Timing (ns): 
    * Summary: 
    +--------+-------+----------+------------+
    |  Clock | Target| Estimated| Uncertainty|
    +--------+-------+----------+------------+
    |ap_clk  |   5.00|      0.83|        0.62|
    +--------+-------+----------+------------+

+ Latency (clock cycles): 
    * Summary: 
    +-----+-----+-----+-----+---------+
    |  Latency  |  Interval | Pipeline|
    | min | max | min | max |   Type  |
    +-----+-----+-----+-----+---------+
    |    ?|    ?|    ?|    ?|   none  |
    +-----+-----+-----+-----+---------+

    + Detail: 
        * Instance: 
        N/A

        * Loop: 
        +----------+-----+-----+----------+-----------+-----------+------+----------+
        |          |  Latency  | Iteration|  Initiation Interval  | Trip |          |
        | Loop Name| min | max |  Latency |  achieved |   target  | Count| Pipelined|
        +----------+-----+-----+----------+-----------+-----------+------+----------+
        |- Loop 1  |    ?|    ?|         3|          -|          -|     ?|    no    |
        +----------+-----+-----+----------+-----------+-----------+------+----------+

============================================================
+ Verbose Summary: Synthesis Manager
============================================================
InlineROM: 1
ExposeGlobal: 0
============================================================
+ Verbose Summary: CDFG Model
============================================================
IsTopModel: 1
ResetActiveHigh: 1
IsCombinational: 0
IsDatapathOnly: 0
HasWiredReturn: 1
HasMFsm: 0
HasVarLatency: 1
IsPipeline: 0
IsRtlPipelined: 0
IsInstanceOverlapped: 0
IsDontTouch: 0
HasImplIP: 0
IsGatedGlobalClock: 0


============================================================
+ Verbose Summary: Schedule
============================================================
* Number of FSM states : 8
* Pipeline : 0
* Dataflow Pipeline: 0

* FSM state transitions: 
1 --> 
	2  / true
2 --> 
	3  / true
3 --> 
	4  / true
4 --> 
	5  / true
5 --> 
	6  / true
6 --> 
	7  / (!p_s)
7 --> 
	8  / true
8 --> 
	6  / true

* FSM state operations: 

 <State 1> : 0.00ns
ST_1 : Operation 9 [1/1] (0.00ns)   --->   "%eth_src_V_read = call i48 @_ssdm_op_Read.ap_none.i48(i48 %eth_src_V)"
ST_1 : Operation 10 [1/1] (0.00ns)   --->   "%eth_dst_V_read = call i48 @_ssdm_op_Read.ap_none.i48(i48 %eth_dst_V)"
ST_1 : Operation 11 [1/1] (0.00ns)   --->   "%tmp = call i16 @_ssdm_op_PartSelect.i16.i48.i32.i32(i48 %eth_src_V_read, i32 32, i32 47)"
ST_1 : Operation 12 [1/1] (0.00ns)   --->   "%temp_V = trunc i48 %eth_src_V_read to i32" [../hlsSources/srcs/packetFormatter_hardcode_64.cpp:77]
ST_1 : Operation 13 [2/2] (0.00ns)   --->   "%empty = call { i64, i1, i8, i8 } @_ssdm_op_Read.axis.volatile.i64P.i1P.i8P.i8P(i64* %packetIn_V_data_V, i1* %packetIn_V_last_V, i8* %packetIn_V_dest_V, i8* %packetIn_V_keep_V)" [../hlsSources/srcs/packetFormatter_hardcode_64.cpp:87]   --->   Core 5 'AXI4Stream' <Latency = 0> <II = 1> <Delay = 1.00> <Adapter> <Opcode : >

 <State 2> : 0.00ns
ST_2 : Operation 14 [1/1] (0.00ns)   --->   "%packetHeader0_data_V = call i64 @_ssdm_op_BitConcatenate.i64.i48.i16(i48 %eth_dst_V_read, i16 %tmp)" [../hlsSources/srcs/packetFormatter_hardcode_64.cpp:72]
ST_2 : Operation 15 [1/2] (0.00ns)   --->   "%empty = call { i64, i1, i8, i8 } @_ssdm_op_Read.axis.volatile.i64P.i1P.i8P.i8P(i64* %packetIn_V_data_V, i1* %packetIn_V_last_V, i8* %packetIn_V_dest_V, i8* %packetIn_V_keep_V)" [../hlsSources/srcs/packetFormatter_hardcode_64.cpp:87]   --->   Core 5 'AXI4Stream' <Latency = 0> <II = 1> <Delay = 1.00> <Adapter> <Opcode : >
ST_2 : Operation 16 [1/1] (0.00ns)   --->   "%tmp_data_V_2 = extractvalue { i64, i1, i8, i8 } %empty, 0" [../hlsSources/srcs/packetFormatter_hardcode_64.cpp:87]
ST_2 : Operation 17 [1/1] (0.00ns)   --->   "%tmp_last_V = extractvalue { i64, i1, i8, i8 } %empty, 1" [../hlsSources/srcs/packetFormatter_hardcode_64.cpp:87]
ST_2 : Operation 18 [1/1] (0.00ns)   --->   "%tmp_dest_V = extractvalue { i64, i1, i8, i8 } %empty, 2" [../hlsSources/srcs/packetFormatter_hardcode_64.cpp:87]
ST_2 : Operation 19 [1/1] (0.00ns)   --->   "call void (...)* @_ssdm_op_Wait(i32 1) nounwind" [../hlsSources/srcs/packetFormatter_hardcode_64.cpp:88]
ST_2 : Operation 20 [2/2] (0.00ns)   --->   "call void @_ssdm_op_Write.axis.volatile.i64P.i1P.i8P(i64* %packetOut_V_data_V, i1* %packetOut_V_last_V, i8* %packetOut_V_keep_V, i64 %packetHeader0_data_V, i1 undef, i8 -1)" [../hlsSources/srcs/packetFormatter_hardcode_64.cpp:105]   --->   Core 5 'AXI4Stream' <Latency = 0> <II = 1> <Delay = 1.00> <Adapter> <Opcode : >

 <State 3> : 0.00ns
ST_3 : Operation 21 [1/1] (0.00ns)   --->   "%p_Result_s = call i64 @_ssdm_op_BitConcatenate.i64.i32.i16.i8.i8(i32 %temp_V, i16 29696, i8 %tmp_dest_V, i8 0)" [../hlsSources/srcs/packetFormatter_hardcode_64.cpp:98]
ST_3 : Operation 22 [1/2] (0.00ns)   --->   "call void @_ssdm_op_Write.axis.volatile.i64P.i1P.i8P(i64* %packetOut_V_data_V, i1* %packetOut_V_last_V, i8* %packetOut_V_keep_V, i64 %packetHeader0_data_V, i1 undef, i8 -1)" [../hlsSources/srcs/packetFormatter_hardcode_64.cpp:105]   --->   Core 5 'AXI4Stream' <Latency = 0> <II = 1> <Delay = 1.00> <Adapter> <Opcode : >
ST_3 : Operation 23 [2/2] (0.00ns)   --->   "call void @_ssdm_op_Write.axis.volatile.i64P.i1P.i8P(i64* %packetOut_V_data_V, i1* %packetOut_V_last_V, i8* %packetOut_V_keep_V, i64 %p_Result_s, i1 undef, i8 -1)" [../hlsSources/srcs/packetFormatter_hardcode_64.cpp:106]   --->   Core 5 'AXI4Stream' <Latency = 0> <II = 1> <Delay = 1.00> <Adapter> <Opcode : >

 <State 4> : 0.00ns
ST_4 : Operation 24 [1/2] (0.00ns)   --->   "call void @_ssdm_op_Write.axis.volatile.i64P.i1P.i8P(i64* %packetOut_V_data_V, i1* %packetOut_V_last_V, i8* %packetOut_V_keep_V, i64 %p_Result_s, i1 undef, i8 -1)" [../hlsSources/srcs/packetFormatter_hardcode_64.cpp:106]   --->   Core 5 'AXI4Stream' <Latency = 0> <II = 1> <Delay = 1.00> <Adapter> <Opcode : >
ST_4 : Operation 25 [2/2] (0.00ns)   --->   "call void @_ssdm_op_Write.axis.volatile.i64P.i1P.i8P(i64* %packetOut_V_data_V, i1* %packetOut_V_last_V, i8* %packetOut_V_keep_V, i64 %tmp_data_V_2, i1 %tmp_last_V, i8 -1)" [../hlsSources/srcs/packetFormatter_hardcode_64.cpp:107]   --->   Core 5 'AXI4Stream' <Latency = 0> <II = 1> <Delay = 1.00> <Adapter> <Opcode : >

 <State 5> : 0.83ns
ST_5 : Operation 26 [1/1] (0.00ns)   --->   "call void (...)* @_ssdm_op_SpecBitsMap(i64* %packetIn_V_data_V), !map !95"
ST_5 : Operation 27 [1/1] (0.00ns)   --->   "call void (...)* @_ssdm_op_SpecBitsMap(i1* %packetIn_V_last_V), !map !99"
ST_5 : Operation 28 [1/1] (0.00ns)   --->   "call void (...)* @_ssdm_op_SpecBitsMap(i8* %packetIn_V_dest_V), !map !103"
ST_5 : Operation 29 [1/1] (0.00ns)   --->   "call void (...)* @_ssdm_op_SpecBitsMap(i8* %packetIn_V_keep_V), !map !107"
ST_5 : Operation 30 [1/1] (0.00ns)   --->   "call void (...)* @_ssdm_op_SpecBitsMap(i48 %eth_dst_V), !map !111"
ST_5 : Operation 31 [1/1] (0.00ns)   --->   "call void (...)* @_ssdm_op_SpecBitsMap(i48 %eth_src_V), !map !117"
ST_5 : Operation 32 [1/1] (0.00ns)   --->   "call void (...)* @_ssdm_op_SpecBitsMap(i64* %packetOut_V_data_V), !map !121"
ST_5 : Operation 33 [1/1] (0.00ns)   --->   "call void (...)* @_ssdm_op_SpecBitsMap(i1* %packetOut_V_last_V), !map !125"
ST_5 : Operation 34 [1/1] (0.00ns)   --->   "call void (...)* @_ssdm_op_SpecBitsMap(i8* %packetOut_V_keep_V), !map !129"
ST_5 : Operation 35 [1/1] (0.00ns)   --->   "call void (...)* @_ssdm_op_SpecTopModule([28 x i8]* @packetFormatter_hard) nounwind"
ST_5 : Operation 36 [1/1] (0.00ns)   --->   "call void (...)* @_ssdm_op_SpecInterface(i64* %packetIn_V_data_V, i1* %packetIn_V_last_V, i8* %packetIn_V_dest_V, i8* %packetIn_V_keep_V, [5 x i8]* @p_str, i32 1, i32 1, [5 x i8]* @p_str1, i32 0, i32 0, [1 x i8]* @p_str2, [1 x i8]* @p_str2, [1 x i8]* @p_str2, i32 0, i32 0, i32 0, i32 0, [1 x i8]* @p_str2, [1 x i8]* @p_str2) nounwind" [../hlsSources/srcs/packetFormatter_hardcode_64.cpp:61]
ST_5 : Operation 37 [1/1] (0.00ns)   --->   "call void (...)* @_ssdm_op_SpecInterface(i64* %packetOut_V_data_V, i1* %packetOut_V_last_V, i8* %packetOut_V_keep_V, [5 x i8]* @p_str, i32 1, i32 1, [5 x i8]* @p_str1, i32 0, i32 0, [1 x i8]* @p_str2, [1 x i8]* @p_str2, [1 x i8]* @p_str2, i32 0, i32 0, i32 0, i32 0, [1 x i8]* @p_str2, [1 x i8]* @p_str2) nounwind" [../hlsSources/srcs/packetFormatter_hardcode_64.cpp:61]
ST_5 : Operation 38 [1/1] (0.00ns)   --->   "call void (...)* @_ssdm_op_SpecInterface(i48 %eth_src_V, [8 x i8]* @p_str3, i32 0, i32 0, [1 x i8]* @p_str2, i32 0, i32 0, [1 x i8]* @p_str2, [1 x i8]* @p_str2, [1 x i8]* @p_str2, i32 0, i32 0, i32 0, i32 0, [1 x i8]* @p_str2, [1 x i8]* @p_str2) nounwind" [../hlsSources/srcs/packetFormatter_hardcode_64.cpp:61]
ST_5 : Operation 39 [1/1] (0.00ns)   --->   "call void (...)* @_ssdm_op_SpecInterface(i48 %eth_dst_V, [8 x i8]* @p_str3, i32 0, i32 0, [1 x i8]* @p_str2, i32 0, i32 0, [1 x i8]* @p_str2, [1 x i8]* @p_str2, [1 x i8]* @p_str2, i32 0, i32 0, i32 0, i32 0, [1 x i8]* @p_str2, [1 x i8]* @p_str2) nounwind" [../hlsSources/srcs/packetFormatter_hardcode_64.cpp:61]
ST_5 : Operation 40 [1/1] (0.00ns)   --->   "call void (...)* @_ssdm_op_SpecInterface(i32 0, [13 x i8]* @p_str4, i32 0, i32 0, [1 x i8]* @p_str2, i32 0, i32 0, [1 x i8]* @p_str2, [1 x i8]* @p_str2, [1 x i8]* @p_str2, i32 0, i32 0, i32 0, i32 0, [1 x i8]* @p_str2, [1 x i8]* @p_str2) nounwind" [../hlsSources/srcs/packetFormatter_hardcode_64.cpp:61]
ST_5 : Operation 41 [1/2] (0.00ns)   --->   "call void @_ssdm_op_Write.axis.volatile.i64P.i1P.i8P(i64* %packetOut_V_data_V, i1* %packetOut_V_last_V, i8* %packetOut_V_keep_V, i64 %tmp_data_V_2, i1 %tmp_last_V, i8 -1)" [../hlsSources/srcs/packetFormatter_hardcode_64.cpp:107]   --->   Core 5 'AXI4Stream' <Latency = 0> <II = 1> <Delay = 1.00> <Adapter> <Opcode : >
ST_5 : Operation 42 [1/1] (0.83ns)   --->   "br label %1" [../hlsSources/srcs/packetFormatter_hardcode_64.cpp:111]

 <State 6> : 0.00ns
ST_6 : Operation 43 [1/1] (0.00ns)   --->   "%p_s = phi i1 [ %tmp_last_V, %0 ], [ %tmp_last_V_1, %2 ]"
ST_6 : Operation 44 [1/1] (0.00ns)   --->   "br i1 %p_s, label %3, label %2" [../hlsSources/srcs/packetFormatter_hardcode_64.cpp:111]
ST_6 : Operation 45 [2/2] (0.00ns)   --->   "%empty_5 = call { i64, i1, i8, i8 } @_ssdm_op_Read.axis.volatile.i64P.i1P.i8P.i8P(i64* %packetIn_V_data_V, i1* %packetIn_V_last_V, i8* %packetIn_V_dest_V, i8* %packetIn_V_keep_V)" [../hlsSources/srcs/packetFormatter_hardcode_64.cpp:113]   --->   Core 5 'AXI4Stream' <Latency = 0> <II = 1> <Delay = 1.00> <Adapter> <Opcode : >
ST_6 : Operation 46 [1/1] (0.00ns)   --->   "ret void" [../hlsSources/srcs/packetFormatter_hardcode_64.cpp:121]

 <State 7> : 0.00ns
ST_7 : Operation 47 [1/2] (0.00ns)   --->   "%empty_5 = call { i64, i1, i8, i8 } @_ssdm_op_Read.axis.volatile.i64P.i1P.i8P.i8P(i64* %packetIn_V_data_V, i1* %packetIn_V_last_V, i8* %packetIn_V_dest_V, i8* %packetIn_V_keep_V)" [../hlsSources/srcs/packetFormatter_hardcode_64.cpp:113]   --->   Core 5 'AXI4Stream' <Latency = 0> <II = 1> <Delay = 1.00> <Adapter> <Opcode : >
ST_7 : Operation 48 [1/1] (0.00ns)   --->   "%tmp_data_V_4 = extractvalue { i64, i1, i8, i8 } %empty_5, 0" [../hlsSources/srcs/packetFormatter_hardcode_64.cpp:113]
ST_7 : Operation 49 [1/1] (0.00ns)   --->   "%tmp_last_V_1 = extractvalue { i64, i1, i8, i8 } %empty_5, 1" [../hlsSources/srcs/packetFormatter_hardcode_64.cpp:113]
ST_7 : Operation 50 [1/1] (0.00ns)   --->   "%tmp_keep_V = extractvalue { i64, i1, i8, i8 } %empty_5, 3" [../hlsSources/srcs/packetFormatter_hardcode_64.cpp:113]
ST_7 : Operation 51 [2/2] (0.00ns)   --->   "call void @_ssdm_op_Write.axis.volatile.i64P.i1P.i8P(i64* %packetOut_V_data_V, i1* %packetOut_V_last_V, i8* %packetOut_V_keep_V, i64 %tmp_data_V_4, i1 %tmp_last_V_1, i8 %tmp_keep_V)" [../hlsSources/srcs/packetFormatter_hardcode_64.cpp:118]   --->   Core 5 'AXI4Stream' <Latency = 0> <II = 1> <Delay = 1.00> <Adapter> <Opcode : >

 <State 8> : 0.00ns
ST_8 : Operation 52 [1/2] (0.00ns)   --->   "call void @_ssdm_op_Write.axis.volatile.i64P.i1P.i8P(i64* %packetOut_V_data_V, i1* %packetOut_V_last_V, i8* %packetOut_V_keep_V, i64 %tmp_data_V_4, i1 %tmp_last_V_1, i8 %tmp_keep_V)" [../hlsSources/srcs/packetFormatter_hardcode_64.cpp:118]   --->   Core 5 'AXI4Stream' <Latency = 0> <II = 1> <Delay = 1.00> <Adapter> <Opcode : >
ST_8 : Operation 53 [1/1] (0.00ns)   --->   "br label %1" [../hlsSources/srcs/packetFormatter_hardcode_64.cpp:120]


============================================================
+ Verbose Summary: Binding
============================================================
STG Binding: 
---------------- STG Properties BEGIN ----------------
- Is combinational: 0
- Is one-state seq: 0
- Is datapath-only: 0
- Is pipelined: 0
- Is top level: 1
Port [ Return ] is wired: 1; IO mode=ap_ctrl_none:ce=0
Port [ packetIn_V_data_V]:  wired=1; compound=1; hidden=0; nouse=0; global=0; static=0; extern=0; dir=0; type=0; pingpong=0; private_global=0; IO mode=axis:ce=0
Port [ packetIn_V_last_V]:  wired=1; compound=1; hidden=0; nouse=0; global=0; static=0; extern=0; dir=0; type=0; pingpong=0; private_global=0; IO mode=axis:ce=0
Port [ packetIn_V_dest_V]:  wired=1; compound=1; hidden=0; nouse=0; global=0; static=0; extern=0; dir=0; type=0; pingpong=0; private_global=0; IO mode=axis:ce=0
Port [ packetIn_V_keep_V]:  wired=1; compound=1; hidden=0; nouse=0; global=0; static=0; extern=0; dir=0; type=0; pingpong=0; private_global=0; IO mode=axis:ce=0
Port [ eth_dst_V]:  wired=1; compound=0; hidden=0; nouse=0; global=0; static=0; extern=0; dir=0; type=0; pingpong=0; private_global=0; IO mode=ap_none:ce=0
Port [ eth_src_V]:  wired=1; compound=0; hidden=0; nouse=0; global=0; static=0; extern=0; dir=0; type=0; pingpong=0; private_global=0; IO mode=ap_none:ce=0
Port [ packetOut_V_data_V]:  wired=1; compound=1; hidden=0; nouse=0; global=0; static=0; extern=0; dir=1; type=0; pingpong=0; private_global=0; IO mode=axis:ce=0
Port [ packetOut_V_last_V]:  wired=1; compound=1; hidden=0; nouse=0; global=0; static=0; extern=0; dir=1; type=0; pingpong=0; private_global=0; IO mode=axis:ce=0
Port [ packetOut_V_keep_V]:  wired=1; compound=1; hidden=0; nouse=0; global=0; static=0; extern=0; dir=1; type=0; pingpong=0; private_global=0; IO mode=axis:ce=0
---------------- STG Properties END ------------------

---------------- Datapath Model BEGIN ----------------

<LifeTime>
<method=bitvector/>
eth_src_V_read       (read          ) [ 000000000]
eth_dst_V_read       (read          ) [ 001000000]
tmp                  (partselect    ) [ 001000000]
temp_V               (trunc         ) [ 001100000]
packetHeader0_data_V (bitconcatenate) [ 000100000]
empty                (read          ) [ 000000000]
tmp_data_V_2         (extractvalue  ) [ 000111000]
tmp_last_V           (extractvalue  ) [ 000111111]
tmp_dest_V           (extractvalue  ) [ 000100000]
StgValue_19          (wait          ) [ 000000000]
p_Result_s           (bitconcatenate) [ 000010000]
StgValue_22          (write         ) [ 000000000]
StgValue_24          (write         ) [ 000000000]
StgValue_26          (specbitsmap   ) [ 000000000]
StgValue_27          (specbitsmap   ) [ 000000000]
StgValue_28          (specbitsmap   ) [ 000000000]
StgValue_29          (specbitsmap   ) [ 000000000]
StgValue_30          (specbitsmap   ) [ 000000000]
StgValue_31          (specbitsmap   ) [ 000000000]
StgValue_32          (specbitsmap   ) [ 000000000]
StgValue_33          (specbitsmap   ) [ 000000000]
StgValue_34          (specbitsmap   ) [ 000000000]
StgValue_35          (spectopmodule ) [ 000000000]
StgValue_36          (specinterface ) [ 000000000]
StgValue_37          (specinterface ) [ 000000000]
StgValue_38          (specinterface ) [ 000000000]
StgValue_39          (specinterface ) [ 000000000]
StgValue_40          (specinterface ) [ 000000000]
StgValue_41          (write         ) [ 000000000]
StgValue_42          (br            ) [ 000001111]
p_s                  (phi           ) [ 000000111]
StgValue_44          (br            ) [ 000000000]
StgValue_46          (ret           ) [ 000000000]
empty_5              (read          ) [ 000000000]
tmp_data_V_4         (extractvalue  ) [ 000000001]
tmp_last_V_1         (extractvalue  ) [ 000001101]
tmp_keep_V           (extractvalue  ) [ 000000001]
StgValue_52          (write         ) [ 000000000]
StgValue_53          (br            ) [ 000001111]
</LifeTime>

<model>

<comp_list>
<comp id="0" class="1000" name="packetIn_V_data_V">
<pin_list>
<pin id="1" dir="1" index="0" bw="1" slack="0"/>
</pin_list>
<bind>
<StgValue><ssdm name="packetIn_V_data_V"/></StgValue>
</bind>
</comp>

<comp id="2" class="1000" name="packetIn_V_last_V">
<pin_list>
<pin id="3" dir="1" index="0" bw="1" slack="0"/>
</pin_list>
<bind>
<StgValue><ssdm name="packetIn_V_last_V"/></StgValue>
</bind>
</comp>

<comp id="4" class="1000" name="packetIn_V_dest_V">
<pin_list>
<pin id="5" dir="1" index="0" bw="1" slack="0"/>
</pin_list>
<bind>
<StgValue><ssdm name="packetIn_V_dest_V"/></StgValue>
</bind>
</comp>

<comp id="6" class="1000" name="packetIn_V_keep_V">
<pin_list>
<pin id="7" dir="1" index="0" bw="1" slack="0"/>
</pin_list>
<bind>
<StgValue><ssdm name="packetIn_V_keep_V"/></StgValue>
</bind>
</comp>

<comp id="8" class="1000" name="eth_dst_V">
<pin_list>
<pin id="9" dir="1" index="0" bw="1" slack="0"/>
</pin_list>
<bind>
<StgValue><ssdm name="eth_dst_V"/></StgValue>
</bind>
</comp>

<comp id="10" class="1000" name="eth_src_V">
<pin_list>
<pin id="11" dir="1" index="0" bw="1" slack="0"/>
</pin_list>
<bind>
<StgValue><ssdm name="eth_src_V"/></StgValue>
</bind>
</comp>

<comp id="12" class="1000" name="packetOut_V_data_V">
<pin_list>
<pin id="13" dir="1" index="0" bw="1" slack="0"/>
</pin_list>
<bind>
<StgValue><ssdm name="packetOut_V_data_V"/></StgValue>
</bind>
</comp>

<comp id="14" class="1000" name="packetOut_V_last_V">
<pin_list>
<pin id="15" dir="1" index="0" bw="1" slack="0"/>
</pin_list>
<bind>
<StgValue><ssdm name="packetOut_V_last_V"/></StgValue>
</bind>
</comp>

<comp id="16" class="1000" name="packetOut_V_keep_V">
<pin_list>
<pin id="17" dir="1" index="0" bw="1" slack="0"/>
</pin_list>
<bind>
<StgValue><ssdm name="packetOut_V_keep_V"/></StgValue>
</bind>
</comp>

<comp id="18" class="1001" name="const_18">
<pin_list>
<pin id="19" dir="1" index="0" bw="1" slack="0"/>
</pin_list>
<bind>
<StgValue><ssdm name="_ssdm_op_Read.ap_none.i48"/></StgValue>
</bind>
</comp>

<comp id="20" class="1001" name="const_20">
<pin_list>
<pin id="21" dir="1" index="0" bw="1" slack="0"/>
</pin_list>
<bind>
<StgValue><ssdm name="_ssdm_op_PartSelect.i16.i48.i32.i32"/></StgValue>
</bind>
</comp>

<comp id="22" class="1001" name="const_22">
<pin_list>
<pin id="23" dir="1" index="0" bw="1" slack="0"/>
</pin_list>
<bind>
<StgValue><ssdm name=""/></StgValue>
</bind>
</comp>

<comp id="24" class="1001" name="const_24">
<pin_list>
<pin id="25" dir="1" index="0" bw="1" slack="0"/>
</pin_list>
<bind>
<StgValue><ssdm name=""/></StgValue>
</bind>
</comp>

<comp id="26" class="1001" name="const_26">
<pin_list>
<pin id="27" dir="1" index="0" bw="1" slack="0"/>
</pin_list>
<bind>
<StgValue><ssdm name="_ssdm_op_Read.axis.volatile.i64P.i1P.i8P.i8P"/></StgValue>
</bind>
</comp>

<comp id="28" class="1001" name="const_28">
<pin_list>
<pin id="29" dir="1" index="0" bw="1" slack="0"/>
</pin_list>
<bind>
<StgValue><ssdm name="_ssdm_op_BitConcatenate.i64.i48.i16"/></StgValue>
</bind>
</comp>

<comp id="30" class="1001" name="const_30">
<pin_list>
<pin id="31" dir="1" index="0" bw="1" slack="2147483647"/>
</pin_list>
<bind>
<StgValue><ssdm name="_ssdm_op_Wait"/></StgValue>
</bind>
</comp>

<comp id="32" class="1001" name="const_32">
<pin_list>
<pin id="33" dir="1" index="0" bw="1" slack="2147483647"/>
</pin_list>
<bind>
<StgValue><ssdm name=""/></StgValue>
</bind>
</comp>

<comp id="34" class="1001" name="const_34">
<pin_list>
<pin id="35" dir="1" index="0" bw="1" slack="0"/>
</pin_list>
<bind>
<StgValue><ssdm name="_ssdm_op_Write.axis.volatile.i64P.i1P.i8P"/></StgValue>
</bind>
</comp>

<comp id="36" class="1001" name="const_36">
<pin_list>
<pin id="37" dir="1" index="0" bw="1" slack="0"/>
</pin_list>
<bind>
<StgValue><ssdm name=""/></StgValue>
</bind>
</comp>

<comp id="38" class="1001" name="const_38">
<pin_list>
<pin id="39" dir="1" index="0" bw="1" slack="0"/>
</pin_list>
<bind>
<StgValue><ssdm name=""/></StgValue>
</bind>
</comp>

<comp id="40" class="1001" name="const_40">
<pin_list>
<pin id="41" dir="1" index="0" bw="1" slack="0"/>
</pin_list>
<bind>
<StgValue><ssdm name="_ssdm_op_BitConcatenate.i64.i32.i16.i8.i8"/></StgValue>
</bind>
</comp>

<comp id="42" class="1001" name="const_42">
<pin_list>
<pin id="43" dir="1" index="0" bw="1" slack="0"/>
</pin_list>
<bind>
<StgValue><ssdm name=""/></StgValue>
</bind>
</comp>

<comp id="44" class="1001" name="const_44">
<pin_list>
<pin id="45" dir="1" index="0" bw="1" slack="0"/>
</pin_list>
<bind>
<StgValue><ssdm name=""/></StgValue>
</bind>
</comp>

<comp id="46" class="1001" name="const_46">
<pin_list>
<pin id="47" dir="1" index="0" bw="1" slack="2147483647"/>
</pin_list>
<bind>
<StgValue><ssdm name="_ssdm_op_SpecBitsMap"/></StgValue>
</bind>
</comp>

<comp id="48" class="1001" name="const_48">
<pin_list>
<pin id="49" dir="1" index="0" bw="1" slack="2147483647"/>
</pin_list>
<bind>
<StgValue><ssdm name="_ssdm_op_SpecTopModule"/></StgValue>
</bind>
</comp>

<comp id="50" class="1001" name="const_50">
<pin_list>
<pin id="51" dir="1" index="0" bw="1" slack="2147483647"/>
</pin_list>
<bind>
<StgValue><ssdm name="packetFormatter_hard"/></StgValue>
</bind>
</comp>

<comp id="52" class="1001" name="const_52">
<pin_list>
<pin id="53" dir="1" index="0" bw="1" slack="2147483647"/>
</pin_list>
<bind>
<StgValue><ssdm name="_ssdm_op_SpecInterface"/></StgValue>
</bind>
</comp>

<comp id="54" class="1001" name="const_54">
<pin_list>
<pin id="55" dir="1" index="0" bw="1" slack="2147483647"/>
</pin_list>
<bind>
<StgValue><ssdm name="p_str"/></StgValue>
</bind>
</comp>

<comp id="56" class="1001" name="const_56">
<pin_list>
<pin id="57" dir="1" index="0" bw="1" slack="2147483647"/>
</pin_list>
<bind>
<StgValue><ssdm name="p_str1"/></StgValue>
</bind>
</comp>

<comp id="58" class="1001" name="const_58">
<pin_list>
<pin id="59" dir="1" index="0" bw="1" slack="2147483647"/>
</pin_list>
<bind>
<StgValue><ssdm name=""/></StgValue>
</bind>
</comp>

<comp id="60" class="1001" name="const_60">
<pin_list>
<pin id="61" dir="1" index="0" bw="1" slack="2147483647"/>
</pin_list>
<bind>
<StgValue><ssdm name="p_str2"/></StgValue>
</bind>
</comp>

<comp id="62" class="1001" name="const_62">
<pin_list>
<pin id="63" dir="1" index="0" bw="1" slack="2147483647"/>
</pin_list>
<bind>
<StgValue><ssdm name="p_str3"/></StgValue>
</bind>
</comp>

<comp id="64" class="1001" name="const_64">
<pin_list>
<pin id="65" dir="1" index="0" bw="1" slack="2147483647"/>
</pin_list>
<bind>
<StgValue><ssdm name="p_str4"/></StgValue>
</bind>
</comp>

<comp id="66" class="1004" name="eth_src_V_read_read_fu_66">
<pin_list>
<pin id="67" dir="0" index="0" bw="48" slack="0"/>
<pin id="68" dir="0" index="1" bw="48" slack="0"/>
<pin id="69" dir="1" index="2" bw="48" slack="0"/>
</pin_list>
<bind>
<opcode="read(1150) " fcode="read"/>
<opset="eth_src_V_read/1 "/>
</bind>
</comp>

<comp id="72" class="1004" name="eth_dst_V_read_read_fu_72">
<pin_list>
<pin id="73" dir="0" index="0" bw="48" slack="0"/>
<pin id="74" dir="0" index="1" bw="48" slack="0"/>
<pin id="75" dir="1" index="2" bw="48" slack="1"/>
</pin_list>
<bind>
<opcode="read(1150) " fcode="read"/>
<opset="eth_dst_V_read/1 "/>
</bind>
</comp>

<comp id="78" class="1004" name="grp_read_fu_78">
<pin_list>
<pin id="79" dir="0" index="0" bw="81" slack="0"/>
<pin id="80" dir="0" index="1" bw="64" slack="0"/>
<pin id="81" dir="0" index="2" bw="1" slack="0"/>
<pin id="82" dir="0" index="3" bw="8" slack="0"/>
<pin id="83" dir="0" index="4" bw="8" slack="0"/>
<pin id="84" dir="1" index="5" bw="81" slack="0"/>
</pin_list>
<bind>
<opcode="read(1150) " fcode="read"/>
<opset="empty/1 empty_5/6 "/>
</bind>
</comp>

<comp id="90" class="1004" name="grp_write_fu_90">
<pin_list>
<pin id="91" dir="0" index="0" bw="0" slack="0"/>
<pin id="92" dir="0" index="1" bw="64" slack="0"/>
<pin id="93" dir="0" index="2" bw="1" slack="0"/>
<pin id="94" dir="0" index="3" bw="8" slack="0"/>
<pin id="95" dir="0" index="4" bw="64" slack="0"/>
<pin id="96" dir="0" index="5" bw="1" slack="0"/>
<pin id="97" dir="0" index="6" bw="8" slack="0"/>
<pin id="98" dir="1" index="7" bw="0" slack="2147483647"/>
</pin_list>
<bind>
<opcode="write(1151) " fcode="write"/>
<opset="StgValue_20/2 StgValue_23/3 StgValue_25/4 StgValue_51/7 "/>
</bind>
</comp>

<comp id="105" class="1005" name="p_s_reg_105">
<pin_list>
<pin id="106" dir="0" index="0" bw="1" slack="2147483647"/>
<pin id="107" dir="1" index="1" bw="1" slack="2147483647"/>
</pin_list>
<bind>
<opset="p_s (phireg) "/>
</bind>
</comp>

<comp id="108" class="1004" name="p_s_phi_fu_108">
<pin_list>
<pin id="109" dir="0" index="0" bw="1" slack="4"/>
<pin id="110" dir="0" index="1" bw="0" slack="2147483647"/>
<pin id="111" dir="0" index="2" bw="1" slack="1"/>
<pin id="112" dir="0" index="3" bw="0" slack="2147483647"/>
<pin id="113" dir="1" index="4" bw="1" slack="2147483647"/>
</pin_list>
<bind>
<opcode="phi(47) " fcode="phi"/>
<opset="p_s/6 "/>
</bind>
</comp>

<comp id="114" class="1004" name="grp_fu_114">
<pin_list>
<pin id="115" dir="0" index="0" bw="81" slack="0"/>
<pin id="116" dir="1" index="1" bw="64" slack="0"/>
</pin_list>
<bind>
<opcode="extractvalue(56) " fcode="extractvalue"/>
<opset="tmp_data_V_2/2 tmp_data_V_4/7 "/>
</bind>
</comp>

<comp id="119" class="1004" name="grp_fu_119">
<pin_list>
<pin id="120" dir="0" index="0" bw="81" slack="0"/>
<pin id="121" dir="1" index="1" bw="1" slack="0"/>
</pin_list>
<bind>
<opcode="extractvalue(56) " fcode="extractvalue"/>
<opset="tmp_last_V/2 tmp_last_V_1/7 "/>
</bind>
</comp>

<comp id="124" class="1005" name="reg_124">
<pin_list>
<pin id="125" dir="0" index="0" bw="64" slack="1"/>
<pin id="126" dir="1" index="1" bw="64" slack="1"/>
</pin_list>
<bind>
<opset="tmp_data_V_2 tmp_data_V_4 "/>
</bind>
</comp>

<comp id="129" class="1004" name="tmp_fu_129">
<pin_list>
<pin id="130" dir="0" index="0" bw="16" slack="0"/>
<pin id="131" dir="0" index="1" bw="48" slack="0"/>
<pin id="132" dir="0" index="2" bw="7" slack="0"/>
<pin id="133" dir="0" index="3" bw="7" slack="0"/>
<pin id="134" dir="1" index="4" bw="16" slack="1"/>
</pin_list>
<bind>
<opcode="partselect(1002) " fcode="partselect"/>
<opset="tmp/1 "/>
</bind>
</comp>

<comp id="139" class="1004" name="temp_V_fu_139">
<pin_list>
<pin id="140" dir="0" index="0" bw="48" slack="0"/>
<pin id="141" dir="1" index="1" bw="32" slack="2"/>
</pin_list>
<bind>
<opcode="trunc(33) " fcode="trunc"/>
<opset="temp_V/1 "/>
</bind>
</comp>

<comp id="143" class="1004" name="packetHeader0_data_V_fu_143">
<pin_list>
<pin id="144" dir="0" index="0" bw="64" slack="0"/>
<pin id="145" dir="0" index="1" bw="48" slack="1"/>
<pin id="146" dir="0" index="2" bw="16" slack="1"/>
<pin id="147" dir="1" index="3" bw="64" slack="0"/>
</pin_list>
<bind>
<opcode="bitconcatenate(1004) " fcode="bitconcatenate"/>
<opset="packetHeader0_data_V/2 "/>
</bind>
</comp>

<comp id="150" class="1004" name="tmp_dest_V_fu_150">
<pin_list>
<pin id="151" dir="0" index="0" bw="81" slack="0"/>
<pin id="152" dir="1" index="1" bw="8" slack="1"/>
</pin_list>
<bind>
<opcode="extractvalue(56) " fcode="extractvalue"/>
<opset="tmp_dest_V/2 "/>
</bind>
</comp>

<comp id="154" class="1004" name="p_Result_s_fu_154">
<pin_list>
<pin id="155" dir="0" index="0" bw="64" slack="0"/>
<pin id="156" dir="0" index="1" bw="32" slack="2"/>
<pin id="157" dir="0" index="2" bw="16" slack="0"/>
<pin id="158" dir="0" index="3" bw="8" slack="1"/>
<pin id="159" dir="0" index="4" bw="1" slack="0"/>
<pin id="160" dir="1" index="5" bw="64" slack="0"/>
</pin_list>
<bind>
<opcode="bitconcatenate(1004) " fcode="bitconcatenate"/>
<opset="p_Result_s/3 "/>
</bind>
</comp>

<comp id="165" class="1004" name="tmp_keep_V_fu_165">
<pin_list>
<pin id="166" dir="0" index="0" bw="81" slack="0"/>
<pin id="167" dir="1" index="1" bw="8" slack="0"/>
</pin_list>
<bind>
<opcode="extractvalue(56) " fcode="extractvalue"/>
<opset="tmp_keep_V/7 "/>
</bind>
</comp>

<comp id="170" class="1005" name="eth_dst_V_read_reg_170">
<pin_list>
<pin id="171" dir="0" index="0" bw="48" slack="1"/>
<pin id="172" dir="1" index="1" bw="48" slack="1"/>
</pin_list>
<bind>
<opset="eth_dst_V_read "/>
</bind>
</comp>

<comp id="175" class="1005" name="tmp_reg_175">
<pin_list>
<pin id="176" dir="0" index="0" bw="16" slack="1"/>
<pin id="177" dir="1" index="1" bw="16" slack="1"/>
</pin_list>
<bind>
<opset="tmp "/>
</bind>
</comp>

<comp id="180" class="1005" name="temp_V_reg_180">
<pin_list>
<pin id="181" dir="0" index="0" bw="32" slack="2"/>
<pin id="182" dir="1" index="1" bw="32" slack="2"/>
</pin_list>
<bind>
<opset="temp_V "/>
</bind>
</comp>

<comp id="185" class="1005" name="packetHeader0_data_V_reg_185">
<pin_list>
<pin id="186" dir="0" index="0" bw="64" slack="1"/>
<pin id="187" dir="1" index="1" bw="64" slack="1"/>
</pin_list>
<bind>
<opset="packetHeader0_data_V "/>
</bind>
</comp>

<comp id="190" class="1005" name="tmp_last_V_reg_190">
<pin_list>
<pin id="191" dir="0" index="0" bw="1" slack="2"/>
<pin id="192" dir="1" index="1" bw="1" slack="2"/>
</pin_list>
<bind>
<opset="tmp_last_V "/>
</bind>
</comp>

<comp id="196" class="1005" name="tmp_dest_V_reg_196">
<pin_list>
<pin id="197" dir="0" index="0" bw="8" slack="1"/>
<pin id="198" dir="1" index="1" bw="8" slack="1"/>
</pin_list>
<bind>
<opset="tmp_dest_V "/>
</bind>
</comp>

<comp id="201" class="1005" name="p_Result_s_reg_201">
<pin_list>
<pin id="202" dir="0" index="0" bw="64" slack="1"/>
<pin id="203" dir="1" index="1" bw="64" slack="1"/>
</pin_list>
<bind>
<opset="p_Result_s "/>
</bind>
</comp>

<comp id="206" class="1005" name="tmp_last_V_1_reg_206">
<pin_list>
<pin id="207" dir="0" index="0" bw="1" slack="1"/>
<pin id="208" dir="1" index="1" bw="1" slack="1"/>
</pin_list>
<bind>
<opset="tmp_last_V_1 "/>
</bind>
</comp>

<comp id="212" class="1005" name="tmp_keep_V_reg_212">
<pin_list>
<pin id="213" dir="0" index="0" bw="8" slack="1"/>
<pin id="214" dir="1" index="1" bw="8" slack="1"/>
</pin_list>
<bind>
<opset="tmp_keep_V "/>
</bind>
</comp>

</comp_list>

<net_list>
<net id="70"><net_src comp="18" pin="0"/><net_sink comp="66" pin=0"/></net>

<net id="71"><net_src comp="10" pin="0"/><net_sink comp="66" pin=1"/></net>

<net id="76"><net_src comp="18" pin="0"/><net_sink comp="72" pin=0"/></net>

<net id="77"><net_src comp="8" pin="0"/><net_sink comp="72" pin=1"/></net>

<net id="85"><net_src comp="26" pin="0"/><net_sink comp="78" pin=0"/></net>

<net id="86"><net_src comp="0" pin="0"/><net_sink comp="78" pin=1"/></net>

<net id="87"><net_src comp="2" pin="0"/><net_sink comp="78" pin=2"/></net>

<net id="88"><net_src comp="4" pin="0"/><net_sink comp="78" pin=3"/></net>

<net id="89"><net_src comp="6" pin="0"/><net_sink comp="78" pin=4"/></net>

<net id="99"><net_src comp="34" pin="0"/><net_sink comp="90" pin=0"/></net>

<net id="100"><net_src comp="12" pin="0"/><net_sink comp="90" pin=1"/></net>

<net id="101"><net_src comp="14" pin="0"/><net_sink comp="90" pin=2"/></net>

<net id="102"><net_src comp="16" pin="0"/><net_sink comp="90" pin=3"/></net>

<net id="103"><net_src comp="36" pin="0"/><net_sink comp="90" pin=5"/></net>

<net id="104"><net_src comp="38" pin="0"/><net_sink comp="90" pin=6"/></net>

<net id="117"><net_src comp="78" pin="5"/><net_sink comp="114" pin=0"/></net>

<net id="118"><net_src comp="114" pin="1"/><net_sink comp="90" pin=4"/></net>

<net id="122"><net_src comp="78" pin="5"/><net_sink comp="119" pin=0"/></net>

<net id="123"><net_src comp="119" pin="1"/><net_sink comp="90" pin=5"/></net>

<net id="127"><net_src comp="114" pin="1"/><net_sink comp="124" pin=0"/></net>

<net id="128"><net_src comp="124" pin="1"/><net_sink comp="90" pin=4"/></net>

<net id="135"><net_src comp="20" pin="0"/><net_sink comp="129" pin=0"/></net>

<net id="136"><net_src comp="66" pin="2"/><net_sink comp="129" pin=1"/></net>

<net id="137"><net_src comp="22" pin="0"/><net_sink comp="129" pin=2"/></net>

<net id="138"><net_src comp="24" pin="0"/><net_sink comp="129" pin=3"/></net>

<net id="142"><net_src comp="66" pin="2"/><net_sink comp="139" pin=0"/></net>

<net id="148"><net_src comp="28" pin="0"/><net_sink comp="143" pin=0"/></net>

<net id="149"><net_src comp="143" pin="3"/><net_sink comp="90" pin=4"/></net>

<net id="153"><net_src comp="78" pin="5"/><net_sink comp="150" pin=0"/></net>

<net id="161"><net_src comp="40" pin="0"/><net_sink comp="154" pin=0"/></net>

<net id="162"><net_src comp="42" pin="0"/><net_sink comp="154" pin=2"/></net>

<net id="163"><net_src comp="44" pin="0"/><net_sink comp="154" pin=4"/></net>

<net id="164"><net_src comp="154" pin="5"/><net_sink comp="90" pin=4"/></net>

<net id="168"><net_src comp="78" pin="5"/><net_sink comp="165" pin=0"/></net>

<net id="169"><net_src comp="165" pin="1"/><net_sink comp="90" pin=6"/></net>

<net id="173"><net_src comp="72" pin="2"/><net_sink comp="170" pin=0"/></net>

<net id="174"><net_src comp="170" pin="1"/><net_sink comp="143" pin=1"/></net>

<net id="178"><net_src comp="129" pin="4"/><net_sink comp="175" pin=0"/></net>

<net id="179"><net_src comp="175" pin="1"/><net_sink comp="143" pin=2"/></net>

<net id="183"><net_src comp="139" pin="1"/><net_sink comp="180" pin=0"/></net>

<net id="184"><net_src comp="180" pin="1"/><net_sink comp="154" pin=1"/></net>

<net id="188"><net_src comp="143" pin="3"/><net_sink comp="185" pin=0"/></net>

<net id="189"><net_src comp="185" pin="1"/><net_sink comp="90" pin=4"/></net>

<net id="193"><net_src comp="119" pin="1"/><net_sink comp="190" pin=0"/></net>

<net id="194"><net_src comp="190" pin="1"/><net_sink comp="90" pin=5"/></net>

<net id="195"><net_src comp="190" pin="1"/><net_sink comp="108" pin=0"/></net>

<net id="199"><net_src comp="150" pin="1"/><net_sink comp="196" pin=0"/></net>

<net id="200"><net_src comp="196" pin="1"/><net_sink comp="154" pin=3"/></net>

<net id="204"><net_src comp="154" pin="5"/><net_sink comp="201" pin=0"/></net>

<net id="205"><net_src comp="201" pin="1"/><net_sink comp="90" pin=4"/></net>

<net id="209"><net_src comp="119" pin="1"/><net_sink comp="206" pin=0"/></net>

<net id="210"><net_src comp="206" pin="1"/><net_sink comp="108" pin=2"/></net>

<net id="211"><net_src comp="206" pin="1"/><net_sink comp="90" pin=5"/></net>

<net id="215"><net_src comp="165" pin="1"/><net_sink comp="212" pin=0"/></net>

<net id="216"><net_src comp="212" pin="1"/><net_sink comp="90" pin=6"/></net>

</net_list>

</model> 
---------------- Datapath Model END ------------------

* FSMD analyzer results:
  - Output states:
	Port: packetOut_V_data_V | {3 4 5 8 }
	Port: packetOut_V_last_V | {3 4 5 8 }
	Port: packetOut_V_keep_V | {3 4 5 8 }
 - Input state : 
	Port: packetFormatter_hardcode_64 : packetIn_V_data_V | {1 6 }
	Port: packetFormatter_hardcode_64 : packetIn_V_last_V | {1 6 }
	Port: packetFormatter_hardcode_64 : packetIn_V_dest_V | {1 6 }
	Port: packetFormatter_hardcode_64 : packetIn_V_keep_V | {1 6 }
	Port: packetFormatter_hardcode_64 : eth_dst_V | {1 }
	Port: packetFormatter_hardcode_64 : eth_src_V | {1 }
  - Chain level:
	State 1
	State 2
		StgValue_20 : 1
	State 3
		StgValue_23 : 1
	State 4
	State 5
	State 6
		StgValue_44 : 1
	State 7
		StgValue_51 : 1
	State 8


============================================================
+ Verbose Summary: Datapath Resource usage 
============================================================

* Functional unit list:
|----------|-----------------------------|
| Operation|       Functional Unit       |
|----------|-----------------------------|
|          |  eth_src_V_read_read_fu_66  |
|   read   |  eth_dst_V_read_read_fu_72  |
|          |        grp_read_fu_78       |
|----------|-----------------------------|
|   write  |       grp_write_fu_90       |
|----------|-----------------------------|
|          |          grp_fu_114         |
|extractvalue|          grp_fu_119         |
|          |      tmp_dest_V_fu_150      |
|          |      tmp_keep_V_fu_165      |
|----------|-----------------------------|
|partselect|          tmp_fu_129         |
|----------|-----------------------------|
|   trunc  |        temp_V_fu_139        |
|----------|-----------------------------|
|bitconcatenate| packetHeader0_data_V_fu_143 |
|          |      p_Result_s_fu_154      |
|----------|-----------------------------|
|   Total  |                             |
|----------|-----------------------------|

Memories:
N/A

* Register list:
+----------------------------+--------+
|                            |   FF   |
+----------------------------+--------+
|   eth_dst_V_read_reg_170   |   48   |
|     p_Result_s_reg_201     |   64   |
|         p_s_reg_105        |    1   |
|packetHeader0_data_V_reg_185|   64   |
|           reg_124          |   64   |
|       temp_V_reg_180       |   32   |
|     tmp_dest_V_reg_196     |    8   |
|     tmp_keep_V_reg_212     |    8   |
|    tmp_last_V_1_reg_206    |    1   |
|     tmp_last_V_reg_190     |    1   |
|         tmp_reg_175        |   16   |
+----------------------------+--------+
|            Total           |   307  |
+----------------------------+--------+

* Multiplexer (MUX) list: 
|-----------------|------|------|------|--------||---------||---------|
|       Comp      |  Pin | Size |  BW  | S x BW ||  Delay  ||   LUT   |
|-----------------|------|------|------|--------||---------||---------|
| grp_write_fu_90 |  p4  |   6  |  64  |   384  ||    33   |
| grp_write_fu_90 |  p5  |   4  |   1  |    4   ||    21   |
| grp_write_fu_90 |  p6  |   3  |   8  |   24   ||    15   |
|-----------------|------|------|------|--------||---------||---------|
|      Total      |      |      |      |   412  ||  3.0895 ||    69   |
|-----------------|------|------|------|--------||---------||---------|



* Summary:
+-----------+--------+--------+--------+
|           |  Delay |   FF   |   LUT  |
+-----------+--------+--------+--------+
|  Function |    -   |    -   |    -   |
|   Memory  |    -   |    -   |    -   |
|Multiplexer|    3   |    -   |   69   |
|  Register |    -   |   307  |    -   |
+-----------+--------+--------+--------+
|   Total   |    3   |   307  |   69   |
+-----------+--------+--------+--------+
