

================================================================
== Vivado HLS Report for 'packetFormatter_hardcode_64'
================================================================
* Date:           Thu May  3 09:59:07 2018

* Version:        2018.1 (Build 2188600 on Wed Apr 04 19:04:02 MDT 2018)
* Project:        packetFormatter_hardcode_64
* Solution:       solution1
* Product family: kintexu
* Target device:  xcku115-flva1517-2-e


================================================================
== Performance Estimates
================================================================
+ Timing (ns): 
    * Summary: 
    +--------+-------+----------+------------+
    |  Clock | Target| Estimated| Uncertainty|
    +--------+-------+----------+------------+
    |ap_clk  |   5.00|      0.83|        0.62|
    +--------+-------+----------+------------+

+ Latency (clock cycles): 
    * Summary: 
    +-----+-----+-----+-----+---------+
    |  Latency  |  Interval | Pipeline|
    | min | max | min | max |   Type  |
    +-----+-----+-----+-----+---------+
    |    ?|    ?|    ?|    ?|   none  |
    +-----+-----+-----+-----+---------+

    + Detail: 
        * Instance: 
        N/A

        * Loop: 
        +----------+-----+-----+----------+-----------+-----------+------+----------+
        |          |  Latency  | Iteration|  Initiation Interval  | Trip |          |
        | Loop Name| min | max |  Latency |  achieved |   target  | Count| Pipelined|
        +----------+-----+-----+----------+-----------+-----------+------+----------+
        |- Loop 1  |    ?|    ?|         3|          -|          -|     ?|    no    |
        +----------+-----+-----+----------+-----------+-----------+------+----------+

============================================================
+ Verbose Summary: Synthesis Manager
============================================================
InlineROM: 1
ExposeGlobal: 0
============================================================
+ Verbose Summary: CDFG Model
============================================================
IsTopModel: 1
ResetActiveHigh: 1
IsCombinational: 0
IsDatapathOnly: 0
HasWiredReturn: 1
HasMFsm: 0
HasVarLatency: 1
IsPipeline: 0
IsRtlPipelined: 0
IsInstanceOverlapped: 0
IsDontTouch: 0
HasImplIP: 0
IsGatedGlobalClock: 0


============================================================
+ Verbose Summary: Schedule
============================================================
* Number of FSM states : 8
* Pipeline : 0
* Dataflow Pipeline: 0

* FSM state transitions: 
1 --> 
	2  / true
2 --> 
	3  / true
3 --> 
	4  / true
4 --> 
	5  / true
5 --> 
	6  / true
6 --> 
	7  / (!p_s)
7 --> 
	8  / true
8 --> 
	6  / true

* FSM state operations: 

 <State 1> : 0.00ns
ST_1 : Operation 9 [1/1] (0.00ns)   --->   "%eth_src_V_read = call i48 @_ssdm_op_Read.ap_none.i48(i48 %eth_src_V)"
ST_1 : Operation 10 [1/1] (0.00ns)   --->   "%eth_dst_V_read = call i48 @_ssdm_op_Read.ap_none.i48(i48 %eth_dst_V)"
ST_1 : Operation 11 [1/1] (0.00ns)   --->   "%tmp = call i16 @_ssdm_op_PartSelect.i16.i48.i32.i32(i48 %eth_src_V_read, i32 32, i32 47)"
ST_1 : Operation 12 [1/1] (0.00ns)   --->   "%temp_V = trunc i48 %eth_src_V_read to i32" [../hlsSources/srcs/packetFormatter_hardcode_64.cpp:77]
ST_1 : Operation 13 [2/2] (0.00ns)   --->   "%empty = call { i64, i1, i8, i8 } @_ssdm_op_Read.axis.volatile.i64P.i1P.i8P.i8P(i64* %packetIn_V_data_V, i1* %packetIn_V_last_V, i8* %packetIn_V_dest_V, i8* %packetIn_V_keep_V)" [../hlsSources/srcs/packetFormatter_hardcode_64.cpp:87]   --->   Core 5 'AXI4Stream' <Latency = 0> <II = 1> <Delay = 1.00> <Adapter> <Opcode : >

 <State 2> : 0.00ns
ST_2 : Operation 14 [1/1] (0.00ns)   --->   "%packetHeader0_data_V = call i64 @_ssdm_op_BitConcatenate.i64.i48.i16(i48 %eth_dst_V_read, i16 %tmp)" [../hlsSources/srcs/packetFormatter_hardcode_64.cpp:72]
ST_2 : Operation 15 [1/2] (0.00ns)   --->   "%empty = call { i64, i1, i8, i8 } @_ssdm_op_Read.axis.volatile.i64P.i1P.i8P.i8P(i64* %packetIn_V_data_V, i1* %packetIn_V_last_V, i8* %packetIn_V_dest_V, i8* %packetIn_V_keep_V)" [../hlsSources/srcs/packetFormatter_hardcode_64.cpp:87]   --->   Core 5 'AXI4Stream' <Latency = 0> <II = 1> <Delay = 1.00> <Adapter> <Opcode : >
ST_2 : Operation 16 [1/1] (0.00ns)   --->   "%tmp_data_V_2 = extractvalue { i64, i1, i8, i8 } %empty, 0" [../hlsSources/srcs/packetFormatter_hardcode_64.cpp:87]
ST_2 : Operation 17 [1/1] (0.00ns)   --->   "%tmp_last_V = extractvalue { i64, i1, i8, i8 } %empty, 1" [../hlsSources/srcs/packetFormatter_hardcode_64.cpp:87]
ST_2 : Operation 18 [1/1] (0.00ns)   --->   "%tmp_dest_V = extractvalue { i64, i1, i8, i8 } %empty, 2" [../hlsSources/srcs/packetFormatter_hardcode_64.cpp:87]
ST_2 : Operation 19 [1/1] (0.00ns)   --->   "call void (...)* @_ssdm_op_Wait(i32 1) nounwind" [../hlsSources/srcs/packetFormatter_hardcode_64.cpp:88]
ST_2 : Operation 20 [2/2] (0.00ns)   --->   "call void @_ssdm_op_Write.axis.volatile.i64P.i1P.i8P(i64* %packetOut_V_data_V, i1* %packetOut_V_last_V, i8* %packetOut_V_keep_V, i64 %packetHeader0_data_V, i1 undef, i8 -1)" [../hlsSources/srcs/packetFormatter_hardcode_64.cpp:105]   --->   Core 5 'AXI4Stream' <Latency = 0> <II = 1> <Delay = 1.00> <Adapter> <Opcode : >

 <State 3> : 0.00ns
ST_3 : Operation 21 [1/1] (0.00ns)   --->   "%p_Result_s = call i64 @_ssdm_op_BitConcatenate.i64.i32.i16.i8.i8(i32 %temp_V, i16 29696, i8 %tmp_dest_V, i8 0)" [../hlsSources/srcs/packetFormatter_hardcode_64.cpp:98]
ST_3 : Operation 22 [1/2] (0.00ns)   --->   "call void @_ssdm_op_Write.axis.volatile.i64P.i1P.i8P(i64* %packetOut_V_data_V, i1* %packetOut_V_last_V, i8* %packetOut_V_keep_V, i64 %packetHeader0_data_V, i1 undef, i8 -1)" [../hlsSources/srcs/packetFormatter_hardcode_64.cpp:105]   --->   Core 5 'AXI4Stream' <Latency = 0> <II = 1> <Delay = 1.00> <Adapter> <Opcode : >
ST_3 : Operation 23 [2/2] (0.00ns)   --->   "call void @_ssdm_op_Write.axis.volatile.i64P.i1P.i8P(i64* %packetOut_V_data_V, i1* %packetOut_V_last_V, i8* %packetOut_V_keep_V, i64 %p_Result_s, i1 undef, i8 -1)" [../hlsSources/srcs/packetFormatter_hardcode_64.cpp:106]   --->   Core 5 'AXI4Stream' <Latency = 0> <II = 1> <Delay = 1.00> <Adapter> <Opcode : >

 <State 4> : 0.00ns
ST_4 : Operation 24 [1/2] (0.00ns)   --->   "call void @_ssdm_op_Write.axis.volatile.i64P.i1P.i8P(i64* %packetOut_V_data_V, i1* %packetOut_V_last_V, i8* %packetOut_V_keep_V, i64 %p_Result_s, i1 undef, i8 -1)" [../hlsSources/srcs/packetFormatter_hardcode_64.cpp:106]   --->   Core 5 'AXI4Stream' <Latency = 0> <II = 1> <Delay = 1.00> <Adapter> <Opcode : >
ST_4 : Operation 25 [2/2] (0.00ns)   --->   "call void @_ssdm_op_Write.axis.volatile.i64P.i1P.i8P(i64* %packetOut_V_data_V, i1* %packetOut_V_last_V, i8* %packetOut_V_keep_V, i64 %tmp_data_V_2, i1 %tmp_last_V, i8 -1)" [../hlsSources/srcs/packetFormatter_hardcode_64.cpp:107]   --->   Core 5 'AXI4Stream' <Latency = 0> <II = 1> <Delay = 1.00> <Adapter> <Opcode : >

 <State 5> : 0.83ns
ST_5 : Operation 26 [1/1] (0.00ns)   --->   "call void (...)* @_ssdm_op_SpecBitsMap(i64* %packetIn_V_data_V), !map !95"
ST_5 : Operation 27 [1/1] (0.00ns)   --->   "call void (...)* @_ssdm_op_SpecBitsMap(i1* %packetIn_V_last_V), !map !99"
ST_5 : Operation 28 [1/1] (0.00ns)   --->   "call void (...)* @_ssdm_op_SpecBitsMap(i8* %packetIn_V_dest_V), !map !103"
ST_5 : Operation 29 [1/1] (0.00ns)   --->   "call void (...)* @_ssdm_op_SpecBitsMap(i8* %packetIn_V_keep_V), !map !107"
ST_5 : Operation 30 [1/1] (0.00ns)   --->   "call void (...)* @_ssdm_op_SpecBitsMap(i48 %eth_dst_V), !map !111"
ST_5 : Operation 31 [1/1] (0.00ns)   --->   "call void (...)* @_ssdm_op_SpecBitsMap(i48 %eth_src_V), !map !117"
ST_5 : Operation 32 [1/1] (0.00ns)   --->   "call void (...)* @_ssdm_op_SpecBitsMap(i64* %packetOut_V_data_V), !map !121"
ST_5 : Operation 33 [1/1] (0.00ns)   --->   "call void (...)* @_ssdm_op_SpecBitsMap(i1* %packetOut_V_last_V), !map !125"
ST_5 : Operation 34 [1/1] (0.00ns)   --->   "call void (...)* @_ssdm_op_SpecBitsMap(i8* %packetOut_V_keep_V), !map !129"
ST_5 : Operation 35 [1/1] (0.00ns)   --->   "call void (...)* @_ssdm_op_SpecTopModule([28 x i8]* @packetFormatter_hard) nounwind"
ST_5 : Operation 36 [1/1] (0.00ns)   --->   "call void (...)* @_ssdm_op_SpecInterface(i64* %packetIn_V_data_V, i1* %packetIn_V_last_V, i8* %packetIn_V_dest_V, i8* %packetIn_V_keep_V, [5 x i8]* @p_str, i32 1, i32 1, [5 x i8]* @p_str1, i32 0, i32 0, [1 x i8]* @p_str2, [1 x i8]* @p_str2, [1 x i8]* @p_str2, i32 0, i32 0, i32 0, i32 0, [1 x i8]* @p_str2, [1 x i8]* @p_str2) nounwind" [../hlsSources/srcs/packetFormatter_hardcode_64.cpp:61]
ST_5 : Operation 37 [1/1] (0.00ns)   --->   "call void (...)* @_ssdm_op_SpecInterface(i64* %packetOut_V_data_V, i1* %packetOut_V_last_V, i8* %packetOut_V_keep_V, [5 x i8]* @p_str, i32 1, i32 1, [5 x i8]* @p_str1, i32 0, i32 0, [1 x i8]* @p_str2, [1 x i8]* @p_str2, [1 x i8]* @p_str2, i32 0, i32 0, i32 0, i32 0, [1 x i8]* @p_str2, [1 x i8]* @p_str2) nounwind" [../hlsSources/srcs/packetFormatter_hardcode_64.cpp:61]
ST_5 : Operation 38 [1/1] (0.00ns)   --->   "call void (...)* @_ssdm_op_SpecInterface(i48 %eth_src_V, [8 x i8]* @p_str3, i32 0, i32 0, [1 x i8]* @p_str2, i32 0, i32 0, [1 x i8]* @p_str2, [1 x i8]* @p_str2, [1 x i8]* @p_str2, i32 0, i32 0, i32 0, i32 0, [1 x i8]* @p_str2, [1 x i8]* @p_str2) nounwind" [../hlsSources/srcs/packetFormatter_hardcode_64.cpp:61]
ST_5 : Operation 39 [1/1] (0.00ns)   --->   "call void (...)* @_ssdm_op_SpecInterface(i48 %eth_dst_V, [8 x i8]* @p_str3, i32 0, i32 0, [1 x i8]* @p_str2, i32 0, i32 0, [1 x i8]* @p_str2, [1 x i8]* @p_str2, [1 x i8]* @p_str2, i32 0, i32 0, i32 0, i32 0, [1 x i8]* @p_str2, [1 x i8]* @p_str2) nounwind" [../hlsSources/srcs/packetFormatter_hardcode_64.cpp:61]
ST_5 : Operation 40 [1/1] (0.00ns)   --->   "call void (...)* @_ssdm_op_SpecInterface(i32 0, [13 x i8]* @p_str4, i32 0, i32 0, [1 x i8]* @p_str2, i32 0, i32 0, [1 x i8]* @p_str2, [1 x i8]* @p_str2, [1 x i8]* @p_str2, i32 0, i32 0, i32 0, i32 0, [1 x i8]* @p_str2, [1 x i8]* @p_str2) nounwind" [../hlsSources/srcs/packetFormatter_hardcode_64.cpp:61]
ST_5 : Operation 41 [1/2] (0.00ns)   --->   "call void @_ssdm_op_Write.axis.volatile.i64P.i1P.i8P(i64* %packetOut_V_data_V, i1* %packetOut_V_last_V, i8* %packetOut_V_keep_V, i64 %tmp_data_V_2, i1 %tmp_last_V, i8 -1)" [../hlsSources/srcs/packetFormatter_hardcode_64.cpp:107]   --->   Core 5 'AXI4Stream' <Latency = 0> <II = 1> <Delay = 1.00> <Adapter> <Opcode : >
ST_5 : Operation 42 [1/1] (0.83ns)   --->   "br label %1" [../hlsSources/srcs/packetFormatter_hardcode_64.cpp:111]

 <State 6> : 0.00ns
ST_6 : Operation 43 [1/1] (0.00ns)   --->   "%p_s = phi i1 [ %tmp_last_V, %0 ], [ %tmp_last_V_1, %2 ]"
ST_6 : Operation 44 [1/1] (0.00ns)   --->   "br i1 %p_s, label %3, label %2" [../hlsSources/srcs/packetFormatter_hardcode_64.cpp:111]
ST_6 : Operation 45 [2/2] (0.00ns)   --->   "%empty_5 = call { i64, i1, i8, i8 } @_ssdm_op_Read.axis.volatile.i64P.i1P.i8P.i8P(i64* %packetIn_V_data_V, i1* %packetIn_V_last_V, i8* %packetIn_V_dest_V, i8* %packetIn_V_keep_V)" [../hlsSources/srcs/packetFormatter_hardcode_64.cpp:113]   --->   Core 5 'AXI4Stream' <Latency = 0> <II = 1> <Delay = 1.00> <Adapter> <Opcode : >
ST_6 : Operation 46 [1/1] (0.00ns)   --->   "ret void" [../hlsSources/srcs/packetFormatter_hardcode_64.cpp:121]

 <State 7> : 0.00ns
ST_7 : Operation 47 [1/2] (0.00ns)   --->   "%empty_5 = call { i64, i1, i8, i8 } @_ssdm_op_Read.axis.volatile.i64P.i1P.i8P.i8P(i64* %packetIn_V_data_V, i1* %packetIn_V_last_V, i8* %packetIn_V_dest_V, i8* %packetIn_V_keep_V)" [../hlsSources/srcs/packetFormatter_hardcode_64.cpp:113]   --->   Core 5 'AXI4Stream' <Latency = 0> <II = 1> <Delay = 1.00> <Adapter> <Opcode : >
ST_7 : Operation 48 [1/1] (0.00ns)   --->   "%tmp_data_V_4 = extractvalue { i64, i1, i8, i8 } %empty_5, 0" [../hlsSources/srcs/packetFormatter_hardcode_64.cpp:113]
ST_7 : Operation 49 [1/1] (0.00ns)   --->   "%tmp_last_V_1 = extractvalue { i64, i1, i8, i8 } %empty_5, 1" [../hlsSources/srcs/packetFormatter_hardcode_64.cpp:113]
ST_7 : Operation 50 [1/1] (0.00ns)   --->   "%tmp_keep_V = extractvalue { i64, i1, i8, i8 } %empty_5, 3" [../hlsSources/srcs/packetFormatter_hardcode_64.cpp:113]
ST_7 : Operation 51 [2/2] (0.00ns)   --->   "call void @_ssdm_op_Write.axis.volatile.i64P.i1P.i8P(i64* %packetOut_V_data_V, i1* %packetOut_V_last_V, i8* %packetOut_V_keep_V, i64 %tmp_data_V_4, i1 %tmp_last_V_1, i8 %tmp_keep_V)" [../hlsSources/srcs/packetFormatter_hardcode_64.cpp:118]   --->   Core 5 'AXI4Stream' <Latency = 0> <II = 1> <Delay = 1.00> <Adapter> <Opcode : >

 <State 8> : 0.00ns
ST_8 : Operation 52 [1/2] (0.00ns)   --->   "call void @_ssdm_op_Write.axis.volatile.i64P.i1P.i8P(i64* %packetOut_V_data_V, i1* %packetOut_V_last_V, i8* %packetOut_V_keep_V, i64 %tmp_data_V_4, i1 %tmp_last_V_1, i8 %tmp_keep_V)" [../hlsSources/srcs/packetFormatter_hardcode_64.cpp:118]   --->   Core 5 'AXI4Stream' <Latency = 0> <II = 1> <Delay = 1.00> <Adapter> <Opcode : >
ST_8 : Operation 53 [1/1] (0.00ns)   --->   "br label %1" [../hlsSources/srcs/packetFormatter_hardcode_64.cpp:120]


============================================================
+ Verbose Summary: Timing violations
============================================================
Target clock period: 5ns, clock uncertainty: 0.625ns.

 <State 1>: 0ns
The critical path consists of the following:

 <State 2>: 0ns
The critical path consists of the following:

 <State 3>: 0ns
The critical path consists of the following:

 <State 4>: 0ns
The critical path consists of the following:

 <State 5>: 0.835ns
The critical path consists of the following:
	multiplexor before 'phi' operation ('currPayloadOut.last.V') with incoming values : ('tmp.last.V', ../hlsSources/srcs/packetFormatter_hardcode_64.cpp:87) ('tmp.last.V', ../hlsSources/srcs/packetFormatter_hardcode_64.cpp:113) [41]  (0.835 ns)

 <State 6>: 0ns
The critical path consists of the following:

 <State 7>: 0ns
The critical path consists of the following:

 <State 8>: 0ns
The critical path consists of the following:


============================================================
+ Verbose Summary: Binding
============================================================
N/A
* FSMD analyzer results:
  - Output states:
 - Input state : 
  - Chain level:
	State 1
	State 2
	State 3
	State 4
	State 5
	State 6
	State 7
	State 8


============================================================
+ Verbose Summary: Datapath Resource usage 
============================================================
N/A
