
*** Running vivado
    with args -log synchronizer.vds -m64 -product Vivado -mode batch -messageDb vivado.pb -notrace -source synchronizer.tcl


****** Vivado v2017.4 (64-bit)
  **** SW Build 2086221 on Fri Dec 15 20:54:30 MST 2017
  **** IP Build 2085800 on Fri Dec 15 22:25:07 MST 2017
    ** Copyright 1986-2017 Xilinx, Inc. All Rights Reserved.

source synchronizer.tcl -notrace
Command: synth_design -top synchronizer -part xc7vx690tffg1157-2
Starting synth_design
Attempting to get a license for feature 'Synthesis' and/or device 'xc7vx690t'
INFO: [Common 17-349] Got license for feature 'Synthesis' and/or device 'xc7vx690t'
INFO: [Common 17-1223] The version limit for your license is '2018.02' and will expire in 4 days. A version limit expiration means that, although you may be able to continue to use the current version of tools or IP with this license, you will not be eligible for any updates or new releases.
INFO: Launching helper process for spawning children vivado processes
INFO: Helper process launched with PID 15890 
---------------------------------------------------------------------------------
Starting Synthesize : Time (s): cpu = 00:00:07 ; elapsed = 00:00:08 . Memory (MB): peak = 1306.930 ; gain = 89.000 ; free physical = 2975 ; free virtual = 50637
---------------------------------------------------------------------------------
INFO: [Synth 8-638] synthesizing module 'synchronizer' [/home/madanie1/Documents/2017.4/8v3/repo/bit_synchronizer/bit_synchronizer.srcs/sources_1/imports/new/synchronizer.v:23]
	Parameter C_NUM_STAGES bound to: 3 - type: integer 
INFO: [Synth 8-5534] Detected attribute (* ASYNC_REG = "true" *) [/home/madanie1/Documents/2017.4/8v3/repo/bit_synchronizer/bit_synchronizer.srcs/sources_1/imports/new/synchronizer.v:31]
INFO: [Synth 8-256] done synthesizing module 'synchronizer' (1#1) [/home/madanie1/Documents/2017.4/8v3/repo/bit_synchronizer/bit_synchronizer.srcs/sources_1/imports/new/synchronizer.v:23]
WARNING: [Synth 8-3331] design synchronizer has unconnected port async_clk
---------------------------------------------------------------------------------
Finished Synthesize : Time (s): cpu = 00:00:08 ; elapsed = 00:00:08 . Memory (MB): peak = 1347.461 ; gain = 129.531 ; free physical = 2989 ; free virtual = 50651
---------------------------------------------------------------------------------
---------------------------------------------------------------------------------
Finished Constraint Validation : Time (s): cpu = 00:00:08 ; elapsed = 00:00:08 . Memory (MB): peak = 1347.461 ; gain = 129.531 ; free physical = 2988 ; free virtual = 50650
---------------------------------------------------------------------------------
---------------------------------------------------------------------------------
Start Loading Part and Timing Information
---------------------------------------------------------------------------------
Loading part: xc7vx690tffg1157-2
---------------------------------------------------------------------------------
INFO: [Device 21-403] Loading part xc7vx690tffg1157-2
Finished Loading Part and Timing Information : Time (s): cpu = 00:00:08 ; elapsed = 00:00:09 . Memory (MB): peak = 1355.465 ; gain = 137.535 ; free physical = 2987 ; free virtual = 50649
---------------------------------------------------------------------------------
---------------------------------------------------------------------------------
Finished RTL Optimization Phase 2 : Time (s): cpu = 00:00:08 ; elapsed = 00:00:09 . Memory (MB): peak = 1363.473 ; gain = 145.543 ; free physical = 2987 ; free virtual = 50649
---------------------------------------------------------------------------------

Report RTL Partitions: 
+-+--------------+------------+----------+
| |RTL Partition |Replication |Instances |
+-+--------------+------------+----------+
+-+--------------+------------+----------+
No constraint files found.
---------------------------------------------------------------------------------
Start RTL Component Statistics 
---------------------------------------------------------------------------------
Detailed RTL Component Info : 
+---Registers : 
	                3 Bit    Registers := 1     
---------------------------------------------------------------------------------
Finished RTL Component Statistics 
---------------------------------------------------------------------------------
---------------------------------------------------------------------------------
Start RTL Hierarchical Component Statistics 
---------------------------------------------------------------------------------
Hierarchical RTL Component report 
Module synchronizer 
Detailed RTL Component Info : 
+---Registers : 
	                3 Bit    Registers := 1     
---------------------------------------------------------------------------------
Finished RTL Hierarchical Component Statistics
---------------------------------------------------------------------------------
---------------------------------------------------------------------------------
Start Part Resource Summary
---------------------------------------------------------------------------------
Part Resources:
DSPs: 3600 (col length:200)
BRAMs: 2940 (col length: RAMB18 200 RAMB36 100)
---------------------------------------------------------------------------------
Finished Part Resource Summary
---------------------------------------------------------------------------------
No constraint files found.
---------------------------------------------------------------------------------
Start Cross Boundary and Area Optimization
---------------------------------------------------------------------------------
WARNING: [Synth 8-3331] design synchronizer has unconnected port async_clk
---------------------------------------------------------------------------------
Finished Cross Boundary and Area Optimization : Time (s): cpu = 00:00:31 ; elapsed = 00:01:06 . Memory (MB): peak = 1629.785 ; gain = 411.855 ; free physical = 2678 ; free virtual = 50340
---------------------------------------------------------------------------------

Report RTL Partitions: 
+-+--------------+------------+----------+
| |RTL Partition |Replication |Instances |
+-+--------------+------------+----------+
+-+--------------+------------+----------+
No constraint files found.
---------------------------------------------------------------------------------
Start Timing Optimization
---------------------------------------------------------------------------------
---------------------------------------------------------------------------------
Finished Timing Optimization : Time (s): cpu = 00:00:31 ; elapsed = 00:01:06 . Memory (MB): peak = 1629.785 ; gain = 411.855 ; free physical = 2678 ; free virtual = 50340
---------------------------------------------------------------------------------

Report RTL Partitions: 
+-+--------------+------------+----------+
| |RTL Partition |Replication |Instances |
+-+--------------+------------+----------+
+-+--------------+------------+----------+
---------------------------------------------------------------------------------
Start Technology Mapping
---------------------------------------------------------------------------------
---------------------------------------------------------------------------------
Finished Technology Mapping : Time (s): cpu = 00:00:31 ; elapsed = 00:01:06 . Memory (MB): peak = 1638.801 ; gain = 420.871 ; free physical = 2677 ; free virtual = 50339
---------------------------------------------------------------------------------

Report RTL Partitions: 
+-+--------------+------------+----------+
| |RTL Partition |Replication |Instances |
+-+--------------+------------+----------+
+-+--------------+------------+----------+
---------------------------------------------------------------------------------
Start IO Insertion
---------------------------------------------------------------------------------
---------------------------------------------------------------------------------
Start Flattening Before IO Insertion
---------------------------------------------------------------------------------
---------------------------------------------------------------------------------
Finished Flattening Before IO Insertion
---------------------------------------------------------------------------------
---------------------------------------------------------------------------------
Start Final Netlist Cleanup
---------------------------------------------------------------------------------
---------------------------------------------------------------------------------
Finished Final Netlist Cleanup
---------------------------------------------------------------------------------
---------------------------------------------------------------------------------
Finished IO Insertion : Time (s): cpu = 00:00:31 ; elapsed = 00:01:06 . Memory (MB): peak = 1638.801 ; gain = 420.871 ; free physical = 2677 ; free virtual = 50339
---------------------------------------------------------------------------------

Report Check Netlist: 
+------+------------------+-------+---------+-------+------------------+
|      |Item              |Errors |Warnings |Status |Description       |
+------+------------------+-------+---------+-------+------------------+
|1     |multi_driven_nets |      0|        0|Passed |Multi driven nets |
+------+------------------+-------+---------+-------+------------------+
---------------------------------------------------------------------------------
Start Renaming Generated Instances
---------------------------------------------------------------------------------
---------------------------------------------------------------------------------
Finished Renaming Generated Instances : Time (s): cpu = 00:00:31 ; elapsed = 00:01:06 . Memory (MB): peak = 1638.801 ; gain = 420.871 ; free physical = 2677 ; free virtual = 50339
---------------------------------------------------------------------------------

Report RTL Partitions: 
+-+--------------+------------+----------+
| |RTL Partition |Replication |Instances |
+-+--------------+------------+----------+
+-+--------------+------------+----------+
---------------------------------------------------------------------------------
Start Rebuilding User Hierarchy
---------------------------------------------------------------------------------
---------------------------------------------------------------------------------
Finished Rebuilding User Hierarchy : Time (s): cpu = 00:00:31 ; elapsed = 00:01:06 . Memory (MB): peak = 1638.801 ; gain = 420.871 ; free physical = 2677 ; free virtual = 50339
---------------------------------------------------------------------------------
---------------------------------------------------------------------------------
Start Renaming Generated Ports
---------------------------------------------------------------------------------
---------------------------------------------------------------------------------
Finished Renaming Generated Ports : Time (s): cpu = 00:00:31 ; elapsed = 00:01:06 . Memory (MB): peak = 1638.801 ; gain = 420.871 ; free physical = 2677 ; free virtual = 50339
---------------------------------------------------------------------------------
---------------------------------------------------------------------------------
Start Handling Custom Attributes
---------------------------------------------------------------------------------
---------------------------------------------------------------------------------
Finished Handling Custom Attributes : Time (s): cpu = 00:00:31 ; elapsed = 00:01:06 . Memory (MB): peak = 1638.801 ; gain = 420.871 ; free physical = 2677 ; free virtual = 50339
---------------------------------------------------------------------------------
---------------------------------------------------------------------------------
Start Renaming Generated Nets
---------------------------------------------------------------------------------
---------------------------------------------------------------------------------
Finished Renaming Generated Nets : Time (s): cpu = 00:00:31 ; elapsed = 00:01:06 . Memory (MB): peak = 1638.801 ; gain = 420.871 ; free physical = 2677 ; free virtual = 50339
---------------------------------------------------------------------------------
---------------------------------------------------------------------------------
Start Writing Synthesis Report
---------------------------------------------------------------------------------

Report BlackBoxes: 
+-+--------------+----------+
| |BlackBox name |Instances |
+-+--------------+----------+
+-+--------------+----------+

Report Cell Usage: 
+------+-----+------+
|      |Cell |Count |
+------+-----+------+
|1     |BUFG |     1|
|2     |FDRE |     3|
|3     |IBUF |     2|
|4     |OBUF |     1|
+------+-----+------+

Report Instance Areas: 
+------+---------+-------+------+
|      |Instance |Module |Cells |
+------+---------+-------+------+
|1     |top      |       |     7|
+------+---------+-------+------+
---------------------------------------------------------------------------------
Finished Writing Synthesis Report : Time (s): cpu = 00:00:31 ; elapsed = 00:01:06 . Memory (MB): peak = 1638.801 ; gain = 420.871 ; free physical = 2677 ; free virtual = 50339
---------------------------------------------------------------------------------
Synthesis finished with 0 errors, 0 critical warnings and 2 warnings.
Synthesis Optimization Runtime : Time (s): cpu = 00:00:31 ; elapsed = 00:01:06 . Memory (MB): peak = 1638.801 ; gain = 420.871 ; free physical = 2677 ; free virtual = 50339
Synthesis Optimization Complete : Time (s): cpu = 00:00:31 ; elapsed = 00:01:06 . Memory (MB): peak = 1638.809 ; gain = 420.871 ; free physical = 2677 ; free virtual = 50339
INFO: [Project 1-571] Translating synthesized netlist
INFO: [Netlist 29-17] Analyzing 2 Unisim elements for replacement
INFO: [Netlist 29-28] Unisim Transformation completed in 0 CPU seconds
INFO: [Project 1-570] Preparing netlist for logic optimization
INFO: [Opt 31-138] Pushed 0 inverter(s) to 0 load pin(s).
INFO: [Project 1-111] Unisim Transformation Summary:
No Unisim elements were transformed.

INFO: [Common 17-83] Releasing license: Synthesis
13 Infos, 2 Warnings, 0 Critical Warnings and 0 Errors encountered.
synth_design completed successfully
synth_design: Time (s): cpu = 00:00:36 ; elapsed = 00:01:39 . Memory (MB): peak = 1725.668 ; gain = 546.711 ; free physical = 2620 ; free virtual = 50282
INFO: [Common 17-1381] The checkpoint '/home/madanie1/Documents/2017.4/8v3/repo/bit_synchronizer/bit_synchronizer.runs/synth_1/synchronizer.dcp' has been generated.
INFO: [runtcl-4] Executing : report_utilization -file synchronizer_utilization_synth.rpt -pb synchronizer_utilization_synth.pb
report_utilization: Time (s): cpu = 00:00:00.52 ; elapsed = 00:00:00.55 . Memory (MB): peak = 1749.680 ; gain = 0.000 ; free physical = 2622 ; free virtual = 50284
INFO: [Common 17-206] Exiting Vivado at Sat Feb 24 23:43:46 2018...
