
*** Running vivado
    with args -log shell_tx_ifg_tuser_0.vds -m64 -product Vivado -mode batch -messageDb vivado.pb -notrace -source shell_tx_ifg_tuser_0.tcl


****** Vivado v2016.4 (64-bit)
  **** SW Build 1756540 on Mon Jan 23 19:11:19 MST 2017
  **** IP Build 1755317 on Mon Jan 23 20:30:07 MST 2017
    ** Copyright 1986-2016 Xilinx, Inc. All Rights Reserved.

source shell_tx_ifg_tuser_0.tcl -notrace
Starting RTL Elaboration : Time (s): cpu = 00:00:08 ; elapsed = 00:00:08 . Memory (MB): peak = 1213.426 ; gain = 282.957 ; free physical = 19129 ; free virtual = 56129
INFO: [Synth 8-638] synthesizing module 'shell_tx_ifg_tuser_0' [/home/tarafdar/thesis/MIXcoatl/shells/projects/8k5Shell/8k5Shell.srcs/sources_1/bd/srcs/ip/shell_tx_ifg_tuser_0/sim/shell_tx_ifg_tuser_0.v:56]
INFO: [Synth 8-638] synthesizing module 'xlconstant' [/home/tarafdar/thesis/MIXcoatl/shells/projects/8k5Shell/8k5Shell.srcs/sources_1/bd/srcs/ipshared/e147/xlconstant.v:23]
INFO: [Synth 8-256] done synthesizing module 'xlconstant' (1#1) [/home/tarafdar/thesis/MIXcoatl/shells/projects/8k5Shell/8k5Shell.srcs/sources_1/bd/srcs/ipshared/e147/xlconstant.v:23]
INFO: [Synth 8-256] done synthesizing module 'shell_tx_ifg_tuser_0' (2#1) [/home/tarafdar/thesis/MIXcoatl/shells/projects/8k5Shell/8k5Shell.srcs/sources_1/bd/srcs/ip/shell_tx_ifg_tuser_0/sim/shell_tx_ifg_tuser_0.v:56]
Finished RTL Elaboration : Time (s): cpu = 00:00:09 ; elapsed = 00:00:09 . Memory (MB): peak = 1253.895 ; gain = 323.426 ; free physical = 19026 ; free virtual = 56026
Finished RTL Optimization Phase 1 : Time (s): cpu = 00:00:09 ; elapsed = 00:00:09 . Memory (MB): peak = 1253.895 ; gain = 323.426 ; free physical = 19008 ; free virtual = 56008
INFO: [Device 21-403] Loading part xcku115-flva1517-2-e
Constraint Validation Runtime : Time (s): cpu = 00:00:00 ; elapsed = 00:00:00.01 . Memory (MB): peak = 1809.270 ; gain = 0.000 ; free physical = 18035 ; free virtual = 55035
Finished Constraint Validation : Time (s): cpu = 00:00:22 ; elapsed = 00:00:22 . Memory (MB): peak = 1809.270 ; gain = 878.801 ; free physical = 17836 ; free virtual = 54836
Finished Loading Part and Timing Information : Time (s): cpu = 00:00:22 ; elapsed = 00:00:22 . Memory (MB): peak = 1809.270 ; gain = 878.801 ; free physical = 17836 ; free virtual = 54836
Finished applying 'set_property' XDC Constraints : Time (s): cpu = 00:00:22 ; elapsed = 00:00:22 . Memory (MB): peak = 1809.270 ; gain = 878.801 ; free physical = 17836 ; free virtual = 54836
Finished RTL Optimization Phase 2 : Time (s): cpu = 00:00:22 ; elapsed = 00:00:22 . Memory (MB): peak = 1809.270 ; gain = 878.801 ; free physical = 17836 ; free virtual = 54836
Finished Cross Boundary and Area Optimization : Time (s): cpu = 00:00:22 ; elapsed = 00:00:22 . Memory (MB): peak = 1809.270 ; gain = 878.801 ; free physical = 17833 ; free virtual = 54833
Finished Applying XDC Timing Constraints : Time (s): cpu = 00:00:30 ; elapsed = 00:00:31 . Memory (MB): peak = 2010.887 ; gain = 1080.418 ; free physical = 16980 ; free virtual = 53980
Finished Timing Optimization : Time (s): cpu = 00:00:30 ; elapsed = 00:00:31 . Memory (MB): peak = 2010.887 ; gain = 1080.418 ; free physical = 16980 ; free virtual = 53980
Finished Technology Mapping : Time (s): cpu = 00:00:30 ; elapsed = 00:00:31 . Memory (MB): peak = 2020.910 ; gain = 1090.441 ; free physical = 16971 ; free virtual = 53971
Finished IO Insertion : Time (s): cpu = 00:00:30 ; elapsed = 00:00:31 . Memory (MB): peak = 2020.910 ; gain = 1090.441 ; free physical = 16914 ; free virtual = 53914
Finished Renaming Generated Instances : Time (s): cpu = 00:00:30 ; elapsed = 00:00:31 . Memory (MB): peak = 2020.910 ; gain = 1090.441 ; free physical = 16914 ; free virtual = 53914
Finished Rebuilding User Hierarchy : Time (s): cpu = 00:00:30 ; elapsed = 00:00:31 . Memory (MB): peak = 2020.910 ; gain = 1090.441 ; free physical = 16913 ; free virtual = 53913
Finished Renaming Generated Ports : Time (s): cpu = 00:00:30 ; elapsed = 00:00:31 . Memory (MB): peak = 2020.910 ; gain = 1090.441 ; free physical = 16913 ; free virtual = 53913
Finished Handling Custom Attributes : Time (s): cpu = 00:00:30 ; elapsed = 00:00:31 . Memory (MB): peak = 2020.910 ; gain = 1090.441 ; free physical = 16905 ; free virtual = 53905
Finished Renaming Generated Nets : Time (s): cpu = 00:00:30 ; elapsed = 00:00:31 . Memory (MB): peak = 2020.910 ; gain = 1090.441 ; free physical = 16904 ; free virtual = 53905

Report Cell Usage: 
+-+-----+------+
| |Cell |Count |
+-+-----+------+
+-+-----+------+
Finished Writing Synthesis Report : Time (s): cpu = 00:00:30 ; elapsed = 00:00:31 . Memory (MB): peak = 2020.910 ; gain = 1090.441 ; free physical = 16904 ; free virtual = 53904
synth_design: Time (s): cpu = 00:00:32 ; elapsed = 00:00:33 . Memory (MB): peak = 2093.613 ; gain = 1007.617 ; free physical = 16370 ; free virtual = 53370
