
*** Running vivado
    with args -log shell_util_ds_buf_0.vds -m64 -product Vivado -mode batch -messageDb vivado.pb -notrace -source shell_util_ds_buf_0.tcl


****** Vivado v2018.1 (64-bit)
  **** SW Build 2188600 on Wed Apr  4 18:39:19 MDT 2018
  **** IP Build 2185939 on Wed Apr  4 20:55:05 MDT 2018
    ** Copyright 1986-2018 Xilinx, Inc. All Rights Reserved.

source shell_util_ds_buf_0.tcl -notrace
Command: synth_design -top shell_util_ds_buf_0 -part xcku115-flva1517-2-e -mode out_of_context
Starting synth_design
Attempting to get a license for feature 'Synthesis' and/or device 'xcku115'
INFO: [Common 17-349] Got license for feature 'Synthesis' and/or device 'xcku115'
INFO: Launching helper process for spawning children vivado processes
INFO: Helper process launched with PID 24386 
---------------------------------------------------------------------------------
Starting RTL Elaboration : Time (s): cpu = 00:00:11 ; elapsed = 00:00:12 . Memory (MB): peak = 1348.461 ; gain = 77.000 ; free physical = 3715 ; free virtual = 31524
---------------------------------------------------------------------------------
INFO: [Synth 8-638] synthesizing module 'shell_util_ds_buf_0' [/nfs/ug/thesis/thesis0/pc/Graham/galapagos_wip/shells/projects/adm-8k5/adm-8k5.srcs/sources_1/bd/srcs/ip/shell_util_ds_buf_0/synth/shell_util_ds_buf_0.vhd:65]
	Parameter C_BUF_TYPE bound to: ibufdsgte3 - type: string 
	Parameter C_SIZE bound to: 1 - type: integer 
INFO: [Synth 8-3491] module 'util_ds_buf' declared at '/nfs/ug/thesis/thesis0/pc/Graham/galapagos_wip/shells/projects/adm-8k5/adm-8k5.srcs/sources_1/bd/srcs/ip/shell_util_ds_buf_0/util_ds_buf.vhd:71' bound to instance 'U0' of component 'util_ds_buf' [/nfs/ug/thesis/thesis0/pc/Graham/galapagos_wip/shells/projects/adm-8k5/adm-8k5.srcs/sources_1/bd/srcs/ip/shell_util_ds_buf_0/synth/shell_util_ds_buf_0.vhd:122]
INFO: [Synth 8-638] synthesizing module 'util_ds_buf' [/nfs/ug/thesis/thesis0/pc/Graham/galapagos_wip/shells/projects/adm-8k5/adm-8k5.srcs/sources_1/bd/srcs/ip/shell_util_ds_buf_0/util_ds_buf.vhd:128]
	Parameter C_BUF_TYPE bound to: ibufdsgte3 - type: string 
	Parameter C_SIZE bound to: 1 - type: integer 
	Parameter REFCLK_EN_TX_PATH bound to: 1'b0 
	Parameter REFCLK_HROW_CK_SEL bound to: 2'b00 
	Parameter REFCLK_ICNTL_RX bound to: 2'b00 
INFO: [Synth 8-113] binding component instance 'IBUFDS_GTE3_I' to cell 'IBUFDS_GTE3' [/nfs/ug/thesis/thesis0/pc/Graham/galapagos_wip/shells/projects/adm-8k5/adm-8k5.srcs/sources_1/bd/srcs/ip/shell_util_ds_buf_0/util_ds_buf.vhd:195]
WARNING: [Synth 8-3848] Net BUFG_O in module/entity util_ds_buf does not have driver. [/nfs/ug/thesis/thesis0/pc/Graham/galapagos_wip/shells/projects/adm-8k5/adm-8k5.srcs/sources_1/bd/srcs/ip/shell_util_ds_buf_0/util_ds_buf.vhd:100]
WARNING: [Synth 8-3848] Net BUFGCE_O in module/entity util_ds_buf does not have driver. [/nfs/ug/thesis/thesis0/pc/Graham/galapagos_wip/shells/projects/adm-8k5/adm-8k5.srcs/sources_1/bd/srcs/ip/shell_util_ds_buf_0/util_ds_buf.vhd:105]
WARNING: [Synth 8-3848] Net BUFH_O in module/entity util_ds_buf does not have driver. [/nfs/ug/thesis/thesis0/pc/Graham/galapagos_wip/shells/projects/adm-8k5/adm-8k5.srcs/sources_1/bd/srcs/ip/shell_util_ds_buf_0/util_ds_buf.vhd:109]
WARNING: [Synth 8-3848] Net BUFHCE_O in module/entity util_ds_buf does not have driver. [/nfs/ug/thesis/thesis0/pc/Graham/galapagos_wip/shells/projects/adm-8k5/adm-8k5.srcs/sources_1/bd/srcs/ip/shell_util_ds_buf_0/util_ds_buf.vhd:114]
WARNING: [Synth 8-3848] Net BUFG_GT_O in module/entity util_ds_buf does not have driver. [/nfs/ug/thesis/thesis0/pc/Graham/galapagos_wip/shells/projects/adm-8k5/adm-8k5.srcs/sources_1/bd/srcs/ip/shell_util_ds_buf_0/util_ds_buf.vhd:123]
INFO: [Synth 8-256] done synthesizing module 'util_ds_buf' (1#1) [/nfs/ug/thesis/thesis0/pc/Graham/galapagos_wip/shells/projects/adm-8k5/adm-8k5.srcs/sources_1/bd/srcs/ip/shell_util_ds_buf_0/util_ds_buf.vhd:128]
INFO: [Synth 8-256] done synthesizing module 'shell_util_ds_buf_0' (2#1) [/nfs/ug/thesis/thesis0/pc/Graham/galapagos_wip/shells/projects/adm-8k5/adm-8k5.srcs/sources_1/bd/srcs/ip/shell_util_ds_buf_0/synth/shell_util_ds_buf_0.vhd:65]
WARNING: [Synth 8-3331] design util_ds_buf has unconnected port BUFG_O[0]
WARNING: [Synth 8-3331] design util_ds_buf has unconnected port BUFGCE_O[0]
WARNING: [Synth 8-3331] design util_ds_buf has unconnected port BUFH_O[0]
WARNING: [Synth 8-3331] design util_ds_buf has unconnected port BUFHCE_O[0]
WARNING: [Synth 8-3331] design util_ds_buf has unconnected port BUFG_GT_O[0]
WARNING: [Synth 8-3331] design util_ds_buf has unconnected port IOBUF_IO_IO[0]
WARNING: [Synth 8-3331] design util_ds_buf has unconnected port OBUF_IN[0]
WARNING: [Synth 8-3331] design util_ds_buf has unconnected port IOBUF_IO_T[0]
WARNING: [Synth 8-3331] design util_ds_buf has unconnected port IOBUF_IO_I[0]
WARNING: [Synth 8-3331] design util_ds_buf has unconnected port BUFG_I[0]
WARNING: [Synth 8-3331] design util_ds_buf has unconnected port BUFGCE_I[0]
WARNING: [Synth 8-3331] design util_ds_buf has unconnected port BUFGCE_CE[0]
WARNING: [Synth 8-3331] design util_ds_buf has unconnected port BUFH_I[0]
WARNING: [Synth 8-3331] design util_ds_buf has unconnected port BUFHCE_I[0]
WARNING: [Synth 8-3331] design util_ds_buf has unconnected port BUFHCE_CE[0]
WARNING: [Synth 8-3331] design util_ds_buf has unconnected port BUFG_GT_I[0]
WARNING: [Synth 8-3331] design util_ds_buf has unconnected port BUFG_GT_CE[0]
WARNING: [Synth 8-3331] design util_ds_buf has unconnected port BUFG_GT_CEMASK[0]
WARNING: [Synth 8-3331] design util_ds_buf has unconnected port BUFG_GT_CLR[0]
WARNING: [Synth 8-3331] design util_ds_buf has unconnected port BUFG_GT_CLRMASK[0]
WARNING: [Synth 8-3331] design util_ds_buf has unconnected port BUFG_GT_DIV[2]
WARNING: [Synth 8-3331] design util_ds_buf has unconnected port BUFG_GT_DIV[1]
WARNING: [Synth 8-3331] design util_ds_buf has unconnected port BUFG_GT_DIV[0]
---------------------------------------------------------------------------------
Finished RTL Elaboration : Time (s): cpu = 00:00:12 ; elapsed = 00:00:14 . Memory (MB): peak = 1394.070 ; gain = 122.609 ; free physical = 3698 ; free virtual = 31506
---------------------------------------------------------------------------------

Report Check Netlist: 
+------+------------------+-------+---------+-------+------------------+
|      |Item              |Errors |Warnings |Status |Description       |
+------+------------------+-------+---------+-------+------------------+
|1     |multi_driven_nets |      0|        0|Passed |Multi driven nets |
+------+------------------+-------+---------+-------+------------------+
---------------------------------------------------------------------------------
Start Handling Custom Attributes
---------------------------------------------------------------------------------
---------------------------------------------------------------------------------
Finished Handling Custom Attributes : Time (s): cpu = 00:00:12 ; elapsed = 00:00:14 . Memory (MB): peak = 1394.070 ; gain = 122.609 ; free physical = 3676 ; free virtual = 31484
---------------------------------------------------------------------------------
---------------------------------------------------------------------------------
Finished RTL Optimization Phase 1 : Time (s): cpu = 00:00:12 ; elapsed = 00:00:14 . Memory (MB): peak = 1394.070 ; gain = 122.609 ; free physical = 3676 ; free virtual = 31484
---------------------------------------------------------------------------------
INFO: [Device 21-403] Loading part xcku115-flva1517-2-e
INFO: [Project 1-570] Preparing netlist for logic optimization

Processing XDC Constraints
Initializing timing engine
Parsing XDC File [/nfs/ug/thesis/thesis0/pc/Graham/galapagos_wip/shells/projects/adm-8k5/adm-8k5.srcs/sources_1/bd/srcs/ip/shell_util_ds_buf_0/shell_util_ds_buf_0_ooc.xdc] for cell 'U0'
Finished Parsing XDC File [/nfs/ug/thesis/thesis0/pc/Graham/galapagos_wip/shells/projects/adm-8k5/adm-8k5.srcs/sources_1/bd/srcs/ip/shell_util_ds_buf_0/shell_util_ds_buf_0_ooc.xdc] for cell 'U0'
Parsing XDC File [/nfs/ug/thesis/thesis0/pc/Graham/galapagos_wip/shells/projects/adm-8k5/adm-8k5.srcs/sources_1/bd/srcs/ip/shell_util_ds_buf_0/shell_util_ds_buf_0_board.xdc] for cell 'U0'
Finished Parsing XDC File [/nfs/ug/thesis/thesis0/pc/Graham/galapagos_wip/shells/projects/adm-8k5/adm-8k5.srcs/sources_1/bd/srcs/ip/shell_util_ds_buf_0/shell_util_ds_buf_0_board.xdc] for cell 'U0'
Parsing XDC File [/nfs/ug/thesis/thesis0/pc/Graham/galapagos_wip/shells/projects/adm-8k5/adm-8k5.srcs/sources_1/bd/srcs/ip/shell_util_ds_buf_0/shell_util_ds_buf_0.xdc] for cell 'U0'
Finished Parsing XDC File [/nfs/ug/thesis/thesis0/pc/Graham/galapagos_wip/shells/projects/adm-8k5/adm-8k5.srcs/sources_1/bd/srcs/ip/shell_util_ds_buf_0/shell_util_ds_buf_0.xdc] for cell 'U0'
Parsing XDC File [/nfs/ug/thesis/thesis0/pc/Graham/galapagos_wip/shells/projects/adm-8k5/adm-8k5.runs/shell_util_ds_buf_0_synth_1/dont_touch.xdc]
Finished Parsing XDC File [/nfs/ug/thesis/thesis0/pc/Graham/galapagos_wip/shells/projects/adm-8k5/adm-8k5.runs/shell_util_ds_buf_0_synth_1/dont_touch.xdc]
Completed Processing XDC Constraints

INFO: [Project 1-111] Unisim Transformation Summary:
No Unisim elements were transformed.

Constraint Validation Runtime : Time (s): cpu = 00:00:00.01 ; elapsed = 00:00:00.04 . Memory (MB): peak = 2000.605 ; gain = 1.000 ; free physical = 3325 ; free virtual = 31148
---------------------------------------------------------------------------------
Finished Constraint Validation : Time (s): cpu = 00:00:34 ; elapsed = 00:00:49 . Memory (MB): peak = 2000.605 ; gain = 729.145 ; free physical = 3734 ; free virtual = 31548
---------------------------------------------------------------------------------
---------------------------------------------------------------------------------
Start Loading Part and Timing Information
---------------------------------------------------------------------------------
Loading part: xcku115-flva1517-2-e
---------------------------------------------------------------------------------
Finished Loading Part and Timing Information : Time (s): cpu = 00:00:34 ; elapsed = 00:00:49 . Memory (MB): peak = 2000.605 ; gain = 729.145 ; free physical = 3739 ; free virtual = 31553
---------------------------------------------------------------------------------
---------------------------------------------------------------------------------
Start Applying 'set_property' XDC Constraints
---------------------------------------------------------------------------------
Applied set_property DONT_TOUCH = true for U0. (constraint file  /nfs/ug/thesis/thesis0/pc/Graham/galapagos_wip/shells/projects/adm-8k5/adm-8k5.runs/shell_util_ds_buf_0_synth_1/dont_touch.xdc, line 9).
---------------------------------------------------------------------------------
Finished applying 'set_property' XDC Constraints : Time (s): cpu = 00:00:34 ; elapsed = 00:00:49 . Memory (MB): peak = 2000.605 ; gain = 729.145 ; free physical = 3740 ; free virtual = 31554
---------------------------------------------------------------------------------
---------------------------------------------------------------------------------
Finished RTL Optimization Phase 2 : Time (s): cpu = 00:00:34 ; elapsed = 00:00:49 . Memory (MB): peak = 2000.605 ; gain = 729.145 ; free physical = 3706 ; free virtual = 31520
---------------------------------------------------------------------------------

Report RTL Partitions: 
+-+--------------+------------+----------+
| |RTL Partition |Replication |Instances |
+-+--------------+------------+----------+
+-+--------------+------------+----------+
---------------------------------------------------------------------------------
Start RTL Component Statistics 
---------------------------------------------------------------------------------
Detailed RTL Component Info : 
---------------------------------------------------------------------------------
Finished RTL Component Statistics 
---------------------------------------------------------------------------------
---------------------------------------------------------------------------------
Start RTL Hierarchical Component Statistics 
---------------------------------------------------------------------------------
Hierarchical RTL Component report 
---------------------------------------------------------------------------------
Finished RTL Hierarchical Component Statistics
---------------------------------------------------------------------------------
---------------------------------------------------------------------------------
Start Part Resource Summary
---------------------------------------------------------------------------------
Part Resources:
DSPs: 5520 (col length:120)
BRAMs: 4320 (col length: RAMB18 240 RAMB36 120)
---------------------------------------------------------------------------------
Finished Part Resource Summary
---------------------------------------------------------------------------------
---------------------------------------------------------------------------------
Start Cross Boundary and Area Optimization
---------------------------------------------------------------------------------
Warning: Parallel synthesis criteria is not met 
WARNING: [Synth 8-3331] design util_ds_buf has unconnected port BUFG_O[0]
WARNING: [Synth 8-3331] design util_ds_buf has unconnected port BUFGCE_O[0]
WARNING: [Synth 8-3331] design util_ds_buf has unconnected port BUFH_O[0]
WARNING: [Synth 8-3331] design util_ds_buf has unconnected port BUFHCE_O[0]
WARNING: [Synth 8-3331] design util_ds_buf has unconnected port BUFG_GT_O[0]
WARNING: [Synth 8-3331] design util_ds_buf has unconnected port IOBUF_IO_IO[0]
WARNING: [Synth 8-3331] design util_ds_buf has unconnected port OBUF_IN[0]
WARNING: [Synth 8-3331] design util_ds_buf has unconnected port IOBUF_IO_T[0]
WARNING: [Synth 8-3331] design util_ds_buf has unconnected port IOBUF_IO_I[0]
WARNING: [Synth 8-3331] design util_ds_buf has unconnected port BUFG_I[0]
WARNING: [Synth 8-3331] design util_ds_buf has unconnected port BUFGCE_I[0]
WARNING: [Synth 8-3331] design util_ds_buf has unconnected port BUFGCE_CE[0]
WARNING: [Synth 8-3331] design util_ds_buf has unconnected port BUFH_I[0]
WARNING: [Synth 8-3331] design util_ds_buf has unconnected port BUFHCE_I[0]
WARNING: [Synth 8-3331] design util_ds_buf has unconnected port BUFHCE_CE[0]
WARNING: [Synth 8-3331] design util_ds_buf has unconnected port BUFG_GT_I[0]
WARNING: [Synth 8-3331] design util_ds_buf has unconnected port BUFG_GT_CE[0]
WARNING: [Synth 8-3331] design util_ds_buf has unconnected port BUFG_GT_CEMASK[0]
WARNING: [Synth 8-3331] design util_ds_buf has unconnected port BUFG_GT_CLR[0]
WARNING: [Synth 8-3331] design util_ds_buf has unconnected port BUFG_GT_CLRMASK[0]
WARNING: [Synth 8-3331] design util_ds_buf has unconnected port BUFG_GT_DIV[2]
WARNING: [Synth 8-3331] design util_ds_buf has unconnected port BUFG_GT_DIV[1]
WARNING: [Synth 8-3331] design util_ds_buf has unconnected port BUFG_GT_DIV[0]
---------------------------------------------------------------------------------
Finished Cross Boundary and Area Optimization : Time (s): cpu = 00:00:35 ; elapsed = 00:00:50 . Memory (MB): peak = 2000.605 ; gain = 729.145 ; free physical = 3726 ; free virtual = 31542
---------------------------------------------------------------------------------

Report RTL Partitions: 
+-+--------------+------------+----------+
| |RTL Partition |Replication |Instances |
+-+--------------+------------+----------+
+-+--------------+------------+----------+
---------------------------------------------------------------------------------
Start Applying XDC Timing Constraints
---------------------------------------------------------------------------------
---------------------------------------------------------------------------------
Finished Applying XDC Timing Constraints : Time (s): cpu = 00:00:50 ; elapsed = 00:01:34 . Memory (MB): peak = 2219.887 ; gain = 948.426 ; free physical = 2264 ; free virtual = 30096
---------------------------------------------------------------------------------
---------------------------------------------------------------------------------
Start Timing Optimization
---------------------------------------------------------------------------------
---------------------------------------------------------------------------------
Finished Timing Optimization : Time (s): cpu = 00:00:50 ; elapsed = 00:01:34 . Memory (MB): peak = 2219.887 ; gain = 948.426 ; free physical = 2264 ; free virtual = 30096
---------------------------------------------------------------------------------

Report RTL Partitions: 
+-+--------------+------------+----------+
| |RTL Partition |Replication |Instances |
+-+--------------+------------+----------+
+-+--------------+------------+----------+
---------------------------------------------------------------------------------
Start Technology Mapping
---------------------------------------------------------------------------------
---------------------------------------------------------------------------------
Finished Technology Mapping : Time (s): cpu = 00:00:50 ; elapsed = 00:01:34 . Memory (MB): peak = 2219.887 ; gain = 948.426 ; free physical = 2254 ; free virtual = 30086
---------------------------------------------------------------------------------

Report RTL Partitions: 
+-+--------------+------------+----------+
| |RTL Partition |Replication |Instances |
+-+--------------+------------+----------+
+-+--------------+------------+----------+
---------------------------------------------------------------------------------
Start IO Insertion
---------------------------------------------------------------------------------
---------------------------------------------------------------------------------
Start Flattening Before IO Insertion
---------------------------------------------------------------------------------
---------------------------------------------------------------------------------
Finished Flattening Before IO Insertion
---------------------------------------------------------------------------------
---------------------------------------------------------------------------------
Start Final Netlist Cleanup
---------------------------------------------------------------------------------
---------------------------------------------------------------------------------
Finished Final Netlist Cleanup
---------------------------------------------------------------------------------
---------------------------------------------------------------------------------
Finished IO Insertion : Time (s): cpu = 00:00:50 ; elapsed = 00:01:35 . Memory (MB): peak = 2219.887 ; gain = 948.426 ; free physical = 2223 ; free virtual = 30052
---------------------------------------------------------------------------------

Report Check Netlist: 
+------+------------------+-------+---------+-------+------------------+
|      |Item              |Errors |Warnings |Status |Description       |
+------+------------------+-------+---------+-------+------------------+
|1     |multi_driven_nets |      0|        0|Passed |Multi driven nets |
+------+------------------+-------+---------+-------+------------------+
---------------------------------------------------------------------------------
Start Renaming Generated Instances
---------------------------------------------------------------------------------
---------------------------------------------------------------------------------
Finished Renaming Generated Instances : Time (s): cpu = 00:00:50 ; elapsed = 00:01:35 . Memory (MB): peak = 2219.887 ; gain = 948.426 ; free physical = 2223 ; free virtual = 30052
---------------------------------------------------------------------------------

Report RTL Partitions: 
+-+--------------+------------+----------+
| |RTL Partition |Replication |Instances |
+-+--------------+------------+----------+
+-+--------------+------------+----------+
---------------------------------------------------------------------------------
Start Rebuilding User Hierarchy
---------------------------------------------------------------------------------
---------------------------------------------------------------------------------
Finished Rebuilding User Hierarchy : Time (s): cpu = 00:00:50 ; elapsed = 00:01:35 . Memory (MB): peak = 2219.887 ; gain = 948.426 ; free physical = 2221 ; free virtual = 30050
---------------------------------------------------------------------------------
---------------------------------------------------------------------------------
Start Renaming Generated Ports
---------------------------------------------------------------------------------
---------------------------------------------------------------------------------
Finished Renaming Generated Ports : Time (s): cpu = 00:00:50 ; elapsed = 00:01:35 . Memory (MB): peak = 2219.887 ; gain = 948.426 ; free physical = 2218 ; free virtual = 30046
---------------------------------------------------------------------------------
---------------------------------------------------------------------------------
Start Handling Custom Attributes
---------------------------------------------------------------------------------
---------------------------------------------------------------------------------
Finished Handling Custom Attributes : Time (s): cpu = 00:00:50 ; elapsed = 00:01:35 . Memory (MB): peak = 2219.887 ; gain = 948.426 ; free physical = 2213 ; free virtual = 30042
---------------------------------------------------------------------------------
---------------------------------------------------------------------------------
Start Renaming Generated Nets
---------------------------------------------------------------------------------
---------------------------------------------------------------------------------
Finished Renaming Generated Nets : Time (s): cpu = 00:00:50 ; elapsed = 00:01:35 . Memory (MB): peak = 2219.887 ; gain = 948.426 ; free physical = 2212 ; free virtual = 30041
---------------------------------------------------------------------------------
---------------------------------------------------------------------------------
Start Writing Synthesis Report
---------------------------------------------------------------------------------

Report BlackBoxes: 
+-+--------------+----------+
| |BlackBox name |Instances |
+-+--------------+----------+
+-+--------------+----------+

Report Cell Usage: 
+------+------------+------+
|      |Cell        |Count |
+------+------------+------+
|1     |IBUFDS_GTE3 |     1|
+------+------------+------+

Report Instance Areas: 
+------+---------+------------+------+
|      |Instance |Module      |Cells |
+------+---------+------------+------+
|1     |top      |            |     1|
|2     |  U0     |util_ds_buf |     1|
+------+---------+------------+------+
---------------------------------------------------------------------------------
Finished Writing Synthesis Report : Time (s): cpu = 00:00:50 ; elapsed = 00:01:35 . Memory (MB): peak = 2219.887 ; gain = 948.426 ; free physical = 2220 ; free virtual = 30048
---------------------------------------------------------------------------------
Synthesis finished with 0 errors, 0 critical warnings and 23 warnings.
Synthesis Optimization Runtime : Time (s): cpu = 00:00:39 ; elapsed = 00:01:12 . Memory (MB): peak = 2219.887 ; gain = 341.891 ; free physical = 2230 ; free virtual = 30058
Synthesis Optimization Complete : Time (s): cpu = 00:00:51 ; elapsed = 00:01:35 . Memory (MB): peak = 2219.895 ; gain = 948.426 ; free physical = 2239 ; free virtual = 30068
INFO: [Project 1-571] Translating synthesized netlist
INFO: [Project 1-570] Preparing netlist for logic optimization
INFO: [Opt 31-138] Pushed 0 inverter(s) to 0 load pin(s).
INFO: [Project 1-111] Unisim Transformation Summary:
No Unisim elements were transformed.

INFO: [Common 17-83] Releasing license: Synthesis
15 Infos, 51 Warnings, 0 Critical Warnings and 0 Errors encountered.
synth_design completed successfully
synth_design: Time (s): cpu = 00:00:53 ; elapsed = 00:01:39 . Memory (MB): peak = 2270.637 ; gain = 1030.750 ; free physical = 2014 ; free virtual = 29848
INFO: [Common 17-1381] The checkpoint '/nfs/ug/thesis/thesis0/pc/Graham/galapagos_wip/shells/projects/adm-8k5/adm-8k5.runs/shell_util_ds_buf_0_synth_1/shell_util_ds_buf_0.dcp' has been generated.
INFO: [Coretcl 2-1482] Added synthesis output to IP cache for IP /nfs/ug/thesis/thesis0/pc/Graham/galapagos_wip/shells/projects/adm-8k5/adm-8k5.srcs/sources_1/bd/srcs/ip/shell_util_ds_buf_0/shell_util_ds_buf_0.xci
INFO: [Common 17-1381] The checkpoint '/nfs/ug/thesis/thesis0/pc/Graham/galapagos_wip/shells/projects/adm-8k5/adm-8k5.runs/shell_util_ds_buf_0_synth_1/shell_util_ds_buf_0.dcp' has been generated.
INFO: [runtcl-4] Executing : report_utilization -file shell_util_ds_buf_0_utilization_synth.rpt -pb shell_util_ds_buf_0_utilization_synth.pb
report_utilization: Time (s): cpu = 00:00:00.75 ; elapsed = 00:00:01 . Memory (MB): peak = 2274.637 ; gain = 0.000 ; free physical = 1577 ; free virtual = 29411
INFO: [Common 17-206] Exiting Vivado at Tue May 15 12:05:25 2018...
